#
# There is insufficient memory for the Java Runtime Environment to continue.
# Native memory allocation (malloc) failed to allocate 1801616 bytes for Chunk::new
# Possible reasons:
#   The system is out of physical RAM or swap space
#   The process is running with CompressedOops enabled, and the Java Heap may be blocking the growth of the native heap
# Possible solutions:
#   Reduce memory load on the system
#   Increase physical memory or swap space
#   Check if swap backing store is full
#   Decrease Java heap size (-Xmx/-Xms)
#   Decrease number of Java threads
#   Decrease Java thread stack sizes (-Xss)
#   Set larger code cache with -XX:ReservedCodeCacheSize=
#   JVM is running with Unscaled Compressed Oops mode in which the Java heap is
#     placed in the first 4GB address space. The Java Heap base address is the
#     maximum limit for the native heap growth. Please use -XX:HeapBaseMinAddress
#     to set the Java Heap base and to place the Java Heap above 4GB virtual address.
# This output file may be truncated or incomplete.
#
#  Out of Memory Error (./src/hotspot/share/memory/arena.cpp:197), pid=2908, tid=5964
#
# JRE version: OpenJDK Runtime Environment (11.0.11+9) (build 11.0.11+9-b60-7590822)
# Java VM: OpenJDK 64-Bit Server VM (11.0.11+9-b60-7590822, mixed mode, tiered, compressed oops, g1 gc, windows-amd64)
# No core dump will be written. Minidumps are not enabled by default on client versions of Windows
#

---------------  S U M M A R Y ------------

Command Line: --add-opens=java.base/java.util=ALL-UNNAMED --add-opens=java.base/java.lang=ALL-UNNAMED --add-opens=java.base/java.lang.invoke=ALL-UNNAMED --add-opens=java.base/java.util=ALL-UNNAMED --add-opens=java.prefs/java.util.prefs=ALL-UNNAMED --add-opens=java.prefs/java.util.prefs=ALL-UNNAMED --add-opens=java.base/java.nio.charset=ALL-UNNAMED --add-opens=java.base/java.net=ALL-UNNAMED --add-opens=java.base/java.util.concurrent.atomic=ALL-UNNAMED -Xmx2048m -Dfile.encoding=UTF-8 -Duser.country=RU -Duser.language=ru -Duser.variant org.gradle.launcher.daemon.bootstrap.GradleDaemon 7.0.2

Host: Intel(R) Core(TM) i3-3110M CPU @ 2.40GHz, 4 cores, 3G,  Windows 8.1 , 64 bit Build 9600 (6.3.9600.20369)
Time: Wed May 25 22:07:50 2022 Oeieyiaey (eaoi) elapsed time: 1507.706884 seconds (0d 0h 25m 7s)

---------------  T H R E A D  ---------------

Current thread (0x0000008c27c4f800):  JavaThread "C2 CompilerThread0" daemon [_thread_in_native, id=5964, stack(0x0000008c285e0000,0x0000008c286e0000)]


Current CompileTask:
C2:1507706 10887   !   4       org.gradle.internal.instantiation.generator.DependencyInjectingInstantiator::doCreate (64 bytes)

Stack: [0x0000008c285e0000,0x0000008c286e0000]
Native frames: (J=compiled Java code, j=interpreted, Vv=VM code, C=native code)
V  [jvm.dll+0x5f214a]
V  [jvm.dll+0x726fb5]
V  [jvm.dll+0x7285cd]
V  [jvm.dll+0x728c83]
V  [jvm.dll+0x243278]
V  [jvm.dll+0xbc53c]
V  [jvm.dll+0xbca3c]
V  [jvm.dll+0x353e7d]
V  [jvm.dll+0x19895c]
V  [jvm.dll+0x1fc2ee]
V  [jvm.dll+0x1fb3d4]
V  [jvm.dll+0x183d6c]
V  [jvm.dll+0x209a57]
V  [jvm.dll+0x2082a1]
V  [jvm.dll+0x6ef58f]
V  [jvm.dll+0x6e80b5]
V  [jvm.dll+0x5f1036]
C  [ucrtbase.DLL+0x1f4a0]
C  [KERNEL32.DLL+0x13d2]
C  [ntdll.dll+0x15504]


---------------  P R O C E S S  ---------------

Threads class SMR info:
_java_thread_list=0x0000008c32c05ab0, length=42, elements={
0x0000008c0d2d8800, 0x0000008c27bef000, 0x0000008c27bf9000, 0x0000008c27c4a800,
0x0000008c27c4c800, 0x0000008c27c4d800, 0x0000008c27c4f800, 0x0000008c271cc000,
0x0000008c271cd000, 0x0000008c27dab000, 0x0000008c29976800, 0x0000008c298fd800,
0x0000008c29c74800, 0x0000008c2945f000, 0x0000008c2945f800, 0x0000008c29bbe000,
0x0000008c29a2d000, 0x0000008c298e6800, 0x0000008c2a7d2000, 0x0000008c2a7d2800,
0x0000008c2a7d0800, 0x0000008c2a7d3800, 0x0000008c2a7d6000, 0x0000008c2a7d4800,
0x0000008c2a7d5000, 0x0000008c2a7d7000, 0x0000008c2b0ac800, 0x0000008c2b0ac000,
0x0000008c2b0ad800, 0x0000008c2b0ab000, 0x0000008c2b0ae800, 0x0000008c2b0b0000,
0x0000008c2b0b1800, 0x0000008c2b0b2800, 0x0000008c2b0b0800, 0x0000008c2b0b5000,
0x0000008c2b0b4000, 0x0000008c2b0b6800, 0x0000008c2b0b8000, 0x0000008c2b0b5800,
0x0000008c2b0b9000, 0x0000008c2b0b9800
}

Java Threads: ( => current thread )
  0x0000008c0d2d8800 JavaThread "main" [_thread_blocked, id=2820, stack(0x0000008c0c980000,0x0000008c0ca80000)]
  0x0000008c27bef000 JavaThread "Reference Handler" daemon [_thread_blocked, id=5824, stack(0x0000008c280e0000,0x0000008c281e0000)]
  0x0000008c27bf9000 JavaThread "Finalizer" daemon [_thread_blocked, id=6004, stack(0x0000008c281e0000,0x0000008c282e0000)]
  0x0000008c27c4a800 JavaThread "Signal Dispatcher" daemon [_thread_blocked, id=3500, stack(0x0000008c282e0000,0x0000008c283e0000)]
  0x0000008c27c4c800 JavaThread "Attach Listener" daemon [_thread_blocked, id=5624, stack(0x0000008c283e0000,0x0000008c284e0000)]
  0x0000008c27c4d800 JavaThread "Service Thread" daemon [_thread_blocked, id=4276, stack(0x0000008c284e0000,0x0000008c285e0000)]
=>0x0000008c27c4f800 JavaThread "C2 CompilerThread0" daemon [_thread_in_native, id=5964, stack(0x0000008c285e0000,0x0000008c286e0000)]
  0x0000008c271cc000 JavaThread "C1 CompilerThread0" daemon [_thread_blocked, id=4684, stack(0x0000008c286e0000,0x0000008c287e0000)]
  0x0000008c271cd000 JavaThread "Sweeper thread" daemon [_thread_blocked, id=5856, stack(0x0000008c287e0000,0x0000008c288e0000)]
  0x0000008c27dab000 JavaThread "Common-Cleaner" daemon [_thread_blocked, id=4980, stack(0x0000008c288e0000,0x0000008c289e0000)]
  0x0000008c29976800 JavaThread "Daemon health stats" [_thread_blocked, id=3036, stack(0x0000008c2b780000,0x0000008c2b880000)]
  0x0000008c298fd800 JavaThread "Incoming local TCP Connector on port 55204" [_thread_in_native, id=3376, stack(0x0000008c2bf60000,0x0000008c2c060000)]
  0x0000008c29c74800 JavaThread "Daemon periodic checks" [_thread_blocked, id=1784, stack(0x0000008c2c620000,0x0000008c2c720000)]
  0x0000008c2945f000 JavaThread "Daemon" [_thread_blocked, id=4320, stack(0x0000008c2c720000,0x0000008c2c820000)]
  0x0000008c2945f800 JavaThread "Handler for socket connection from /127.0.0.1:55204 to /127.0.0.1:55205" [_thread_in_native, id=5956, stack(0x0000008c2c820000,0x0000008c2c920000)]
  0x0000008c29bbe000 JavaThread "Cancel handler" [_thread_blocked, id=3380, stack(0x0000008c2c920000,0x0000008c2ca20000)]
  0x0000008c29a2d000 JavaThread "Daemon worker" [_thread_blocked, id=3016, stack(0x0000008c2ca20000,0x0000008c2cb20000)]
  0x0000008c298e6800 JavaThread "Asynchronous log dispatcher for DefaultDaemonConnection: socket connection from /127.0.0.1:55204 to /127.0.0.1:55205" [_thread_blocked, id=4816, stack(0x0000008c2cb20000,0x0000008c2cc20000)]
  0x0000008c2a7d2000 JavaThread "Daemon client event forwarder" [_thread_blocked, id=4448, stack(0x0000008c2ce20000,0x0000008c2cf20000)]
  0x0000008c2a7d2800 JavaThread "Cache worker for file hash cache (C:\Users\Mikhail\.gradle\caches\7.0.2\fileHashes)" [_thread_blocked, id=628, stack(0x0000008c2d120000,0x0000008c2d220000)]
  0x0000008c2a7d0800 JavaThread "File lock request listener" [_thread_in_native, id=5392, stack(0x0000008c2d220000,0x0000008c2d320000)]
  0x0000008c2a7d3800 JavaThread "Cache worker for journal cache (C:\Users\Mikhail\.gradle\caches\journal-1)" [_thread_blocked, id=4116, stack(0x0000008c2d520000,0x0000008c2d620000)]
  0x0000008c2a7d6000 JavaThread "Cache worker for file hash cache (C:\Users\Mikhail\Desktop\Java projects\TestFirstLibrary\.gradle\7.0.2\fileHashes)" [_thread_blocked, id=4876, stack(0x0000008c2e900000,0x0000008c2ea00000)]
  0x0000008c2a7d4800 JavaThread "File watcher server" daemon [_thread_in_native, id=1816, stack(0x0000008c2ec00000,0x0000008c2ed00000)]
  0x0000008c2a7d5000 JavaThread "File watcher consumer" daemon [_thread_blocked, id=4188, stack(0x0000008c2ed00000,0x0000008c2ee00000)]
  0x0000008c2a7d7000 JavaThread "jar transforms" [_thread_blocked, id=960, stack(0x0000008c2ee00000,0x0000008c2ef00000)]
  0x0000008c2b0ac800 JavaThread "jar transforms Thread 2" [_thread_blocked, id=5876, stack(0x0000008c2ef00000,0x0000008c2f000000)]
  0x0000008c2b0ac000 JavaThread "jar transforms Thread 3" [_thread_blocked, id=2612, stack(0x0000008c2f000000,0x0000008c2f100000)]
  0x0000008c2b0ad800 JavaThread "jar transforms Thread 4" [_thread_blocked, id=4316, stack(0x0000008c2f100000,0x0000008c2f200000)]
  0x0000008c2b0ab000 JavaThread "Cache worker for checksums cache (C:\Users\Mikhail\Desktop\Java projects\TestFirstLibrary\.gradle\checksums)" [_thread_blocked, id=4580, stack(0x0000008c2f200000,0x0000008c2f300000)]
  0x0000008c2b0ae800 JavaThread "Cache worker for cache directory md-supplier (C:\Users\Mikhail\.gradle\caches\7.0.2\md-supplier)" [_thread_blocked, id=2844, stack(0x0000008c2f500000,0x0000008c2f600000)]
  0x0000008c2b0b0000 JavaThread "Cache worker for cache directory md-rule (C:\Users\Mikhail\.gradle\caches\7.0.2\md-rule)" [_thread_blocked, id=6080, stack(0x0000008c2f800000,0x0000008c2f900000)]
  0x0000008c2b0b1800 JavaThread "Cache worker for execution history cache (C:\Users\Mikhail\.gradle\caches\7.0.2\executionHistory)" [_thread_blocked, id=3960, stack(0x0000008c2f900000,0x0000008c2fa00000)]
  0x0000008c2b0b2800 JavaThread "Cache worker for file content cache (C:\Users\Mikhail\.gradle\caches\7.0.2\fileContent)" [_thread_blocked, id=5316, stack(0x0000008c30200000,0x0000008c30300000)]
  0x0000008c2b0b0800 JavaThread "Cache worker for dependencies-accessors (C:\Users\Mikhail\Desktop\Java projects\TestFirstLibrary\.gradle\7.0.2\dependencies-accessors)" [_thread_blocked, id=5068, stack(0x0000008c2cd20000,0x0000008c2ce20000)]
  0x0000008c2b0b5000 JavaThread "Cache worker for Build Output Cleanup Cache (C:\Users\Mikhail\Desktop\Java projects\TestFirstLibrary\.gradle\buildOutputCleanup)" [_thread_blocked, id=5896, stack(0x0000008c2f300000,0x0000008c2f400000)]
  0x0000008c2b0b4000 JavaThread "Build operations" [_thread_blocked, id=1884, stack(0x0000008c2f400000,0x0000008c2f500000)]
  0x0000008c2b0b6800 JavaThread "Build operations Thread 2" [_thread_blocked, id=5252, stack(0x0000008c31cd0000,0x0000008c31dd0000)]
  0x0000008c2b0b8000 JavaThread "Build operations Thread 3" [_thread_blocked, id=5476, stack(0x0000008c31dd0000,0x0000008c31ed0000)]
  0x0000008c2b0b5800 JavaThread "Build operations Thread 4" [_thread_blocked, id=2052, stack(0x0000008c31ed0000,0x0000008c31fd0000)]
  0x0000008c2b0b9000 JavaThread "Memory manager" [_thread_blocked, id=2328, stack(0x0000008c2d820000,0x0000008c2d920000)]
  0x0000008c2b0b9800 JavaThread "File lock release action executor Thread 5" [_thread_blocked, id=2084, stack(0x0000008c35af0000,0x0000008c35bf0000)]

Other Threads:
  0x0000008c27be5800 VMThread "VM Thread" [stack: 0x0000008c27fe0000,0x0000008c280e0000] [id=4592]
  0x0000008c27dd5800 WatcherThread [stack: 0x0000008c289e0000,0x0000008c28ae0000] [id=188]
  0x0000008c0d2f1000 GCTaskThread "GC Thread#0" [stack: 0x0000008c0cc60000,0x0000008c0cd60000] [id=3840]
  0x0000008c290d5800 GCTaskThread "GC Thread#1" [stack: 0x0000008c292e0000,0x0000008c293e0000] [id=6068]
  0x0000008c29f9f800 GCTaskThread "GC Thread#2" [stack: 0x0000008c2ba80000,0x0000008c2bb80000] [id=316]
  0x0000008c29bb0800 GCTaskThread "GC Thread#3" [stack: 0x0000008c2bb80000,0x0000008c2bc80000] [id=5740]
  0x0000008c0d323800 ConcurrentGCThread "G1 Main Marker" [stack: 0x0000008c249a0000,0x0000008c24aa0000] [id=2420]
  0x0000008c0d325000 ConcurrentGCThread "G1 Conc#0" [stack: 0x0000008c24aa0000,0x0000008c24ba0000] [id=3628]
  0x0000008c27018800 ConcurrentGCThread "G1 Refine#0" [stack: 0x0000008c271e0000,0x0000008c272e0000] [id=4368]
  0x0000008c27019800 ConcurrentGCThread "G1 Young RemSet Sampling" [stack: 0x0000008c272e0000,0x0000008c273e0000] [id=196]

Threads with active compile tasks:
C2 CompilerThread01510289 10887   !   4       org.gradle.internal.instantiation.generator.DependencyInjectingInstantiator::doCreate (64 bytes)

VM state:not at safepoint (normal execution)

VM Mutex/Monitor currently owned by a thread: None

Heap address: 0x0000000080000000, size: 2048 MB, Compressed Oops mode: 32-bit
Narrow klass base: 0x0000000000000000, Narrow klass shift: 3
Compressed class space size: 1073741824 Address: 0x0000000100000000

Heap:
 garbage-first heap   total 172032K, used 115384K [0x0000000080000000, 0x0000000100000000)
  region size 1024K, 12 young (12288K), 5 survivors (5120K)
 Metaspace       used 92234K, capacity 94635K, committed 94720K, reserved 1130496K
  class space    used 11899K, capacity 12739K, committed 12800K, reserved 1048576K
Heap Regions: E=young(eden), S=young(survivor), O=old, HS=humongous(starts), HC=humongous(continues), CS=collection set, F=free, A=archive, TAMS=top-at-mark-start (previous, next)
|   0|0x0000000080000000, 0x0000000080100000, 0x0000000080100000|100%| O|  |TAMS 0x0000000080100000, 0x0000000080000000| Untracked 
|   1|0x0000000080100000, 0x0000000080200000, 0x0000000080200000|100%| O|  |TAMS 0x0000000080200000, 0x0000000080100000| Untracked 
|   2|0x0000000080200000, 0x0000000080300000, 0x0000000080300000|100%| O|  |TAMS 0x0000000080300000, 0x0000000080200000| Untracked 
|   3|0x0000000080300000, 0x0000000080400000, 0x0000000080400000|100%|HS|  |TAMS 0x0000000080400000, 0x0000000080300000| Complete 
|   4|0x0000000080400000, 0x0000000080500000, 0x0000000080500000|100%|HC|  |TAMS 0x0000000080500000, 0x0000000080400000| Complete 
|   5|0x0000000080500000, 0x0000000080600000, 0x0000000080600000|100%|HC|  |TAMS 0x0000000080600000, 0x0000000080500000| Complete 
|   6|0x0000000080600000, 0x0000000080700000, 0x0000000080700000|100%| O|  |TAMS 0x0000000080700000, 0x0000000080600000| Untracked 
|   7|0x0000000080700000, 0x0000000080800000, 0x0000000080800000|100%| O|  |TAMS 0x0000000080800000, 0x0000000080700000| Untracked 
|   8|0x0000000080800000, 0x0000000080900000, 0x0000000080900000|100%| O|  |TAMS 0x0000000080900000, 0x0000000080800000| Untracked 
|   9|0x0000000080900000, 0x0000000080a00000, 0x0000000080a00000|100%| O|  |TAMS 0x0000000080a00000, 0x0000000080900000| Untracked 
|  10|0x0000000080a00000, 0x0000000080b00000, 0x0000000080b00000|100%| O|  |TAMS 0x0000000080b00000, 0x0000000080a00000| Untracked 
|  11|0x0000000080b00000, 0x0000000080c00000, 0x0000000080c00000|100%| O|  |TAMS 0x0000000080c00000, 0x0000000080b00000| Untracked 
|  12|0x0000000080c00000, 0x0000000080d00000, 0x0000000080d00000|100%| O|  |TAMS 0x0000000080d00000, 0x0000000080c00000| Untracked 
|  13|0x0000000080d00000, 0x0000000080e00000, 0x0000000080e00000|100%| O|  |TAMS 0x0000000080e00000, 0x0000000080d00000| Untracked 
|  14|0x0000000080e00000, 0x0000000080f00000, 0x0000000080f00000|100%| O|  |TAMS 0x0000000080f00000, 0x0000000080e00000| Untracked 
|  15|0x0000000080f00000, 0x0000000081000000, 0x0000000081000000|100%|HS|  |TAMS 0x0000000081000000, 0x0000000080f00000| Complete 
|  16|0x0000000081000000, 0x0000000081100000, 0x0000000081100000|100%|HC|  |TAMS 0x0000000081100000, 0x0000000081000000| Complete 
|  17|0x0000000081100000, 0x0000000081200000, 0x0000000081200000|100%| O|  |TAMS 0x0000000081200000, 0x0000000081100000| Untracked 
|  18|0x0000000081200000, 0x0000000081300000, 0x0000000081300000|100%|HS|  |TAMS 0x0000000081300000, 0x0000000081200000| Complete 
|  19|0x0000000081300000, 0x0000000081400000, 0x0000000081400000|100%|HC|  |TAMS 0x0000000081400000, 0x0000000081300000| Complete 
|  20|0x0000000081400000, 0x0000000081500000, 0x0000000081500000|100%|HC|  |TAMS 0x0000000081500000, 0x0000000081400000| Complete 
|  21|0x0000000081500000, 0x0000000081600000, 0x0000000081600000|100%|HS|  |TAMS 0x0000000081600000, 0x0000000081500000| Complete 
|  22|0x0000000081600000, 0x0000000081700000, 0x0000000081700000|100%|HC|  |TAMS 0x0000000081700000, 0x0000000081600000| Complete 
|  23|0x0000000081700000, 0x0000000081800000, 0x0000000081800000|100%|HC|  |TAMS 0x0000000081800000, 0x0000000081700000| Complete 
|  24|0x0000000081800000, 0x0000000081900000, 0x0000000081900000|100%|HC|  |TAMS 0x0000000081900000, 0x0000000081800000| Complete 
|  25|0x0000000081900000, 0x0000000081a00000, 0x0000000081a00000|100%| O|  |TAMS 0x0000000081a00000, 0x0000000081900000| Untracked 
|  26|0x0000000081a00000, 0x0000000081b00000, 0x0000000081b00000|100%| O|  |TAMS 0x0000000081b00000, 0x0000000081a00000| Untracked 
|  27|0x0000000081b00000, 0x0000000081c00000, 0x0000000081c00000|100%| O|  |TAMS 0x0000000081c00000, 0x0000000081b00000| Untracked 
|  28|0x0000000081c00000, 0x0000000081d00000, 0x0000000081d00000|100%| O|  |TAMS 0x0000000081d00000, 0x0000000081c00000| Untracked 
|  29|0x0000000081d00000, 0x0000000081e00000, 0x0000000081e00000|100%| O|  |TAMS 0x0000000081e00000, 0x0000000081d00000| Untracked 
|  30|0x0000000081e00000, 0x0000000081f00000, 0x0000000081f00000|100%| O|  |TAMS 0x0000000081f00000, 0x0000000081e00000| Untracked 
|  31|0x0000000081f00000, 0x0000000082000000, 0x0000000082000000|100%| O|  |TAMS 0x0000000082000000, 0x0000000081f00000| Untracked 
|  32|0x0000000082000000, 0x0000000082100000, 0x0000000082100000|100%| O|  |TAMS 0x0000000082100000, 0x0000000082000000| Untracked 
|  33|0x0000000082100000, 0x0000000082200000, 0x0000000082200000|100%| O|  |TAMS 0x0000000082200000, 0x0000000082100000| Untracked 
|  34|0x0000000082200000, 0x0000000082300000, 0x0000000082300000|100%| O|  |TAMS 0x0000000082300000, 0x0000000082200000| Untracked 
|  35|0x0000000082300000, 0x0000000082400000, 0x0000000082400000|100%| O|  |TAMS 0x0000000082400000, 0x0000000082300000| Untracked 
|  36|0x0000000082400000, 0x0000000082500000, 0x0000000082500000|100%| O|  |TAMS 0x0000000082500000, 0x0000000082400000| Untracked 
|  37|0x0000000082500000, 0x0000000082600000, 0x0000000082600000|100%| O|  |TAMS 0x0000000082600000, 0x0000000082500000| Untracked 
|  38|0x0000000082600000, 0x0000000082700000, 0x0000000082700000|100%| O|  |TAMS 0x0000000082700000, 0x0000000082600000| Untracked 
|  39|0x0000000082700000, 0x0000000082800000, 0x0000000082800000|100%| O|  |TAMS 0x0000000082800000, 0x0000000082700000| Untracked 
|  40|0x0000000082800000, 0x0000000082900000, 0x0000000082900000|100%|HS|  |TAMS 0x0000000082900000, 0x0000000082800000| Complete 
|  41|0x0000000082900000, 0x0000000082a00000, 0x0000000082a00000|100%|HC|  |TAMS 0x0000000082a00000, 0x0000000082900000| Complete 
|  42|0x0000000082a00000, 0x0000000082b00000, 0x0000000082b00000|100%|HC|  |TAMS 0x0000000082b00000, 0x0000000082a00000| Complete 
|  43|0x0000000082b00000, 0x0000000082c00000, 0x0000000082c00000|100%| O|  |TAMS 0x0000000082c00000, 0x0000000082b00000| Untracked 
|  44|0x0000000082c00000, 0x0000000082d00000, 0x0000000082d00000|100%| O|  |TAMS 0x0000000082d00000, 0x0000000082c00000| Untracked 
|  45|0x0000000082d00000, 0x0000000082e00000, 0x0000000082e00000|100%| O|  |TAMS 0x0000000082e00000, 0x0000000082d00000| Untracked 
|  46|0x0000000082e00000, 0x0000000082f00000, 0x0000000082f00000|100%| O|  |TAMS 0x0000000082f00000, 0x0000000082e00000| Untracked 
|  47|0x0000000082f00000, 0x0000000083000000, 0x0000000083000000|100%|HS|  |TAMS 0x0000000083000000, 0x0000000082f00000| Complete 
|  48|0x0000000083000000, 0x0000000083100000, 0x0000000083100000|100%|HC|  |TAMS 0x0000000083100000, 0x0000000083000000| Complete 
|  49|0x0000000083100000, 0x0000000083200000, 0x0000000083200000|100%|HC|  |TAMS 0x0000000083200000, 0x0000000083100000| Complete 
|  50|0x0000000083200000, 0x0000000083300000, 0x0000000083300000|100%|HC|  |TAMS 0x0000000083300000, 0x0000000083200000| Complete 
|  51|0x0000000083300000, 0x0000000083400000, 0x0000000083400000|100%| O|  |TAMS 0x0000000083400000, 0x0000000083300000| Untracked 
|  52|0x0000000083400000, 0x0000000083500000, 0x0000000083500000|100%| O|  |TAMS 0x0000000083500000, 0x0000000083400000| Untracked 
|  53|0x0000000083500000, 0x0000000083600000, 0x0000000083600000|100%| O|  |TAMS 0x0000000083600000, 0x0000000083500000| Untracked 
|  54|0x0000000083600000, 0x0000000083700000, 0x0000000083700000|100%| O|  |TAMS 0x0000000083700000, 0x0000000083600000| Untracked 
|  55|0x0000000083700000, 0x0000000083800000, 0x0000000083800000|100%| O|  |TAMS 0x0000000083800000, 0x0000000083700000| Untracked 
|  56|0x0000000083800000, 0x0000000083900000, 0x0000000083900000|100%|HS|  |TAMS 0x0000000083900000, 0x0000000083800000| Complete 
|  57|0x0000000083900000, 0x0000000083a00000, 0x0000000083a00000|100%| O|  |TAMS 0x0000000083a00000, 0x0000000083900000| Untracked 
|  58|0x0000000083a00000, 0x0000000083b00000, 0x0000000083b00000|100%|HS|  |TAMS 0x0000000083b00000, 0x0000000083a00000| Complete 
|  59|0x0000000083b00000, 0x0000000083c00000, 0x0000000083c00000|100%| O|  |TAMS 0x0000000083c00000, 0x0000000083b00000| Untracked 
|  60|0x0000000083c00000, 0x0000000083d00000, 0x0000000083d00000|100%| O|  |TAMS 0x0000000083d00000, 0x0000000083c00000| Untracked 
|  61|0x0000000083d00000, 0x0000000083e00000, 0x0000000083e00000|100%|HS|  |TAMS 0x0000000083e00000, 0x0000000083d00000| Complete 
|  62|0x0000000083e00000, 0x0000000083f00000, 0x0000000083f00000|100%|HC|  |TAMS 0x0000000083f00000, 0x0000000083e00000| Complete 
|  63|0x0000000083f00000, 0x0000000084000000, 0x0000000084000000|100%| O|  |TAMS 0x0000000084000000, 0x0000000083f00000| Untracked 
|  64|0x0000000084000000, 0x0000000084100000, 0x0000000084100000|100%| O|  |TAMS 0x0000000084100000, 0x0000000084000000| Untracked 
|  65|0x0000000084100000, 0x0000000084200000, 0x0000000084200000|100%| O|  |TAMS 0x0000000084200000, 0x0000000084100000| Untracked 
|  66|0x0000000084200000, 0x0000000084300000, 0x0000000084300000|100%| O|  |TAMS 0x0000000084300000, 0x0000000084200000| Untracked 
|  67|0x0000000084300000, 0x0000000084400000, 0x0000000084400000|100%| O|  |TAMS 0x0000000084400000, 0x0000000084300000| Untracked 
|  68|0x0000000084400000, 0x0000000084500000, 0x0000000084500000|100%| O|  |TAMS 0x0000000084500000, 0x0000000084400000| Untracked 
|  69|0x0000000084500000, 0x0000000084600000, 0x0000000084600000|100%| O|  |TAMS 0x0000000084600000, 0x0000000084500000| Untracked 
|  70|0x0000000084600000, 0x0000000084700000, 0x0000000084700000|100%| O|  |TAMS 0x0000000084700000, 0x0000000084600000| Untracked 
|  71|0x0000000084700000, 0x0000000084800000, 0x0000000084800000|100%| O|  |TAMS 0x0000000084800000, 0x0000000084700000| Untracked 
|  72|0x0000000084800000, 0x0000000084900000, 0x0000000084900000|100%| O|  |TAMS 0x0000000084900000, 0x0000000084800000| Untracked 
|  73|0x0000000084900000, 0x0000000084a00000, 0x0000000084a00000|100%| O|  |TAMS 0x0000000084a00000, 0x0000000084900000| Untracked 
|  74|0x0000000084a00000, 0x0000000084b00000, 0x0000000084b00000|100%| O|  |TAMS 0x0000000084b00000, 0x0000000084a00000| Untracked 
|  75|0x0000000084b00000, 0x0000000084c00000, 0x0000000084c00000|100%| O|  |TAMS 0x0000000084c00000, 0x0000000084b00000| Untracked 
|  76|0x0000000084c00000, 0x0000000084d00000, 0x0000000084d00000|100%| O|  |TAMS 0x0000000084d00000, 0x0000000084c00000| Untracked 
|  77|0x0000000084d00000, 0x0000000084e00000, 0x0000000084e00000|100%| O|  |TAMS 0x0000000084e00000, 0x0000000084d00000| Untracked 
|  78|0x0000000084e00000, 0x0000000084f00000, 0x0000000084f00000|100%| O|  |TAMS 0x0000000084f00000, 0x0000000084e00000| Untracked 
|  79|0x0000000084f00000, 0x0000000085000000, 0x0000000085000000|100%| O|  |TAMS 0x0000000085000000, 0x0000000084f00000| Untracked 
|  80|0x0000000085000000, 0x0000000085100000, 0x0000000085100000|100%| O|  |TAMS 0x0000000085100000, 0x0000000085000000| Untracked 
|  81|0x0000000085100000, 0x0000000085200000, 0x0000000085200000|100%| O|  |TAMS 0x0000000085200000, 0x0000000085100000| Untracked 
|  82|0x0000000085200000, 0x0000000085300000, 0x0000000085300000|100%| O|  |TAMS 0x0000000085300000, 0x0000000085200000| Untracked 
|  83|0x0000000085300000, 0x0000000085400000, 0x0000000085400000|100%| O|  |TAMS 0x0000000085400000, 0x0000000085300000| Untracked 
|  84|0x0000000085400000, 0x0000000085500000, 0x0000000085500000|100%|HS|  |TAMS 0x0000000085500000, 0x0000000085400000| Complete 
|  85|0x0000000085500000, 0x0000000085600000, 0x0000000085600000|100%|HC|  |TAMS 0x0000000085600000, 0x0000000085500000| Complete 
|  86|0x0000000085600000, 0x0000000085700000, 0x0000000085700000|100%|HS|  |TAMS 0x0000000085700000, 0x0000000085600000| Complete 
|  87|0x0000000085700000, 0x0000000085800000, 0x0000000085800000|100%|HC|  |TAMS 0x0000000085800000, 0x0000000085700000| Complete 
|  88|0x0000000085800000, 0x0000000085900000, 0x0000000085900000|100%|HC|  |TAMS 0x0000000085900000, 0x0000000085800000| Complete 
|  89|0x0000000085900000, 0x0000000085a00000, 0x0000000085a00000|100%|HS|  |TAMS 0x0000000085a00000, 0x0000000085900000| Complete 
|  90|0x0000000085a00000, 0x0000000085b00000, 0x0000000085b00000|100%|HC|  |TAMS 0x0000000085b00000, 0x0000000085a00000| Complete 
|  91|0x0000000085b00000, 0x0000000085c00000, 0x0000000085c00000|100%|HC|  |TAMS 0x0000000085c00000, 0x0000000085b00000| Complete 
|  92|0x0000000085c00000, 0x0000000085d00000, 0x0000000085d00000|100%|HC|  |TAMS 0x0000000085d00000, 0x0000000085c00000| Complete 
|  93|0x0000000085d00000, 0x0000000085e00000, 0x0000000085e00000|100%| O|  |TAMS 0x0000000085e00000, 0x0000000085d00000| Untracked 
|  94|0x0000000085e00000, 0x0000000085f00000, 0x0000000085f00000|100%| O|  |TAMS 0x0000000085f00000, 0x0000000085e00000| Untracked 
|  95|0x0000000085f00000, 0x0000000086000000, 0x0000000086000000|100%| O|  |TAMS 0x0000000086000000, 0x0000000085f00000| Untracked 
|  96|0x0000000086000000, 0x0000000086100000, 0x0000000086100000|100%| O|  |TAMS 0x0000000086100000, 0x0000000086000000| Untracked 
|  97|0x0000000086100000, 0x0000000086200000, 0x0000000086200000|100%| O|  |TAMS 0x0000000086200000, 0x0000000086100000| Untracked 
|  98|0x0000000086200000, 0x0000000086300000, 0x0000000086300000|100%| O|  |TAMS 0x0000000086300000, 0x0000000086200000| Untracked 
|  99|0x0000000086300000, 0x0000000086400000, 0x0000000086400000|100%| O|  |TAMS 0x0000000086400000, 0x0000000086300000| Untracked 
| 100|0x0000000086400000, 0x0000000086500000, 0x0000000086500000|100%| O|  |TAMS 0x0000000086500000, 0x0000000086400000| Untracked 
| 101|0x0000000086500000, 0x0000000086600000, 0x0000000086600000|100%| O|  |TAMS 0x000000008650f000, 0x0000000086500000| Untracked 
| 102|0x0000000086600000, 0x000000008664ca00, 0x0000000086700000| 29%| O|  |TAMS 0x0000000086600000, 0x0000000086600000| Untracked 
| 103|0x0000000086700000, 0x0000000086700000, 0x0000000086800000|  0%| F|  |TAMS 0x0000000086700000, 0x0000000086700000| Untracked 
| 104|0x0000000086800000, 0x0000000086800000, 0x0000000086900000|  0%| F|  |TAMS 0x0000000086800000, 0x0000000086800000| Untracked 
| 105|0x0000000086900000, 0x0000000086900000, 0x0000000086a00000|  0%| F|  |TAMS 0x0000000086900000, 0x0000000086900000| Untracked 
| 106|0x0000000086a00000, 0x0000000086a00000, 0x0000000086b00000|  0%| F|  |TAMS 0x0000000086a00000, 0x0000000086a00000| Untracked 
| 107|0x0000000086b00000, 0x0000000086b00000, 0x0000000086c00000|  0%| F|  |TAMS 0x0000000086b00000, 0x0000000086b00000| Untracked 
| 108|0x0000000086c00000, 0x0000000086c00000, 0x0000000086d00000|  0%| F|  |TAMS 0x0000000086c00000, 0x0000000086c00000| Untracked 
| 109|0x0000000086d00000, 0x0000000086d00000, 0x0000000086e00000|  0%| F|  |TAMS 0x0000000086d00000, 0x0000000086d00000| Untracked 
| 110|0x0000000086e00000, 0x0000000086e00000, 0x0000000086f00000|  0%| F|  |TAMS 0x0000000086e00000, 0x0000000086e00000| Untracked 
| 111|0x0000000086f00000, 0x0000000086f00000, 0x0000000087000000|  0%| F|  |TAMS 0x0000000086f00000, 0x0000000086f00000| Untracked 
| 112|0x0000000087000000, 0x0000000087000000, 0x0000000087100000|  0%| F|  |TAMS 0x0000000087000000, 0x0000000087000000| Untracked 
| 113|0x0000000087100000, 0x0000000087100000, 0x0000000087200000|  0%| F|  |TAMS 0x0000000087100000, 0x0000000087100000| Untracked 
| 114|0x0000000087200000, 0x0000000087200000, 0x0000000087300000|  0%| F|  |TAMS 0x0000000087200000, 0x0000000087200000| Untracked 
| 115|0x0000000087300000, 0x0000000087300000, 0x0000000087400000|  0%| F|  |TAMS 0x0000000087300000, 0x0000000087300000| Untracked 
| 116|0x0000000087400000, 0x0000000087400000, 0x0000000087500000|  0%| F|  |TAMS 0x0000000087400000, 0x0000000087400000| Untracked 
| 117|0x0000000087500000, 0x0000000087500000, 0x0000000087600000|  0%| F|  |TAMS 0x0000000087500000, 0x0000000087500000| Untracked 
| 118|0x0000000087600000, 0x0000000087600000, 0x0000000087700000|  0%| F|  |TAMS 0x0000000087600000, 0x0000000087600000| Untracked 
| 119|0x0000000087700000, 0x0000000087700000, 0x0000000087800000|  0%| F|  |TAMS 0x0000000087700000, 0x0000000087700000| Untracked 
| 120|0x0000000087800000, 0x0000000087800000, 0x0000000087900000|  0%| F|  |TAMS 0x0000000087800000, 0x0000000087800000| Untracked 
| 121|0x0000000087900000, 0x0000000087900000, 0x0000000087a00000|  0%| F|  |TAMS 0x0000000087900000, 0x0000000087900000| Untracked 
| 122|0x0000000087a00000, 0x0000000087a00000, 0x0000000087b00000|  0%| F|  |TAMS 0x0000000087a00000, 0x0000000087a00000| Untracked 
| 123|0x0000000087b00000, 0x0000000087b00000, 0x0000000087c00000|  0%| F|  |TAMS 0x0000000087b00000, 0x0000000087b00000| Untracked 
| 124|0x0000000087c00000, 0x0000000087c00000, 0x0000000087d00000|  0%| F|  |TAMS 0x0000000087c00000, 0x0000000087c00000| Untracked 
| 125|0x0000000087d00000, 0x0000000087d00000, 0x0000000087e00000|  0%| F|  |TAMS 0x0000000087d00000, 0x0000000087d00000| Untracked 
| 126|0x0000000087e00000, 0x0000000087e00000, 0x0000000087f00000|  0%| F|  |TAMS 0x0000000087e00000, 0x0000000087e00000| Untracked 
| 127|0x0000000087f00000, 0x0000000087f00000, 0x0000000088000000|  0%| F|  |TAMS 0x0000000087f00000, 0x0000000087f00000| Untracked 
| 128|0x0000000088000000, 0x00000000880618a0, 0x0000000088100000| 38%| S|CS|TAMS 0x0000000088000000, 0x0000000088000000| Complete 
| 129|0x0000000088100000, 0x0000000088200000, 0x0000000088200000|100%| S|CS|TAMS 0x0000000088100000, 0x0000000088100000| Complete 
| 130|0x0000000088200000, 0x0000000088300000, 0x0000000088300000|100%| S|CS|TAMS 0x0000000088200000, 0x0000000088200000| Complete 
| 131|0x0000000088300000, 0x0000000088300000, 0x0000000088400000|  0%| F|  |TAMS 0x0000000088300000, 0x0000000088300000| Untracked 
| 132|0x0000000088400000, 0x0000000088400000, 0x0000000088500000|  0%| F|  |TAMS 0x0000000088400000, 0x0000000088400000| Untracked 
| 133|0x0000000088500000, 0x0000000088600000, 0x0000000088600000|100%| S|CS|TAMS 0x0000000088500000, 0x0000000088500000| Complete 
| 134|0x0000000088600000, 0x0000000088700000, 0x0000000088700000|100%| S|CS|TAMS 0x0000000088600000, 0x0000000088600000| Complete 
| 135|0x0000000088700000, 0x0000000088700000, 0x0000000088800000|  0%| F|  |TAMS 0x0000000088700000, 0x0000000088700000| Untracked 
| 136|0x0000000088800000, 0x0000000088800000, 0x0000000088900000|  0%| F|  |TAMS 0x0000000088800000, 0x0000000088800000| Untracked 
| 137|0x0000000088900000, 0x0000000088900000, 0x0000000088a00000|  0%| F|  |TAMS 0x0000000088900000, 0x0000000088900000| Untracked 
| 138|0x0000000088a00000, 0x0000000088a00000, 0x0000000088b00000|  0%| F|  |TAMS 0x0000000088a00000, 0x0000000088a00000| Untracked 
| 139|0x0000000088b00000, 0x0000000088b00000, 0x0000000088c00000|  0%| F|  |TAMS 0x0000000088b00000, 0x0000000088b00000| Untracked 
| 140|0x0000000088c00000, 0x0000000088c00000, 0x0000000088d00000|  0%| F|  |TAMS 0x0000000088c00000, 0x0000000088c00000| Untracked 
| 141|0x0000000088d00000, 0x0000000088d00000, 0x0000000088e00000|  0%| F|  |TAMS 0x0000000088d00000, 0x0000000088d00000| Untracked 
| 142|0x0000000088e00000, 0x0000000088e00000, 0x0000000088f00000|  0%| F|  |TAMS 0x0000000088e00000, 0x0000000088e00000| Untracked 
| 143|0x0000000088f00000, 0x0000000088f00000, 0x0000000089000000|  0%| F|  |TAMS 0x0000000088f00000, 0x0000000088f00000| Untracked 
| 144|0x0000000089000000, 0x0000000089000000, 0x0000000089100000|  0%| F|  |TAMS 0x0000000089000000, 0x0000000089000000| Untracked 
| 145|0x0000000089100000, 0x0000000089100000, 0x0000000089200000|  0%| F|  |TAMS 0x0000000089100000, 0x0000000089100000| Untracked 
| 146|0x0000000089200000, 0x0000000089200000, 0x0000000089300000|  0%| F|  |TAMS 0x0000000089200000, 0x0000000089200000| Untracked 
| 147|0x0000000089300000, 0x0000000089300000, 0x0000000089400000|  0%| F|  |TAMS 0x0000000089300000, 0x0000000089300000| Untracked 
| 148|0x0000000089400000, 0x0000000089400000, 0x0000000089500000|  0%| F|  |TAMS 0x0000000089400000, 0x0000000089400000| Untracked 
| 149|0x0000000089500000, 0x0000000089500000, 0x0000000089600000|  0%| F|  |TAMS 0x0000000089500000, 0x0000000089500000| Untracked 
| 150|0x0000000089600000, 0x0000000089600000, 0x0000000089700000|  0%| F|  |TAMS 0x0000000089600000, 0x0000000089600000| Untracked 
| 151|0x0000000089700000, 0x0000000089700000, 0x0000000089800000|  0%| F|  |TAMS 0x0000000089700000, 0x0000000089700000| Untracked 
| 152|0x0000000089800000, 0x0000000089800000, 0x0000000089900000|  0%| F|  |TAMS 0x0000000089800000, 0x0000000089800000| Untracked 
| 153|0x0000000089900000, 0x0000000089900000, 0x0000000089a00000|  0%| F|  |TAMS 0x0000000089900000, 0x0000000089900000| Untracked 
| 154|0x0000000089a00000, 0x0000000089a00000, 0x0000000089b00000|  0%| F|  |TAMS 0x0000000089a00000, 0x0000000089a00000| Untracked 
| 155|0x0000000089b00000, 0x0000000089b00000, 0x0000000089c00000|  0%| F|  |TAMS 0x0000000089b00000, 0x0000000089b00000| Untracked 
| 156|0x0000000089c00000, 0x0000000089c00000, 0x0000000089d00000|  0%| F|  |TAMS 0x0000000089c00000, 0x0000000089c00000| Untracked 
| 157|0x0000000089d00000, 0x0000000089d00000, 0x0000000089e00000|  0%| F|  |TAMS 0x0000000089d00000, 0x0000000089d00000| Untracked 
| 158|0x0000000089e00000, 0x0000000089e00000, 0x0000000089f00000|  0%| F|  |TAMS 0x0000000089e00000, 0x0000000089e00000| Untracked 
| 159|0x0000000089f00000, 0x0000000089f00000, 0x000000008a000000|  0%| F|  |TAMS 0x0000000089f00000, 0x0000000089f00000| Untracked 
| 160|0x000000008a000000, 0x000000008a000000, 0x000000008a100000|  0%| F|  |TAMS 0x000000008a000000, 0x000000008a000000| Untracked 
| 161|0x000000008a100000, 0x000000008a135418, 0x000000008a200000| 20%| E|  |TAMS 0x000000008a100000, 0x000000008a100000| Complete 
| 162|0x000000008a200000, 0x000000008a300000, 0x000000008a300000|100%| E|CS|TAMS 0x000000008a200000, 0x000000008a200000| Complete 
| 163|0x000000008a300000, 0x000000008a400000, 0x000000008a400000|100%| E|CS|TAMS 0x000000008a300000, 0x000000008a300000| Complete 
| 164|0x000000008a400000, 0x000000008a500000, 0x000000008a500000|100%| E|CS|TAMS 0x000000008a400000, 0x000000008a400000| Complete 
| 165|0x000000008a500000, 0x000000008a600000, 0x000000008a600000|100%| E|CS|TAMS 0x000000008a500000, 0x000000008a500000| Complete 
| 166|0x000000008a600000, 0x000000008a700000, 0x000000008a700000|100%| E|CS|TAMS 0x000000008a600000, 0x000000008a600000| Complete 
| 167|0x000000008a700000, 0x000000008a800000, 0x000000008a800000|100%| E|CS|TAMS 0x000000008a700000, 0x000000008a700000| Complete 

Card table byte_map: [0x0000008c201a0000,0x0000008c205a0000] _byte_map_base: 0x0000008c1fda0000

Marking Bits (Prev, Next): (CMBitMap*) 0x0000008c0d31a1b0, (CMBitMap*) 0x0000008c0d31a178
 Prev Bits: [0x0000008c229a0000, 0x0000008c249a0000)
 Next Bits: [0x0000008c209a0000, 0x0000008c229a0000)

Polling page: 0x0000008c0b160000

Metaspace:

Usage:
  Non-class:     79.98 MB capacity,    78.45 MB ( 98%) used,     1.28 MB (  2%) free+waste,   252.69 KB ( <1%) overhead. 
      Class:     12.44 MB capacity,    11.62 MB ( 93%) used,   724.28 KB (  6%) free+waste,   115.56 KB ( <1%) overhead. 
       Both:     92.42 MB capacity,    90.07 MB ( 97%) used,     1.98 MB (  2%) free+waste,   368.25 KB ( <1%) overhead. 

Virtual space:
  Non-class space:       80.00 MB reserved,      80.00 MB (100%) committed 
      Class space:        1.00 GB reserved,      12.50 MB (  1%) committed 
             Both:        1.08 GB reserved,      92.50 MB (  8%) committed 

Chunk freelists:
   Non-Class:  24.00 KB
       Class:  0 bytes
        Both:  24.00 KB

MaxMetaspaceSize: 17179869184.00 GB
CompressedClassSpaceSize: 1.00 GB

CodeHeap 'non-profiled nmethods': size=120064Kb used=6957Kb max_used=6957Kb free=113106Kb
 bounds [0x0000008c18860000, 0x0000008c18f30000, 0x0000008c1fda0000]
CodeHeap 'profiled nmethods': size=120000Kb used=23586Kb max_used=23586Kb free=96413Kb
 bounds [0x0000008c11330000, 0x0000008c12a40000, 0x0000008c18860000]
CodeHeap 'non-nmethods': size=5696Kb used=2291Kb max_used=2334Kb free=3404Kb
 bounds [0x0000008c10da0000, 0x0000008c11010000, 0x0000008c11330000]
 total_blobs=11789 nmethods=10892 adapters=808
 compilation: enabled
              stopped_count=0, restarted_count=0
 full_count=0

Compilation events (20 events):
Event: 1506.531 Thread 0x0000008c271cc000 10900       3       org.gradle.api.internal.artifacts.ivyservice.resolveengine.result.StreamingResolutionResultBuilder::visitEdges (88 bytes)
Event: 1506.533 Thread 0x0000008c271cc000 nmethod 10900 0x0000008c12a1b910 code [0x0000008c12a1bc60, 0x0000008c12a1d468]
Event: 1506.534 Thread 0x0000008c271cc000 10902       3       java.util.LinkedList::add (32 bytes)
Event: 1506.534 Thread 0x0000008c271cc000 nmethod 10902 0x0000008c12a1db90 code [0x0000008c12a1dda0, 0x0000008c12a1e288]
Event: 1506.534 Thread 0x0000008c271cc000 10903       1       org.gradle.api.internal.artifacts.repositories.resolver.DefaultMutableVariantFilesMetadata::getFiles (5 bytes)
Event: 1506.534 Thread 0x0000008c271cc000 nmethod 10903 0x0000008c18f2a990 code [0x0000008c18f2ab40, 0x0000008c18f2abf8]
Event: 1506.534 Thread 0x0000008c271cc000 10901       1       org.gradle.internal.component.external.model.maven.DefaultMavenModuleResolveMetadata::isRelocated (5 bytes)
Event: 1506.535 Thread 0x0000008c271cc000 nmethod 10901 0x0000008c18f2ac90 code [0x0000008c18f2ae40, 0x0000008c18f2aef8]
Event: 1506.769 Thread 0x0000008c271cc000 10904       3       org.gradle.api.internal.artifacts.transform.ConsumerProvidedVariantFinder::collectConsumerVariants (28 bytes)
Event: 1506.770 Thread 0x0000008c271cc000 nmethod 10904 0x0000008c12a1e490 code [0x0000008c12a1e6c0, 0x0000008c12a1ee98]
Event: 1506.772 Thread 0x0000008c271cc000 10905       1       org.gradle.api.internal.artifacts.transform.DefaultTransformationRegistrationFactory$DefaultArtifactTransformRegistration::getFrom (5 bytes)
Event: 1506.772 Thread 0x0000008c271cc000 nmethod 10905 0x0000008c18f2af90 code [0x0000008c18f2b140, 0x0000008c18f2b1f8]
Event: 1506.774 Thread 0x0000008c271cc000 10906       3       org.gradle.internal.component.model.AttributeMatchingExplanationBuilder::candidateDoesNotMatchAttributes (1 bytes)
Event: 1506.774 Thread 0x0000008c271cc000 nmethod 10906 0x0000008c12a1f190 code [0x0000008c12a1f340, 0x0000008c12a1f438]
Event: 1506.775 Thread 0x0000008c271cc000 10907       1       com.google.common.cache.LocalCache$WeakValueReference::isLoading (2 bytes)
Event: 1506.775 Thread 0x0000008c271cc000 nmethod 10907 0x0000008c18f2b290 code [0x0000008c18f2b440, 0x0000008c18f2b4f8]
Event: 1506.777 Thread 0x0000008c271cc000 10908       3       org.gradle.internal.vfs.impl.DefaultFileSystemAccess::readSnapshotFromLocation (27 bytes)
Event: 1506.779 Thread 0x0000008c271cc000 nmethod 10908 0x0000008c12a1f510 code [0x0000008c12a1f840, 0x0000008c12a20b68]
Event: 1506.779 Thread 0x0000008c271cc000 10909       3       org.gradle.internal.vfs.impl.DefaultFileSystemAccess$$Lambda$171/0x0000000100318840::get$Lambda (12 bytes)
Event: 1506.780 Thread 0x0000008c271cc000 nmethod 10909 0x0000008c12a21310 code [0x0000008c12a214e0, 0x0000008c12a21858]

GC Heap History (20 events):
Event: 650.584 GC heap before
{Heap before GC invocations=260 (full 0):
 garbage-first heap   total 172032K, used 85344K [0x0000000080000000, 0x0000000100000000)
  region size 1024K, 4 young (4096K), 3 survivors (3072K)
 Metaspace       used 77029K, capacity 78943K, committed 79104K, reserved 1118208K
  class space    used 10024K, capacity 10702K, committed 10752K, reserved 1048576K
}
Event: 650.591 GC heap after
{Heap after GC invocations=261 (full 0):
 garbage-first heap   total 172032K, used 85553K [0x0000000080000000, 0x0000000100000000)
  region size 1024K, 3 young (3072K), 3 survivors (3072K)
 Metaspace       used 77029K, capacity 78943K, committed 79104K, reserved 1118208K
  class space    used 10024K, capacity 10702K, committed 10752K, reserved 1048576K
}
Event: 661.824 GC heap before
{Heap before GC invocations=262 (full 0):
 garbage-first heap   total 172032K, used 88625K [0x0000000080000000, 0x0000000100000000)
  region size 1024K, 5 young (5120K), 3 survivors (3072K)
 Metaspace       used 77030K, capacity 78943K, committed 79104K, reserved 1118208K
  class space    used 10024K, capacity 10702K, committed 10752K, reserved 1048576K
}
Event: 661.831 GC heap after
{Heap after GC invocations=263 (full 0):
 garbage-first heap   total 172032K, used 89764K [0x0000000080000000, 0x0000000100000000)
  region size 1024K, 4 young (4096K), 4 survivors (4096K)
 Metaspace       used 77030K, capacity 78943K, committed 79104K, reserved 1118208K
  class space    used 10024K, capacity 10702K, committed 10752K, reserved 1048576K
}
Event: 733.449 GC heap before
{Heap before GC invocations=264 (full 0):
 garbage-first heap   total 172032K, used 128676K [0x0000000080000000, 0x0000000100000000)
  region size 1024K, 39 young (39936K), 4 survivors (4096K)
 Metaspace       used 78432K, capacity 80571K, committed 80896K, reserved 1120256K
  class space    used 10211K, capacity 10920K, committed 11008K, reserved 1048576K
}
Event: 733.461 GC heap after
{Heap after GC invocations=265 (full 0):
 garbage-first heap   total 172032K, used 97841K [0x0000000080000000, 0x0000000100000000)
  region size 1024K, 5 young (5120K), 5 survivors (5120K)
 Metaspace       used 78432K, capacity 80571K, committed 80896K, reserved 1120256K
  class space    used 10211K, capacity 10920K, committed 11008K, reserved 1048576K
}
Event: 766.322 GC heap before
{Heap before GC invocations=265 (full 0):
 garbage-first heap   total 172032K, used 131633K [0x0000000080000000, 0x0000000100000000)
  region size 1024K, 38 young (38912K), 5 survivors (5120K)
 Metaspace       used 80596K, capacity 82599K, committed 82688K, reserved 1120256K
  class space    used 10492K, capacity 11186K, committed 11264K, reserved 1048576K
}
Event: 766.332 GC heap after
{Heap after GC invocations=266 (full 0):
 garbage-first heap   total 172032K, used 99898K [0x0000000080000000, 0x0000000100000000)
  region size 1024K, 2 young (2048K), 2 survivors (2048K)
 Metaspace       used 80596K, capacity 82599K, committed 82688K, reserved 1120256K
  class space    used 10492K, capacity 11186K, committed 11264K, reserved 1048576K
}
Event: 777.056 GC heap before
{Heap before GC invocations=267 (full 0):
 garbage-first heap   total 172032K, used 117306K [0x0000000080000000, 0x0000000100000000)
  region size 1024K, 21 young (21504K), 2 survivors (2048K)
 Metaspace       used 82601K, capacity 84755K, committed 84992K, reserved 1122304K
  class space    used 10748K, capacity 11478K, committed 11520K, reserved 1048576K
}
Event: 777.064 GC heap after
{Heap after GC invocations=268 (full 0):
 garbage-first heap   total 172032K, used 100922K [0x0000000080000000, 0x0000000100000000)
  region size 1024K, 3 young (3072K), 3 survivors (3072K)
 Metaspace       used 82601K, capacity 84755K, committed 84992K, reserved 1122304K
  class space    used 10748K, capacity 11478K, committed 11520K, reserved 1048576K
}
Event: 837.461 GC heap before
{Heap before GC invocations=269 (full 0):
 garbage-first heap   total 172032K, used 132666K [0x0000000080000000, 0x0000000100000000)
  region size 1024K, 33 young (33792K), 3 survivors (3072K)
 Metaspace       used 87464K, capacity 89653K, committed 89984K, reserved 1126400K
  class space    used 11320K, capacity 12077K, committed 12160K, reserved 1048576K
}
Event: 837.471 GC heap after
{Heap after GC invocations=270 (full 0):
 garbage-first heap   total 172032K, used 101815K [0x0000000080000000, 0x0000000100000000)
  region size 1024K, 2 young (2048K), 2 survivors (2048K)
 Metaspace       used 87464K, capacity 89653K, committed 89984K, reserved 1126400K
  class space    used 11320K, capacity 12077K, committed 12160K, reserved 1048576K
}
Event: 891.022 GC heap before
{Heap before GC invocations=270 (full 0):
 garbage-first heap   total 172032K, used 133559K [0x0000000080000000, 0x0000000100000000)
  region size 1024K, 33 young (33792K), 2 survivors (2048K)
 Metaspace       used 89934K, capacity 92219K, committed 92416K, reserved 1128448K
  class space    used 11653K, capacity 12453K, committed 12544K, reserved 1048576K
}
Event: 891.033 GC heap after
{Heap after GC invocations=271 (full 0):
 garbage-first heap   total 172032K, used 103602K [0x0000000080000000, 0x0000000100000000)
  region size 1024K, 4 young (4096K), 4 survivors (4096K)
 Metaspace       used 89934K, capacity 92219K, committed 92416K, reserved 1128448K
  class space    used 11653K, capacity 12453K, committed 12544K, reserved 1048576K
}
Event: 1285.748 GC heap before
{Heap before GC invocations=272 (full 0):
 garbage-first heap   total 172032K, used 135346K [0x0000000080000000, 0x0000000100000000)
  region size 1024K, 35 young (35840K), 4 survivors (4096K)
 Metaspace       used 91012K, capacity 93387K, committed 93568K, reserved 1130496K
  class space    used 11811K, capacity 12641K, committed 12672K, reserved 1048576K
}
Event: 1285.874 GC heap after
{Heap after GC invocations=273 (full 0):
 garbage-first heap   total 172032K, used 106134K [0x0000000080000000, 0x0000000100000000)
  region size 1024K, 5 young (5120K), 5 survivors (5120K)
 Metaspace       used 91012K, capacity 93387K, committed 93568K, reserved 1130496K
  class space    used 11811K, capacity 12641K, committed 12672K, reserved 1048576K
}
Event: 1431.772 GC heap before
{Heap before GC invocations=273 (full 0):
 garbage-first heap   total 172032K, used 136854K [0x0000000080000000, 0x0000000100000000)
  region size 1024K, 36 young (36864K), 5 survivors (5120K)
 Metaspace       used 91282K, capacity 93633K, committed 93824K, reserved 1130496K
  class space    used 11818K, capacity 12651K, committed 12672K, reserved 1048576K
}
Event: 1431.785 GC heap after
{Heap after GC invocations=274 (full 0):
 garbage-first heap   total 172032K, used 107768K [0x0000000080000000, 0x0000000100000000)
  region size 1024K, 5 young (5120K), 5 survivors (5120K)
 Metaspace       used 91282K, capacity 93633K, committed 93824K, reserved 1130496K
  class space    used 11818K, capacity 12651K, committed 12672K, reserved 1048576K
}
Event: 1501.085 GC heap before
{Heap before GC invocations=275 (full 0):
 garbage-first heap   total 172032K, used 138488K [0x0000000080000000, 0x0000000100000000)
  region size 1024K, 36 young (36864K), 5 survivors (5120K)
 Metaspace       used 92059K, capacity 94484K, committed 94720K, reserved 1130496K
  class space    used 11894K, capacity 12736K, committed 12800K, reserved 1048576K
}
Event: 1501.116 GC heap after
{Heap after GC invocations=276 (full 0):
 garbage-first heap   total 172032K, used 109240K [0x0000000080000000, 0x0000000100000000)
  region size 1024K, 5 young (5120K), 5 survivors (5120K)
 Metaspace       used 92059K, capacity 94484K, committed 94720K, reserved 1130496K
  class space    used 11894K, capacity 12736K, committed 12800K, reserved 1048576K
}

Deoptimization events (20 events):
Event: 1501.148 Thread 0x0000008c29a2d000 Uncommon trap: trap_request=0xffffffde fr.pc=0x0000008c18e6c7cc relative=0x000000000000046c
Event: 1501.148 Thread 0x0000008c29a2d000 Uncommon trap: reason=class_check action=maybe_recompile pc=0x0000008c18e6c7cc method=org.gradle.api.internal.artifacts.ivyservice.dependencysubstitution.DefaultDependencySubstitutions$ModuleMatchDependencySubstitutionAction.execute(Lorg/gradle/api/artifa
Event: 1501.148 Thread 0x0000008c29a2d000 DEOPT PACKING pc=0x0000008c18e6c7cc sp=0x0000008c2cb18670
Event: 1501.148 Thread 0x0000008c29a2d000 DEOPT UNPACKING pc=0x0000008c10dc65af sp=0x0000008c2cb185b0 mode 2
Event: 1501.148 Thread 0x0000008c29a2d000 Uncommon trap: trap_request=0xffffffde fr.pc=0x0000008c18e6c7cc relative=0x000000000000046c
Event: 1501.148 Thread 0x0000008c29a2d000 Uncommon trap: reason=class_check action=maybe_recompile pc=0x0000008c18e6c7cc method=org.gradle.api.internal.artifacts.ivyservice.dependencysubstitution.DefaultDependencySubstitutions$ModuleMatchDependencySubstitutionAction.execute(Lorg/gradle/api/artifa
Event: 1501.148 Thread 0x0000008c29a2d000 DEOPT PACKING pc=0x0000008c18e6c7cc sp=0x0000008c2cb18670
Event: 1501.148 Thread 0x0000008c29a2d000 DEOPT UNPACKING pc=0x0000008c10dc65af sp=0x0000008c2cb185b0 mode 2
Event: 1501.148 Thread 0x0000008c29a2d000 Uncommon trap: trap_request=0xffffffde fr.pc=0x0000008c18e6c7cc relative=0x000000000000046c
Event: 1501.148 Thread 0x0000008c29a2d000 Uncommon trap: reason=class_check action=maybe_recompile pc=0x0000008c18e6c7cc method=org.gradle.api.internal.artifacts.ivyservice.dependencysubstitution.DefaultDependencySubstitutions$ModuleMatchDependencySubstitutionAction.execute(Lorg/gradle/api/artifa
Event: 1501.148 Thread 0x0000008c29a2d000 DEOPT PACKING pc=0x0000008c18e6c7cc sp=0x0000008c2cb18670
Event: 1501.148 Thread 0x0000008c29a2d000 DEOPT UNPACKING pc=0x0000008c10dc65af sp=0x0000008c2cb185b0 mode 2
Event: 1501.148 Thread 0x0000008c29a2d000 Uncommon trap: trap_request=0xffffffde fr.pc=0x0000008c18e6c7cc relative=0x000000000000046c
Event: 1501.148 Thread 0x0000008c29a2d000 Uncommon trap: reason=class_check action=maybe_recompile pc=0x0000008c18e6c7cc method=org.gradle.api.internal.artifacts.ivyservice.dependencysubstitution.DefaultDependencySubstitutions$ModuleMatchDependencySubstitutionAction.execute(Lorg/gradle/api/artifa
Event: 1501.148 Thread 0x0000008c29a2d000 DEOPT PACKING pc=0x0000008c18e6c7cc sp=0x0000008c2cb18670
Event: 1501.148 Thread 0x0000008c29a2d000 DEOPT UNPACKING pc=0x0000008c10dc65af sp=0x0000008c2cb185b0 mode 2
Event: 1506.769 Thread 0x0000008c29a2d000 Uncommon trap: trap_request=0xffffffc6 fr.pc=0x0000008c18d806e4 relative=0x0000000000000304
Event: 1506.769 Thread 0x0000008c29a2d000 Uncommon trap: reason=bimorphic_or_optimized_type_check action=maybe_recompile pc=0x0000008c18d806e4 method=com.google.common.collect.ImmutableList.copyOf(Ljava/util/Collection;)Lcom/google/common/collect/ImmutableList; @ 11 c2
Event: 1506.769 Thread 0x0000008c29a2d000 DEOPT PACKING pc=0x0000008c18d806e4 sp=0x0000008c2cb19090
Event: 1506.769 Thread 0x0000008c29a2d000 DEOPT UNPACKING pc=0x0000008c10dc65af sp=0x0000008c2cb19058 mode 2

Classes redefined (0 events):
No events

Internal exceptions (20 events):
Event: 763.420 Thread 0x0000008c29a2d000 Exception <a 'java/lang/ClassNotFoundException'{0x0000000088cf9e88}: org/gradle/api/plugins/JavaPluginConventionCustomizer> (0x0000000088cf9e88) thrown at [./src/hotspot/share/classfile/systemDictionary.cpp, line 231]
Event: 763.421 Thread 0x0000008c29a2d000 Exception <a 'java/lang/ClassNotFoundException'{0x0000000088b32b20}: org/gradle/api/plugins/internal/DefaultJavaPluginConventionCustomizer> (0x0000000088b32b20) thrown at [./src/hotspot/share/classfile/systemDictionary.cpp, line 231]
Event: 763.426 Thread 0x0000008c29a2d000 Exception <a 'java/lang/ClassNotFoundException'{0x0000000088ba5f30}: org/gradle/api/plugins/internal/DefaultBasePluginConventionBeanInfo> (0x0000000088ba5f30) thrown at [./src/hotspot/share/classfile/systemDictionary.cpp, line 231]
Event: 763.427 Thread 0x0000008c29a2d000 Exception <a 'java/lang/ClassNotFoundException'{0x0000000088bc68b8}: org/gradle/api/plugins/BasePluginConventionBeanInfo> (0x0000000088bc68b8) thrown at [./src/hotspot/share/classfile/systemDictionary.cpp, line 231]
Event: 763.428 Thread 0x0000008c29a2d000 Exception <a 'java/lang/ClassNotFoundException'{0x0000000088be7338}: org/gradle/api/plugins/BasePluginConventionCustomizer> (0x0000000088be7338) thrown at [./src/hotspot/share/classfile/systemDictionary.cpp, line 231]
Event: 763.429 Thread 0x0000008c29a2d000 Exception <a 'java/lang/ClassNotFoundException'{0x0000000088a16380}: org/gradle/api/plugins/internal/DefaultBasePluginConventionCustomizer> (0x0000000088a16380) thrown at [./src/hotspot/share/classfile/systemDictionary.cpp, line 231]
Event: 769.740 Thread 0x0000008c29a2d000 Exception <a 'java/lang/NoSuchMethodError'{0x000000008a0536e0}: 'java.lang.Object java.lang.invoke.Invokers$Holder.linkToTargetMethod(java.lang.Object, java.lang.Object, java.lang.Object, java.lang.Object, java.lang.Object, java.lang.Object, java.lang.Object)'> (0x000000008a0536e0) thrown at [./src/hotspot/share/interpreter/linkResolver.cpp, line 773]
Event: 790.143 Thread 0x0000008c29a2d000 Exception <a 'sun/nio/fs/WindowsException'{0x000000008a389330}> (0x000000008a389330) thrown at [./src/hotspot/share/prims/jni.cpp, line 615]
Event: 790.143 Thread 0x0000008c29a2d000 Exception <a 'sun/nio/fs/WindowsException'{0x000000008a389900}> (0x000000008a389900) thrown at [./src/hotspot/share/prims/jni.cpp, line 615]
Event: 815.247 Thread 0x0000008c29a2d000 Exception <a 'java/lang/NullPointerException'{0x0000000089abc4b0}> (0x0000000089abc4b0) thrown at [./src/hotspot/share/interpreter/linkResolver.cpp, line 1440]
Event: 823.032 Thread 0x0000008c29a2d000 Implicit null exception at 0x0000008c18de8509 to 0x0000008c18de8bd4
Event: 824.962 Thread 0x0000008c29a2d000 Exception <a 'java/lang/NoSuchMethodError'{0x0000000088892918}: 'int java.lang.invoke.DirectMethodHandle$Holder.invokeStatic(java.lang.Object, java.lang.Object, int, java.lang.Object)'> (0x0000000088892918) thrown at [./src/hotspot/share/interpreter/linkResolver.cpp, line 773]
Event: 841.316 Thread 0x0000008c29a2d000 Exception <a 'sun/nio/fs/WindowsException'{0x000000008a720038}> (0x000000008a720038) thrown at [./src/hotspot/share/prims/jni.cpp, line 615]
Event: 841.316 Thread 0x0000008c29a2d000 Exception <a 'sun/nio/fs/WindowsException'{0x000000008a7213c0}> (0x000000008a7213c0) thrown at [./src/hotspot/share/prims/jni.cpp, line 615]
Event: 841.316 Thread 0x0000008c29a2d000 Exception <a 'sun/nio/fs/WindowsException'{0x000000008a722798}> (0x000000008a722798) thrown at [./src/hotspot/share/prims/jni.cpp, line 615]
Event: 841.316 Thread 0x0000008c29a2d000 Exception <a 'sun/nio/fs/WindowsException'{0x000000008a723b70}> (0x000000008a723b70) thrown at [./src/hotspot/share/prims/jni.cpp, line 615]
Event: 874.445 Thread 0x0000008c29a2d000 Implicit null exception at 0x0000008c18dffb8d to 0x0000008c18e0107c
Event: 1201.628 Thread 0x0000008c29a2d000 Implicit null exception at 0x0000008c18d77f73 to 0x0000008c18d780f4
Event: 1209.592 Thread 0x0000008c29a2d000 Exception <a 'java/lang/NoSuchMethodError'{0x0000000089410c00}: 'java.lang.Object java.lang.invoke.DirectMethodHandle$Holder.invokeSpecialIFC(java.lang.Object, java.lang.Object, java.lang.Object)'> (0x0000000089410c00) thrown at [./src/hotspot/share/interpreter/linkResolver.cpp, line 773]
Event: 1224.969 Thread 0x0000008c29a2d000 Exception <a 'java/lang/NoSuchMethodError'{0x00000000890ab9c0}: 'int java.lang.invoke.DirectMethodHandle$Holder.invokeStaticInit(java.lang.Object, java.lang.Object, java.lang.Object, java.lang.Object, java.lang.Object)'> (0x00000000890ab9c0) thrown at [./src/hotspot/share/interpreter/linkResolver.cpp, line 773]

Events (20 events):
Event: 1501.168 loading class org/gradle/internal/component/model/DefaultSelectedByVariantMatchingLocalConfigurationMetadata done
Event: 1501.208 Executing VM operation: RevokeBias
Event: 1501.437 Executing VM operation: RevokeBias done
Event: 1501.438 Executing VM operation: RevokeBias
Event: 1501.438 Executing VM operation: RevokeBias done
Event: 1501.438 Thread 0x0000008c31530000 Thread exited: 0x0000008c31530000
Event: 1506.525 loading class org/gradle/internal/component/model/VariantWithOverloadAttributes
Event: 1506.525 loading class org/gradle/internal/component/model/VariantWithOverloadAttributes done
Event: 1506.526 loading class org/gradle/internal/component/model/VariantResolveMetadata
Event: 1506.526 loading class org/gradle/internal/component/model/VariantResolveMetadata done
Event: 1506.526 loading class org/gradle/internal/component/model/VariantResolveMetadata$Identifier
Event: 1506.526 loading class org/gradle/internal/component/model/VariantResolveMetadata$Identifier done
Event: 1506.526 loading class org/gradle/api/internal/artifacts/ivyservice/projectmodule/ProjectArtifactSetResolver
Event: 1506.526 loading class org/gradle/api/internal/artifacts/ivyservice/projectmodule/ProjectArtifactSetResolver done
Event: 1506.527 loading class org/gradle/api/internal/artifacts/ivyservice/projectmodule/ProjectArtifactResolver$ResolvingCalculator
Event: 1506.527 loading class org/gradle/api/internal/artifacts/ivyservice/projectmodule/ProjectArtifactResolver$ResolvingCalculator done
Event: 1506.528 loading class org/gradle/api/internal/artifacts/ivyservice/resolveengine/artifact/DefaultArtifactSet$MultipleVariantArtifactSet
Event: 1506.528 loading class org/gradle/api/internal/artifacts/ivyservice/resolveengine/artifact/DefaultArtifactSet$MultipleVariantArtifactSet done
Event: 1506.776 Executing VM operation: RevokeBias
Event: 1506.776 Executing VM operation: RevokeBias done


Dynamic libraries:
0x00007ff77f020000 - 0x00007ff77f02a000 	F:\AndroidStudio\jre\bin\java.exe
0x00007ffd352b0000 - 0x00007ffd3545d000 	C:\Windows\SYSTEM32\ntdll.dll
0x00007ffd32bd0000 - 0x00007ffd32d0f000 	C:\Windows\system32\KERNEL32.DLL
0x00007ffd32500000 - 0x00007ffd32615000 	C:\Windows\system32\KERNELBASE.dll
0x00007ffd1be60000 - 0x00007ffd1be79000 	F:\AndroidStudio\jre\bin\jli.dll
0x00007ffd1b4b0000 - 0x00007ffd1b4c7000 	F:\AndroidStudio\jre\bin\VCRUNTIME140.dll
0x00007ffd27140000 - 0x00007ffd27144000 	C:\Windows\SYSTEM32\api-ms-win-crt-stdio-l1-1-0.dll
0x00007ffd27120000 - 0x00007ffd27124000 	C:\Windows\SYSTEM32\api-ms-win-crt-runtime-l1-1-0.dll
0x00007ffd270b0000 - 0x00007ffd270b3000 	C:\Windows\SYSTEM32\api-ms-win-crt-environment-l1-1-0.dll
0x00007ffd270f0000 - 0x00007ffd270f5000 	C:\Windows\SYSTEM32\api-ms-win-crt-math-l1-1-0.dll
0x00007ffd270e0000 - 0x00007ffd270e3000 	C:\Windows\SYSTEM32\api-ms-win-crt-locale-l1-1-0.dll
0x00007ffd293b0000 - 0x00007ffd293b3000 	C:\Windows\SYSTEM32\api-ms-win-crt-heap-l1-1-0.dll
0x00007ffd2e4e0000 - 0x00007ffd2e75b000 	C:\Windows\WinSxS\amd64_microsoft.windows.common-controls_6595b64144ccf1df_6.0.9600.19394_none_62486577ecb635cf\COMCTL32.dll
0x00007ffd34d10000 - 0x00007ffd34e87000 	C:\Windows\system32\USER32.dll
0x00007ffd270d0000 - 0x00007ffd270d3000 	C:\Windows\SYSTEM32\api-ms-win-crt-filesystem-l1-1-0.dll
0x00007ffd27110000 - 0x00007ffd27114000 	C:\Windows\SYSTEM32\api-ms-win-crt-string-l1-1-0.dll
0x00007ffd27130000 - 0x00007ffd27134000 	C:\Windows\SYSTEM32\api-ms-win-crt-convert-l1-1-0.dll
0x00007ffd34c60000 - 0x00007ffd34d0a000 	C:\Windows\system32\msvcrt.dll
0x00007ffd34b10000 - 0x00007ffd34c5e000 	C:\Windows\system32\GDI32.dll
0x00007ffd26fa0000 - 0x00007ffd27094000 	C:\Windows\SYSTEM32\ucrtbase.DLL
0x00007ffd34300000 - 0x00007ffd34336000 	C:\Windows\system32\IMM32.DLL
0x00007ffd32a60000 - 0x00007ffd32bb1000 	C:\Windows\system32\MSCTF.dll
0x00007ffd1ab90000 - 0x00007ffd1ac2d000 	F:\AndroidStudio\jre\bin\msvcp140.dll
0x00007ffd25050000 - 0x00007ffd25055000 	C:\Windows\SYSTEM32\api-ms-win-crt-multibyte-l1-1-0.dll
0x00007ffd27100000 - 0x00007ffd27103000 	C:\Windows\SYSTEM32\api-ms-win-crt-time-l1-1-0.dll
0x00007ffd270a0000 - 0x00007ffd270a3000 	C:\Windows\SYSTEM32\api-ms-win-crt-utility-l1-1-0.dll
0x00007ffcf4b10000 - 0x00007ffcf55e5000 	F:\AndroidStudio\jre\bin\server\jvm.dll
0x00007ffd32d20000 - 0x00007ffd32dcd000 	C:\Windows\system32\ADVAPI32.dll
0x00007ffd1b820000 - 0x00007ffd1b829000 	C:\Windows\SYSTEM32\WSOCK32.dll
0x00007ffd2c590000 - 0x00007ffd2c5b2000 	C:\Windows\SYSTEM32\WINMM.dll
0x00007ffd30a30000 - 0x00007ffd30a3a000 	C:\Windows\SYSTEM32\VERSION.dll
0x00007ffd32bc0000 - 0x00007ffd32bc7000 	C:\Windows\system32\PSAPI.DLL
0x00007ffd34970000 - 0x00007ffd349cb000 	C:\Windows\SYSTEM32\sechost.dll
0x00007ffd349d0000 - 0x00007ffd34b05000 	C:\Windows\system32\RPCRT4.dll
0x00007ffd32930000 - 0x00007ffd3298a000 	C:\Windows\system32\WS2_32.dll
0x00007ffd2c160000 - 0x00007ffd2c18a000 	C:\Windows\SYSTEM32\WINMMBASE.dll
0x00007ffd32470000 - 0x00007ffd3249e000 	C:\Windows\system32\SspiCli.dll
0x00007ffd34400000 - 0x00007ffd34409000 	C:\Windows\system32\NSI.dll
0x00007ffd32420000 - 0x00007ffd3246f000 	C:\Windows\SYSTEM32\cfgmgr32.dll
0x00007ffd31170000 - 0x00007ffd31198000 	C:\Windows\SYSTEM32\DEVOBJ.dll
0x00007ffd253b0000 - 0x00007ffd253c1000 	F:\AndroidStudio\jre\bin\verify.dll
0x00007ffd186f0000 - 0x00007ffd1887a000 	C:\Windows\SYSTEM32\DBGHELP.DLL
0x00007ffd25380000 - 0x00007ffd253a9000 	F:\AndroidStudio\jre\bin\java.dll
0x00007ffd2bf60000 - 0x00007ffd2bf6b000 	F:\AndroidStudio\jre\bin\jimage.dll
0x00007ffd24f40000 - 0x00007ffd24f58000 	F:\AndroidStudio\jre\bin\zip.dll
0x00007ffd32dd0000 - 0x00007ffd342fc000 	C:\Windows\system32\SHELL32.dll
0x00007ffd34e90000 - 0x00007ffd350a2000 	C:\Windows\SYSTEM32\combase.dll
0x00007ffd350b0000 - 0x00007ffd35104000 	C:\Windows\system32\SHLWAPI.dll
0x00007ffd2fdc0000 - 0x00007ffd2fe72000 	C:\Windows\SYSTEM32\SHCORE.dll
0x00007ffd32350000 - 0x00007ffd32365000 	C:\Windows\SYSTEM32\profapi.dll
0x00007ffd24840000 - 0x00007ffd2485a000 	F:\AndroidStudio\jre\bin\net.dll
0x00007ffd29560000 - 0x00007ffd29629000 	C:\Windows\SYSTEM32\WINHTTP.dll
0x00007ffd31b90000 - 0x00007ffd31be9000 	C:\Windows\system32\mswsock.dll
0x00007ffd24820000 - 0x00007ffd24834000 	F:\AndroidStudio\jre\bin\nio.dll
0x00007ffd1c480000 - 0x00007ffd1c4a7000 	C:\Users\Mikhail\.gradle\native\8bec1ad78214c89d9ad589b4d07fe93259594b29d510b10fafb7a158f7737e5d\windows-amd64\native-platform.dll
0x00007ffd16ee0000 - 0x00007ffd1701d000 	C:\Users\Mikhail\.gradle\native\53dbd7edfb1c66fb8903c78663c9afc45aea4f116125fa6feffd364cf09443e8\windows-amd64\native-platform-file-events.dll
0x00007ffd289e0000 - 0x00007ffd289ea000 	F:\AndroidStudio\jre\bin\management.dll
0x00007ffd27720000 - 0x00007ffd2772d000 	F:\AndroidStudio\jre\bin\management_ext.dll
0x00007ffd31bf0000 - 0x00007ffd31c10000 	C:\Windows\SYSTEM32\CRYPTSP.dll
0x00007ffd31810000 - 0x00007ffd31846000 	C:\Windows\system32\rsaenh.dll
0x00007ffd31e30000 - 0x00007ffd31e56000 	C:\Windows\SYSTEM32\bcrypt.dll
0x00007ffd31920000 - 0x00007ffd31941000 	C:\Windows\SYSTEM32\USERENV.dll
0x00007ffd32150000 - 0x00007ffd321b3000 	C:\Windows\system32\bcryptprimitives.dll
0x00007ffd321c0000 - 0x00007ffd321cb000 	C:\Windows\SYSTEM32\CRYPTBASE.dll
0x00007ffd2e3c0000 - 0x00007ffd2e3ea000 	C:\Windows\SYSTEM32\IPHLPAPI.DLL
0x00007ffd2ead0000 - 0x00007ffd2eada000 	C:\Windows\SYSTEM32\WINNSI.DLL
0x00007ffd2bc90000 - 0x00007ffd2bca6000 	C:\Windows\SYSTEM32\dhcpcsvc6.DLL
0x00007ffd2c2a0000 - 0x00007ffd2c2ba000 	C:\Windows\SYSTEM32\dhcpcsvc.DLL

dbghelp: loaded successfully - version: 4.0.5 - missing functions: none
symbol engine: initialized successfully - sym options: 0x614 - pdb path: .;F:\AndroidStudio\jre\bin;C:\Windows\SYSTEM32;C:\Windows\WinSxS\amd64_microsoft.windows.common-controls_6595b64144ccf1df_6.0.9600.19394_none_62486577ecb635cf;F:\AndroidStudio\jre\bin\server;C:\Users\Mikhail\.gradle\native\8bec1ad78214c89d9ad589b4d07fe93259594b29d510b10fafb7a158f7737e5d\windows-amd64;C:\Users\Mikhail\.gradle\native\53dbd7edfb1c66fb8903c78663c9afc45aea4f116125fa6feffd364cf09443e8\windows-amd64

VM Arguments:
jvm_args: --add-opens=java.base/java.util=ALL-UNNAMED --add-opens=java.base/java.lang=ALL-UNNAMED --add-opens=java.base/java.lang.invoke=ALL-UNNAMED --add-opens=java.base/java.util=ALL-UNNAMED --add-opens=java.prefs/java.util.prefs=ALL-UNNAMED --add-opens=java.prefs/java.util.prefs=ALL-UNNAMED --add-opens=java.base/java.nio.charset=ALL-UNNAMED --add-opens=java.base/java.net=ALL-UNNAMED --add-opens=java.base/java.util.concurrent.atomic=ALL-UNNAMED -Xmx2048m -Dfile.encoding=UTF-8 -Duser.country=RU -Duser.language=ru -Duser.variant 
java_command: org.gradle.launcher.daemon.bootstrap.GradleDaemon 7.0.2
java_class_path (initial): C:\Users\Mikhail\.gradle\wrapper\dists\gradle-7.0.2-bin\857tjihv64xamwrf0h14cai3r\gradle-7.0.2\lib\gradle-launcher-7.0.2.jar
Launcher Type: SUN_STANDARD

[Global flags]
     intx CICompilerCount                          = 3                                         {product} {ergonomic}
     uint ConcGCThreads                            = 1                                         {product} {ergonomic}
     uint G1ConcRefinementThreads                  = 4                                         {product} {ergonomic}
   size_t G1HeapRegionSize                         = 1048576                                   {product} {ergonomic}
    uintx GCDrainStackTargetSize                   = 64                                        {product} {ergonomic}
   size_t InitialHeapSize                          = 67108864                                  {product} {ergonomic}
   size_t MarkStackSize                            = 4194304                                   {product} {ergonomic}
   size_t MaxHeapSize                              = 2147483648                                {product} {command line}
   size_t MaxNewSize                               = 1287651328                                {product} {ergonomic}
   size_t MinHeapDeltaBytes                        = 1048576                                   {product} {ergonomic}
    uintx NonNMethodCodeHeapSize                   = 5830732                                {pd product} {ergonomic}
    uintx NonProfiledCodeHeapSize                  = 122913754                              {pd product} {ergonomic}
    uintx ProfiledCodeHeapSize                     = 122913754                              {pd product} {ergonomic}
    uintx ReservedCodeCacheSize                    = 251658240                              {pd product} {ergonomic}
     bool SegmentedCodeCache                       = true                                      {product} {ergonomic}
     bool UseCompressedClassPointers               = true                                 {lp64_product} {ergonomic}
     bool UseCompressedOops                        = true                                 {lp64_product} {ergonomic}
     bool UseG1GC                                  = true                                      {product} {ergonomic}
     bool UseLargePagesIndividualAllocation        = false                                  {pd product} {ergonomic}

Logging:
Log output configuration:
 #0: stdout all=warning uptime,level,tags
 #1: stderr all=off uptime,level,tags

Environment Variables:
PATH=C:\Program Files\Common Files\Oracle\Java\javapath;C:\Program Files (x86)\Common Files\Intel\Shared Libraries\redist\intel64\compiler;C:\Program Files (x86)\Intel\iCLS Client\;C:\Program Files\Intel\iCLS Client\;C:\Windows\system32;C:\Windows;C:\Windows\System32\Wbem;C:\Windows\System32\WindowsPowerShell\v1.0\;C:\Program Files (x86)\ATI Technologies\ATI.ACE\Core-Static;C:\Program Files\Lenovo\Bluetooth Software\;C:\Program Files\Lenovo\Bluetooth Software\syswow64;C:\Program Files\Intel\Intel(R) Management Engine Components\DAL;C:\Program Files\Intel\Intel(R) Management Engine Components\IPT;C:\Program Files (x86)\Intel\Intel(R) Management Engine Components\DAL;C:\Program Files (x86)\Intel\Intel(R) Management Engine Components\IPT;C:\Program Files\Microsoft SQL Server\130\Tools\Binn\;C:\Program Files\Microsoft SQL Server\150\Tools\Binn\;C:\Program Files\Microsoft SQL Server\Client SDK\ODBC\170\Tools\Binn\;C:\Program Files\dotnet\;C:\Program Files\Git\cmd;C:\PHP;C:\Users\Mikhail\AppData\Local\Programs\Python\Python39\Scripts\;C:\Users\Mikhail\.dotnet\tools;F:\heroku\bin
USERNAME=Mikhail
OS=Windows_NT
PROCESSOR_IDENTIFIER=Intel64 Family 6 Model 58 Stepping 9, GenuineIntel



---------------  S Y S T E M  ---------------

OS: Windows 8.1 , 64 bit Build 9600 (6.3.9600.20369)
OS uptime: 0 days 12:28 hours

CPU:total 4 (initial active 4) (2 cores per cpu, 2 threads per core) family 6 model 58 stepping 9 microcode 0x1b, cmov, cx8, fxsr, mmx, sse, sse2, sse3, ssse3, sse4.1, sse4.2, popcnt, avx, clmul, erms, ht, tsc, tscinvbit, tscinv

Memory: 4k page, system-wide physical 3996M (713M free)
TotalPageFile size 6044M (AvailPageFile size 8M)
current process WorkingSet (physical memory assigned to process): 323M, peak: 324M
current process commit charge ("private bytes"): 440M, peak: 442M

vm_info: OpenJDK 64-Bit Server VM (11.0.11+9-b60-7590822) for windows-amd64 JRE (11.0.11+9-b60-7590822), built on Jul 29 2021 21:43:44 by "builder" with MS VC++ 14.0 (VS2015)

END.
