#
# There is insufficient memory for the Java Runtime Environment to continue.
# Native memory allocation (mmap) failed to map 318767104 bytes for Failed to commit area from 0x000000008f500000 to 0x00000000a2500000 of length 318767104.
# Possible reasons:
#   The system is out of physical RAM or swap space
#   The process is running with CompressedOops enabled, and the Java Heap may be blocking the growth of the native heap
# Possible solutions:
#   Reduce memory load on the system
#   Increase physical memory or swap space
#   Check if swap backing store is full
#   Decrease Java heap size (-Xmx/-Xms)
#   Decrease number of Java threads
#   Decrease Java thread stack sizes (-Xss)
#   Set larger code cache with -XX:ReservedCodeCacheSize=
#   JVM is running with Unscaled Compressed Oops mode in which the Java heap is
#     placed in the first 4GB address space. The Java Heap base address is the
#     maximum limit for the native heap growth. Please use -XX:HeapBaseMinAddress
#     to set the Java Heap base and to place the Java Heap above 4GB virtual address.
# This output file may be truncated or incomplete.
#
#  Out of Memory Error (./src/hotspot/os/windows/os_windows.cpp:3301), pid=6220, tid=5720
#
# JRE version: OpenJDK Runtime Environment (11.0.10) (build 11.0.10+0-b96-7249189)
# Java VM: OpenJDK 64-Bit Server VM (11.0.10+0-b96-7249189, mixed mode, tiered, compressed oops, g1 gc, windows-amd64)
# No core dump will be written. Minidumps are not enabled by default on client versions of Windows
#

---------------  S U M M A R Y ------------

Command Line: --add-opens=java.base/java.util=ALL-UNNAMED --add-opens=java.base/java.lang=ALL-UNNAMED --add-opens=java.base/java.lang.invoke=ALL-UNNAMED --add-opens=java.base/java.util=ALL-UNNAMED --add-opens=java.prefs/java.util.prefs=ALL-UNNAMED --add-opens=java.prefs/java.util.prefs=ALL-UNNAMED --add-opens=java.base/java.nio.charset=ALL-UNNAMED --add-opens=java.base/java.net=ALL-UNNAMED --add-opens=java.base/java.util.concurrent.atomic=ALL-UNNAMED -Xmx2048m -Dfile.encoding=UTF-8 -Duser.country=RU -Duser.language=ru -Duser.variant org.gradle.launcher.daemon.bootstrap.GradleDaemon 7.0.2

Host: Intel(R) Core(TM) i3-3110M CPU @ 2.40GHz, 4 cores, 3G,  Windows 8.1 , 64 bit Build 9600 (6.3.9600.20237)
Time: Mon Apr 11 22:20:18 2022 Oeieyiaey (eaoi) elapsed time: 6404.472702 seconds (0d 1h 46m 44s)

---------------  T H R E A D  ---------------

Current thread (0x000000446f7ca800):  VMThread "VM Thread" [stack: 0x0000004470210000,0x0000004470310000] [id=5720]

Stack: [0x0000004470210000,0x0000004470310000]
[error occurred during error reporting (printing stack bounds), id 0xc0000005, EXCEPTION_ACCESS_VIOLATION (0xc0000005) at pc=0x00000044593d0f2d]

Native frames: (J=compiled Java code, j=interpreted, Vv=VM code, C=native code)
V  [jvm.dll+0x5ecfaa]
V  [jvm.dll+0x722bd5]
V  [jvm.dll+0x72412d]
V  [jvm.dll+0x724745]
V  [jvm.dll+0x7246fb]
V  [jvm.dll+0x5ec348]
V  [jvm.dll+0x5ecad8]
C  [ntdll.dll+0x92f3d]
C  [ntdll.dll+0x54557]
C  [ntdll.dll+0x920ca]
C  0x00000044593d0f2d

VM_Operation (0x0000004400ff9ad0): G1CollectForAllocation, mode: safepoint, requested by thread 0x0000004474ede800


---------------  P R O C E S S  ---------------

Threads class SMR info:
_java_thread_list=0x0000004478b457d0, length=44, elements={
0x0000004455918800, 0x000000446f7d3800, 0x000000446f7dd000, 0x000000446f7ee800,
0x000000446f7ef800, 0x000000446f7f1000, 0x000000446f7f2000, 0x000000446f7fa800,
0x000000446f803800, 0x0000004470783000, 0x0000004473a7b800, 0x0000004473a7d000,
0x0000004473a7a800, 0x0000004471287000, 0x0000004471289800, 0x0000004471287800,
0x000000447128c800, 0x000000447128b000, 0x0000004471290800, 0x000000447128e000,
0x0000004471292800, 0x0000004471294000, 0x0000004471294800, 0x0000004474edf800,
0x0000004474ee0800, 0x0000004473a7f800, 0x0000004474ee3000, 0x0000004474edc800,
0x0000004474eda800, 0x0000004474edb800, 0x0000004474ede800, 0x0000004474edd000,
0x0000004474ee2000, 0x0000004474ee3800, 0x0000004474ee1000, 0x0000004474ee6000,
0x0000004474ee4800, 0x0000004474ee7800, 0x0000004474ee5800, 0x0000004474ee7000,
0x0000004474ee8800, 0x0000004474ee9800, 0x000000447128a000, 0x0000004471288800
}

Java Threads: ( => current thread )
  0x0000004455918800 JavaThread "main" [_thread_blocked, id=4584, stack(0x0000004454fc0000,0x00000044550c0000)]
  0x000000446f7d3800 JavaThread "Reference Handler" daemon [_thread_blocked, id=6228, stack(0x0000004470310000,0x0000004470410000)]
  0x000000446f7dd000 JavaThread "Finalizer" daemon [_thread_blocked, id=3076, stack(0x0000004470410000,0x0000004470510000)]
  0x000000446f7ee800 JavaThread "Signal Dispatcher" daemon [_thread_blocked, id=5560, stack(0x00000044709f0000,0x0000004470af0000)]
  0x000000446f7ef800 JavaThread "Attach Listener" daemon [_thread_blocked, id=3336, stack(0x0000004470af0000,0x0000004470bf0000)]
  0x000000446f7f1000 JavaThread "Service Thread" daemon [_thread_blocked, id=3960, stack(0x0000004470bf0000,0x0000004470cf0000)]
  0x000000446f7f2000 JavaThread "C2 CompilerThread0" daemon [_thread_blocked, id=6804, stack(0x0000004470cf0000,0x0000004470df0000)]
  0x000000446f7fa800 JavaThread "C1 CompilerThread0" daemon [_thread_blocked, id=7052, stack(0x0000004470df0000,0x0000004470ef0000)]
  0x000000446f803800 JavaThread "Sweeper thread" daemon [_thread_blocked, id=6052, stack(0x0000004470ef0000,0x0000004470ff0000)]
  0x0000004470783000 JavaThread "Common-Cleaner" daemon [_thread_blocked, id=5156, stack(0x0000004470ff0000,0x00000044710f0000)]
  0x0000004473a7b800 JavaThread "Daemon health stats" [_thread_blocked, id=2292, stack(0x00000044719f0000,0x0000004471af0000)]
  0x0000004473a7d000 JavaThread "Incoming local TCP Connector on port 64312" [_thread_in_native, id=5928, stack(0x0000004474190000,0x0000004474290000)]
  0x0000004473a7a800 JavaThread "Daemon periodic checks" [_thread_blocked, id=4940, stack(0x00000044756d0000,0x00000044757d0000)]
  0x0000004471287000 JavaThread "Cache worker for file hash cache (C:\Users\Mikhail\.gradle\caches\7.0.2\fileHashes)" [_thread_blocked, id=3920, stack(0x00000044765d0000,0x00000044766d0000)]
  0x0000004471289800 JavaThread "File lock request listener" [_thread_in_native, id=4692, stack(0x00000044766d0000,0x00000044767d0000)]
  0x0000004471287800 JavaThread "Cache worker for journal cache (C:\Users\Mikhail\.gradle\caches\journal-1)" [_thread_blocked, id=2244, stack(0x00000044769d0000,0x0000004476ad0000)]
  0x000000447128c800 JavaThread "File watcher server" daemon [_thread_blocked, id=5840, stack(0x0000004476dd0000,0x0000004476ed0000)]
  0x000000447128b000 JavaThread "File watcher consumer" daemon [_thread_blocked, id=5892, stack(0x0000004476ed0000,0x0000004476fd0000)]
  0x0000004471290800 JavaThread "Cache worker for execution history cache (C:\Users\Mikhail\.gradle\caches\7.0.2\executionHistory)" [_thread_blocked, id=3084, stack(0x00000044779f0000,0x0000004477af0000)]
  0x000000447128e000 JavaThread "jar transforms" [_thread_blocked, id=1680, stack(0x00000044776d0000,0x00000044777d0000)]
  0x0000004471292800 JavaThread "jar transforms Thread 2" [_thread_blocked, id=5388, stack(0x0000004477ff0000,0x00000044780f0000)]
  0x0000004471294000 JavaThread "Cache worker for file content cache (C:\Users\Mikhail\.gradle\caches\7.0.2\fileContent)" [_thread_blocked, id=4836, stack(0x0000004478260000,0x0000004478360000)]
  0x0000004471294800 JavaThread "jar transforms Thread 3" [_thread_blocked, id=7028, stack(0x0000004478590000,0x0000004478690000)]
  0x0000004474edf800 JavaThread "jar transforms Thread 4" [_thread_blocked, id=2032, stack(0x000000447b460000,0x000000447b560000)]
  0x0000004474ee0800 JavaThread "Memory manager" [_thread_blocked, id=3804, stack(0x000000447c030000,0x000000447c130000)]
  0x0000004473a7f800 JavaThread "Cache worker for Java compile cache (C:\Users\Mikhail\.gradle\caches\7.0.2\javaCompile)" [_thread_blocked, id=4544, stack(0x0000004476cd0000,0x0000004476dd0000)]
  0x0000004474ee3000 JavaThread "ForkJoinPool.commonPool-worker-3" daemon [_thread_blocked, id=4840, stack(0x0000004402b70000,0x0000004402c70000)]
  0x0000004474edc800 JavaThread "Daemon Thread 4" [_thread_blocked, id=5920, stack(0x0000004400200000,0x0000004400300000)]
  0x0000004474eda800 JavaThread "Handler for socket connection from /127.0.0.1:64312 to /127.0.0.1:61086" [_thread_in_native, id=1356, stack(0x0000004400300000,0x0000004400400000)]
  0x0000004474edb800 JavaThread "Cancel handler" [_thread_blocked, id=1044, stack(0x0000004400400000,0x0000004400500000)]
  0x0000004474ede800 JavaThread "Daemon worker Thread 4" [_thread_blocked, id=4020, stack(0x0000004400f00000,0x0000004401000000)]
  0x0000004474edd000 JavaThread "Asynchronous log dispatcher for DefaultDaemonConnection: socket connection from /127.0.0.1:64312 to /127.0.0.1:61086" [_thread_blocked, id=6648, stack(0x0000004401000000,0x0000004401100000)]
  0x0000004474ee2000 JavaThread "Stdin handler" [_thread_blocked, id=3292, stack(0x0000004401100000,0x0000004401200000)]
  0x0000004474ee3800 JavaThread "Daemon client event forwarder" [_thread_blocked, id=5464, stack(0x0000004401200000,0x0000004401300000)]
  0x0000004474ee1000 JavaThread "Cache worker for file hash cache (C:\Users\Mikhail\Desktop\Java projects\TestFirstLibrary\.gradle\7.0.2\fileHashes)" [_thread_blocked, id=2724, stack(0x0000004401300000,0x0000004401400000)]
  0x0000004474ee6000 JavaThread "Cache worker for checksums cache (C:\Users\Mikhail\Desktop\Java projects\TestFirstLibrary\.gradle\checksums)" [_thread_blocked, id=1216, stack(0x0000004401400000,0x0000004401500000)]
  0x0000004474ee4800 JavaThread "Cache worker for cache directory md-supplier (C:\Users\Mikhail\.gradle\caches\7.0.2\md-supplier)" [_thread_blocked, id=2300, stack(0x0000004401500000,0x0000004401600000)]
  0x0000004474ee7800 JavaThread "Cache worker for cache directory md-rule (C:\Users\Mikhail\.gradle\caches\7.0.2\md-rule)" [_thread_blocked, id=6232, stack(0x0000004401600000,0x0000004401700000)]
  0x0000004474ee5800 JavaThread "Cache worker for dependencies-accessors (C:\Users\Mikhail\Desktop\Java projects\TestFirstLibrary\.gradle\7.0.2\dependencies-accessors)" [_thread_blocked, id=6484, stack(0x0000004401700000,0x0000004401800000)]
  0x0000004474ee7000 JavaThread "Cache worker for Build Output Cleanup Cache (C:\Users\Mikhail\Desktop\Java projects\TestFirstLibrary\.gradle\buildOutputCleanup)" [_thread_blocked, id=6676, stack(0x0000004401800000,0x0000004401900000)]
  0x0000004474ee8800 JavaThread "Build operations" [_thread_blocked, id=5364, stack(0x0000004401900000,0x0000004401a00000)]
  0x0000004474ee9800 JavaThread "Build operations Thread 2" [_thread_blocked, id=1560, stack(0x0000004401a00000,0x0000004401b00000)]
  0x000000447128a000 JavaThread "Build operations Thread 3" [_thread_blocked, id=7112, stack(0x0000004401b00000,0x0000004401c00000)]
  0x0000004471288800 JavaThread "Build operations Thread 4" [_thread_blocked, id=6636, stack(0x0000004401c00000,0x0000004401d00000)]

Other Threads:
=>0x000000446f7ca800 VMThread "VM Thread" [stack: 0x0000004470210000,0x0000004470310000] [id=5720]
  0x00000044707b0800 WatcherThread [stack: 0x00000044710f0000,0x00000044711f0000] [id=7016]
  0x0000004455931000 GCTaskThread "GC Thread#0" [stack: 0x00000044552d0000,0x00000044553d0000] [id=3136]
  0x0000004471954800 GCTaskThread "GC Thread#1" [stack: 0x0000004471af0000,0x0000004471bf0000] [id=1220]
  0x0000004471f95800 GCTaskThread "GC Thread#2" [stack: 0x00000044763d0000,0x00000044764d0000] [id=7036]
  0x00000044727d2000 GCTaskThread "GC Thread#3" [stack: 0x00000044764d0000,0x00000044765d0000] [id=2880]
  0x0000004455963000 ConcurrentGCThread "G1 Main Marker" [stack: 0x000000446cfd0000,0x000000446d0d0000] [id=6980]
  0x0000004455964800 ConcurrentGCThread "G1 Conc#0" [stack: 0x000000446d0d0000,0x000000446d1d0000] [id=3984]
  0x00000044559b2000 ConcurrentGCThread "G1 Refine#0" [stack: 0x000000446f810000,0x000000446f910000] [id=3932]
  0x00000044751ef000 ConcurrentGCThread "G1 Refine#1" [stack: 0x0000004402570000,0x0000004402670000] [id=3148]
  0x00000044751ed800 ConcurrentGCThread "G1 Refine#2" [stack: 0x0000004402670000,0x0000004402770000] [id=5412]
  0x000000446f620800 ConcurrentGCThread "G1 Young RemSet Sampling" [stack: 0x000000446f910000,0x000000446fa10000] [id=328]

Threads with active compile tasks:
C2 CompilerThread06406648 16570       4       org.gradle.api.internal.artifacts.ivyservice.resolveengine.result.ResolvedVariantResultSerializer::read (132 bytes)
C1 CompilerThread06406648 16573       3       org.gradle.api.DefaultTask::getOutputs (5 bytes)

VM state:at safepoint (normal execution)

VM Mutex/Monitor currently owned by a thread:  ([mutex/lock_event])
[0x0000004455916410] Threads_lock - owner thread: 0x000000446f7ca800
[0x00000044559174f0] Heap_lock - owner thread: 0x0000004474ede800

Heap address: 0x0000000080000000, size: 2048 MB, Compressed Oops mode: 32-bit
Narrow klass base: 0x0000000000000000, Narrow klass shift: 3
Compressed class space size: 1073741824 Address: 0x0000000100000000

Heap:
 garbage-first heap   total 562176K, used 90436K [0x0000000080000000, 0x0000000100000000)
  region size 1024K, 2 young (2048K), 2 survivors (2048K)
 Metaspace       used 111286K, capacity 114305K, committed 114688K, reserved 1148928K
  class space    used 14365K, capacity 15495K, committed 15616K, reserved 1048576K
Heap Regions: E=young(eden), S=young(survivor), O=old, HS=humongous(starts), HC=humongous(continues), CS=collection set, F=free, A=archive, TAMS=top-at-mark-start (previous, next)
|   0|0x0000000080000000, 0x0000000080100000, 0x0000000080100000|100%| O|  |TAMS 0x0000000080100000, 0x0000000080100000| Untracked 
|   1|0x0000000080100000, 0x0000000080200000, 0x0000000080200000|100%| O|  |TAMS 0x0000000080200000, 0x0000000080200000| Untracked 
|   2|0x0000000080200000, 0x0000000080300000, 0x0000000080300000|100%| O|  |TAMS 0x0000000080300000, 0x0000000080300000| Untracked 
|   3|0x0000000080300000, 0x0000000080400000, 0x0000000080400000|100%|HS|  |TAMS 0x0000000080400000, 0x0000000080400000| Complete 
|   4|0x0000000080400000, 0x0000000080500000, 0x0000000080500000|100%|HC|  |TAMS 0x0000000080500000, 0x0000000080500000| Complete 
|   5|0x0000000080500000, 0x0000000080600000, 0x0000000080600000|100%|HC|  |TAMS 0x0000000080600000, 0x0000000080600000| Complete 
|   6|0x0000000080600000, 0x0000000080700000, 0x0000000080700000|100%| O|  |TAMS 0x0000000080700000, 0x0000000080700000| Untracked 
|   7|0x0000000080700000, 0x0000000080800000, 0x0000000080800000|100%| O|  |TAMS 0x0000000080800000, 0x0000000080800000| Untracked 
|   8|0x0000000080800000, 0x0000000080900000, 0x0000000080900000|100%| O|  |TAMS 0x0000000080900000, 0x0000000080900000| Untracked 
|   9|0x0000000080900000, 0x0000000080a00000, 0x0000000080a00000|100%| O|  |TAMS 0x0000000080a00000, 0x0000000080a00000| Untracked 
|  10|0x0000000080a00000, 0x0000000080b00000, 0x0000000080b00000|100%| O|  |TAMS 0x0000000080b00000, 0x0000000080b00000| Untracked 
|  11|0x0000000080b00000, 0x0000000080c00000, 0x0000000080c00000|100%| O|  |TAMS 0x0000000080c00000, 0x0000000080c00000| Untracked 
|  12|0x0000000080c00000, 0x0000000080d00000, 0x0000000080d00000|100%| O|  |TAMS 0x0000000080c00000, 0x0000000080d00000| Untracked 
|  13|0x0000000080d00000, 0x0000000080e00000, 0x0000000080e00000|100%| O|  |TAMS 0x0000000080e00000, 0x0000000080e00000| Untracked 
|  14|0x0000000080e00000, 0x0000000080f00000, 0x0000000080f00000|100%| O|  |TAMS 0x0000000080f00000, 0x0000000080f00000| Untracked 
|  15|0x0000000080f00000, 0x0000000081000000, 0x0000000081000000|100%| O|  |TAMS 0x0000000081000000, 0x0000000081000000| Untracked 
|  16|0x0000000081000000, 0x0000000081100000, 0x0000000081100000|100%| O|  |TAMS 0x0000000081100000, 0x0000000081100000| Untracked 
|  17|0x0000000081100000, 0x0000000081200000, 0x0000000081200000|100%| O|  |TAMS 0x0000000081200000, 0x0000000081200000| Untracked 
|  18|0x0000000081200000, 0x0000000081300000, 0x0000000081300000|100%| O|  |TAMS 0x0000000081300000, 0x0000000081300000| Untracked 
|  19|0x0000000081300000, 0x0000000081400000, 0x0000000081400000|100%| O|  |TAMS 0x0000000081400000, 0x0000000081400000| Untracked 
|  20|0x0000000081400000, 0x0000000081500000, 0x0000000081500000|100%| O|  |TAMS 0x0000000081500000, 0x0000000081500000| Untracked 
|  21|0x0000000081500000, 0x0000000081600000, 0x0000000081600000|100%| O|  |TAMS 0x0000000081600000, 0x0000000081600000| Untracked 
|  22|0x0000000081600000, 0x0000000081700000, 0x0000000081700000|100%| O|  |TAMS 0x0000000081700000, 0x0000000081700000| Untracked 
|  23|0x0000000081700000, 0x0000000081800000, 0x0000000081800000|100%| O|  |TAMS 0x0000000081800000, 0x0000000081800000| Untracked 
|  24|0x0000000081800000, 0x0000000081900000, 0x0000000081900000|100%| O|  |TAMS 0x0000000081900000, 0x0000000081900000| Untracked 
|  25|0x0000000081900000, 0x0000000081a00000, 0x0000000081a00000|100%| O|  |TAMS 0x0000000081a00000, 0x0000000081a00000| Untracked 
|  26|0x0000000081a00000, 0x0000000081b00000, 0x0000000081b00000|100%| O|  |TAMS 0x0000000081b00000, 0x0000000081b00000| Untracked 
|  27|0x0000000081b00000, 0x0000000081c00000, 0x0000000081c00000|100%| O|  |TAMS 0x0000000081c00000, 0x0000000081c00000| Untracked 
|  28|0x0000000081c00000, 0x0000000081d00000, 0x0000000081d00000|100%|HS|  |TAMS 0x0000000081d00000, 0x0000000081d00000| Complete 
|  29|0x0000000081d00000, 0x0000000081e00000, 0x0000000081e00000|100%| O|  |TAMS 0x0000000081e00000, 0x0000000081e00000| Untracked 
|  30|0x0000000081e00000, 0x0000000081f00000, 0x0000000081f00000|100%|HS|  |TAMS 0x0000000081f00000, 0x0000000081f00000| Complete 
|  31|0x0000000081f00000, 0x0000000082000000, 0x0000000082000000|100%| O|  |TAMS 0x0000000081f00000, 0x0000000082000000| Untracked 
|  32|0x0000000082000000, 0x0000000082100000, 0x0000000082100000|100%| O|  |TAMS 0x0000000082100000, 0x0000000082100000| Untracked 
|  33|0x0000000082100000, 0x0000000082200000, 0x0000000082200000|100%| O|  |TAMS 0x0000000082200000, 0x0000000082200000| Untracked 
|  34|0x0000000082200000, 0x0000000082300000, 0x0000000082300000|100%| O|  |TAMS 0x0000000082300000, 0x0000000082300000| Untracked 
|  35|0x0000000082300000, 0x0000000082400000, 0x0000000082400000|100%|HS|  |TAMS 0x0000000082400000, 0x0000000082400000| Complete 
|  36|0x0000000082400000, 0x0000000082500000, 0x0000000082500000|100%|HC|  |TAMS 0x0000000082500000, 0x0000000082500000| Complete 
|  37|0x0000000082500000, 0x0000000082600000, 0x0000000082600000|100%| O|  |TAMS 0x0000000082600000, 0x0000000082600000| Untracked 
|  38|0x0000000082600000, 0x0000000082700000, 0x0000000082700000|100%| O|  |TAMS 0x0000000082700000, 0x0000000082700000| Untracked 
|  39|0x0000000082700000, 0x0000000082800000, 0x0000000082800000|100%| O|  |TAMS 0x0000000082800000, 0x0000000082800000| Untracked 
|  40|0x0000000082800000, 0x0000000082900000, 0x0000000082900000|100%| O|  |TAMS 0x0000000082900000, 0x0000000082900000| Untracked 
|  41|0x0000000082900000, 0x0000000082a00000, 0x0000000082a00000|100%| O|  |TAMS 0x0000000082a00000, 0x0000000082a00000| Untracked 
|  42|0x0000000082a00000, 0x0000000082b00000, 0x0000000082b00000|100%| O|  |TAMS 0x0000000082b00000, 0x0000000082b00000| Untracked 
|  43|0x0000000082b00000, 0x0000000082c00000, 0x0000000082c00000|100%| O|  |TAMS 0x0000000082b00000, 0x0000000082c00000| Untracked 
|  44|0x0000000082c00000, 0x0000000082d00000, 0x0000000082d00000|100%| O|  |TAMS 0x0000000082d00000, 0x0000000082d00000| Untracked 
|  45|0x0000000082d00000, 0x0000000082e00000, 0x0000000082e00000|100%| O|  |TAMS 0x0000000082e00000, 0x0000000082e00000| Untracked 
|  46|0x0000000082e00000, 0x0000000082f00000, 0x0000000082f00000|100%| O|  |TAMS 0x0000000082e00000, 0x0000000082f00000| Untracked 
|  47|0x0000000082f00000, 0x0000000083000000, 0x0000000083000000|100%| O|  |TAMS 0x0000000083000000, 0x0000000083000000| Untracked 
|  48|0x0000000083000000, 0x0000000083100000, 0x0000000083100000|100%| O|  |TAMS 0x0000000083100000, 0x0000000083100000| Untracked 
|  49|0x0000000083100000, 0x0000000083151200, 0x0000000083200000| 31%| O|  |TAMS 0x0000000083100000, 0x0000000083151200| Untracked 
|  50|0x0000000083200000, 0x0000000083300000, 0x0000000083300000|100%| O|  |TAMS 0x0000000083300000, 0x0000000083300000| Untracked 
|  51|0x0000000083300000, 0x0000000083400000, 0x0000000083400000|100%| O|  |TAMS 0x0000000083400000, 0x0000000083400000| Untracked 
|  52|0x0000000083400000, 0x0000000083500000, 0x0000000083500000|100%| O|  |TAMS 0x0000000083500000, 0x0000000083500000| Untracked 
|  53|0x0000000083500000, 0x0000000083600000, 0x0000000083600000|100%| O|  |TAMS 0x0000000083600000, 0x0000000083600000| Untracked 
|  54|0x0000000083600000, 0x0000000083700000, 0x0000000083700000|100%| O|  |TAMS 0x0000000083700000, 0x0000000083700000| Untracked 
|  55|0x0000000083700000, 0x0000000083800000, 0x0000000083800000|100%| O|  |TAMS 0x0000000083800000, 0x0000000083800000| Untracked 
|  56|0x0000000083800000, 0x0000000083900000, 0x0000000083900000|100%| O|  |TAMS 0x0000000083900000, 0x0000000083900000| Untracked 
|  57|0x0000000083900000, 0x0000000083a00000, 0x0000000083a00000|100%| O|  |TAMS 0x0000000083900000, 0x0000000083a00000| Untracked 
|  58|0x0000000083a00000, 0x0000000083b00000, 0x0000000083b00000|100%| O|  |TAMS 0x0000000083b00000, 0x0000000083b00000| Untracked 
|  59|0x0000000083b00000, 0x0000000083c00000, 0x0000000083c00000|100%| O|  |TAMS 0x0000000083c00000, 0x0000000083c00000| Untracked 
|  60|0x0000000083c00000, 0x0000000083d00000, 0x0000000083d00000|100%| O|  |TAMS 0x0000000083d00000, 0x0000000083d00000| Untracked 
|  61|0x0000000083d00000, 0x0000000083e00000, 0x0000000083e00000|100%| O|  |TAMS 0x0000000083e00000, 0x0000000083e00000| Untracked 
|  62|0x0000000083e00000, 0x0000000083f00000, 0x0000000083f00000|100%| O|  |TAMS 0x0000000083f00000, 0x0000000083f00000| Untracked 
|  63|0x0000000083f00000, 0x0000000084000000, 0x0000000084000000|100%| O|  |TAMS 0x0000000084000000, 0x0000000084000000| Untracked 
|  64|0x0000000084000000, 0x0000000084100000, 0x0000000084100000|100%| O|  |TAMS 0x0000000084100000, 0x0000000084100000| Untracked 
|  65|0x0000000084100000, 0x0000000084200000, 0x0000000084200000|100%| O|  |TAMS 0x0000000084200000, 0x0000000084200000| Untracked 
|  66|0x0000000084200000, 0x0000000084300000, 0x0000000084300000|100%| O|  |TAMS 0x0000000084300000, 0x0000000084300000| Untracked 
|  67|0x0000000084300000, 0x0000000084400000, 0x0000000084400000|100%| O|  |TAMS 0x0000000084300000, 0x0000000084400000| Untracked 
|  68|0x0000000084400000, 0x0000000084500000, 0x0000000084500000|100%| O|  |TAMS 0x0000000084400000, 0x0000000084500000| Untracked 
|  69|0x0000000084500000, 0x0000000084500000, 0x0000000084600000|  0%| F|  |TAMS 0x0000000084500000, 0x0000000084500000| Untracked 
|  70|0x0000000084600000, 0x0000000084600000, 0x0000000084700000|  0%| F|  |TAMS 0x0000000084600000, 0x0000000084600000| Untracked 
|  71|0x0000000084700000, 0x0000000084700000, 0x0000000084800000|  0%| F|  |TAMS 0x0000000084700000, 0x0000000084700000| Untracked 
|  72|0x0000000084800000, 0x0000000084800000, 0x0000000084900000|  0%| F|  |TAMS 0x0000000084800000, 0x0000000084800000| Untracked 
|  73|0x0000000084900000, 0x0000000084900000, 0x0000000084a00000|  0%| F|  |TAMS 0x0000000084900000, 0x0000000084900000| Untracked 
|  74|0x0000000084a00000, 0x0000000084a00000, 0x0000000084b00000|  0%| F|  |TAMS 0x0000000084a00000, 0x0000000084a00000| Untracked 
|  75|0x0000000084b00000, 0x0000000084c00000, 0x0000000084c00000|100%| O|  |TAMS 0x0000000084c00000, 0x0000000084c00000| Untracked 
|  76|0x0000000084c00000, 0x0000000084d00000, 0x0000000084d00000|100%| O|  |TAMS 0x0000000084d00000, 0x0000000084d00000| Untracked 
|  77|0x0000000084d00000, 0x0000000084d00000, 0x0000000084e00000|  0%| F|  |TAMS 0x0000000084d00000, 0x0000000084d00000| Untracked 
|  78|0x0000000084e00000, 0x0000000084e00000, 0x0000000084f00000|  0%| F|  |TAMS 0x0000000084e00000, 0x0000000084e00000| Untracked 
|  79|0x0000000084f00000, 0x0000000085000000, 0x0000000085000000|100%| O|  |TAMS 0x0000000085000000, 0x0000000085000000| Untracked 
|  80|0x0000000085000000, 0x0000000085100000, 0x0000000085100000|100%| O|  |TAMS 0x0000000085100000, 0x0000000085100000| Untracked 
|  81|0x0000000085100000, 0x0000000085100000, 0x0000000085200000|  0%| F|  |TAMS 0x0000000085100000, 0x0000000085100000| Untracked 
|  82|0x0000000085200000, 0x0000000085300000, 0x0000000085300000|100%| O|  |TAMS 0x0000000085297a00, 0x0000000085300000| Untracked 
|  83|0x0000000085300000, 0x0000000085300000, 0x0000000085400000|  0%| F|  |TAMS 0x0000000085300000, 0x0000000085300000| Untracked 
|  84|0x0000000085400000, 0x0000000085400000, 0x0000000085500000|  0%| F|  |TAMS 0x0000000085400000, 0x0000000085400000| Untracked 
|  85|0x0000000085500000, 0x0000000085500000, 0x0000000085600000|  0%| F|  |TAMS 0x0000000085500000, 0x0000000085500000| Untracked 
|  86|0x0000000085600000, 0x0000000085600000, 0x0000000085700000|  0%| F|  |TAMS 0x0000000085600000, 0x0000000085600000| Untracked 
|  87|0x0000000085700000, 0x0000000085700000, 0x0000000085800000|  0%| F|  |TAMS 0x0000000085700000, 0x0000000085700000| Untracked 
|  88|0x0000000085800000, 0x0000000085800000, 0x0000000085900000|  0%| F|  |TAMS 0x0000000085800000, 0x0000000085800000| Untracked 
|  89|0x0000000085900000, 0x0000000085900000, 0x0000000085a00000|  0%| F|  |TAMS 0x0000000085900000, 0x0000000085900000| Untracked 
|  90|0x0000000085a00000, 0x0000000085b00000, 0x0000000085b00000|100%| O|  |TAMS 0x0000000085b00000, 0x0000000085b00000| Untracked 
|  91|0x0000000085b00000, 0x0000000085c00000, 0x0000000085c00000|100%| O|  |TAMS 0x0000000085c00000, 0x0000000085c00000| Untracked 
|  92|0x0000000085c00000, 0x0000000085d00000, 0x0000000085d00000|100%| O|  |TAMS 0x0000000085d00000, 0x0000000085d00000| Untracked 
|  93|0x0000000085d00000, 0x0000000085e00000, 0x0000000085e00000|100%| O|  |TAMS 0x0000000085e00000, 0x0000000085e00000| Untracked 
|  94|0x0000000085e00000, 0x0000000085f00000, 0x0000000085f00000|100%| O|  |TAMS 0x0000000085f00000, 0x0000000085f00000| Untracked 
|  95|0x0000000085f00000, 0x0000000086000000, 0x0000000086000000|100%| O|  |TAMS 0x0000000086000000, 0x0000000086000000| Untracked 
|  96|0x0000000086000000, 0x0000000086100000, 0x0000000086100000|100%|HS|  |TAMS 0x0000000086100000, 0x0000000086100000| Complete 
|  97|0x0000000086100000, 0x0000000086200000, 0x0000000086200000|100%|HC|  |TAMS 0x0000000086200000, 0x0000000086200000| Complete 
|  98|0x0000000086200000, 0x0000000086200000, 0x0000000086300000|  0%| F|  |TAMS 0x0000000086200000, 0x0000000086200000| Untracked 
|  99|0x0000000086300000, 0x0000000086300000, 0x0000000086400000|  0%| F|  |TAMS 0x0000000086300000, 0x0000000086300000| Untracked 
| 100|0x0000000086400000, 0x0000000086400000, 0x0000000086500000|  0%| F|  |TAMS 0x0000000086400000, 0x0000000086400000| Untracked 
| 101|0x0000000086500000, 0x0000000086500000, 0x0000000086600000|  0%| F|  |TAMS 0x0000000086500000, 0x0000000086500000| Untracked 
| 102|0x0000000086600000, 0x0000000086600000, 0x0000000086700000|  0%| F|  |TAMS 0x0000000086600000, 0x0000000086600000| Untracked 
| 103|0x0000000086700000, 0x0000000086800000, 0x0000000086800000|100%| O|  |TAMS 0x0000000086800000, 0x0000000086800000| Untracked 
| 104|0x0000000086800000, 0x0000000086900000, 0x0000000086900000|100%| O|  |TAMS 0x0000000086900000, 0x0000000086900000| Untracked 
| 105|0x0000000086900000, 0x0000000086a00000, 0x0000000086a00000|100%| O|  |TAMS 0x0000000086a00000, 0x0000000086a00000| Untracked 
| 106|0x0000000086a00000, 0x0000000086b00000, 0x0000000086b00000|100%| O|  |TAMS 0x0000000086b00000, 0x0000000086b00000| Untracked 
| 107|0x0000000086b00000, 0x0000000086c00000, 0x0000000086c00000|100%| O|  |TAMS 0x0000000086c00000, 0x0000000086c00000| Untracked 
| 108|0x0000000086c00000, 0x0000000086c00000, 0x0000000086d00000|  0%| F|  |TAMS 0x0000000086c00000, 0x0000000086c00000| Untracked 
| 109|0x0000000086d00000, 0x0000000086d00000, 0x0000000086e00000|  0%| F|  |TAMS 0x0000000086d00000, 0x0000000086d00000| Untracked 
| 110|0x0000000086e00000, 0x0000000086e00000, 0x0000000086f00000|  0%| F|  |TAMS 0x0000000086e00000, 0x0000000086e00000| Untracked 
| 111|0x0000000086f00000, 0x0000000086f00000, 0x0000000087000000|  0%| F|  |TAMS 0x0000000086f00000, 0x0000000086f00000| Untracked 
| 112|0x0000000087000000, 0x0000000087000000, 0x0000000087100000|  0%| F|  |TAMS 0x0000000087000000, 0x0000000087000000| Untracked 
| 113|0x0000000087100000, 0x0000000087100000, 0x0000000087200000|  0%| F|  |TAMS 0x0000000087100000, 0x0000000087100000| Untracked 
| 114|0x0000000087200000, 0x0000000087200000, 0x0000000087300000|  0%| F|  |TAMS 0x0000000087200000, 0x0000000087200000| Untracked 
| 115|0x0000000087300000, 0x0000000087300000, 0x0000000087400000|  0%| F|  |TAMS 0x0000000087300000, 0x0000000087300000| Untracked 
| 116|0x0000000087400000, 0x0000000087400000, 0x0000000087500000|  0%| F|  |TAMS 0x0000000087400000, 0x0000000087400000| Untracked 
| 117|0x0000000087500000, 0x0000000087500000, 0x0000000087600000|  0%| F|  |TAMS 0x0000000087500000, 0x0000000087500000| Untracked 
| 118|0x0000000087600000, 0x0000000087600000, 0x0000000087700000|  0%| F|  |TAMS 0x0000000087600000, 0x0000000087600000| Untracked 
| 119|0x0000000087700000, 0x0000000087700000, 0x0000000087800000|  0%| F|  |TAMS 0x0000000087700000, 0x0000000087700000| Untracked 
| 120|0x0000000087800000, 0x0000000087800000, 0x0000000087900000|  0%| F|  |TAMS 0x0000000087800000, 0x0000000087800000| Untracked 
| 121|0x0000000087900000, 0x0000000087900000, 0x0000000087a00000|  0%| F|  |TAMS 0x0000000087900000, 0x0000000087900000| Untracked 
| 122|0x0000000087a00000, 0x0000000087a00000, 0x0000000087b00000|  0%| F|  |TAMS 0x0000000087a00000, 0x0000000087a00000| Untracked 
| 123|0x0000000087b00000, 0x0000000087b00000, 0x0000000087c00000|  0%| F|  |TAMS 0x0000000087b00000, 0x0000000087b00000| Untracked 
| 124|0x0000000087c00000, 0x0000000087c00000, 0x0000000087d00000|  0%| F|  |TAMS 0x0000000087c00000, 0x0000000087c00000| Untracked 
| 125|0x0000000087d00000, 0x0000000087d00000, 0x0000000087e00000|  0%| F|  |TAMS 0x0000000087d00000, 0x0000000087d00000| Untracked 
| 126|0x0000000087e00000, 0x0000000087e00000, 0x0000000087f00000|  0%| F|  |TAMS 0x0000000087e00000, 0x0000000087e00000| Untracked 
| 127|0x0000000087f00000, 0x0000000087f00000, 0x0000000088000000|  0%| F|  |TAMS 0x0000000087f00000, 0x0000000087f00000| Untracked 
| 128|0x0000000088000000, 0x0000000088000000, 0x0000000088100000|  0%| F|  |TAMS 0x0000000088000000, 0x0000000088000000| Untracked 
| 129|0x0000000088100000, 0x0000000088100000, 0x0000000088200000|  0%| F|  |TAMS 0x0000000088100000, 0x0000000088100000| Untracked 
| 130|0x0000000088200000, 0x0000000088200000, 0x0000000088300000|  0%| F|  |TAMS 0x0000000088200000, 0x0000000088200000| Untracked 
| 131|0x0000000088300000, 0x0000000088300000, 0x0000000088400000|  0%| F|  |TAMS 0x0000000088300000, 0x0000000088300000| Untracked 
| 132|0x0000000088400000, 0x0000000088400000, 0x0000000088500000|  0%| F|  |TAMS 0x0000000088400000, 0x0000000088400000| Untracked 
| 133|0x0000000088500000, 0x0000000088500000, 0x0000000088600000|  0%| F|  |TAMS 0x0000000088500000, 0x0000000088500000| Untracked 
| 134|0x0000000088600000, 0x0000000088600000, 0x0000000088700000|  0%| F|  |TAMS 0x0000000088600000, 0x0000000088600000| Untracked 
| 135|0x0000000088700000, 0x0000000088700000, 0x0000000088800000|  0%| F|  |TAMS 0x0000000088700000, 0x0000000088700000| Untracked 
| 136|0x0000000088800000, 0x0000000088800000, 0x0000000088900000|  0%| F|  |TAMS 0x0000000088800000, 0x0000000088800000| Untracked 
| 137|0x0000000088900000, 0x0000000088900000, 0x0000000088a00000|  0%| F|  |TAMS 0x0000000088900000, 0x0000000088900000| Untracked 
| 138|0x0000000088a00000, 0x0000000088a00000, 0x0000000088b00000|  0%| F|  |TAMS 0x0000000088a00000, 0x0000000088a00000| Untracked 
| 139|0x0000000088b00000, 0x0000000088b00000, 0x0000000088c00000|  0%| F|  |TAMS 0x0000000088b00000, 0x0000000088b00000| Untracked 
| 140|0x0000000088c00000, 0x0000000088c00000, 0x0000000088d00000|  0%| F|  |TAMS 0x0000000088c00000, 0x0000000088c00000| Untracked 
| 141|0x0000000088d00000, 0x0000000088d00000, 0x0000000088e00000|  0%| F|  |TAMS 0x0000000088d00000, 0x0000000088d00000| Untracked 
| 142|0x0000000088e00000, 0x0000000088e00000, 0x0000000088f00000|  0%| F|  |TAMS 0x0000000088e00000, 0x0000000088e00000| Untracked 
| 143|0x0000000088f00000, 0x0000000088f00000, 0x0000000089000000|  0%| F|  |TAMS 0x0000000088f00000, 0x0000000088f00000| Untracked 
| 144|0x0000000089000000, 0x0000000089000000, 0x0000000089100000|  0%| F|  |TAMS 0x0000000089000000, 0x0000000089000000| Untracked 
| 145|0x0000000089100000, 0x0000000089100000, 0x0000000089200000|  0%| F|  |TAMS 0x0000000089100000, 0x0000000089100000| Untracked 
| 146|0x0000000089200000, 0x0000000089200000, 0x0000000089300000|  0%| F|  |TAMS 0x0000000089200000, 0x0000000089200000| Untracked 
| 147|0x0000000089300000, 0x0000000089300000, 0x0000000089400000|  0%| F|  |TAMS 0x0000000089300000, 0x0000000089300000| Untracked 
| 148|0x0000000089400000, 0x0000000089400000, 0x0000000089500000|  0%| F|  |TAMS 0x0000000089400000, 0x0000000089400000| Untracked 
| 149|0x0000000089500000, 0x0000000089500000, 0x0000000089600000|  0%| F|  |TAMS 0x0000000089500000, 0x0000000089500000| Untracked 
| 150|0x0000000089600000, 0x0000000089600000, 0x0000000089700000|  0%| F|  |TAMS 0x0000000089600000, 0x0000000089600000| Untracked 
| 151|0x0000000089700000, 0x0000000089700000, 0x0000000089800000|  0%| F|  |TAMS 0x0000000089700000, 0x0000000089700000| Untracked 
| 152|0x0000000089800000, 0x0000000089800000, 0x0000000089900000|  0%| F|  |TAMS 0x0000000089800000, 0x0000000089800000| Untracked 
| 153|0x0000000089900000, 0x0000000089900000, 0x0000000089a00000|  0%| F|  |TAMS 0x0000000089900000, 0x0000000089900000| Untracked 
| 154|0x0000000089a00000, 0x0000000089a00000, 0x0000000089b00000|  0%| F|  |TAMS 0x0000000089a00000, 0x0000000089a00000| Untracked 
| 155|0x0000000089b00000, 0x0000000089b00000, 0x0000000089c00000|  0%| F|  |TAMS 0x0000000089b00000, 0x0000000089b00000| Untracked 
| 156|0x0000000089c00000, 0x0000000089c00000, 0x0000000089d00000|  0%| F|  |TAMS 0x0000000089c00000, 0x0000000089c00000| Untracked 
| 157|0x0000000089d00000, 0x0000000089d00000, 0x0000000089e00000|  0%| F|  |TAMS 0x0000000089d00000, 0x0000000089d00000| Untracked 
| 158|0x0000000089e00000, 0x0000000089e00000, 0x0000000089f00000|  0%| F|  |TAMS 0x0000000089e00000, 0x0000000089e00000| Untracked 
| 159|0x0000000089f00000, 0x0000000089f00000, 0x000000008a000000|  0%| F|  |TAMS 0x0000000089f00000, 0x0000000089f00000| Untracked 
| 160|0x000000008a000000, 0x000000008a000000, 0x000000008a100000|  0%| F|  |TAMS 0x000000008a000000, 0x000000008a000000| Untracked 
| 161|0x000000008a100000, 0x000000008a100000, 0x000000008a200000|  0%| F|  |TAMS 0x000000008a100000, 0x000000008a100000| Untracked 
| 162|0x000000008a200000, 0x000000008a200000, 0x000000008a300000|  0%| F|  |TAMS 0x000000008a200000, 0x000000008a200000| Untracked 
| 163|0x000000008a300000, 0x000000008a300000, 0x000000008a400000|  0%| F|  |TAMS 0x000000008a300000, 0x000000008a300000| Untracked 
| 164|0x000000008a400000, 0x000000008a400000, 0x000000008a500000|  0%| F|  |TAMS 0x000000008a400000, 0x000000008a400000| Untracked 
| 165|0x000000008a500000, 0x000000008a500000, 0x000000008a600000|  0%| F|  |TAMS 0x000000008a500000, 0x000000008a500000| Untracked 
| 166|0x000000008a600000, 0x000000008a600000, 0x000000008a700000|  0%| F|  |TAMS 0x000000008a600000, 0x000000008a600000| Untracked 
| 167|0x000000008a700000, 0x000000008a700000, 0x000000008a800000|  0%| F|  |TAMS 0x000000008a700000, 0x000000008a700000| Untracked 
| 168|0x000000008a800000, 0x000000008a800000, 0x000000008a900000|  0%| F|  |TAMS 0x000000008a800000, 0x000000008a800000| Untracked 
| 169|0x000000008a900000, 0x000000008a900000, 0x000000008aa00000|  0%| F|  |TAMS 0x000000008a900000, 0x000000008a900000| Untracked 
| 170|0x000000008aa00000, 0x000000008aa00000, 0x000000008ab00000|  0%| F|  |TAMS 0x000000008aa00000, 0x000000008aa00000| Untracked 
| 171|0x000000008ab00000, 0x000000008ab00000, 0x000000008ac00000|  0%| F|  |TAMS 0x000000008ab00000, 0x000000008ab00000| Untracked 
| 172|0x000000008ac00000, 0x000000008ac00000, 0x000000008ad00000|  0%| F|  |TAMS 0x000000008ac00000, 0x000000008ac00000| Untracked 
| 173|0x000000008ad00000, 0x000000008ad00000, 0x000000008ae00000|  0%| F|  |TAMS 0x000000008ad00000, 0x000000008ad00000| Untracked 
| 174|0x000000008ae00000, 0x000000008ae00000, 0x000000008af00000|  0%| F|  |TAMS 0x000000008ae00000, 0x000000008ae00000| Untracked 
| 175|0x000000008af00000, 0x000000008af00000, 0x000000008b000000|  0%| F|  |TAMS 0x000000008af00000, 0x000000008af00000| Untracked 
| 176|0x000000008b000000, 0x000000008b000000, 0x000000008b100000|  0%| F|  |TAMS 0x000000008b000000, 0x000000008b000000| Untracked 
| 177|0x000000008b100000, 0x000000008b100000, 0x000000008b200000|  0%| F|  |TAMS 0x000000008b100000, 0x000000008b100000| Untracked 
| 178|0x000000008b200000, 0x000000008b200000, 0x000000008b300000|  0%| F|  |TAMS 0x000000008b200000, 0x000000008b200000| Untracked 
| 179|0x000000008b300000, 0x000000008b300000, 0x000000008b400000|  0%| F|  |TAMS 0x000000008b300000, 0x000000008b300000| Untracked 
| 180|0x000000008b400000, 0x000000008b400000, 0x000000008b500000|  0%| F|  |TAMS 0x000000008b400000, 0x000000008b400000| Untracked 
| 181|0x000000008b500000, 0x000000008b500000, 0x000000008b600000|  0%| F|  |TAMS 0x000000008b500000, 0x000000008b500000| Untracked 
| 182|0x000000008b600000, 0x000000008b600000, 0x000000008b700000|  0%| F|  |TAMS 0x000000008b600000, 0x000000008b600000| Untracked 
| 183|0x000000008b700000, 0x000000008b700000, 0x000000008b800000|  0%| F|  |TAMS 0x000000008b700000, 0x000000008b700000| Untracked 
| 184|0x000000008b800000, 0x000000008b800000, 0x000000008b900000|  0%| F|  |TAMS 0x000000008b800000, 0x000000008b800000| Untracked 
| 185|0x000000008b900000, 0x000000008b900000, 0x000000008ba00000|  0%| F|  |TAMS 0x000000008b900000, 0x000000008b900000| Untracked 
| 186|0x000000008ba00000, 0x000000008ba00000, 0x000000008bb00000|  0%| F|  |TAMS 0x000000008ba00000, 0x000000008ba00000| Untracked 
| 187|0x000000008bb00000, 0x000000008bb00000, 0x000000008bc00000|  0%| F|  |TAMS 0x000000008bb00000, 0x000000008bb00000| Untracked 
| 188|0x000000008bc00000, 0x000000008bc00000, 0x000000008bd00000|  0%| F|  |TAMS 0x000000008bc00000, 0x000000008bc00000| Untracked 
| 189|0x000000008bd00000, 0x000000008bd00000, 0x000000008be00000|  0%| F|  |TAMS 0x000000008bd00000, 0x000000008bd00000| Untracked 
| 190|0x000000008be00000, 0x000000008be00000, 0x000000008bf00000|  0%| F|  |TAMS 0x000000008be00000, 0x000000008be00000| Untracked 
| 191|0x000000008bf00000, 0x000000008bf00000, 0x000000008c000000|  0%| F|  |TAMS 0x000000008bf00000, 0x000000008bf00000| Untracked 
| 192|0x000000008c000000, 0x000000008c000000, 0x000000008c100000|  0%| F|  |TAMS 0x000000008c000000, 0x000000008c000000| Untracked 
| 193|0x000000008c100000, 0x000000008c100000, 0x000000008c200000|  0%| F|  |TAMS 0x000000008c100000, 0x000000008c100000| Untracked 
| 194|0x000000008c200000, 0x000000008c200000, 0x000000008c300000|  0%| F|  |TAMS 0x000000008c200000, 0x000000008c200000| Untracked 
| 195|0x000000008c300000, 0x000000008c300000, 0x000000008c400000|  0%| F|  |TAMS 0x000000008c300000, 0x000000008c300000| Untracked 
| 196|0x000000008c400000, 0x000000008c400000, 0x000000008c500000|  0%| F|  |TAMS 0x000000008c400000, 0x000000008c400000| Untracked 
| 197|0x000000008c500000, 0x000000008c500000, 0x000000008c600000|  0%| F|  |TAMS 0x000000008c500000, 0x000000008c500000| Untracked 
| 198|0x000000008c600000, 0x000000008c600000, 0x000000008c700000|  0%| F|  |TAMS 0x000000008c600000, 0x000000008c600000| Untracked 
| 199|0x000000008c700000, 0x000000008c700000, 0x000000008c800000|  0%| F|  |TAMS 0x000000008c700000, 0x000000008c700000| Untracked 
| 200|0x000000008c800000, 0x000000008c800000, 0x000000008c900000|  0%| F|  |TAMS 0x000000008c800000, 0x000000008c800000| Untracked 
| 201|0x000000008c900000, 0x000000008c900000, 0x000000008ca00000|  0%| F|  |TAMS 0x000000008c900000, 0x000000008c900000| Untracked 
| 202|0x000000008ca00000, 0x000000008ca00000, 0x000000008cb00000|  0%| F|  |TAMS 0x000000008ca00000, 0x000000008ca00000| Untracked 
| 203|0x000000008cb00000, 0x000000008cb00000, 0x000000008cc00000|  0%| F|  |TAMS 0x000000008cb00000, 0x000000008cb00000| Untracked 
| 204|0x000000008cc00000, 0x000000008cc00000, 0x000000008cd00000|  0%| F|  |TAMS 0x000000008cc00000, 0x000000008cc00000| Untracked 
| 205|0x000000008cd00000, 0x000000008cd00000, 0x000000008ce00000|  0%| F|  |TAMS 0x000000008cd00000, 0x000000008cd00000| Untracked 
| 206|0x000000008ce00000, 0x000000008ce00000, 0x000000008cf00000|  0%| F|  |TAMS 0x000000008ce00000, 0x000000008ce00000| Untracked 
| 207|0x000000008cf00000, 0x000000008cf00000, 0x000000008d000000|  0%| F|  |TAMS 0x000000008cf00000, 0x000000008cf00000| Untracked 
| 208|0x000000008d000000, 0x000000008d000000, 0x000000008d100000|  0%| F|  |TAMS 0x000000008d000000, 0x000000008d000000| Untracked 
| 209|0x000000008d100000, 0x000000008d100000, 0x000000008d200000|  0%| F|  |TAMS 0x000000008d100000, 0x000000008d100000| Untracked 
| 210|0x000000008d200000, 0x000000008d200000, 0x000000008d300000|  0%| F|  |TAMS 0x000000008d200000, 0x000000008d200000| Untracked 
| 211|0x000000008d300000, 0x000000008d300000, 0x000000008d400000|  0%| F|  |TAMS 0x000000008d300000, 0x000000008d300000| Untracked 
| 212|0x000000008d400000, 0x000000008d400000, 0x000000008d500000|  0%| F|  |TAMS 0x000000008d400000, 0x000000008d400000| Untracked 
| 213|0x000000008d500000, 0x000000008d500000, 0x000000008d600000|  0%| F|  |TAMS 0x000000008d500000, 0x000000008d500000| Untracked 
| 214|0x000000008d600000, 0x000000008d600000, 0x000000008d700000|  0%| F|  |TAMS 0x000000008d600000, 0x000000008d600000| Untracked 
| 215|0x000000008d700000, 0x000000008d700000, 0x000000008d800000|  0%| F|  |TAMS 0x000000008d700000, 0x000000008d700000| Untracked 
| 216|0x000000008d800000, 0x000000008d800000, 0x000000008d900000|  0%| F|  |TAMS 0x000000008d800000, 0x000000008d800000| Untracked 
| 217|0x000000008d900000, 0x000000008d900000, 0x000000008da00000|  0%| F|  |TAMS 0x000000008d900000, 0x000000008d900000| Untracked 
| 218|0x000000008da00000, 0x000000008da00000, 0x000000008db00000|  0%| F|  |TAMS 0x000000008da00000, 0x000000008da00000| Untracked 
| 219|0x000000008db00000, 0x000000008db00000, 0x000000008dc00000|  0%| F|  |TAMS 0x000000008db00000, 0x000000008db00000| Untracked 
| 220|0x000000008dc00000, 0x000000008dc00000, 0x000000008dd00000|  0%| F|  |TAMS 0x000000008dc00000, 0x000000008dc00000| Untracked 
| 221|0x000000008dd00000, 0x000000008dd00000, 0x000000008de00000|  0%| F|  |TAMS 0x000000008dd00000, 0x000000008dd00000| Untracked 
| 222|0x000000008de00000, 0x000000008de00000, 0x000000008df00000|  0%| F|  |TAMS 0x000000008de00000, 0x000000008de00000| Untracked 
| 223|0x000000008df00000, 0x000000008df00000, 0x000000008e000000|  0%| F|  |TAMS 0x000000008df00000, 0x000000008df00000| Untracked 
| 224|0x000000008e000000, 0x000000008e000000, 0x000000008e100000|  0%| F|  |TAMS 0x000000008e000000, 0x000000008e000000| Untracked 
| 225|0x000000008e100000, 0x000000008e100000, 0x000000008e200000|  0%| F|  |TAMS 0x000000008e100000, 0x000000008e100000| Untracked 
| 226|0x000000008e200000, 0x000000008e200000, 0x000000008e300000|  0%| F|  |TAMS 0x000000008e200000, 0x000000008e200000| Untracked 
| 227|0x000000008e300000, 0x000000008e300000, 0x000000008e400000|  0%| F|  |TAMS 0x000000008e300000, 0x000000008e300000| Untracked 
| 228|0x000000008e400000, 0x000000008e400000, 0x000000008e500000|  0%| F|  |TAMS 0x000000008e400000, 0x000000008e400000| Untracked 
| 229|0x000000008e500000, 0x000000008e500000, 0x000000008e600000|  0%| F|  |TAMS 0x000000008e500000, 0x000000008e500000| Untracked 
| 230|0x000000008e600000, 0x000000008e600000, 0x000000008e700000|  0%| F|  |TAMS 0x000000008e600000, 0x000000008e600000| Untracked 
| 231|0x000000008e700000, 0x000000008e800000, 0x000000008e800000|100%| S|CS|TAMS 0x000000008e700000, 0x000000008e700000| Complete 
| 232|0x000000008e800000, 0x000000008e900000, 0x000000008e900000|100%| S|CS|TAMS 0x000000008e800000, 0x000000008e800000| Complete 
| 233|0x000000008e900000, 0x000000008e900000, 0x000000008ea00000|  0%| F|  |TAMS 0x000000008e900000, 0x000000008e900000| Untracked 
| 234|0x000000008ea00000, 0x000000008ea00000, 0x000000008eb00000|  0%| F|  |TAMS 0x000000008ea00000, 0x000000008ea00000| Untracked 
| 235|0x000000008eb00000, 0x000000008eb00000, 0x000000008ec00000|  0%| F|  |TAMS 0x000000008eb00000, 0x000000008eb00000| Untracked 
| 236|0x000000008ec00000, 0x000000008ec00000, 0x000000008ed00000|  0%| F|  |TAMS 0x000000008ec00000, 0x000000008ec00000| Untracked 
| 237|0x000000008ed00000, 0x000000008ed00000, 0x000000008ee00000|  0%| F|  |TAMS 0x000000008ed00000, 0x000000008ed00000| Untracked 
| 238|0x000000008ee00000, 0x000000008ee00000, 0x000000008ef00000|  0%| F|  |TAMS 0x000000008ee00000, 0x000000008ee00000| Untracked 
| 239|0x000000008ef00000, 0x000000008ef00000, 0x000000008f000000|  0%| F|  |TAMS 0x000000008ef00000, 0x000000008ef00000| Untracked 
| 240|0x000000008f000000, 0x000000008f000000, 0x000000008f100000|  0%| F|  |TAMS 0x000000008f000000, 0x000000008f000000| Untracked 
| 241|0x000000008f100000, 0x000000008f100000, 0x000000008f200000|  0%| F|  |TAMS 0x000000008f100000, 0x000000008f100000| Untracked 
| 242|0x000000008f200000, 0x000000008f200000, 0x000000008f300000|  0%| F|  |TAMS 0x000000008f200000, 0x000000008f200000| Untracked 
| 243|0x000000008f300000, 0x000000008f300000, 0x000000008f400000|  0%| F|  |TAMS 0x000000008f300000, 0x000000008f300000| Untracked 
| 244|0x000000008f400000, 0x000000008f400000, 0x000000008f500000|  0%| F|  |TAMS 0x000000008f400000, 0x000000008f400000| Untracked 

Card table byte_map: [0x00000044687d0000,0x0000004468bd0000] _byte_map_base: 0x00000044683d0000

Marking Bits (Prev, Next): (CMBitMap*) 0x000000445595a178, (CMBitMap*) 0x000000445595a1b0
 Prev Bits: [0x0000004468fd0000, 0x000000446afd0000)
 Next Bits: [0x000000446afd0000, 0x000000446cfd0000)

Polling page: 0x00000044550c0000

Metaspace:

Usage:
  Non-class:     96.49 MB capacity,    94.65 MB ( 98%) used,     1.50 MB (  2%) free+waste,   355.25 KB ( <1%) overhead. 
      Class:     15.13 MB capacity,    14.03 MB ( 93%) used,   970.52 KB (  6%) free+waste,   158.75 KB (  1%) overhead. 
       Both:    111.63 MB capacity,   108.68 MB ( 97%) used,     2.45 MB (  2%) free+waste,   514.00 KB ( <1%) overhead. 

Virtual space:
  Non-class space:       98.00 MB reserved,      96.75 MB ( 99%) committed 
      Class space:        1.00 GB reserved,      15.25 MB (  1%) committed 
             Both:        1.10 GB reserved,     112.00 MB ( 10%) committed 

Chunk freelists:
   Non-Class:  70.00 KB
       Class:  78.00 KB
        Both:  148.00 KB

MaxMetaspaceSize: 17179869184.00 GB
CompressedClassSpaceSize: 1.00 GB

CodeHeap 'non-profiled nmethods': size=120064Kb used=10818Kb max_used=10818Kb free=109245Kb
 bounds [0x0000004460e90000, 0x0000004461930000, 0x00000044683d0000]
CodeHeap 'profiled nmethods': size=120000Kb used=35959Kb max_used=35959Kb free=84040Kb
 bounds [0x0000004459960000, 0x000000445bc80000, 0x0000004460e90000]
CodeHeap 'non-nmethods': size=5696Kb used=2340Kb max_used=2390Kb free=3355Kb
 bounds [0x00000044593d0000, 0x0000004459640000, 0x0000004459960000]
 total_blobs=17248 nmethods=16287 adapters=871
 compilation: enabled
              stopped_count=0, restarted_count=0
 full_count=0

Compilation events (20 events):
Event: 6403.159 Thread 0x000000446f7fa800 nmethod 16562 0x000000446191e990 code [0x000000446191eb40, 0x000000446191ebd8]
Event: 6403.159 Thread 0x000000446f7fa800 16563       1       org.gradle.api.internal.artifacts.configurations.DefaultConfigurationPublications::access$1000 (5 bytes)
Event: 6403.159 Thread 0x000000446f7fa800 nmethod 16563 0x000000446191ec90 code [0x000000446191ee40, 0x000000446191eed8]
Event: 6403.159 Thread 0x000000446f7fa800 16564       1       org.gradle.api.internal.artifacts.configurations.DefaultConfigurationPublications::access$1100 (5 bytes)
Event: 6403.159 Thread 0x000000446f7fa800 nmethod 16564 0x000000446191ef90 code [0x000000446191f140, 0x000000446191f1d8]
Event: 6403.160 Thread 0x000000446f7fa800 16565       1       org.gradle.api.internal.artifacts.configurations.DefaultVariant::getAttributes (5 bytes)
Event: 6403.160 Thread 0x000000446f7fa800 nmethod 16565 0x000000446191f290 code [0x000000446191f440, 0x000000446191f4f8]
Event: 6403.169 Thread 0x000000446f7f2000 nmethod 16542 0x000000446191f590 code [0x000000446191f7a0, 0x000000446191fd20]
Event: 6403.169 Thread 0x000000446f7f2000 16566       4       org.gradle.api.internal.DefaultNamedDomainObjectCollection$UnfilteredIndex::get (11 bytes)
Event: 6403.170 Thread 0x000000446f7f2000 nmethod 16566 0x0000004461920310 code [0x00000044619204c0, 0x0000004461920588]
Event: 6403.297 Thread 0x000000446f7f2000 16567   !   4       org.gradle.internal.serialize.kryo.StringDeduplicatingKryoBackedDecoder::readSmallLong (16 bytes)
Event: 6403.297 Thread 0x000000446f7fa800 16568       3       org.gradle.api.internal.artifacts.ivyservice.resolveengine.result.ComponentResultSerializer::read (74 bytes)
Event: 6403.298 Thread 0x000000446f7fa800 nmethod 16568 0x000000445bc7c510 code [0x000000445bc7c760, 0x000000445bc7ce08]
Event: 6403.298 Thread 0x000000446f7f2000 nmethod 16567 0x0000004461920690 code [0x0000004461920840, 0x0000004461920918]
Event: 6403.298 Thread 0x000000446f7fa800 16569       3       org.gradle.api.internal.artifacts.ModuleVersionIdentifierSerializer::read (36 bytes)
Event: 6403.299 Thread 0x000000446f7fa800 nmethod 16569 0x000000445bc7d210 code [0x000000445bc7d420, 0x000000445bc7d8a8]
Event: 6403.300 Thread 0x000000446f7f2000 16570       4       org.gradle.api.internal.artifacts.ivyservice.resolveengine.result.ResolvedVariantResultSerializer::read (132 bytes)
Event: 6403.301 Thread 0x000000446f7fa800 16572       3       org.gradle.internal.resources.AbstractResourceLockRegistry::getResourceLocksByCurrentThread (11 bytes)
Event: 6403.302 Thread 0x000000446f7fa800 nmethod 16572 0x000000445bc7da90 code [0x000000445bc7dc60, 0x000000445bc7ddd8]
Event: 6403.303 Thread 0x000000446f7fa800 16573       3       org.gradle.api.DefaultTask::getOutputs (5 bytes)

GC Heap History (20 events):
Event: 6103.311 GC heap after
{Heap after GC invocations=185 (full 0):
 garbage-first heap   total 154624K, used 104662K [0x0000000080000000, 0x0000000100000000)
  region size 1024K, 1 young (1024K), 1 survivors (1024K)
 Metaspace       used 110245K, capacity 113120K, committed 113920K, reserved 1146880K
  class space    used 14319K, capacity 15412K, committed 15616K, reserved 1048576K
}
Event: 6104.392 GC heap before
{Heap before GC invocations=185 (full 0):
 garbage-first heap   total 154624K, used 110806K [0x0000000080000000, 0x0000000100000000)
  region size 1024K, 7 young (7168K), 1 survivors (1024K)
 Metaspace       used 110285K, capacity 113121K, committed 113920K, reserved 1146880K
  class space    used 14319K, capacity 15412K, committed 15616K, reserved 1048576K
}
Event: 6104.808 GC heap after
{Heap after GC invocations=186 (full 0):
 garbage-first heap   total 154624K, used 106450K [0x0000000080000000, 0x0000000100000000)
  region size 1024K, 1 young (1024K), 1 survivors (1024K)
 Metaspace       used 110285K, capacity 113121K, committed 113920K, reserved 1146880K
  class space    used 14319K, capacity 15412K, committed 15616K, reserved 1048576K
}
Event: 6107.629 GC heap before
{Heap before GC invocations=186 (full 0):
 garbage-first heap   total 154624K, used 112594K [0x0000000080000000, 0x0000000100000000)
  region size 1024K, 7 young (7168K), 1 survivors (1024K)
 Metaspace       used 110328K, capacity 113250K, committed 113920K, reserved 1146880K
  class space    used 14319K, capacity 15412K, committed 15616K, reserved 1048576K
}
Event: 6108.147 GC heap after
{Heap after GC invocations=187 (full 0):
 garbage-first heap   total 154624K, used 108096K [0x0000000080000000, 0x0000000100000000)
  region size 1024K, 1 young (1024K), 1 survivors (1024K)
 Metaspace       used 110328K, capacity 113250K, committed 113920K, reserved 1146880K
  class space    used 14319K, capacity 15412K, committed 15616K, reserved 1048576K
}
Event: 6113.607 GC heap before
{Heap before GC invocations=188 (full 0):
 garbage-first heap   total 154624K, used 114240K [0x0000000080000000, 0x0000000100000000)
  region size 1024K, 7 young (7168K), 1 survivors (1024K)
 Metaspace       used 110474K, capacity 113384K, committed 114176K, reserved 1148928K
  class space    used 14319K, capacity 15412K, committed 15616K, reserved 1048576K
}
Event: 6116.658 GC heap after
{Heap after GC invocations=189 (full 0):
 garbage-first heap   total 154624K, used 109332K [0x0000000080000000, 0x0000000100000000)
  region size 1024K, 1 young (1024K), 1 survivors (1024K)
 Metaspace       used 110474K, capacity 113384K, committed 114176K, reserved 1148928K
  class space    used 14319K, capacity 15412K, committed 15616K, reserved 1048576K
}
Event: 6123.270 GC heap before
{Heap before GC invocations=189 (full 0):
 garbage-first heap   total 154624K, used 115476K [0x0000000080000000, 0x0000000100000000)
  region size 1024K, 7 young (7168K), 1 survivors (1024K)
 Metaspace       used 110584K, capacity 113491K, committed 114176K, reserved 1148928K
  class space    used 14325K, capacity 15424K, committed 15616K, reserved 1048576K
}
Event: 6126.830 GC heap after
{Heap after GC invocations=190 (full 0):
 garbage-first heap   total 154624K, used 100664K [0x0000000080000000, 0x0000000100000000)
  region size 1024K, 1 young (1024K), 1 survivors (1024K)
 Metaspace       used 110584K, capacity 113491K, committed 114176K, reserved 1148928K
  class space    used 14325K, capacity 15424K, committed 15616K, reserved 1048576K
}
Event: 6133.657 GC heap before
{Heap before GC invocations=190 (full 0):
 garbage-first heap   total 154624K, used 105784K [0x0000000080000000, 0x0000000100000000)
  region size 1024K, 7 young (7168K), 1 survivors (1024K)
 Metaspace       used 110779K, capacity 113676K, committed 114176K, reserved 1148928K
  class space    used 14339K, capacity 15450K, committed 15616K, reserved 1048576K
}
Event: 6143.590 GC heap after
{Heap after GC invocations=191 (full 0):
 garbage-first heap   total 250880K, used 96862K [0x0000000080000000, 0x0000000100000000)
  region size 1024K, 1 young (1024K), 1 survivors (1024K)
 Metaspace       used 110779K, capacity 113676K, committed 114176K, reserved 1148928K
  class space    used 14339K, capacity 15450K, committed 15616K, reserved 1048576K
}
Event: 6150.971 GC heap before
{Heap before GC invocations=191 (full 0):
 garbage-first heap   total 250880K, used 108126K [0x0000000080000000, 0x0000000100000000)
  region size 1024K, 12 young (12288K), 1 survivors (1024K)
 Metaspace       used 111083K, capacity 114137K, committed 114432K, reserved 1148928K
  class space    used 14351K, capacity 15471K, committed 15616K, reserved 1048576K
}
Event: 6152.588 GC heap after
{Heap after GC invocations=192 (full 0):
 garbage-first heap   total 250880K, used 97255K [0x0000000080000000, 0x0000000100000000)
  region size 1024K, 2 young (2048K), 2 survivors (2048K)
 Metaspace       used 111083K, capacity 114137K, committed 114432K, reserved 1148928K
  class space    used 14351K, capacity 15471K, committed 15616K, reserved 1048576K
}
Event: 6153.906 GC heap before
{Heap before GC invocations=193 (full 0):
 garbage-first heap   total 250880K, used 107495K [0x0000000080000000, 0x0000000100000000)
  region size 1024K, 12 young (12288K), 2 survivors (2048K)
 Metaspace       used 111093K, capacity 114131K, committed 114432K, reserved 1148928K
  class space    used 14351K, capacity 15470K, committed 15616K, reserved 1048576K
}
Event: 6157.360 GC heap after
{Heap after GC invocations=194 (full 0):
 garbage-first heap   total 250880K, used 97313K [0x0000000080000000, 0x0000000100000000)
  region size 1024K, 1 young (1024K), 1 survivors (1024K)
 Metaspace       used 111093K, capacity 114131K, committed 114432K, reserved 1148928K
  class space    used 14351K, capacity 15470K, committed 15616K, reserved 1048576K
}
Event: 6395.076 GC heap before
{Heap before GC invocations=194 (full 0):
 garbage-first heap   total 250880K, used 115745K [0x0000000080000000, 0x0000000100000000)
  region size 1024K, 12 young (12288K), 1 survivors (1024K)
 Metaspace       used 111175K, capacity 114210K, committed 114432K, reserved 1148928K
  class space    used 14363K, capacity 15491K, committed 15616K, reserved 1048576K
}
Event: 6395.378 GC heap after
{Heap after GC invocations=195 (full 0):
 garbage-first heap   total 250880K, used 91157K [0x0000000080000000, 0x0000000100000000)
  region size 1024K, 2 young (2048K), 2 survivors (2048K)
 Metaspace       used 111175K, capacity 114210K, committed 114432K, reserved 1148928K
  class space    used 14363K, capacity 15491K, committed 15616K, reserved 1048576K
}
Event: 6395.933 GC heap before
{Heap before GC invocations=195 (full 0):
 garbage-first heap   total 250880K, used 100373K [0x0000000080000000, 0x0000000100000000)
  region size 1024K, 12 young (12288K), 2 survivors (2048K)
 Metaspace       used 111193K, capacity 114210K, committed 114432K, reserved 1148928K
  class space    used 14363K, capacity 15491K, committed 15616K, reserved 1048576K
}
Event: 6401.118 GC heap after
{Heap after GC invocations=196 (full 0):
 garbage-first heap   total 250880K, used 88481K [0x0000000080000000, 0x0000000100000000)
  region size 1024K, 2 young (2048K), 2 survivors (2048K)
 Metaspace       used 111193K, capacity 114210K, committed 114432K, reserved 1148928K
  class space    used 14363K, capacity 15491K, committed 15616K, reserved 1048576K
}
Event: 6403.523 GC heap before
{Heap before GC invocations=196 (full 0):
 garbage-first heap   total 250880K, used 97697K [0x0000000080000000, 0x0000000100000000)
  region size 1024K, 12 young (12288K), 2 survivors (2048K)
 Metaspace       used 111286K, capacity 114305K, committed 114688K, reserved 1148928K
  class space    used 14365K, capacity 15495K, committed 15616K, reserved 1048576K
}

Deoptimization events (20 events):
Event: 6192.492 Thread 0x0000004474ee1000 DEOPT PACKING pc=0x0000004461174500 sp=0x000000440286b830
Event: 6192.492 Thread 0x0000004474ee1000 DEOPT UNPACKING pc=0x00000044593f782f sp=0x000000440286b7d0 mode 2
Event: 6394.848 Thread 0x0000004474ede800 DEOPT PACKING pc=0x000000445aeb8979 sp=0x0000004400ffb9f0
Event: 6394.848 Thread 0x0000004474ede800 DEOPT UNPACKING pc=0x00000044593f764e sp=0x0000004400ffaeb8 mode 0
Event: 6395.428 Thread 0x0000004474ede800 Uncommon trap: trap_request=0xffffffde fr.pc=0x000000446143391c relative=0x000000000000169c
Event: 6395.428 Thread 0x0000004474ede800 Uncommon trap: reason=class_check action=maybe_recompile pc=0x000000446143391c method=org.gradle.cache.internal.LockOnDemandCrossProcessCacheAccess.incrementLockCount()V @ 97 c2
Event: 6395.428 Thread 0x0000004474ede800 DEOPT PACKING pc=0x000000446143391c sp=0x0000004400ff7c40
Event: 6395.428 Thread 0x0000004474ede800 DEOPT UNPACKING pc=0x00000044593f782f sp=0x0000004400ff7c40 mode 2
Event: 6401.165 Thread 0x0000004474ede800 Uncommon trap: trap_request=0xffffff4d fr.pc=0x000000446159a280 relative=0x0000000000000060
Event: 6401.165 Thread 0x0000004474ede800 Uncommon trap: reason=unstable_if action=reinterpret pc=0x000000446159a280 method=com.google.common.collect.ImmutableSet$SetBuilderImpl.ensureCapacity(I)V @ 6 c2
Event: 6401.165 Thread 0x0000004474ede800 DEOPT PACKING pc=0x000000446159a280 sp=0x0000004400ff8310
Event: 6401.165 Thread 0x0000004474ede800 DEOPT UNPACKING pc=0x00000044593f782f sp=0x0000004400ff8290 mode 2
Event: 6403.433 Thread 0x0000004474ede800 Uncommon trap: trap_request=0xffffffd6 fr.pc=0x000000446182d3b4 relative=0x0000000000000b94
Event: 6403.433 Thread 0x0000004474ede800 Uncommon trap: reason=array_check action=maybe_recompile pc=0x000000446182d3b4 method=com.google.common.collect.ImmutableSet.construct(I[Ljava/lang/Object;)Lcom/google/common/collect/ImmutableSet; @ 122 c2
Event: 6403.433 Thread 0x0000004474ede800 DEOPT PACKING pc=0x000000446182d3b4 sp=0x0000004400ff9af0
Event: 6403.433 Thread 0x0000004474ede800 DEOPT UNPACKING pc=0x00000044593f782f sp=0x0000004400ff9a88 mode 2
Event: 6403.433 Thread 0x0000004474ede800 Uncommon trap: trap_request=0xffffffd6 fr.pc=0x000000446182d3b4 relative=0x0000000000000b94
Event: 6403.433 Thread 0x0000004474ede800 Uncommon trap: reason=array_check action=maybe_recompile pc=0x000000446182d3b4 method=com.google.common.collect.ImmutableSet.construct(I[Ljava/lang/Object;)Lcom/google/common/collect/ImmutableSet; @ 122 c2
Event: 6403.433 Thread 0x0000004474ede800 DEOPT PACKING pc=0x000000446182d3b4 sp=0x0000004400ff9b00
Event: 6403.433 Thread 0x0000004474ede800 DEOPT UNPACKING pc=0x00000044593f782f sp=0x0000004400ff9a98 mode 2

Classes redefined (0 events):
No events

Internal exceptions (20 events):
Event: 6126.911 Thread 0x0000004474754000 Exception <a 'java/lang/NoSuchMethodError'{0x0000000089666720}: <clinit>> (0x0000000089666720) thrown at [./src/hotspot/share/prims/jni.cpp, line 1362]
Event: 6127.986 Thread 0x0000004474edb800 Exception <a 'java/lang/NoSuchMethodError'{0x00000000893519e8}: <clinit>> (0x00000000893519e8) thrown at [./src/hotspot/share/prims/jni.cpp, line 1362]
Event: 6129.954 Thread 0x0000004474ede800 Exception <a 'sun/nio/fs/WindowsException'{0x00000000892d90d0}> (0x00000000892d90d0) thrown at [./src/hotspot/share/prims/jni.cpp, line 615]
Event: 6146.231 Thread 0x0000004474ede800 Implicit null exception at 0x000000446116a9bf to 0x000000446116d2f0
Event: 6146.327 Thread 0x0000004474ede800 Exception <a 'sun/nio/fs/WindowsException'{0x000000008f1c3bb8}> (0x000000008f1c3bb8) thrown at [./src/hotspot/share/prims/jni.cpp, line 615]
Event: 6147.185 Thread 0x0000004474edc800 Exception <a 'java/lang/NoSuchMethodError'{0x000000008f07c9a8}: <clinit>> (0x000000008f07c9a8) thrown at [./src/hotspot/share/prims/jni.cpp, line 1362]
Event: 6149.369 Thread 0x0000004474ee3000 Exception <a 'sun/nio/fs/WindowsException'{0x000000008efa48b8}> (0x000000008efa48b8) thrown at [./src/hotspot/share/prims/jni.cpp, line 615]
Event: 6149.612 Thread 0x0000004474ee3000 Exception <a 'sun/nio/fs/WindowsException'{0x000000008ee71fb0}> (0x000000008ee71fb0) thrown at [./src/hotspot/share/prims/jni.cpp, line 615]
Event: 6149.937 Thread 0x0000004474edb800 Exception <a 'java/lang/NoSuchMethodError'{0x000000008ed7bf70}: <clinit>> (0x000000008ed7bf70) thrown at [./src/hotspot/share/prims/jni.cpp, line 1362]
Event: 6149.938 Thread 0x0000004474edb800 Exception <a 'java/lang/NoSuchMethodError'{0x000000008ed8ea58}: <clinit>> (0x000000008ed8ea58) thrown at [./src/hotspot/share/prims/jni.cpp, line 1362]
Event: 6190.946 Thread 0x0000004474ee1000 Implicit null exception at 0x000000446105724e to 0x00000044610577f4
Event: 6191.448 Thread 0x0000004474ee1000 Exception <a 'java/lang/NoSuchMethodError'{0x000000008f16a008}: 'java.lang.Object java.lang.invoke.DirectMethodHandle$Holder.invokeVirtual(java.lang.Object, java.lang.Object, int)'> (0x000000008f16a008) thrown at [./src/hotspot/share/interpreter/linkResolver.cpp, line 773]
Event: 6192.492 Thread 0x0000004474ee1000 Implicit null exception at 0x0000004461171bbf to 0x00000044611744f0
Event: 6401.211 Thread 0x0000004474ede800 Exception <a 'sun/nio/fs/WindowsException'{0x000000008ef53578}> (0x000000008ef53578) thrown at [./src/hotspot/share/prims/jni.cpp, line 615]
Event: 6402.046 Thread 0x0000004474ede800 Exception <a 'java/lang/NoClassDefFoundError'{0x000000008ec20d28}: org/jetbrains/kotlin/gradle/plugin/KotlinBasePluginWrapper> (0x000000008ec20d28) thrown at [./src/hotspot/share/oops/constantPool.cpp, line 775]
Event: 6403.439 Thread 0x0000004474ede800 Exception <a 'sun/nio/fs/WindowsException'{0x000000008eb3b4b8}> (0x000000008eb3b4b8) thrown at [./src/hotspot/share/prims/jni.cpp, line 615]
Event: 6403.446 Thread 0x0000004474ede800 Exception <a 'sun/nio/fs/WindowsException'{0x000000008ebdeac8}> (0x000000008ebdeac8) thrown at [./src/hotspot/share/prims/jni.cpp, line 615]
Event: 6403.446 Thread 0x0000004474ede800 Exception <a 'sun/nio/fs/WindowsException'{0x000000008ebdfba8}> (0x000000008ebdfba8) thrown at [./src/hotspot/share/prims/jni.cpp, line 615]
Event: 6403.446 Thread 0x0000004474ede800 Exception <a 'sun/nio/fs/WindowsException'{0x000000008ebe0cd8}> (0x000000008ebe0cd8) thrown at [./src/hotspot/share/prims/jni.cpp, line 615]
Event: 6403.446 Thread 0x0000004474ede800 Exception <a 'sun/nio/fs/WindowsException'{0x000000008ebe1e08}> (0x000000008ebe1e08) thrown at [./src/hotspot/share/prims/jni.cpp, line 615]

Events (20 events):
Event: 6395.076 Executing VM operation: G1CollectForAllocation
Event: 6395.378 Executing VM operation: G1CollectForAllocation done
Event: 6395.385 Executing VM operation: RevokeBias
Event: 6395.385 Executing VM operation: RevokeBias done
Event: 6395.396 Thread 0x0000004474ee7000 Thread added: 0x0000004474ee7000
Event: 6395.546 Thread 0x0000004474ee8800 Thread added: 0x0000004474ee8800
Event: 6395.546 Thread 0x0000004474ee9800 Thread added: 0x0000004474ee9800
Event: 6395.564 Thread 0x000000447128a000 Thread added: 0x000000447128a000
Event: 6395.912 Thread 0x0000004471288800 Thread added: 0x0000004471288800
Event: 6395.912 Executing VM operation: RevokeBias
Event: 6395.912 Executing coalesced safepoint VM operation: RevokeBias
Event: 6395.912 Executing coalesced safepoint VM operation: RevokeBias done
Event: 6395.912 Executing VM operation: RevokeBias done
Event: 6395.933 Executing VM operation: G1CollectForAllocation
Event: 6401.118 Executing VM operation: G1CollectForAllocation done
Event: 6401.380 loading class org/gradle/api/internal/provider/AbstractProperty$1
Event: 6401.380 loading class org/gradle/api/internal/provider/AbstractProperty$1 done
Event: 6402.046 Executing VM operation: ICBufferFull
Event: 6403.153 Executing VM operation: ICBufferFull done
Event: 6403.451 Executing VM operation: G1CollectForAllocation


Dynamic libraries:
0x00007ff7d02f0000 - 0x00007ff7d02fa000 	F:\AndroidStudio\jre\bin\java.exe
0x00007ffead0d0000 - 0x00007ffead27d000 	C:\Windows\SYSTEM32\ntdll.dll
0x00007ffeab150000 - 0x00007ffeab28f000 	C:\Windows\system32\KERNEL32.DLL
0x00007ffeaa2f0000 - 0x00007ffeaa405000 	C:\Windows\system32\KERNELBASE.dll
0x00007ffea2fe0000 - 0x00007ffea2ff9000 	F:\AndroidStudio\jre\bin\jli.dll
0x00007ffea2fb0000 - 0x00007ffea2fc7000 	F:\AndroidStudio\jre\bin\VCRUNTIME140.dll
0x00007ffea1080000 - 0x00007ffea1084000 	C:\Windows\SYSTEM32\api-ms-win-crt-stdio-l1-1-0.dll
0x00007ffea1060000 - 0x00007ffea1064000 	C:\Windows\SYSTEM32\api-ms-win-crt-runtime-l1-1-0.dll
0x00007ffea0d70000 - 0x00007ffea0d73000 	C:\Windows\SYSTEM32\api-ms-win-crt-environment-l1-1-0.dll
0x00007ffea0e70000 - 0x00007ffea0e75000 	C:\Windows\SYSTEM32\api-ms-win-crt-math-l1-1-0.dll
0x00007ffea0da0000 - 0x00007ffea0da3000 	C:\Windows\SYSTEM32\api-ms-win-crt-locale-l1-1-0.dll
0x00007ffea1090000 - 0x00007ffea1093000 	C:\Windows\SYSTEM32\api-ms-win-crt-heap-l1-1-0.dll
0x00007ffea76b0000 - 0x00007ffea792b000 	C:\Windows\WinSxS\amd64_microsoft.windows.common-controls_6595b64144ccf1df_6.0.9600.19394_none_62486577ecb635cf\COMCTL32.dll
0x00007ffeab340000 - 0x00007ffeab4b7000 	C:\Windows\system32\USER32.dll
0x00007ffea0d90000 - 0x00007ffea0d93000 	C:\Windows\SYSTEM32\api-ms-win-crt-filesystem-l1-1-0.dll
0x00007ffea0f40000 - 0x00007ffea0f44000 	C:\Windows\SYSTEM32\api-ms-win-crt-string-l1-1-0.dll
0x00007ffea1070000 - 0x00007ffea1074000 	C:\Windows\SYSTEM32\api-ms-win-crt-convert-l1-1-0.dll
0x00007ffeaad60000 - 0x00007ffeaae0a000 	C:\Windows\system32\msvcrt.dll
0x00007ffeab000000 - 0x00007ffeab14e000 	C:\Windows\system32\GDI32.dll
0x00007ffea0c60000 - 0x00007ffea0d54000 	C:\Windows\SYSTEM32\ucrtbase.DLL
0x00007ffeacc80000 - 0x00007ffeaccb6000 	C:\Windows\system32\IMM32.DLL
0x00007ffeaac00000 - 0x00007ffeaad51000 	C:\Windows\system32\MSCTF.dll
0x00007ffe991a0000 - 0x00007ffe9923d000 	F:\AndroidStudio\jre\bin\msvcp140.dll
0x00007ffea2fd0000 - 0x00007ffea2fd5000 	C:\Windows\SYSTEM32\api-ms-win-crt-multibyte-l1-1-0.dll
0x00007ffea0e80000 - 0x00007ffea0e83000 	C:\Windows\SYSTEM32\api-ms-win-crt-time-l1-1-0.dll
0x00007ffea0d60000 - 0x00007ffea0d63000 	C:\Windows\SYSTEM32\api-ms-win-crt-utility-l1-1-0.dll
0x00007ffe6cf40000 - 0x00007ffe6da0f000 	F:\AndroidStudio\jre\bin\server\jvm.dll
0x00007ffeab290000 - 0x00007ffeab33d000 	C:\Windows\system32\ADVAPI32.dll
0x00007ffe95850000 - 0x00007ffe95859000 	C:\Windows\SYSTEM32\WSOCK32.dll
0x00007ffea3b90000 - 0x00007ffea3bb2000 	C:\Windows\SYSTEM32\WINMM.dll
0x00007ffea71d0000 - 0x00007ffea71da000 	C:\Windows\SYSTEM32\VERSION.dll
0x00007ffeaccc0000 - 0x00007ffeaccc7000 	C:\Windows\system32\PSAPI.DLL
0x00007ffead070000 - 0x00007ffead0cb000 	C:\Windows\SYSTEM32\sechost.dll
0x00007ffeab4d0000 - 0x00007ffeab606000 	C:\Windows\system32\RPCRT4.dll
0x00007ffeaafa0000 - 0x00007ffeaaffa000 	C:\Windows\system32\WS2_32.dll
0x00007ffea3b60000 - 0x00007ffea3b8a000 	C:\Windows\SYSTEM32\WINMMBASE.dll
0x00007ffeaa6d0000 - 0x00007ffeaa6fe000 	C:\Windows\system32\SspiCli.dll
0x00007ffeab680000 - 0x00007ffeab689000 	C:\Windows\system32\NSI.dll
0x00007ffeaa700000 - 0x00007ffeaa74f000 	C:\Windows\SYSTEM32\cfgmgr32.dll
0x00007ffea8f90000 - 0x00007ffea8fb8000 	C:\Windows\SYSTEM32\DEVOBJ.dll
0x00007ffea39f0000 - 0x00007ffea3a01000 	F:\AndroidStudio\jre\bin\verify.dll
0x00007ffe8d950000 - 0x00007ffe8dad9000 	C:\Windows\SYSTEM32\DBGHELP.DLL
0x00007ffe99850000 - 0x00007ffe99879000 	F:\AndroidStudio\jre\bin\java.dll
0x00007ffea39e0000 - 0x00007ffea39eb000 	F:\AndroidStudio\jre\bin\jimage.dll
0x00007ffe9e310000 - 0x00007ffe9e328000 	F:\AndroidStudio\jre\bin\zip.dll
0x00007ffeab690000 - 0x00007ffeacbbb000 	C:\Windows\system32\SHELL32.dll
0x00007ffeaa750000 - 0x00007ffeaa962000 	C:\Windows\SYSTEM32\combase.dll
0x00007ffeaaf40000 - 0x00007ffeaaf94000 	C:\Windows\system32\SHLWAPI.dll
0x00007ffea80f0000 - 0x00007ffea81a2000 	C:\Windows\SYSTEM32\SHCORE.dll
0x00007ffeaa170000 - 0x00007ffeaa185000 	C:\Windows\SYSTEM32\profapi.dll
0x00007ffe9e230000 - 0x00007ffe9e24a000 	F:\AndroidStudio\jre\bin\net.dll
0x00007ffe9e6f0000 - 0x00007ffe9e7b9000 	C:\Windows\SYSTEM32\WINHTTP.dll
0x00007ffea99b0000 - 0x00007ffea9a09000 	C:\Windows\system32\mswsock.dll
0x00007ffe992f0000 - 0x00007ffe99304000 	F:\AndroidStudio\jre\bin\nio.dll
0x00007ffe99460000 - 0x00007ffe99487000 	C:\Users\Mikhail\.gradle\native\8bec1ad78214c89d9ad589b4d07fe93259594b29d510b10fafb7a158f7737e5d\windows-amd64\native-platform.dll
0x00007ffe92920000 - 0x00007ffe92a5d000 	C:\Users\Mikhail\.gradle\native\53dbd7edfb1c66fb8903c78663c9afc45aea4f116125fa6feffd364cf09443e8\windows-amd64\native-platform-file-events.dll
0x00007ffea2f90000 - 0x00007ffea2f9a000 	F:\AndroidStudio\jre\bin\management.dll
0x00007ffe9a0d0000 - 0x00007ffe9a0dc000 	F:\AndroidStudio\jre\bin\management_ext.dll
0x00007ffea9a10000 - 0x00007ffea9a30000 	C:\Windows\SYSTEM32\CRYPTSP.dll
0x00007ffea9630000 - 0x00007ffea9666000 	C:\Windows\system32\rsaenh.dll
0x00007ffea9c50000 - 0x00007ffea9c76000 	C:\Windows\SYSTEM32\bcrypt.dll
0x00007ffea9740000 - 0x00007ffea9761000 	C:\Windows\SYSTEM32\USERENV.dll
0x00007ffea9f70000 - 0x00007ffea9fd3000 	C:\Windows\system32\bcryptprimitives.dll
0x00007ffea9fe0000 - 0x00007ffea9feb000 	C:\Windows\SYSTEM32\CRYPTBASE.dll
0x00007ffea62f0000 - 0x00007ffea631a000 	C:\Windows\SYSTEM32\IPHLPAPI.DLL
0x00007ffea62e0000 - 0x00007ffea62ea000 	C:\Windows\SYSTEM32\WINNSI.DLL
0x00007ffea43b0000 - 0x00007ffea43c6000 	C:\Windows\SYSTEM32\dhcpcsvc6.DLL
0x00007ffea4620000 - 0x00007ffea463a000 	C:\Windows\SYSTEM32\dhcpcsvc.DLL
0x00007ffe98eb0000 - 0x00007ffe98ed7000 	F:\AndroidStudio\jre\bin\sunec.dll

dbghelp: loaded successfully - version: 4.0.5 - missing functions: none
symbol engine: initialized successfully - sym options: 0x614 - pdb path: .;F:\AndroidStudio\jre\bin;C:\Windows\SYSTEM32;C:\Windows\WinSxS\amd64_microsoft.windows.common-controls_6595b64144ccf1df_6.0.9600.19394_none_62486577ecb635cf;F:\AndroidStudio\jre\bin\server;C:\Users\Mikhail\.gradle\native\8bec1ad78214c89d9ad589b4d07fe93259594b29d510b10fafb7a158f7737e5d\windows-amd64;C:\Users\Mikhail\.gradle\native\53dbd7edfb1c66fb8903c78663c9afc45aea4f116125fa6feffd364cf09443e8\windows-amd64

VM Arguments:
jvm_args: --add-opens=java.base/java.util=ALL-UNNAMED --add-opens=java.base/java.lang=ALL-UNNAMED --add-opens=java.base/java.lang.invoke=ALL-UNNAMED --add-opens=java.base/java.util=ALL-UNNAMED --add-opens=java.prefs/java.util.prefs=ALL-UNNAMED --add-opens=java.prefs/java.util.prefs=ALL-UNNAMED --add-opens=java.base/java.nio.charset=ALL-UNNAMED --add-opens=java.base/java.net=ALL-UNNAMED --add-opens=java.base/java.util.concurrent.atomic=ALL-UNNAMED -Xmx2048m -Dfile.encoding=UTF-8 -Duser.country=RU -Duser.language=ru -Duser.variant 
java_command: org.gradle.launcher.daemon.bootstrap.GradleDaemon 7.0.2
java_class_path (initial): C:\Users\Mikhail\.gradle\wrapper\dists\gradle-7.0.2-bin\857tjihv64xamwrf0h14cai3r\gradle-7.0.2\lib\gradle-launcher-7.0.2.jar
Launcher Type: SUN_STANDARD

[Global flags]
     intx CICompilerCount                          = 3                                         {product} {ergonomic}
     uint ConcGCThreads                            = 1                                         {product} {ergonomic}
     uint G1ConcRefinementThreads                  = 4                                         {product} {ergonomic}
   size_t G1HeapRegionSize                         = 1048576                                   {product} {ergonomic}
    uintx GCDrainStackTargetSize                   = 64                                        {product} {ergonomic}
   size_t InitialHeapSize                          = 67108864                                  {product} {ergonomic}
   size_t MarkStackSize                            = 4194304                                   {product} {ergonomic}
   size_t MaxHeapSize                              = 2147483648                                {product} {command line}
   size_t MaxNewSize                               = 1287651328                                {product} {ergonomic}
   size_t MinHeapDeltaBytes                        = 1048576                                   {product} {ergonomic}
    uintx NonNMethodCodeHeapSize                   = 5830732                                {pd product} {ergonomic}
    uintx NonProfiledCodeHeapSize                  = 122913754                              {pd product} {ergonomic}
    uintx ProfiledCodeHeapSize                     = 122913754                              {pd product} {ergonomic}
    uintx ReservedCodeCacheSize                    = 251658240                              {pd product} {ergonomic}
     bool SegmentedCodeCache                       = true                                      {product} {ergonomic}
     bool UseCompressedClassPointers               = true                                 {lp64_product} {ergonomic}
     bool UseCompressedOops                        = true                                 {lp64_product} {ergonomic}
     bool UseG1GC                                  = true                                      {product} {ergonomic}
     bool UseLargePagesIndividualAllocation        = false                                  {pd product} {ergonomic}

Logging:
Log output configuration:
 #0: stdout all=warning uptime,level,tags
 #1: stderr all=off uptime,level,tags

Environment Variables:
PATH=C:\Program Files\Common Files\Oracle\Java\javapath;C:\Program Files (x86)\Common Files\Intel\Shared Libraries\redist\intel64\compiler;C:\Program Files (x86)\Intel\iCLS Client\;C:\Program Files\Intel\iCLS Client\;C:\Windows\system32;C:\Windows;C:\Windows\System32\Wbem;C:\Windows\System32\WindowsPowerShell\v1.0\;C:\Program Files (x86)\ATI Technologies\ATI.ACE\Core-Static;C:\Program Files\Lenovo\Bluetooth Software\;C:\Program Files\Lenovo\Bluetooth Software\syswow64;C:\Program Files\Intel\Intel(R) Management Engine Components\DAL;C:\Program Files\Intel\Intel(R) Management Engine Components\IPT;C:\Program Files (x86)\Intel\Intel(R) Management Engine Components\DAL;C:\Program Files (x86)\Intel\Intel(R) Management Engine Components\IPT;C:\Program Files\Microsoft SQL Server\130\Tools\Binn\;C:\Program Files\Microsoft SQL Server\150\Tools\Binn\;C:\Program Files\Microsoft SQL Server\Client SDK\ODBC\170\Tools\Binn\;C:\Program Files\dotnet\;C:\Program Files\Git\cmd;C:\PHP;C:\Users\Mikhail\AppData\Local\Programs\Python\Python39\Scripts\;C:\Users\Mikhail\.dotnet\tools;F:\heroku\bin
USERNAME=Mikhail
OS=Windows_NT
PROCESSOR_IDENTIFIER=Intel64 Family 6 Model 58 Stepping 9, GenuineIntel



---------------  S Y S T E M  ---------------

OS: Windows 8.1 , 64 bit Build 9600 (6.3.9600.20237)
OS uptime: 0 days 13:39 hours

CPU:total 4 (initial active 4) (2 cores per cpu, 2 threads per core) family 6 model 58 stepping 9 microcode 0x1b, cmov, cx8, fxsr, mmx, sse, sse2, sse3, ssse3, sse4.1, sse4.2, popcnt, avx, clmul, erms, ht, tsc, tscinvbit, tscinv

Memory: 4k page, system-wide physical 3996M (475M free)
TotalPageFile size 6044M (AvailPageFile size 146M)
current process WorkingSet (physical memory assigned to process): 368M, peak: 393M
current process commit charge ("private bytes"): 558M, peak: 862M

vm_info: OpenJDK 64-Bit Server VM (11.0.10+0-b96-7249189) for windows-amd64 JRE (11.0.10+0-b96-7249189), built on Mar 31 2021 21:44:00 by "builder" with MS VC++ 14.0 (VS2015)

END.
