#
# There is insufficient memory for the Java Runtime Environment to continue.
# Native memory allocation (mmap) failed to map 276824064 bytes for Failed to commit area from 0x0000000090800000 to 0x00000000a1000000 of length 276824064.
# Possible reasons:
#   The system is out of physical RAM or swap space
#   The process is running with CompressedOops enabled, and the Java Heap may be blocking the growth of the native heap
# Possible solutions:
#   Reduce memory load on the system
#   Increase physical memory or swap space
#   Check if swap backing store is full
#   Decrease Java heap size (-Xmx/-Xms)
#   Decrease number of Java threads
#   Decrease Java thread stack sizes (-Xss)
#   Set larger code cache with -XX:ReservedCodeCacheSize=
#   JVM is running with Unscaled Compressed Oops mode in which the Java heap is
#     placed in the first 4GB address space. The Java Heap base address is the
#     maximum limit for the native heap growth. Please use -XX:HeapBaseMinAddress
#     to set the Java Heap base and to place the Java Heap above 4GB virtual address.
# This output file may be truncated or incomplete.
#
#  Out of Memory Error (./src/hotspot/os/windows/os_windows.cpp:3301), pid=4108, tid=3484
#
# JRE version: OpenJDK Runtime Environment (11.0.10) (build 11.0.10+0-b96-7249189)
# Java VM: OpenJDK 64-Bit Server VM (11.0.10+0-b96-7249189, mixed mode, tiered, compressed oops, g1 gc, windows-amd64)
# No core dump will be written. Minidumps are not enabled by default on client versions of Windows
#

---------------  S U M M A R Y ------------

Command Line: --add-opens=java.base/java.util=ALL-UNNAMED --add-opens=java.base/java.lang=ALL-UNNAMED --add-opens=java.base/java.lang.invoke=ALL-UNNAMED --add-opens=java.base/java.util=ALL-UNNAMED --add-opens=java.prefs/java.util.prefs=ALL-UNNAMED --add-opens=java.prefs/java.util.prefs=ALL-UNNAMED --add-opens=java.base/java.nio.charset=ALL-UNNAMED --add-opens=java.base/java.net=ALL-UNNAMED --add-opens=java.base/java.util.concurrent.atomic=ALL-UNNAMED -Xmx2048m -Dfile.encoding=UTF-8 -Duser.country=RU -Duser.language=ru -Duser.variant org.gradle.launcher.daemon.bootstrap.GradleDaemon 7.0.2

Host: Intel(R) Core(TM) i3-3110M CPU @ 2.40GHz, 4 cores, 3G,  Windows 8.1 , 64 bit Build 9600 (6.3.9600.20237)
Time: Mon Apr 11 20:32:42 2022 Oeieyiaey (eaoi) elapsed time: 2078.915212 seconds (0d 0h 34m 38s)

---------------  T H R E A D  ---------------

Current thread (0x00000059e0975000):  VMThread "VM Thread" [stack: 0x00000059e0d70000,0x00000059e0e70000] [id=3484]

Stack: [0x00000059e0d70000,0x00000059e0e70000]
[error occurred during error reporting (printing stack bounds), id 0xc0000005, EXCEPTION_ACCESS_VIOLATION (0xc0000005) at pc=0x00000059c9b30f2d]

Native frames: (J=compiled Java code, j=interpreted, Vv=VM code, C=native code)
V  [jvm.dll+0x5ecfaa]
V  [jvm.dll+0x722bd5]
V  [jvm.dll+0x72412d]
V  [jvm.dll+0x724745]
V  [jvm.dll+0x7246fb]
V  [jvm.dll+0x5ec348]
V  [jvm.dll+0x5ecad8]
C  [ntdll.dll+0x92f3d]
C  [ntdll.dll+0x54557]
C  [ntdll.dll+0x920ca]
C  0x00000059c9b30f2d

VM_Operation (0x00000059e54b82a0): G1CollectForAllocation, mode: safepoint, requested by thread 0x00000059e6896800


---------------  P R O C E S S  ---------------

Threads class SMR info:
_java_thread_list=0x00000059ebba2750, length=40, elements={
0x00000059c6078800, 0x00000059e097e000, 0x00000059e0987800, 0x00000059e09da000,
0x00000059e09db000, 0x00000059e09dc000, 0x00000059e09e1800, 0x00000059dff61000,
0x00000059dff68000, 0x00000059e0b40000, 0x00000059e2cdd800, 0x00000059e28da800,
0x00000059e2875000, 0x00000059dff62000, 0x00000059dff5f800, 0x00000059dff62800,
0x00000059dff66000, 0x00000059dff65000, 0x00000059e410d800, 0x00000059e4112800,
0x00000059e4110000, 0x00000059e4113000, 0x00000059e376b800, 0x00000059e3772000,
0x00000059e376f800, 0x00000059e6898000, 0x00000059dff63800, 0x00000059dff60000,
0x00000059dff64000, 0x00000059e6895000, 0x00000059e6896800, 0x00000059e6894000,
0x00000059e6897800, 0x00000059e6895800, 0x00000059e6899000, 0x00000059e689c000,
0x00000059e689b800, 0x00000059e6899800, 0x00000059e689d000, 0x00000059e689a800
}

Java Threads: ( => current thread )
  0x00000059c6078800 JavaThread "main" [_thread_blocked, id=3776, stack(0x00000059c3f80000,0x00000059c4080000)]
  0x00000059e097e000 JavaThread "Reference Handler" daemon [_thread_blocked, id=1980, stack(0x00000059e0e70000,0x00000059e0f70000)]
  0x00000059e0987800 JavaThread "Finalizer" daemon [_thread_blocked, id=1620, stack(0x00000059e0f70000,0x00000059e1070000)]
  0x00000059e09da000 JavaThread "Signal Dispatcher" daemon [_thread_blocked, id=6484, stack(0x00000059e1150000,0x00000059e1250000)]
  0x00000059e09db000 JavaThread "Attach Listener" daemon [_thread_blocked, id=5752, stack(0x00000059e1250000,0x00000059e1350000)]
  0x00000059e09dc000 JavaThread "Service Thread" daemon [_thread_blocked, id=6904, stack(0x00000059e1350000,0x00000059e1450000)]
  0x00000059e09e1800 JavaThread "C2 CompilerThread0" daemon [_thread_blocked, id=5088, stack(0x00000059e1450000,0x00000059e1550000)]
  0x00000059dff61000 JavaThread "C1 CompilerThread0" daemon [_thread_blocked, id=7136, stack(0x00000059e1550000,0x00000059e1650000)]
  0x00000059dff68000 JavaThread "Sweeper thread" daemon [_thread_blocked, id=6492, stack(0x00000059e1650000,0x00000059e1750000)]
  0x00000059e0b40000 JavaThread "Common-Cleaner" daemon [_thread_blocked, id=3504, stack(0x00000059e1750000,0x00000059e1850000)]
  0x00000059e2cdd800 JavaThread "Daemon health stats" [_thread_blocked, id=5628, stack(0x00000059e45f0000,0x00000059e46f0000)]
  0x00000059e28da800 JavaThread "Incoming local TCP Connector on port 58931" [_thread_in_native, id=2888, stack(0x00000059e4bd0000,0x00000059e4cd0000)]
  0x00000059e2875000 JavaThread "Daemon periodic checks" [_thread_blocked, id=4452, stack(0x00000059e4dc0000,0x00000059e4ec0000)]
  0x00000059dff62000 JavaThread "Cache worker for file hash cache (C:\Users\Mikhail\.gradle\caches\7.0.2\fileHashes)" [_thread_blocked, id=6416, stack(0x00000059e5cc0000,0x00000059e5dc0000)]
  0x00000059dff5f800 JavaThread "File lock request listener" [_thread_in_native, id=3532, stack(0x00000059e5dc0000,0x00000059e5ec0000)]
  0x00000059dff62800 JavaThread "Cache worker for journal cache (C:\Users\Mikhail\.gradle\caches\journal-1)" [_thread_blocked, id=4212, stack(0x00000059e60c0000,0x00000059e61c0000)]
  0x00000059dff66000 JavaThread "File watcher server" daemon [_thread_blocked, id=6064, stack(0x00000059e7490000,0x00000059e7590000)]
  0x00000059dff65000 JavaThread "File watcher consumer" daemon [_thread_blocked, id=5344, stack(0x00000059e7590000,0x00000059e7690000)]
  0x00000059e410d800 JavaThread "Cache worker for execution history cache (C:\Users\Mikhail\.gradle\caches\7.0.2\executionHistory)" [_thread_blocked, id=4964, stack(0x00000059e7d90000,0x00000059e7e90000)]
  0x00000059e4112800 JavaThread "jar transforms" [_thread_blocked, id=5396, stack(0x00000059e8490000,0x00000059e8590000)]
  0x00000059e4110000 JavaThread "jar transforms Thread 2" [_thread_blocked, id=1812, stack(0x00000059e8590000,0x00000059e8690000)]
  0x00000059e4113000 JavaThread "Cache worker for file content cache (C:\Users\Mikhail\.gradle\caches\7.0.2\fileContent)" [_thread_blocked, id=1016, stack(0x00000059e8890000,0x00000059e8990000)]
  0x00000059e376b800 JavaThread "jar transforms Thread 3" [_thread_blocked, id=5744, stack(0x00000059e8f30000,0x00000059e9030000)]
  0x00000059e3772000 JavaThread "jar transforms Thread 4" [_thread_blocked, id=5420, stack(0x00000059ea900000,0x00000059eaa00000)]
  0x00000059e376f800 JavaThread "Memory manager" [_thread_blocked, id=2276, stack(0x00000059eb400000,0x00000059eb500000)]
  0x00000059e6898000 JavaThread "Cache worker for Java compile cache (C:\Users\Mikhail\.gradle\caches\7.0.2\javaCompile)" [_thread_blocked, id=1640, stack(0x00000059efb00000,0x00000059efc00000)]
  0x00000059dff63800 JavaThread "ForkJoinPool.commonPool-worker-3" daemon [_thread_blocked, id=1648, stack(0x00000059f0740000,0x00000059f0840000)]
  0x00000059dff60000 JavaThread "Daemon Thread 4" [_thread_blocked, id=4120, stack(0x00000059e50c0000,0x00000059e51c0000)]
  0x00000059dff64000 JavaThread "Handler for socket connection from /127.0.0.1:58931 to /127.0.0.1:64306" [_thread_in_native, id=2308, stack(0x00000059e51c0000,0x00000059e52c0000)]
  0x00000059e6895000 JavaThread "Cancel handler" [_thread_blocked, id=6752, stack(0x00000059e52c0000,0x00000059e53c0000)]
  0x00000059e6896800 JavaThread "Daemon worker Thread 4" [_thread_blocked, id=3956, stack(0x00000059e53c0000,0x00000059e54c0000)]
  0x00000059e6894000 JavaThread "Asynchronous log dispatcher for DefaultDaemonConnection: socket connection from /127.0.0.1:58931 to /127.0.0.1:64306" [_thread_blocked, id=6280, stack(0x00000059e54c0000,0x00000059e55c0000)]
  0x00000059e6897800 JavaThread "Stdin handler" [_thread_blocked, id=4608, stack(0x00000059e55c0000,0x00000059e56c0000)]
  0x00000059e6895800 JavaThread "Daemon client event forwarder" [_thread_blocked, id=6680, stack(0x00000059e56c0000,0x00000059e57c0000)]
  0x00000059e6899000 JavaThread "Cache worker for file hash cache (C:\Users\Mikhail\Desktop\Java projects\TestFirstLibrary\.gradle\7.0.2\fileHashes)" [_thread_blocked, id=7056, stack(0x00000059e63c0000,0x00000059e64c0000)]
  0x00000059e689c000 JavaThread "Cache worker for checksums cache (C:\Users\Mikhail\Desktop\Java projects\TestFirstLibrary\.gradle\checksums)" [_thread_blocked, id=2436, stack(0x00000059e7c90000,0x00000059e7d90000)]
  0x00000059e689b800 JavaThread "Cache worker for cache directory md-supplier (C:\Users\Mikhail\.gradle\caches\7.0.2\md-supplier)" [_thread_blocked, id=5472, stack(0x00000059e8d90000,0x00000059e8e90000)]
  0x00000059e6899800 JavaThread "Cache worker for cache directory md-rule (C:\Users\Mikhail\.gradle\caches\7.0.2\md-rule)" [_thread_blocked, id=2332, stack(0x00000059ea200000,0x00000059ea300000)]
  0x00000059e689d000 JavaThread "Cache worker for dependencies-accessors (C:\Users\Mikhail\Desktop\Java projects\TestFirstLibrary\.gradle\7.0.2\dependencies-accessors)" [_thread_blocked, id=2116, stack(0x00000059ea500000,0x00000059ea600000)]
  0x00000059e689a800 JavaThread "Cache worker for Build Output Cleanup Cache (C:\Users\Mikhail\Desktop\Java projects\TestFirstLibrary\.gradle\buildOutputCleanup)" [_thread_blocked, id=6340, stack(0x00000059ea600000,0x00000059ea700000)]

Other Threads:
=>0x00000059e0975000 VMThread "VM Thread" [stack: 0x00000059e0d70000,0x00000059e0e70000] [id=3484]
  0x00000059e0b5e000 WatcherThread [stack: 0x00000059e1850000,0x00000059e1950000] [id=96]
  0x00000059c6091000 GCTaskThread "GC Thread#0" [stack: 0x00000059c5a00000,0x00000059c5b00000] [id=3948]
  0x00000059e0d4a800 GCTaskThread "GC Thread#1" [stack: 0x00000059e2150000,0x00000059e2250000] [id=6336]
  0x00000059e2adb800 GCTaskThread "GC Thread#2" [stack: 0x00000059e5ac0000,0x00000059e5bc0000] [id=6556]
  0x00000059e36d6800 GCTaskThread "GC Thread#3" [stack: 0x00000059e5bc0000,0x00000059e5cc0000] [id=5696]
  0x00000059c60c3800 ConcurrentGCThread "G1 Main Marker" [stack: 0x00000059dd730000,0x00000059dd830000] [id=348]
  0x00000059c60c5000 ConcurrentGCThread "G1 Conc#0" [stack: 0x00000059dd830000,0x00000059dd930000] [id=5312]
  0x00000059dfda9800 ConcurrentGCThread "G1 Refine#0" [stack: 0x00000059dff70000,0x00000059e0070000] [id=4684]
  0x00000059dfdaa800 ConcurrentGCThread "G1 Young RemSet Sampling" [stack: 0x00000059e0070000,0x00000059e0170000] [id=1872]

Threads with active compile tasks:
C1 CompilerThread02079385 18830       3       java.util.BitSet::clear (70 bytes)

VM state:at safepoint (normal execution)

VM Mutex/Monitor currently owned by a thread:  ([mutex/lock_event])
[0x00000059c60762f0] Threads_lock - owner thread: 0x00000059e0975000
[0x00000059c6076e30] Heap_lock - owner thread: 0x00000059e6896800

Heap address: 0x0000000080000000, size: 2048 MB, Compressed Oops mode: 32-bit
Narrow klass base: 0x0000000000000000, Narrow klass shift: 3
Compressed class space size: 1073741824 Address: 0x0000000100000000

Heap:
 garbage-first heap   total 540672K, used 119119K [0x0000000080000000, 0x0000000100000000)
  region size 1024K, 2 young (2048K), 2 survivors (2048K)
 Metaspace       used 114837K, capacity 118119K, committed 118400K, reserved 1150976K
  class space    used 14690K, capacity 15894K, committed 16000K, reserved 1048576K
Heap Regions: E=young(eden), S=young(survivor), O=old, HS=humongous(starts), HC=humongous(continues), CS=collection set, F=free, A=archive, TAMS=top-at-mark-start (previous, next)
|   0|0x0000000080000000, 0x0000000080100000, 0x0000000080100000|100%| O|  |TAMS 0x0000000080100000, 0x0000000080000000| Untracked 
|   1|0x0000000080100000, 0x0000000080200000, 0x0000000080200000|100%| O|  |TAMS 0x0000000080200000, 0x0000000080100000| Untracked 
|   2|0x0000000080200000, 0x0000000080300000, 0x0000000080300000|100%| O|  |TAMS 0x0000000080300000, 0x0000000080200000| Untracked 
|   3|0x0000000080300000, 0x0000000080400000, 0x0000000080400000|100%|HS|  |TAMS 0x0000000080400000, 0x0000000080300000| Complete 
|   4|0x0000000080400000, 0x0000000080500000, 0x0000000080500000|100%|HC|  |TAMS 0x0000000080500000, 0x0000000080400000| Complete 
|   5|0x0000000080500000, 0x0000000080600000, 0x0000000080600000|100%|HC|  |TAMS 0x0000000080600000, 0x0000000080500000| Complete 
|   6|0x0000000080600000, 0x0000000080700000, 0x0000000080700000|100%| O|  |TAMS 0x0000000080700000, 0x0000000080600000| Untracked 
|   7|0x0000000080700000, 0x0000000080800000, 0x0000000080800000|100%| O|  |TAMS 0x0000000080800000, 0x0000000080700000| Untracked 
|   8|0x0000000080800000, 0x0000000080900000, 0x0000000080900000|100%| O|  |TAMS 0x0000000080900000, 0x0000000080800000| Untracked 
|   9|0x0000000080900000, 0x0000000080a00000, 0x0000000080a00000|100%| O|  |TAMS 0x0000000080a00000, 0x0000000080900000| Untracked 
|  10|0x0000000080a00000, 0x0000000080b00000, 0x0000000080b00000|100%| O|  |TAMS 0x0000000080b00000, 0x0000000080a00000| Untracked 
|  11|0x0000000080b00000, 0x0000000080c00000, 0x0000000080c00000|100%| O|  |TAMS 0x0000000080c00000, 0x0000000080b00000| Untracked 
|  12|0x0000000080c00000, 0x0000000080d00000, 0x0000000080d00000|100%| O|  |TAMS 0x0000000080d00000, 0x0000000080c00000| Untracked 
|  13|0x0000000080d00000, 0x0000000080e00000, 0x0000000080e00000|100%| O|  |TAMS 0x0000000080e00000, 0x0000000080d00000| Untracked 
|  14|0x0000000080e00000, 0x0000000080f00000, 0x0000000080f00000|100%| O|  |TAMS 0x0000000080f00000, 0x0000000080e00000| Untracked 
|  15|0x0000000080f00000, 0x0000000081000000, 0x0000000081000000|100%| O|  |TAMS 0x0000000081000000, 0x0000000080f00000| Untracked 
|  16|0x0000000081000000, 0x0000000081100000, 0x0000000081100000|100%| O|  |TAMS 0x0000000081100000, 0x0000000081000000| Untracked 
|  17|0x0000000081100000, 0x0000000081200000, 0x0000000081200000|100%| O|  |TAMS 0x0000000081200000, 0x0000000081100000| Untracked 
|  18|0x0000000081200000, 0x0000000081300000, 0x0000000081300000|100%| O|  |TAMS 0x0000000081300000, 0x0000000081200000| Untracked 
|  19|0x0000000081300000, 0x0000000081400000, 0x0000000081400000|100%| O|  |TAMS 0x0000000081400000, 0x0000000081300000| Untracked 
|  20|0x0000000081400000, 0x0000000081500000, 0x0000000081500000|100%| O|  |TAMS 0x0000000081500000, 0x0000000081400000| Untracked 
|  21|0x0000000081500000, 0x0000000081600000, 0x0000000081600000|100%| O|  |TAMS 0x0000000081600000, 0x0000000081500000| Untracked 
|  22|0x0000000081600000, 0x0000000081700000, 0x0000000081700000|100%| O|  |TAMS 0x0000000081700000, 0x0000000081600000| Untracked 
|  23|0x0000000081700000, 0x0000000081800000, 0x0000000081800000|100%| O|  |TAMS 0x0000000081800000, 0x0000000081700000| Untracked 
|  24|0x0000000081800000, 0x0000000081900000, 0x0000000081900000|100%| O|  |TAMS 0x0000000081900000, 0x0000000081800000| Untracked 
|  25|0x0000000081900000, 0x0000000081a00000, 0x0000000081a00000|100%| O|  |TAMS 0x0000000081a00000, 0x0000000081900000| Untracked 
|  26|0x0000000081a00000, 0x0000000081b00000, 0x0000000081b00000|100%| O|  |TAMS 0x0000000081b00000, 0x0000000081a00000| Untracked 
|  27|0x0000000081b00000, 0x0000000081c00000, 0x0000000081c00000|100%| O|  |TAMS 0x0000000081c00000, 0x0000000081b00000| Untracked 
|  28|0x0000000081c00000, 0x0000000081d00000, 0x0000000081d00000|100%|HS|  |TAMS 0x0000000081d00000, 0x0000000081c00000| Complete 
|  29|0x0000000081d00000, 0x0000000081e00000, 0x0000000081e00000|100%| O|  |TAMS 0x0000000081e00000, 0x0000000081d00000| Untracked 
|  30|0x0000000081e00000, 0x0000000081f00000, 0x0000000081f00000|100%|HS|  |TAMS 0x0000000081f00000, 0x0000000081e00000| Complete 
|  31|0x0000000081f00000, 0x0000000082000000, 0x0000000082000000|100%| O|  |TAMS 0x0000000082000000, 0x0000000081f00000| Untracked 
|  32|0x0000000082000000, 0x0000000082100000, 0x0000000082100000|100%| O|  |TAMS 0x0000000082100000, 0x0000000082000000| Untracked 
|  33|0x0000000082100000, 0x0000000082200000, 0x0000000082200000|100%| O|  |TAMS 0x0000000082200000, 0x0000000082100000| Untracked 
|  34|0x0000000082200000, 0x0000000082300000, 0x0000000082300000|100%|HS|  |TAMS 0x0000000082300000, 0x0000000082200000| Complete 
|  35|0x0000000082300000, 0x0000000082400000, 0x0000000082400000|100%|HC|  |TAMS 0x0000000082400000, 0x0000000082300000| Complete 
|  36|0x0000000082400000, 0x0000000082500000, 0x0000000082500000|100%| O|  |TAMS 0x0000000082500000, 0x0000000082400000| Untracked 
|  37|0x0000000082500000, 0x0000000082600000, 0x0000000082600000|100%| O|  |TAMS 0x0000000082600000, 0x0000000082500000| Untracked 
|  38|0x0000000082600000, 0x0000000082700000, 0x0000000082700000|100%| O|  |TAMS 0x0000000082700000, 0x0000000082600000| Untracked 
|  39|0x0000000082700000, 0x0000000082800000, 0x0000000082800000|100%| O|  |TAMS 0x0000000082800000, 0x0000000082700000| Untracked 
|  40|0x0000000082800000, 0x0000000082900000, 0x0000000082900000|100%| O|  |TAMS 0x0000000082900000, 0x0000000082800000| Untracked 
|  41|0x0000000082900000, 0x0000000082a00000, 0x0000000082a00000|100%| O|  |TAMS 0x0000000082a00000, 0x0000000082900000| Untracked 
|  42|0x0000000082a00000, 0x0000000082b00000, 0x0000000082b00000|100%| O|  |TAMS 0x0000000082b00000, 0x0000000082a00000| Untracked 
|  43|0x0000000082b00000, 0x0000000082c00000, 0x0000000082c00000|100%| O|  |TAMS 0x0000000082c00000, 0x0000000082b00000| Untracked 
|  44|0x0000000082c00000, 0x0000000082d00000, 0x0000000082d00000|100%| O|  |TAMS 0x0000000082c00000, 0x0000000082c00000| Untracked 
|  45|0x0000000082d00000, 0x0000000082e00000, 0x0000000082e00000|100%| O|  |TAMS 0x0000000082d00000, 0x0000000082d00000| Untracked 
|  46|0x0000000082e00000, 0x0000000082f00000, 0x0000000082f00000|100%| O|  |TAMS 0x0000000082f00000, 0x0000000082e00000| Untracked 
|  47|0x0000000082f00000, 0x0000000083000000, 0x0000000083000000|100%| O|  |TAMS 0x0000000083000000, 0x0000000082f00000| Untracked 
|  48|0x0000000083000000, 0x0000000083100000, 0x0000000083100000|100%| O|  |TAMS 0x0000000083100000, 0x0000000083000000| Untracked 
|  49|0x0000000083100000, 0x0000000083200000, 0x0000000083200000|100%| O|  |TAMS 0x0000000083200000, 0x0000000083100000| Untracked 
|  50|0x0000000083200000, 0x0000000083300000, 0x0000000083300000|100%| O|  |TAMS 0x0000000083300000, 0x0000000083200000| Untracked 
|  51|0x0000000083300000, 0x0000000083400000, 0x0000000083400000|100%| O|  |TAMS 0x0000000083400000, 0x0000000083300000| Untracked 
|  52|0x0000000083400000, 0x0000000083500000, 0x0000000083500000|100%| O|  |TAMS 0x0000000083500000, 0x0000000083400000| Untracked 
|  53|0x0000000083500000, 0x0000000083600000, 0x0000000083600000|100%| O|  |TAMS 0x0000000083600000, 0x0000000083500000| Untracked 
|  54|0x0000000083600000, 0x0000000083700000, 0x0000000083700000|100%| O|  |TAMS 0x0000000083700000, 0x0000000083600000| Untracked 
|  55|0x0000000083700000, 0x0000000083800000, 0x0000000083800000|100%| O|  |TAMS 0x0000000083800000, 0x0000000083700000| Untracked 
|  56|0x0000000083800000, 0x0000000083900000, 0x0000000083900000|100%| O|  |TAMS 0x0000000083900000, 0x0000000083800000| Untracked 
|  57|0x0000000083900000, 0x0000000083a00000, 0x0000000083a00000|100%| O|  |TAMS 0x0000000083a00000, 0x0000000083900000| Untracked 
|  58|0x0000000083a00000, 0x0000000083b00000, 0x0000000083b00000|100%| O|  |TAMS 0x0000000083a00000, 0x0000000083a00000| Untracked 
|  59|0x0000000083b00000, 0x0000000083c00000, 0x0000000083c00000|100%| O|  |TAMS 0x0000000083c00000, 0x0000000083b00000| Untracked 
|  60|0x0000000083c00000, 0x0000000083d00000, 0x0000000083d00000|100%| O|  |TAMS 0x0000000083d00000, 0x0000000083c00000| Untracked 
|  61|0x0000000083d00000, 0x0000000083e00000, 0x0000000083e00000|100%| O|  |TAMS 0x0000000083e00000, 0x0000000083d00000| Untracked 
|  62|0x0000000083e00000, 0x0000000083f00000, 0x0000000083f00000|100%| O|  |TAMS 0x0000000083f00000, 0x0000000083e00000| Untracked 
|  63|0x0000000083f00000, 0x0000000084000000, 0x0000000084000000|100%| O|  |TAMS 0x0000000084000000, 0x0000000083f00000| Untracked 
|  64|0x0000000084000000, 0x0000000084100000, 0x0000000084100000|100%| O|  |TAMS 0x0000000084100000, 0x0000000084000000| Untracked 
|  65|0x0000000084100000, 0x0000000084200000, 0x0000000084200000|100%| O|  |TAMS 0x0000000084200000, 0x0000000084100000| Untracked 
|  66|0x0000000084200000, 0x0000000084300000, 0x0000000084300000|100%| O|  |TAMS 0x0000000084300000, 0x0000000084200000| Untracked 
|  67|0x0000000084300000, 0x0000000084400000, 0x0000000084400000|100%| O|  |TAMS 0x0000000084400000, 0x0000000084300000| Untracked 
|  68|0x0000000084400000, 0x0000000084500000, 0x0000000084500000|100%| O|  |TAMS 0x0000000084500000, 0x0000000084400000| Untracked 
|  69|0x0000000084500000, 0x0000000084600000, 0x0000000084600000|100%| O|  |TAMS 0x0000000084600000, 0x0000000084500000| Untracked 
|  70|0x0000000084600000, 0x0000000084700000, 0x0000000084700000|100%| O|  |TAMS 0x0000000084700000, 0x0000000084600000| Untracked 
|  71|0x0000000084700000, 0x0000000084800000, 0x0000000084800000|100%| O|  |TAMS 0x0000000084800000, 0x0000000084700000| Untracked 
|  72|0x0000000084800000, 0x0000000084900000, 0x0000000084900000|100%| O|  |TAMS 0x0000000084900000, 0x0000000084800000| Untracked 
|  73|0x0000000084900000, 0x0000000084a00000, 0x0000000084a00000|100%| O|  |TAMS 0x0000000084a00000, 0x0000000084900000| Untracked 
|  74|0x0000000084a00000, 0x0000000084b00000, 0x0000000084b00000|100%| O|  |TAMS 0x0000000084b00000, 0x0000000084a00000| Untracked 
|  75|0x0000000084b00000, 0x0000000084c00000, 0x0000000084c00000|100%| O|  |TAMS 0x0000000084b00000, 0x0000000084b00000| Untracked 
|  76|0x0000000084c00000, 0x0000000084d00000, 0x0000000084d00000|100%| O|  |TAMS 0x0000000084d00000, 0x0000000084c00000| Untracked 
|  77|0x0000000084d00000, 0x0000000084e00000, 0x0000000084e00000|100%| O|  |TAMS 0x0000000084e00000, 0x0000000084d00000| Untracked 
|  78|0x0000000084e00000, 0x0000000084f00000, 0x0000000084f00000|100%| O|  |TAMS 0x0000000084f00000, 0x0000000084e00000| Untracked 
|  79|0x0000000084f00000, 0x0000000085000000, 0x0000000085000000|100%| O|  |TAMS 0x0000000085000000, 0x0000000084f00000| Untracked 
|  80|0x0000000085000000, 0x0000000085100000, 0x0000000085100000|100%| O|  |TAMS 0x0000000085100000, 0x0000000085000000| Untracked 
|  81|0x0000000085100000, 0x0000000085200000, 0x0000000085200000|100%| O|  |TAMS 0x0000000085200000, 0x0000000085100000| Untracked 
|  82|0x0000000085200000, 0x0000000085300000, 0x0000000085300000|100%| O|  |TAMS 0x0000000085300000, 0x0000000085200000| Untracked 
|  83|0x0000000085300000, 0x0000000085400000, 0x0000000085400000|100%| O|  |TAMS 0x0000000085400000, 0x0000000085300000| Untracked 
|  84|0x0000000085400000, 0x0000000085500000, 0x0000000085500000|100%| O|  |TAMS 0x0000000085500000, 0x0000000085400000| Untracked 
|  85|0x0000000085500000, 0x0000000085600000, 0x0000000085600000|100%| O|  |TAMS 0x0000000085600000, 0x0000000085500000| Untracked 
|  86|0x0000000085600000, 0x0000000085700000, 0x0000000085700000|100%| O|  |TAMS 0x0000000085700000, 0x0000000085600000| Untracked 
|  87|0x0000000085700000, 0x0000000085800000, 0x0000000085800000|100%| O|  |TAMS 0x0000000085800000, 0x0000000085700000| Untracked 
|  88|0x0000000085800000, 0x0000000085900000, 0x0000000085900000|100%| O|  |TAMS 0x0000000085900000, 0x0000000085800000| Untracked 
|  89|0x0000000085900000, 0x0000000085a00000, 0x0000000085a00000|100%| O|  |TAMS 0x0000000085a00000, 0x0000000085900000| Untracked 
|  90|0x0000000085a00000, 0x0000000085b00000, 0x0000000085b00000|100%| O|  |TAMS 0x0000000085b00000, 0x0000000085a00000| Untracked 
|  91|0x0000000085b00000, 0x0000000085c00000, 0x0000000085c00000|100%| O|  |TAMS 0x0000000085c00000, 0x0000000085b00000| Untracked 
|  92|0x0000000085c00000, 0x0000000085d00000, 0x0000000085d00000|100%| O|  |TAMS 0x0000000085d00000, 0x0000000085c00000| Untracked 
|  93|0x0000000085d00000, 0x0000000085e00000, 0x0000000085e00000|100%| O|  |TAMS 0x0000000085d4fe00, 0x0000000085d00000| Untracked 
|  94|0x0000000085e00000, 0x0000000085f00000, 0x0000000085f00000|100%| O|  |TAMS 0x0000000085e00000, 0x0000000085e00000| Untracked 
|  95|0x0000000085f00000, 0x0000000086000000, 0x0000000086000000|100%| O|  |TAMS 0x0000000085f00000, 0x0000000085f00000| Untracked 
|  96|0x0000000086000000, 0x0000000086100000, 0x0000000086100000|100%| O|  |TAMS 0x0000000086000000, 0x0000000086000000| Untracked 
|  97|0x0000000086100000, 0x0000000086200000, 0x0000000086200000|100%| O|  |TAMS 0x0000000086100000, 0x0000000086100000| Untracked 
|  98|0x0000000086200000, 0x0000000086300000, 0x0000000086300000|100%| O|  |TAMS 0x0000000086200000, 0x0000000086200000| Untracked 
|  99|0x0000000086300000, 0x0000000086400000, 0x0000000086400000|100%| O|  |TAMS 0x0000000086300000, 0x0000000086300000| Untracked 
| 100|0x0000000086400000, 0x0000000086500000, 0x0000000086500000|100%| O|  |TAMS 0x0000000086400000, 0x0000000086400000| Untracked 
| 101|0x0000000086500000, 0x0000000086600000, 0x0000000086600000|100%| O|  |TAMS 0x0000000086500000, 0x0000000086500000| Untracked 
| 102|0x0000000086600000, 0x0000000086700000, 0x0000000086700000|100%| O|  |TAMS 0x0000000086600000, 0x0000000086600000| Untracked 
| 103|0x0000000086700000, 0x0000000086800000, 0x0000000086800000|100%|HS|  |TAMS 0x0000000086700000, 0x0000000086700000| Complete 
| 104|0x0000000086800000, 0x0000000086900000, 0x0000000086900000|100%|HC|  |TAMS 0x0000000086800000, 0x0000000086800000| Complete 
| 105|0x0000000086900000, 0x0000000086a00000, 0x0000000086a00000|100%| O|  |TAMS 0x0000000086900000, 0x0000000086900000| Untracked 
| 106|0x0000000086a00000, 0x0000000086b00000, 0x0000000086b00000|100%| O|  |TAMS 0x0000000086a00000, 0x0000000086a00000| Untracked 
| 107|0x0000000086b00000, 0x0000000086c00000, 0x0000000086c00000|100%| O|  |TAMS 0x0000000086b00000, 0x0000000086b00000| Untracked 
| 108|0x0000000086c00000, 0x0000000086d00000, 0x0000000086d00000|100%| O|  |TAMS 0x0000000086c00000, 0x0000000086c00000| Untracked 
| 109|0x0000000086d00000, 0x0000000086e00000, 0x0000000086e00000|100%| O|  |TAMS 0x0000000086d00000, 0x0000000086d00000| Untracked 
| 110|0x0000000086e00000, 0x0000000086f00000, 0x0000000086f00000|100%| O|  |TAMS 0x0000000086e00000, 0x0000000086e00000| Untracked 
| 111|0x0000000086f00000, 0x0000000087000000, 0x0000000087000000|100%| O|  |TAMS 0x0000000086f00000, 0x0000000086f00000| Untracked 
| 112|0x0000000087000000, 0x0000000087100000, 0x0000000087100000|100%| O|  |TAMS 0x0000000087000000, 0x0000000087000000| Untracked 
| 113|0x0000000087100000, 0x0000000087200000, 0x0000000087200000|100%| O|  |TAMS 0x0000000087100000, 0x0000000087100000| Untracked 
| 114|0x0000000087200000, 0x0000000087300000, 0x0000000087300000|100%| O|  |TAMS 0x0000000087200000, 0x0000000087200000| Untracked 
| 115|0x0000000087300000, 0x0000000087300000, 0x0000000087400000|  0%| F|  |TAMS 0x0000000087300000, 0x0000000087300000| Untracked 
| 116|0x0000000087400000, 0x0000000087400000, 0x0000000087500000|  0%| F|  |TAMS 0x0000000087400000, 0x0000000087400000| Untracked 
| 117|0x0000000087500000, 0x0000000087500000, 0x0000000087600000|  0%| F|  |TAMS 0x0000000087500000, 0x0000000087500000| Untracked 
| 118|0x0000000087600000, 0x0000000087600000, 0x0000000087700000|  0%| F|  |TAMS 0x0000000087600000, 0x0000000087600000| Untracked 
| 119|0x0000000087700000, 0x0000000087700000, 0x0000000087800000|  0%| F|  |TAMS 0x0000000087700000, 0x0000000087700000| Untracked 
| 120|0x0000000087800000, 0x0000000087800000, 0x0000000087900000|  0%| F|  |TAMS 0x0000000087800000, 0x0000000087800000| Untracked 
| 121|0x0000000087900000, 0x0000000087900000, 0x0000000087a00000|  0%| F|  |TAMS 0x0000000087900000, 0x0000000087900000| Untracked 
| 122|0x0000000087a00000, 0x0000000087a00000, 0x0000000087b00000|  0%| F|  |TAMS 0x0000000087a00000, 0x0000000087a00000| Untracked 
| 123|0x0000000087b00000, 0x0000000087b00000, 0x0000000087c00000|  0%| F|  |TAMS 0x0000000087b00000, 0x0000000087b00000| Untracked 
| 124|0x0000000087c00000, 0x0000000087c00000, 0x0000000087d00000|  0%| F|  |TAMS 0x0000000087c00000, 0x0000000087c00000| Untracked 
| 125|0x0000000087d00000, 0x0000000087d00000, 0x0000000087e00000|  0%| F|  |TAMS 0x0000000087d00000, 0x0000000087d00000| Untracked 
| 126|0x0000000087e00000, 0x0000000087e00000, 0x0000000087f00000|  0%| F|  |TAMS 0x0000000087e00000, 0x0000000087e00000| Untracked 
| 127|0x0000000087f00000, 0x0000000087f00000, 0x0000000088000000|  0%| F|  |TAMS 0x0000000087f00000, 0x0000000087f00000| Untracked 
| 128|0x0000000088000000, 0x0000000088000000, 0x0000000088100000|  0%| F|  |TAMS 0x0000000088000000, 0x0000000088000000| Untracked 
| 129|0x0000000088100000, 0x0000000088100000, 0x0000000088200000|  0%| F|  |TAMS 0x0000000088100000, 0x0000000088100000| Untracked 
| 130|0x0000000088200000, 0x0000000088200000, 0x0000000088300000|  0%| F|  |TAMS 0x0000000088200000, 0x0000000088200000| Untracked 
| 131|0x0000000088300000, 0x0000000088300000, 0x0000000088400000|  0%| F|  |TAMS 0x0000000088300000, 0x0000000088300000| Untracked 
| 132|0x0000000088400000, 0x0000000088400000, 0x0000000088500000|  0%| F|  |TAMS 0x0000000088400000, 0x0000000088400000| Untracked 
| 133|0x0000000088500000, 0x0000000088500000, 0x0000000088600000|  0%| F|  |TAMS 0x0000000088500000, 0x0000000088500000| Untracked 
| 134|0x0000000088600000, 0x0000000088600000, 0x0000000088700000|  0%| F|  |TAMS 0x0000000088600000, 0x0000000088600000| Untracked 
| 135|0x0000000088700000, 0x0000000088700000, 0x0000000088800000|  0%| F|  |TAMS 0x0000000088700000, 0x0000000088700000| Untracked 
| 136|0x0000000088800000, 0x0000000088800000, 0x0000000088900000|  0%| F|  |TAMS 0x0000000088800000, 0x0000000088800000| Untracked 
| 137|0x0000000088900000, 0x0000000088900000, 0x0000000088a00000|  0%| F|  |TAMS 0x0000000088900000, 0x0000000088900000| Untracked 
| 138|0x0000000088a00000, 0x0000000088a00000, 0x0000000088b00000|  0%| F|  |TAMS 0x0000000088a00000, 0x0000000088a00000| Untracked 
| 139|0x0000000088b00000, 0x0000000088b00000, 0x0000000088c00000|  0%| F|  |TAMS 0x0000000088b00000, 0x0000000088b00000| Untracked 
| 140|0x0000000088c00000, 0x0000000088c00000, 0x0000000088d00000|  0%| F|  |TAMS 0x0000000088c00000, 0x0000000088c00000| Untracked 
| 141|0x0000000088d00000, 0x0000000088d00000, 0x0000000088e00000|  0%| F|  |TAMS 0x0000000088d00000, 0x0000000088d00000| Untracked 
| 142|0x0000000088e00000, 0x0000000088e00000, 0x0000000088f00000|  0%| F|  |TAMS 0x0000000088e00000, 0x0000000088e00000| Untracked 
| 143|0x0000000088f00000, 0x0000000088f00000, 0x0000000089000000|  0%| F|  |TAMS 0x0000000088f00000, 0x0000000088f00000| Untracked 
| 144|0x0000000089000000, 0x0000000089000000, 0x0000000089100000|  0%| F|  |TAMS 0x0000000089000000, 0x0000000089000000| Untracked 
| 145|0x0000000089100000, 0x0000000089100000, 0x0000000089200000|  0%| F|  |TAMS 0x0000000089100000, 0x0000000089100000| Untracked 
| 146|0x0000000089200000, 0x0000000089200000, 0x0000000089300000|  0%| F|  |TAMS 0x0000000089200000, 0x0000000089200000| Untracked 
| 147|0x0000000089300000, 0x0000000089300000, 0x0000000089400000|  0%| F|  |TAMS 0x0000000089300000, 0x0000000089300000| Untracked 
| 148|0x0000000089400000, 0x0000000089400000, 0x0000000089500000|  0%| F|  |TAMS 0x0000000089400000, 0x0000000089400000| Untracked 
| 149|0x0000000089500000, 0x0000000089500000, 0x0000000089600000|  0%| F|  |TAMS 0x0000000089500000, 0x0000000089500000| Untracked 
| 150|0x0000000089600000, 0x0000000089600000, 0x0000000089700000|  0%| F|  |TAMS 0x0000000089600000, 0x0000000089600000| Untracked 
| 151|0x0000000089700000, 0x0000000089700000, 0x0000000089800000|  0%| F|  |TAMS 0x0000000089700000, 0x0000000089700000| Untracked 
| 152|0x0000000089800000, 0x0000000089800000, 0x0000000089900000|  0%| F|  |TAMS 0x0000000089800000, 0x0000000089800000| Untracked 
| 153|0x0000000089900000, 0x0000000089900000, 0x0000000089a00000|  0%| F|  |TAMS 0x0000000089900000, 0x0000000089900000| Untracked 
| 154|0x0000000089a00000, 0x0000000089a00000, 0x0000000089b00000|  0%| F|  |TAMS 0x0000000089a00000, 0x0000000089a00000| Untracked 
| 155|0x0000000089b00000, 0x0000000089b00000, 0x0000000089c00000|  0%| F|  |TAMS 0x0000000089b00000, 0x0000000089b00000| Untracked 
| 156|0x0000000089c00000, 0x0000000089c00000, 0x0000000089d00000|  0%| F|  |TAMS 0x0000000089c00000, 0x0000000089c00000| Untracked 
| 157|0x0000000089d00000, 0x0000000089d00000, 0x0000000089e00000|  0%| F|  |TAMS 0x0000000089d00000, 0x0000000089d00000| Untracked 
| 158|0x0000000089e00000, 0x0000000089e00000, 0x0000000089f00000|  0%| F|  |TAMS 0x0000000089e00000, 0x0000000089e00000| Untracked 
| 159|0x0000000089f00000, 0x0000000089f00000, 0x000000008a000000|  0%| F|  |TAMS 0x0000000089f00000, 0x0000000089f00000| Untracked 
| 160|0x000000008a000000, 0x000000008a000000, 0x000000008a100000|  0%| F|  |TAMS 0x000000008a000000, 0x000000008a000000| Untracked 
| 161|0x000000008a100000, 0x000000008a100000, 0x000000008a200000|  0%| F|  |TAMS 0x000000008a100000, 0x000000008a100000| Untracked 
| 162|0x000000008a200000, 0x000000008a200000, 0x000000008a300000|  0%| F|  |TAMS 0x000000008a200000, 0x000000008a200000| Untracked 
| 163|0x000000008a300000, 0x000000008a300000, 0x000000008a400000|  0%| F|  |TAMS 0x000000008a300000, 0x000000008a300000| Untracked 
| 164|0x000000008a400000, 0x000000008a400000, 0x000000008a500000|  0%| F|  |TAMS 0x000000008a400000, 0x000000008a400000| Untracked 
| 165|0x000000008a500000, 0x000000008a500000, 0x000000008a600000|  0%| F|  |TAMS 0x000000008a500000, 0x000000008a500000| Untracked 
| 166|0x000000008a600000, 0x000000008a600000, 0x000000008a700000|  0%| F|  |TAMS 0x000000008a600000, 0x000000008a600000| Untracked 
| 167|0x000000008a700000, 0x000000008a700000, 0x000000008a800000|  0%| F|  |TAMS 0x000000008a700000, 0x000000008a700000| Untracked 
| 168|0x000000008a800000, 0x000000008a800000, 0x000000008a900000|  0%| F|  |TAMS 0x000000008a800000, 0x000000008a800000| Untracked 
| 169|0x000000008a900000, 0x000000008a900000, 0x000000008aa00000|  0%| F|  |TAMS 0x000000008a900000, 0x000000008a900000| Untracked 
| 170|0x000000008aa00000, 0x000000008aa00000, 0x000000008ab00000|  0%| F|  |TAMS 0x000000008aa00000, 0x000000008aa00000| Untracked 
| 171|0x000000008ab00000, 0x000000008ab00000, 0x000000008ac00000|  0%| F|  |TAMS 0x000000008ab00000, 0x000000008ab00000| Untracked 
| 172|0x000000008ac00000, 0x000000008ac00000, 0x000000008ad00000|  0%| F|  |TAMS 0x000000008ac00000, 0x000000008ac00000| Untracked 
| 173|0x000000008ad00000, 0x000000008ad00000, 0x000000008ae00000|  0%| F|  |TAMS 0x000000008ad00000, 0x000000008ad00000| Untracked 
| 174|0x000000008ae00000, 0x000000008ae00000, 0x000000008af00000|  0%| F|  |TAMS 0x000000008ae00000, 0x000000008ae00000| Untracked 
| 175|0x000000008af00000, 0x000000008af00000, 0x000000008b000000|  0%| F|  |TAMS 0x000000008af00000, 0x000000008af00000| Untracked 
| 176|0x000000008b000000, 0x000000008b000000, 0x000000008b100000|  0%| F|  |TAMS 0x000000008b000000, 0x000000008b000000| Untracked 
| 177|0x000000008b100000, 0x000000008b100000, 0x000000008b200000|  0%| F|  |TAMS 0x000000008b100000, 0x000000008b100000| Untracked 
| 178|0x000000008b200000, 0x000000008b200000, 0x000000008b300000|  0%| F|  |TAMS 0x000000008b200000, 0x000000008b200000| Untracked 
| 179|0x000000008b300000, 0x000000008b300000, 0x000000008b400000|  0%| F|  |TAMS 0x000000008b300000, 0x000000008b300000| Untracked 
| 180|0x000000008b400000, 0x000000008b400000, 0x000000008b500000|  0%| F|  |TAMS 0x000000008b400000, 0x000000008b400000| Untracked 
| 181|0x000000008b500000, 0x000000008b500000, 0x000000008b600000|  0%| F|  |TAMS 0x000000008b500000, 0x000000008b500000| Untracked 
| 182|0x000000008b600000, 0x000000008b600000, 0x000000008b700000|  0%| F|  |TAMS 0x000000008b600000, 0x000000008b600000| Untracked 
| 183|0x000000008b700000, 0x000000008b700000, 0x000000008b800000|  0%| F|  |TAMS 0x000000008b700000, 0x000000008b700000| Untracked 
| 184|0x000000008b800000, 0x000000008b800000, 0x000000008b900000|  0%| F|  |TAMS 0x000000008b800000, 0x000000008b800000| Untracked 
| 185|0x000000008b900000, 0x000000008b900000, 0x000000008ba00000|  0%| F|  |TAMS 0x000000008b900000, 0x000000008b900000| Untracked 
| 186|0x000000008ba00000, 0x000000008ba00000, 0x000000008bb00000|  0%| F|  |TAMS 0x000000008ba00000, 0x000000008ba00000| Untracked 
| 187|0x000000008bb00000, 0x000000008bb00000, 0x000000008bc00000|  0%| F|  |TAMS 0x000000008bb00000, 0x000000008bb00000| Untracked 
| 188|0x000000008bc00000, 0x000000008bc00000, 0x000000008bd00000|  0%| F|  |TAMS 0x000000008bc00000, 0x000000008bc00000| Untracked 
| 189|0x000000008bd00000, 0x000000008bd00000, 0x000000008be00000|  0%| F|  |TAMS 0x000000008bd00000, 0x000000008bd00000| Untracked 
| 190|0x000000008be00000, 0x000000008be00000, 0x000000008bf00000|  0%| F|  |TAMS 0x000000008be00000, 0x000000008be00000| Untracked 
| 191|0x000000008bf00000, 0x000000008bf00000, 0x000000008c000000|  0%| F|  |TAMS 0x000000008bf00000, 0x000000008bf00000| Untracked 
| 192|0x000000008c000000, 0x000000008c000000, 0x000000008c100000|  0%| F|  |TAMS 0x000000008c000000, 0x000000008c000000| Untracked 
| 193|0x000000008c100000, 0x000000008c100000, 0x000000008c200000|  0%| F|  |TAMS 0x000000008c100000, 0x000000008c100000| Untracked 
| 194|0x000000008c200000, 0x000000008c200000, 0x000000008c300000|  0%| F|  |TAMS 0x000000008c200000, 0x000000008c200000| Untracked 
| 195|0x000000008c300000, 0x000000008c300000, 0x000000008c400000|  0%| F|  |TAMS 0x000000008c300000, 0x000000008c300000| Untracked 
| 196|0x000000008c400000, 0x000000008c400000, 0x000000008c500000|  0%| F|  |TAMS 0x000000008c400000, 0x000000008c400000| Untracked 
| 197|0x000000008c500000, 0x000000008c500000, 0x000000008c600000|  0%| F|  |TAMS 0x000000008c500000, 0x000000008c500000| Untracked 
| 198|0x000000008c600000, 0x000000008c600000, 0x000000008c700000|  0%| F|  |TAMS 0x000000008c600000, 0x000000008c600000| Untracked 
| 199|0x000000008c700000, 0x000000008c700000, 0x000000008c800000|  0%| F|  |TAMS 0x000000008c700000, 0x000000008c700000| Untracked 
| 200|0x000000008c800000, 0x000000008c800000, 0x000000008c900000|  0%| F|  |TAMS 0x000000008c800000, 0x000000008c800000| Untracked 
| 201|0x000000008c900000, 0x000000008c900000, 0x000000008ca00000|  0%| F|  |TAMS 0x000000008c900000, 0x000000008c900000| Untracked 
| 202|0x000000008ca00000, 0x000000008ca00000, 0x000000008cb00000|  0%| F|  |TAMS 0x000000008ca00000, 0x000000008ca00000| Untracked 
| 203|0x000000008cb00000, 0x000000008cb00000, 0x000000008cc00000|  0%| F|  |TAMS 0x000000008cb00000, 0x000000008cb00000| Untracked 
| 204|0x000000008cc00000, 0x000000008cc00000, 0x000000008cd00000|  0%| F|  |TAMS 0x000000008cc00000, 0x000000008cc00000| Untracked 
| 205|0x000000008cd00000, 0x000000008cd00000, 0x000000008ce00000|  0%| F|  |TAMS 0x000000008cd00000, 0x000000008cd00000| Untracked 
| 206|0x000000008ce00000, 0x000000008ce00000, 0x000000008cf00000|  0%| F|  |TAMS 0x000000008ce00000, 0x000000008ce00000| Untracked 
| 207|0x000000008cf00000, 0x000000008cf00000, 0x000000008d000000|  0%| F|  |TAMS 0x000000008cf00000, 0x000000008cf00000| Untracked 
| 208|0x000000008d000000, 0x000000008d000000, 0x000000008d100000|  0%| F|  |TAMS 0x000000008d000000, 0x000000008d000000| Untracked 
| 209|0x000000008d100000, 0x000000008d100000, 0x000000008d200000|  0%| F|  |TAMS 0x000000008d100000, 0x000000008d100000| Untracked 
| 210|0x000000008d200000, 0x000000008d200000, 0x000000008d300000|  0%| F|  |TAMS 0x000000008d200000, 0x000000008d200000| Untracked 
| 211|0x000000008d300000, 0x000000008d300000, 0x000000008d400000|  0%| F|  |TAMS 0x000000008d300000, 0x000000008d300000| Untracked 
| 212|0x000000008d400000, 0x000000008d400000, 0x000000008d500000|  0%| F|  |TAMS 0x000000008d400000, 0x000000008d400000| Untracked 
| 213|0x000000008d500000, 0x000000008d500000, 0x000000008d600000|  0%| F|  |TAMS 0x000000008d500000, 0x000000008d500000| Untracked 
| 214|0x000000008d600000, 0x000000008d600000, 0x000000008d700000|  0%| F|  |TAMS 0x000000008d600000, 0x000000008d600000| Untracked 
| 215|0x000000008d700000, 0x000000008d700000, 0x000000008d800000|  0%| F|  |TAMS 0x000000008d700000, 0x000000008d700000| Untracked 
| 216|0x000000008d800000, 0x000000008d800000, 0x000000008d900000|  0%| F|  |TAMS 0x000000008d800000, 0x000000008d800000| Untracked 
| 217|0x000000008d900000, 0x000000008d900000, 0x000000008da00000|  0%| F|  |TAMS 0x000000008d900000, 0x000000008d900000| Untracked 
| 218|0x000000008da00000, 0x000000008da00000, 0x000000008db00000|  0%| F|  |TAMS 0x000000008da00000, 0x000000008da00000| Untracked 
| 219|0x000000008db00000, 0x000000008db00000, 0x000000008dc00000|  0%| F|  |TAMS 0x000000008db00000, 0x000000008db00000| Untracked 
| 220|0x000000008dc00000, 0x000000008dc00000, 0x000000008dd00000|  0%| F|  |TAMS 0x000000008dc00000, 0x000000008dc00000| Untracked 
| 221|0x000000008dd00000, 0x000000008dd00000, 0x000000008de00000|  0%| F|  |TAMS 0x000000008dd00000, 0x000000008dd00000| Untracked 
| 222|0x000000008de00000, 0x000000008de00000, 0x000000008df00000|  0%| F|  |TAMS 0x000000008de00000, 0x000000008de00000| Untracked 
| 223|0x000000008df00000, 0x000000008df00000, 0x000000008e000000|  0%| F|  |TAMS 0x000000008df00000, 0x000000008df00000| Untracked 
| 224|0x000000008e000000, 0x000000008e000000, 0x000000008e100000|  0%| F|  |TAMS 0x000000008e000000, 0x000000008e000000| Untracked 
| 225|0x000000008e100000, 0x000000008e100000, 0x000000008e200000|  0%| F|  |TAMS 0x000000008e100000, 0x000000008e100000| Untracked 
| 226|0x000000008e200000, 0x000000008e200000, 0x000000008e300000|  0%| F|  |TAMS 0x000000008e200000, 0x000000008e200000| Untracked 
| 227|0x000000008e300000, 0x000000008e300000, 0x000000008e400000|  0%| F|  |TAMS 0x000000008e300000, 0x000000008e300000| Untracked 
| 228|0x000000008e400000, 0x000000008e400000, 0x000000008e500000|  0%| F|  |TAMS 0x000000008e400000, 0x000000008e400000| Untracked 
| 229|0x000000008e500000, 0x000000008e500000, 0x000000008e600000|  0%| F|  |TAMS 0x000000008e500000, 0x000000008e500000| Untracked 
| 230|0x000000008e600000, 0x000000008e600000, 0x000000008e700000|  0%| F|  |TAMS 0x000000008e600000, 0x000000008e600000| Untracked 
| 231|0x000000008e700000, 0x000000008e700000, 0x000000008e800000|  0%| F|  |TAMS 0x000000008e700000, 0x000000008e700000| Untracked 
| 232|0x000000008e800000, 0x000000008e800000, 0x000000008e900000|  0%| F|  |TAMS 0x000000008e800000, 0x000000008e800000| Untracked 
| 233|0x000000008e900000, 0x000000008e900000, 0x000000008ea00000|  0%| F|  |TAMS 0x000000008e900000, 0x000000008e900000| Untracked 
| 234|0x000000008ea00000, 0x000000008ea00000, 0x000000008eb00000|  0%| F|  |TAMS 0x000000008ea00000, 0x000000008ea00000| Untracked 
| 235|0x000000008eb00000, 0x000000008eb00000, 0x000000008ec00000|  0%| F|  |TAMS 0x000000008eb00000, 0x000000008eb00000| Untracked 
| 236|0x000000008ec00000, 0x000000008ec00000, 0x000000008ed00000|  0%| F|  |TAMS 0x000000008ec00000, 0x000000008ec00000| Untracked 
| 237|0x000000008ed00000, 0x000000008ed00000, 0x000000008ee00000|  0%| F|  |TAMS 0x000000008ed00000, 0x000000008ed00000| Untracked 
| 238|0x000000008ee00000, 0x000000008ee00000, 0x000000008ef00000|  0%| F|  |TAMS 0x000000008ee00000, 0x000000008ee00000| Untracked 
| 239|0x000000008ef00000, 0x000000008ef00000, 0x000000008f000000|  0%| F|  |TAMS 0x000000008ef00000, 0x000000008ef00000| Untracked 
| 240|0x000000008f000000, 0x000000008f000000, 0x000000008f100000|  0%| F|  |TAMS 0x000000008f000000, 0x000000008f000000| Untracked 
| 241|0x000000008f100000, 0x000000008f100000, 0x000000008f200000|  0%| F|  |TAMS 0x000000008f100000, 0x000000008f100000| Untracked 
| 242|0x000000008f200000, 0x000000008f200000, 0x000000008f300000|  0%| F|  |TAMS 0x000000008f200000, 0x000000008f200000| Untracked 
| 243|0x000000008f300000, 0x000000008f300000, 0x000000008f400000|  0%| F|  |TAMS 0x000000008f300000, 0x000000008f300000| Untracked 
| 244|0x000000008f400000, 0x000000008f400000, 0x000000008f500000|  0%| F|  |TAMS 0x000000008f400000, 0x000000008f400000| Untracked 
| 245|0x000000008f500000, 0x000000008f500000, 0x000000008f600000|  0%| F|  |TAMS 0x000000008f500000, 0x000000008f500000| Untracked 
| 246|0x000000008f600000, 0x000000008f600000, 0x000000008f700000|  0%| F|  |TAMS 0x000000008f600000, 0x000000008f600000| Untracked 
| 247|0x000000008f700000, 0x000000008f700000, 0x000000008f800000|  0%| F|  |TAMS 0x000000008f700000, 0x000000008f700000| Untracked 
| 248|0x000000008f800000, 0x000000008f800000, 0x000000008f900000|  0%| F|  |TAMS 0x000000008f800000, 0x000000008f800000| Untracked 
| 249|0x000000008f900000, 0x000000008f953f80, 0x000000008fa00000| 32%| S|CS|TAMS 0x000000008f900000, 0x000000008f900000| Complete 
| 250|0x000000008fa00000, 0x000000008fb00000, 0x000000008fb00000|100%| S|CS|TAMS 0x000000008fa00000, 0x000000008fa00000| Complete 
| 251|0x000000008fb00000, 0x000000008fb00000, 0x000000008fc00000|  0%| F|  |TAMS 0x000000008fb00000, 0x000000008fb00000| Untracked 
| 252|0x000000008fc00000, 0x000000008fc00000, 0x000000008fd00000|  0%| F|  |TAMS 0x000000008fc00000, 0x000000008fc00000| Untracked 
| 253|0x000000008fd00000, 0x000000008fd00000, 0x000000008fe00000|  0%| F|  |TAMS 0x000000008fd00000, 0x000000008fd00000| Untracked 
| 254|0x000000008fe00000, 0x000000008fe00000, 0x000000008ff00000|  0%| F|  |TAMS 0x000000008fe00000, 0x000000008fe00000| Untracked 
| 255|0x000000008ff00000, 0x000000008ff00000, 0x0000000090000000|  0%| F|  |TAMS 0x000000008ff00000, 0x000000008ff00000| Untracked 
| 256|0x0000000090000000, 0x0000000090000000, 0x0000000090100000|  0%| F|  |TAMS 0x0000000090000000, 0x0000000090000000| Untracked 
| 257|0x0000000090100000, 0x0000000090100000, 0x0000000090200000|  0%| F|  |TAMS 0x0000000090100000, 0x0000000090100000| Untracked 
| 258|0x0000000090200000, 0x0000000090200000, 0x0000000090300000|  0%| F|  |TAMS 0x0000000090200000, 0x0000000090200000| Untracked 
| 259|0x0000000090300000, 0x0000000090300000, 0x0000000090400000|  0%| F|  |TAMS 0x0000000090300000, 0x0000000090300000| Untracked 
| 260|0x0000000090400000, 0x0000000090400000, 0x0000000090500000|  0%| F|  |TAMS 0x0000000090400000, 0x0000000090400000| Untracked 
| 261|0x0000000090500000, 0x0000000090500000, 0x0000000090600000|  0%| F|  |TAMS 0x0000000090500000, 0x0000000090500000| Untracked 
| 262|0x0000000090600000, 0x0000000090600000, 0x0000000090700000|  0%| F|  |TAMS 0x0000000090600000, 0x0000000090600000| Untracked 
| 263|0x0000000090700000, 0x0000000090700000, 0x0000000090800000|  0%| F|  |TAMS 0x0000000090700000, 0x0000000090700000| Untracked 

Card table byte_map: [0x00000059d8f30000,0x00000059d9330000] _byte_map_base: 0x00000059d8b30000

Marking Bits (Prev, Next): (CMBitMap*) 0x00000059c60ba1b0, (CMBitMap*) 0x00000059c60ba178
 Prev Bits: [0x00000059db730000, 0x00000059dd730000)
 Next Bits: [0x00000059d9730000, 0x00000059db730000)

Polling page: 0x00000059c4080000

Metaspace:

Usage:
  Non-class:     99.83 MB capacity,    97.80 MB ( 98%) used,     1.65 MB (  2%) free+waste,   392.06 KB ( <1%) overhead. 
      Class:     15.52 MB capacity,    14.35 MB ( 92%) used,     1.01 MB (  6%) free+waste,   174.00 KB (  1%) overhead. 
       Both:    115.35 MB capacity,   112.15 MB ( 97%) used,     2.65 MB (  2%) free+waste,   566.06 KB ( <1%) overhead. 

Virtual space:
  Non-class space:      100.00 MB reserved,     100.00 MB (100%) committed 
      Class space:        1.00 GB reserved,      15.63 MB (  2%) committed 
             Both:        1.10 GB reserved,     115.63 MB ( 10%) committed 

Chunk freelists:
   Non-Class:  3.00 KB
       Class:  74.00 KB
        Both:  77.00 KB

MaxMetaspaceSize: 17179869184.00 GB
CompressedClassSpaceSize: 1.00 GB

CodeHeap 'non-profiled nmethods': size=120064Kb used=11537Kb max_used=11537Kb free=108526Kb
 bounds [0x00000059d15f0000, 0x00000059d2140000, 0x00000059d8b30000]
CodeHeap 'profiled nmethods': size=120000Kb used=39881Kb max_used=40589Kb free=80118Kb
 bounds [0x00000059ca0c0000, 0x00000059cc880000, 0x00000059d15f0000]
CodeHeap 'non-nmethods': size=5696Kb used=2339Kb max_used=2389Kb free=3356Kb
 bounds [0x00000059c9b30000, 0x00000059c9da0000, 0x00000059ca0c0000]
 total_blobs=18499 nmethods=17537 adapters=871
 compilation: enabled
              stopped_count=0, restarted_count=0
 full_count=0

Compilation events (20 events):
Event: 2076.520 Thread 0x00000059dff61000 nmethod 18818 0x00000059ca462790 code [0x00000059ca462ae0, 0x00000059ca463ff8]
Event: 2076.520 Thread 0x00000059dff61000 18820       3       org.gradle.internal.service.scopes.AbstractPluginServiceRegistry::registerProjectServices (1 bytes)
Event: 2076.521 Thread 0x00000059dff61000 nmethod 18820 0x00000059ca387c90 code [0x00000059ca387e40, 0x00000059ca387f38]
Event: 2076.522 Thread 0x00000059dff61000 18821   !   3       sun.net.www.ParseUtil::decode (317 bytes)
Event: 2076.933 Thread 0x00000059dff61000 nmethod 18821 0x00000059cb2cc790 code [0x00000059cb2cce20, 0x00000059cb2d0a18]
Event: 2076.934 Thread 0x00000059dff61000 18822   !   3       java.util.zip.ZipFile$Source::release (50 bytes)
Event: 2076.934 Thread 0x00000059dff61000 nmethod 18822 0x00000059ca43b010 code [0x00000059ca43b240, 0x00000059ca43b9a8]
Event: 2076.951 Thread 0x00000059dff61000 18823       3       java.util.Arrays::copyOfRange (63 bytes)
Event: 2076.952 Thread 0x00000059dff61000 nmethod 18823 0x00000059ca43ca90 code [0x00000059ca43cd20, 0x00000059ca43d838]
Event: 2076.953 Thread 0x00000059dff61000 18824       3       org.codehaus.groovy.reflection.AccessPermissionChecker::checkAccessPermission (70 bytes)
Event: 2076.954 Thread 0x00000059dff61000 nmethod 18824 0x00000059ca439f10 code [0x00000059ca43a180, 0x00000059ca43aba8]
Event: 2076.956 Thread 0x00000059dff61000 18825       1       org.gradle.StartParameter::isOffline (5 bytes)
Event: 2076.956 Thread 0x00000059dff61000 nmethod 18825 0x00000059d189c810 code [0x00000059d189c9c0, 0x00000059d189ca78]
Event: 2076.997 Thread 0x00000059dff61000 18826       3       java.util.Arrays::equals (43 bytes)
Event: 2076.998 Thread 0x00000059dff61000 nmethod 18826 0x00000059ca431190 code [0x00000059ca431360, 0x00000059ca431608]
Event: 2076.998 Thread 0x00000059dff61000 18827       3       java.lang.invoke.LambdaFormEditor$Transform::of (51 bytes)
Event: 2076.998 Thread 0x00000059dff61000 nmethod 18827 0x00000059ca459010 code [0x00000059ca459260, 0x00000059ca459ac8]
Event: 2077.075 Thread 0x00000059dff61000 18829       3       org.gradle.api.internal.artifacts.ivyservice.modulecache.StringDeduplicatingDecoder::readInt (10 bytes)
Event: 2077.076 Thread 0x00000059dff61000 nmethod 18829 0x00000059ca3ae490 code [0x00000059ca3ae640, 0x00000059ca3ae808]
Event: 2077.076 Thread 0x00000059dff61000 18830       3       java.util.BitSet::clear (70 bytes)

GC Heap History (20 events):
Event: 1757.517 GC heap after
{Heap after GC invocations=111 (full 0):
 garbage-first heap   total 199680K, used 105878K [0x0000000080000000, 0x0000000100000000)
  region size 1024K, 1 young (1024K), 1 survivors (1024K)
 Metaspace       used 114298K, capacity 117538K, committed 117888K, reserved 1150976K
  class space    used 14669K, capacity 15863K, committed 16000K, reserved 1048576K
}
Event: 1757.723 GC heap before
{Heap before GC invocations=111 (full 0):
 garbage-first heap   total 199680K, used 113046K [0x0000000080000000, 0x0000000100000000)
  region size 1024K, 9 young (9216K), 1 survivors (1024K)
 Metaspace       used 114299K, capacity 117538K, committed 117888K, reserved 1150976K
  class space    used 14669K, capacity 15863K, committed 16000K, reserved 1048576K
}
Event: 1757.726 GC heap after
{Heap after GC invocations=112 (full 0):
 garbage-first heap   total 199680K, used 105878K [0x0000000080000000, 0x0000000100000000)
  region size 1024K, 1 young (1024K), 1 survivors (1024K)
 Metaspace       used 114299K, capacity 117538K, committed 117888K, reserved 1150976K
  class space    used 14669K, capacity 15863K, committed 16000K, reserved 1048576K
}
Event: 1759.017 GC heap before
{Heap before GC invocations=112 (full 0):
 garbage-first heap   total 199680K, used 113046K [0x0000000080000000, 0x0000000100000000)
  region size 1024K, 9 young (9216K), 1 survivors (1024K)
 Metaspace       used 114331K, capacity 117614K, committed 117888K, reserved 1150976K
  class space    used 14671K, capacity 15865K, committed 16000K, reserved 1048576K
}
Event: 1759.089 GC heap after
{Heap after GC invocations=113 (full 0):
 garbage-first heap   total 199680K, used 106133K [0x0000000080000000, 0x0000000100000000)
  region size 1024K, 2 young (2048K), 2 survivors (2048K)
 Metaspace       used 114331K, capacity 117614K, committed 117888K, reserved 1150976K
  class space    used 14671K, capacity 15865K, committed 16000K, reserved 1048576K
}
Event: 1777.985 GC heap before
{Heap before GC invocations=113 (full 0):
 garbage-first heap   total 199680K, used 114325K [0x0000000080000000, 0x0000000100000000)
  region size 1024K, 9 young (9216K), 2 survivors (2048K)
 Metaspace       used 114380K, capacity 117693K, committed 117888K, reserved 1150976K
  class space    used 14674K, capacity 15870K, committed 16000K, reserved 1048576K
}
Event: 1779.492 GC heap after
{Heap after GC invocations=114 (full 0):
 garbage-first heap   total 199680K, used 110565K [0x0000000080000000, 0x0000000100000000)
  region size 1024K, 2 young (2048K), 2 survivors (2048K)
 Metaspace       used 114380K, capacity 117693K, committed 117888K, reserved 1150976K
  class space    used 14674K, capacity 15870K, committed 16000K, reserved 1048576K
}
Event: 1779.999 GC heap before
{Heap before GC invocations=114 (full 0):
 garbage-first heap   total 199680K, used 117733K [0x0000000080000000, 0x0000000100000000)
  region size 1024K, 9 young (9216K), 2 survivors (2048K)
 Metaspace       used 114384K, capacity 117693K, committed 117888K, reserved 1150976K
  class space    used 14674K, capacity 15870K, committed 16000K, reserved 1048576K
}
Event: 1781.053 GC heap after
{Heap after GC invocations=115 (full 0):
 garbage-first heap   total 199680K, used 111855K [0x0000000080000000, 0x0000000100000000)
  region size 1024K, 2 young (2048K), 2 survivors (2048K)
 Metaspace       used 114384K, capacity 117693K, committed 117888K, reserved 1150976K
  class space    used 14674K, capacity 15870K, committed 16000K, reserved 1048576K
}
Event: 1784.553 GC heap before
{Heap before GC invocations=115 (full 0):
 garbage-first heap   total 199680K, used 119023K [0x0000000080000000, 0x0000000100000000)
  region size 1024K, 9 young (9216K), 2 survivors (2048K)
 Metaspace       used 114404K, capacity 117693K, committed 117888K, reserved 1150976K
  class space    used 14675K, capacity 15870K, committed 16000K, reserved 1048576K
}
Event: 1785.269 GC heap after
{Heap after GC invocations=116 (full 0):
 garbage-first heap   total 199680K, used 113866K [0x0000000080000000, 0x0000000100000000)
  region size 1024K, 2 young (2048K), 2 survivors (2048K)
 Metaspace       used 114404K, capacity 117693K, committed 117888K, reserved 1150976K
  class space    used 14675K, capacity 15870K, committed 16000K, reserved 1048576K
}
Event: 1786.833 GC heap before
{Heap before GC invocations=116 (full 0):
 garbage-first heap   total 199680K, used 121034K [0x0000000080000000, 0x0000000100000000)
  region size 1024K, 9 young (9216K), 2 survivors (2048K)
 Metaspace       used 114432K, capacity 117694K, committed 117888K, reserved 1150976K
  class space    used 14675K, capacity 15870K, committed 16000K, reserved 1048576K
}
Event: 1788.071 GC heap after
{Heap after GC invocations=117 (full 0):
 garbage-first heap   total 270336K, used 116064K [0x0000000080000000, 0x0000000100000000)
  region size 1024K, 2 young (2048K), 2 survivors (2048K)
 Metaspace       used 114432K, capacity 117694K, committed 117888K, reserved 1150976K
  class space    used 14675K, capacity 15870K, committed 16000K, reserved 1048576K
}
Event: 1822.091 GC heap before
{Heap before GC invocations=117 (full 0):
 garbage-first heap   total 270336K, used 127328K [0x0000000080000000, 0x0000000100000000)
  region size 1024K, 13 young (13312K), 2 survivors (2048K)
 Metaspace       used 114603K, capacity 117850K, committed 118144K, reserved 1150976K
  class space    used 14681K, capacity 15876K, committed 16000K, reserved 1048576K
}
Event: 1823.780 GC heap after
{Heap after GC invocations=118 (full 0):
 garbage-first heap   total 270336K, used 117903K [0x0000000080000000, 0x0000000100000000)
  region size 1024K, 2 young (2048K), 2 survivors (2048K)
 Metaspace       used 114603K, capacity 117850K, committed 118144K, reserved 1150976K
  class space    used 14681K, capacity 15876K, committed 16000K, reserved 1048576K
}
Event: 1844.863 GC heap before
{Heap before GC invocations=118 (full 0):
 garbage-first heap   total 270336K, used 128143K [0x0000000080000000, 0x0000000100000000)
  region size 1024K, 13 young (13312K), 2 survivors (2048K)
 Metaspace       used 114716K, capacity 117984K, committed 118144K, reserved 1150976K
  class space    used 14681K, capacity 15876K, committed 16000K, reserved 1048576K
}
Event: 1846.792 GC heap after
{Heap after GC invocations=119 (full 0):
 garbage-first heap   total 270336K, used 118307K [0x0000000080000000, 0x0000000100000000)
  region size 1024K, 1 young (1024K), 1 survivors (1024K)
 Metaspace       used 114716K, capacity 117984K, committed 118144K, reserved 1150976K
  class space    used 14681K, capacity 15876K, committed 16000K, reserved 1048576K
}
Event: 1851.911 GC heap before
{Heap before GC invocations=119 (full 0):
 garbage-first heap   total 270336K, used 136739K [0x0000000080000000, 0x0000000100000000)
  region size 1024K, 13 young (13312K), 1 survivors (1024K)
 Metaspace       used 114728K, capacity 117984K, committed 118144K, reserved 1150976K
  class space    used 14681K, capacity 15876K, committed 16000K, reserved 1048576K
}
Event: 1852.308 GC heap after
{Heap after GC invocations=120 (full 0):
 garbage-first heap   total 270336K, used 124565K [0x0000000080000000, 0x0000000100000000)
  region size 1024K, 1 young (1024K), 1 survivors (1024K)
 Metaspace       used 114728K, capacity 117984K, committed 118144K, reserved 1150976K
  class space    used 14681K, capacity 15876K, committed 16000K, reserved 1048576K
}
Event: 2077.167 GC heap before
{Heap before GC invocations=120 (full 0):
 garbage-first heap   total 270336K, used 137877K [0x0000000080000000, 0x0000000100000000)
  region size 1024K, 13 young (13312K), 1 survivors (1024K)
 Metaspace       used 114837K, capacity 118119K, committed 118400K, reserved 1150976K
  class space    used 14690K, capacity 15894K, committed 16000K, reserved 1048576K
}

Deoptimization events (20 events):
Event: 1854.495 Thread 0x00000059e6897800 Uncommon trap: trap_request=0xffffffde fr.pc=0x00000059d1c3908c relative=0x00000000000011ec
Event: 1854.495 Thread 0x00000059e6897800 Uncommon trap: reason=class_check action=maybe_recompile pc=0x00000059d1c3908c method=com.google.gson.stream.JsonWriter.string(Ljava/lang/String;)V @ 117 c2
Event: 1854.495 Thread 0x00000059e6897800 DEOPT PACKING pc=0x00000059d1c3908c sp=0x00000059e54bbb80
Event: 1854.495 Thread 0x00000059e6897800 DEOPT UNPACKING pc=0x00000059c9b5782f sp=0x00000059e54bbb38 mode 2
Event: 1857.330 Thread 0x00000059e6895000 Uncommon trap: trap_request=0xffffff4d fr.pc=0x00000059d1bf7210 relative=0x0000000000000330
Event: 1857.330 Thread 0x00000059e6895000 Uncommon trap: reason=unstable_if action=reinterpret pc=0x00000059d1bf7210 method=com.esotericsoftware.kryo.io.Input.require(I)I @ 180 c2
Event: 1857.330 Thread 0x00000059e6895000 DEOPT PACKING pc=0x00000059d1bf7210 sp=0x00000059e52be870
Event: 1857.330 Thread 0x00000059e6895000 DEOPT UNPACKING pc=0x00000059c9b5782f sp=0x00000059e52be798 mode 2
Event: 1873.036 Thread 0x00000059dff65000 Uncommon trap: trap_request=0xffffff4d fr.pc=0x00000059d1d141ec relative=0x0000000000000e8c
Event: 1873.054 Thread 0x00000059dff65000 Uncommon trap: reason=unstable_if action=reinterpret pc=0x00000059d1d141ec method=org.gradle.internal.snapshot.VfsRelativePath.compareToFirstSegment(Ljava/lang/String;Lorg/gradle/internal/snapshot/CaseSensitivity;)I @ 156 c2
Event: 1873.054 Thread 0x00000059dff65000 DEOPT PACKING pc=0x00000059d1d141ec sp=0x00000059e768da30
Event: 1873.054 Thread 0x00000059dff65000 DEOPT UNPACKING pc=0x00000059c9b5782f sp=0x00000059e768d9b0 mode 2
Event: 2076.511 Thread 0x00000059e6896800 Uncommon trap: trap_request=0xffffffde fr.pc=0x00000059d1bdfbcc relative=0x00000000000008ac
Event: 2076.511 Thread 0x00000059e6896800 Uncommon trap: reason=class_check action=maybe_recompile pc=0x00000059d1bdfbcc method=com.google.common.cache.LocalCache$Segment.getLiveValue(Lcom/google/common/cache/ReferenceEntry;J)Ljava/lang/Object; @ 21 c2
Event: 2076.511 Thread 0x00000059e6896800 DEOPT PACKING pc=0x00000059d1bdfbcc sp=0x00000059e54bb860
Event: 2076.511 Thread 0x00000059e6896800 DEOPT UNPACKING pc=0x00000059c9b5782f sp=0x00000059e54bb798 mode 2
Event: 2076.996 Thread 0x00000059e6896800 Uncommon trap: trap_request=0xffffffde fr.pc=0x00000059d1bd7c18 relative=0x0000000000001298
Event: 2076.996 Thread 0x00000059e6896800 Uncommon trap: reason=class_check action=maybe_recompile pc=0x00000059d1bd7c18 method=org.gradle.cache.internal.LockOnDemandCrossProcessCacheAccess.incrementLockCount()V @ 97 c2
Event: 2076.996 Thread 0x00000059e6896800 DEOPT PACKING pc=0x00000059d1bd7c18 sp=0x00000059e54b79b0
Event: 2076.997 Thread 0x00000059e6896800 DEOPT UNPACKING pc=0x00000059c9b5782f sp=0x00000059e54b7990 mode 2

Classes redefined (0 events):
No events

Internal exceptions (20 events):
Event: 1788.251 Thread 0x00000059e376e000 Exception <a 'sun/nio/fs/WindowsException'{0x000000009071d770}> (0x000000009071d770) thrown at [./src/hotspot/share/prims/jni.cpp, line 615]
Event: 1788.251 Thread 0x00000059e376e000 Exception <a 'sun/nio/fs/WindowsException'{0x000000009071d8f0}> (0x000000009071d8f0) thrown at [./src/hotspot/share/prims/jni.cpp, line 615]
Event: 1788.398 Thread 0x00000059e376e000 Exception <a 'sun/nio/fs/WindowsException'{0x000000009072fd00}> (0x000000009072fd00) thrown at [./src/hotspot/share/prims/jni.cpp, line 615]
Event: 1788.398 Thread 0x00000059e376e000 Exception <a 'sun/nio/fs/WindowsException'{0x000000009072fe80}> (0x000000009072fe80) thrown at [./src/hotspot/share/prims/jni.cpp, line 615]
Event: 1788.943 Thread 0x00000059e376e000 Exception <a 'sun/nio/fs/WindowsException'{0x00000000907ad558}> (0x00000000907ad558) thrown at [./src/hotspot/share/prims/jni.cpp, line 615]
Event: 1788.943 Thread 0x00000059e376e000 Exception <a 'sun/nio/fs/WindowsException'{0x00000000907ad6f8}> (0x00000000907ad6f8) thrown at [./src/hotspot/share/prims/jni.cpp, line 615]
Event: 1793.189 Thread 0x00000059e376e000 Exception <a 'sun/nio/fs/WindowsException'{0x0000000090648560}> (0x0000000090648560) thrown at [./src/hotspot/share/prims/jni.cpp, line 615]
Event: 1793.189 Thread 0x00000059e376e000 Exception <a 'sun/nio/fs/WindowsException'{0x00000000906486d8}> (0x00000000906486d8) thrown at [./src/hotspot/share/prims/jni.cpp, line 615]
Event: 1795.502 Thread 0x00000059e376e000 Exception <a 'sun/nio/fs/WindowsException'{0x0000000090675bf0}> (0x0000000090675bf0) thrown at [./src/hotspot/share/prims/jni.cpp, line 615]
Event: 1796.085 Thread 0x00000059e376e000 Exception <a 'sun/nio/fs/WindowsException'{0x00000000906f4ab0}> (0x00000000906f4ab0) thrown at [./src/hotspot/share/prims/jni.cpp, line 615]
Event: 1796.086 Thread 0x00000059e376e000 Exception <a 'sun/nio/fs/WindowsException'{0x00000000906f4c20}> (0x00000000906f4c20) thrown at [./src/hotspot/share/prims/jni.cpp, line 615]
Event: 1796.310 Thread 0x00000059e376e000 Exception <a 'sun/nio/fs/WindowsException'{0x0000000090549938}> (0x0000000090549938) thrown at [./src/hotspot/share/prims/jni.cpp, line 615]
Event: 1796.311 Thread 0x00000059e376e000 Exception <a 'sun/nio/fs/WindowsException'{0x0000000090549aa8}> (0x0000000090549aa8) thrown at [./src/hotspot/share/prims/jni.cpp, line 615]
Event: 1797.328 Thread 0x00000059e376e000 Exception <a 'sun/nio/fs/WindowsException'{0x000000009036f208}> (0x000000009036f208) thrown at [./src/hotspot/share/prims/jni.cpp, line 615]
Event: 1797.328 Thread 0x00000059e376e000 Exception <a 'sun/nio/fs/WindowsException'{0x000000009036f388}> (0x000000009036f388) thrown at [./src/hotspot/share/prims/jni.cpp, line 615]
Event: 1798.355 Thread 0x00000059e376e000 Exception <a 'sun/nio/fs/WindowsException'{0x0000000090048518}> (0x0000000090048518) thrown at [./src/hotspot/share/prims/jni.cpp, line 615]
Event: 1812.175 Thread 0x00000059e3770800 Exception <a 'sun/nio/fs/WindowsException'{0x000000008fe513a0}> (0x000000008fe513a0) thrown at [./src/hotspot/share/prims/jni.cpp, line 615]
Event: 1839.603 Thread 0x00000059e3770800 Exception <a 'sun/nio/fs/WindowsException'{0x000000009032fc00}> (0x000000009032fc00) thrown at [./src/hotspot/share/prims/jni.cpp, line 615]
Event: 1840.788 Thread 0x00000059e3773800 Exception <a 'sun/nio/fs/WindowsException'{0x000000009023c318}> (0x000000009023c318) thrown at [./src/hotspot/share/prims/jni.cpp, line 615]
Event: 1842.625 Thread 0x00000059e3773800 Exception <a 'sun/nio/fs/WindowsException'{0x00000000902dabb8}> (0x00000000902dabb8) thrown at [./src/hotspot/share/prims/jni.cpp, line 615]

Events (20 events):
Event: 1973.492 Executing VM operation: RevokeBias done
Event: 1973.492 Thread 0x00000059dff60000 Thread exited: 0x00000059dff60000
Event: 2075.280 Thread 0x00000059dff60000 Thread added: 0x00000059dff60000
Event: 2075.481 Thread 0x00000059dff64000 Thread added: 0x00000059dff64000
Event: 2075.505 Thread 0x00000059e6895000 Thread added: 0x00000059e6895000
Event: 2075.508 Thread 0x00000059e6896800 Thread added: 0x00000059e6896800
Event: 2075.548 Executing VM operation: RevokeBias
Event: 2075.548 Executing VM operation: RevokeBias done
Event: 2075.556 Thread 0x00000059e6894000 Thread added: 0x00000059e6894000
Event: 2075.557 Thread 0x00000059e6897800 Thread added: 0x00000059e6897800
Event: 2075.559 Thread 0x00000059e6895800 Thread added: 0x00000059e6895800
Event: 2075.567 Thread 0x00000059e6899000 Thread added: 0x00000059e6899000
Event: 2075.663 Executing VM operation: RevokeBias
Event: 2075.663 Executing VM operation: RevokeBias done
Event: 2075.817 Thread 0x00000059e689c000 Thread added: 0x00000059e689c000
Event: 2075.820 Thread 0x00000059e689b800 Thread added: 0x00000059e689b800
Event: 2075.835 Thread 0x00000059e6899800 Thread added: 0x00000059e6899800
Event: 2076.512 Thread 0x00000059e689d000 Thread added: 0x00000059e689d000
Event: 2076.958 Thread 0x00000059e689a800 Thread added: 0x00000059e689a800
Event: 2077.087 Executing VM operation: G1CollectForAllocation


Dynamic libraries:
0x00007ff7d02f0000 - 0x00007ff7d02fa000 	F:\AndroidStudio\jre\bin\java.exe
0x00007ffead0d0000 - 0x00007ffead27d000 	C:\Windows\SYSTEM32\ntdll.dll
0x00007ffeab150000 - 0x00007ffeab28f000 	C:\Windows\system32\KERNEL32.DLL
0x00007ffeaa2f0000 - 0x00007ffeaa405000 	C:\Windows\system32\KERNELBASE.dll
0x00007ffea2fb0000 - 0x00007ffea2fc9000 	F:\AndroidStudio\jre\bin\jli.dll
0x00007ffe98f90000 - 0x00007ffe98fa7000 	F:\AndroidStudio\jre\bin\VCRUNTIME140.dll
0x00007ffea1080000 - 0x00007ffea1084000 	C:\Windows\SYSTEM32\api-ms-win-crt-stdio-l1-1-0.dll
0x00007ffea1060000 - 0x00007ffea1064000 	C:\Windows\SYSTEM32\api-ms-win-crt-runtime-l1-1-0.dll
0x00007ffea0d70000 - 0x00007ffea0d73000 	C:\Windows\SYSTEM32\api-ms-win-crt-environment-l1-1-0.dll
0x00007ffea0e70000 - 0x00007ffea0e75000 	C:\Windows\SYSTEM32\api-ms-win-crt-math-l1-1-0.dll
0x00007ffea0da0000 - 0x00007ffea0da3000 	C:\Windows\SYSTEM32\api-ms-win-crt-locale-l1-1-0.dll
0x00007ffea1090000 - 0x00007ffea1093000 	C:\Windows\SYSTEM32\api-ms-win-crt-heap-l1-1-0.dll
0x00007ffea76b0000 - 0x00007ffea792b000 	C:\Windows\WinSxS\amd64_microsoft.windows.common-controls_6595b64144ccf1df_6.0.9600.19394_none_62486577ecb635cf\COMCTL32.dll
0x00007ffeab340000 - 0x00007ffeab4b7000 	C:\Windows\system32\USER32.dll
0x00007ffea0d90000 - 0x00007ffea0d93000 	C:\Windows\SYSTEM32\api-ms-win-crt-filesystem-l1-1-0.dll
0x00007ffea0f40000 - 0x00007ffea0f44000 	C:\Windows\SYSTEM32\api-ms-win-crt-string-l1-1-0.dll
0x00007ffea1070000 - 0x00007ffea1074000 	C:\Windows\SYSTEM32\api-ms-win-crt-convert-l1-1-0.dll
0x00007ffeaad60000 - 0x00007ffeaae0a000 	C:\Windows\system32\msvcrt.dll
0x00007ffeab000000 - 0x00007ffeab14e000 	C:\Windows\system32\GDI32.dll
0x00007ffea0c60000 - 0x00007ffea0d54000 	C:\Windows\SYSTEM32\ucrtbase.DLL
0x00007ffeacc80000 - 0x00007ffeaccb6000 	C:\Windows\system32\IMM32.DLL
0x00007ffeaac00000 - 0x00007ffeaad51000 	C:\Windows\system32\MSCTF.dll
0x00007ffe97890000 - 0x00007ffe9792d000 	F:\AndroidStudio\jre\bin\msvcp140.dll
0x00007ffea2fd0000 - 0x00007ffea2fd5000 	C:\Windows\SYSTEM32\api-ms-win-crt-multibyte-l1-1-0.dll
0x00007ffea0e80000 - 0x00007ffea0e83000 	C:\Windows\SYSTEM32\api-ms-win-crt-time-l1-1-0.dll
0x00007ffea0d60000 - 0x00007ffea0d63000 	C:\Windows\SYSTEM32\api-ms-win-crt-utility-l1-1-0.dll
0x00007ffe6cf40000 - 0x00007ffe6da0f000 	F:\AndroidStudio\jre\bin\server\jvm.dll
0x00007ffeab290000 - 0x00007ffeab33d000 	C:\Windows\system32\ADVAPI32.dll
0x00007ffe95850000 - 0x00007ffe95859000 	C:\Windows\SYSTEM32\WSOCK32.dll
0x00007ffea3b90000 - 0x00007ffea3bb2000 	C:\Windows\SYSTEM32\WINMM.dll
0x00007ffea71d0000 - 0x00007ffea71da000 	C:\Windows\SYSTEM32\VERSION.dll
0x00007ffeaccc0000 - 0x00007ffeaccc7000 	C:\Windows\system32\PSAPI.DLL
0x00007ffead070000 - 0x00007ffead0cb000 	C:\Windows\SYSTEM32\sechost.dll
0x00007ffeab4d0000 - 0x00007ffeab606000 	C:\Windows\system32\RPCRT4.dll
0x00007ffeaafa0000 - 0x00007ffeaaffa000 	C:\Windows\system32\WS2_32.dll
0x00007ffea3b60000 - 0x00007ffea3b8a000 	C:\Windows\SYSTEM32\WINMMBASE.dll
0x00007ffeaa6d0000 - 0x00007ffeaa6fe000 	C:\Windows\system32\SspiCli.dll
0x00007ffeab680000 - 0x00007ffeab689000 	C:\Windows\system32\NSI.dll
0x00007ffeaa700000 - 0x00007ffeaa74f000 	C:\Windows\SYSTEM32\cfgmgr32.dll
0x00007ffea8f90000 - 0x00007ffea8fb8000 	C:\Windows\SYSTEM32\DEVOBJ.dll
0x00007ffea39f0000 - 0x00007ffea3a01000 	F:\AndroidStudio\jre\bin\verify.dll
0x00007ffe8d950000 - 0x00007ffe8dad9000 	C:\Windows\SYSTEM32\DBGHELP.DLL
0x00007ffe99850000 - 0x00007ffe99879000 	F:\AndroidStudio\jre\bin\java.dll
0x00007ffea39e0000 - 0x00007ffea39eb000 	F:\AndroidStudio\jre\bin\jimage.dll
0x00007ffe9e310000 - 0x00007ffe9e328000 	F:\AndroidStudio\jre\bin\zip.dll
0x00007ffeab690000 - 0x00007ffeacbbb000 	C:\Windows\system32\SHELL32.dll
0x00007ffeaa750000 - 0x00007ffeaa962000 	C:\Windows\SYSTEM32\combase.dll
0x00007ffeaaf40000 - 0x00007ffeaaf94000 	C:\Windows\system32\SHLWAPI.dll
0x00007ffea80f0000 - 0x00007ffea81a2000 	C:\Windows\SYSTEM32\SHCORE.dll
0x00007ffeaa170000 - 0x00007ffeaa185000 	C:\Windows\SYSTEM32\profapi.dll
0x00007ffe9e230000 - 0x00007ffe9e24a000 	F:\AndroidStudio\jre\bin\net.dll
0x00007ffe9e6f0000 - 0x00007ffe9e7b9000 	C:\Windows\SYSTEM32\WINHTTP.dll
0x00007ffea99b0000 - 0x00007ffea9a09000 	C:\Windows\system32\mswsock.dll
0x00007ffe992f0000 - 0x00007ffe99304000 	F:\AndroidStudio\jre\bin\nio.dll
0x00007ffe99460000 - 0x00007ffe99487000 	C:\Users\Mikhail\.gradle\native\8bec1ad78214c89d9ad589b4d07fe93259594b29d510b10fafb7a158f7737e5d\windows-amd64\native-platform.dll
0x00007ffe92920000 - 0x00007ffe92a5d000 	C:\Users\Mikhail\.gradle\native\53dbd7edfb1c66fb8903c78663c9afc45aea4f116125fa6feffd364cf09443e8\windows-amd64\native-platform-file-events.dll
0x00007ffea2f90000 - 0x00007ffea2f9a000 	F:\AndroidStudio\jre\bin\management.dll
0x00007ffe9a0d0000 - 0x00007ffe9a0dc000 	F:\AndroidStudio\jre\bin\management_ext.dll
0x00007ffea9a10000 - 0x00007ffea9a30000 	C:\Windows\SYSTEM32\CRYPTSP.dll
0x00007ffea9630000 - 0x00007ffea9666000 	C:\Windows\system32\rsaenh.dll
0x00007ffea9c50000 - 0x00007ffea9c76000 	C:\Windows\SYSTEM32\bcrypt.dll
0x00007ffea9740000 - 0x00007ffea9761000 	C:\Windows\SYSTEM32\USERENV.dll
0x00007ffea9f70000 - 0x00007ffea9fd3000 	C:\Windows\system32\bcryptprimitives.dll
0x00007ffea9fe0000 - 0x00007ffea9feb000 	C:\Windows\SYSTEM32\CRYPTBASE.dll
0x00007ffea62f0000 - 0x00007ffea631a000 	C:\Windows\SYSTEM32\IPHLPAPI.DLL
0x00007ffea62e0000 - 0x00007ffea62ea000 	C:\Windows\SYSTEM32\WINNSI.DLL
0x00007ffea43b0000 - 0x00007ffea43c6000 	C:\Windows\SYSTEM32\dhcpcsvc6.DLL
0x00007ffea4620000 - 0x00007ffea463a000 	C:\Windows\SYSTEM32\dhcpcsvc.DLL
0x00007ffe98eb0000 - 0x00007ffe98ed7000 	F:\AndroidStudio\jre\bin\sunec.dll

dbghelp: loaded successfully - version: 4.0.5 - missing functions: none
symbol engine: initialized successfully - sym options: 0x614 - pdb path: .;F:\AndroidStudio\jre\bin;C:\Windows\SYSTEM32;C:\Windows\WinSxS\amd64_microsoft.windows.common-controls_6595b64144ccf1df_6.0.9600.19394_none_62486577ecb635cf;F:\AndroidStudio\jre\bin\server;C:\Users\Mikhail\.gradle\native\8bec1ad78214c89d9ad589b4d07fe93259594b29d510b10fafb7a158f7737e5d\windows-amd64;C:\Users\Mikhail\.gradle\native\53dbd7edfb1c66fb8903c78663c9afc45aea4f116125fa6feffd364cf09443e8\windows-amd64

VM Arguments:
jvm_args: --add-opens=java.base/java.util=ALL-UNNAMED --add-opens=java.base/java.lang=ALL-UNNAMED --add-opens=java.base/java.lang.invoke=ALL-UNNAMED --add-opens=java.base/java.util=ALL-UNNAMED --add-opens=java.prefs/java.util.prefs=ALL-UNNAMED --add-opens=java.prefs/java.util.prefs=ALL-UNNAMED --add-opens=java.base/java.nio.charset=ALL-UNNAMED --add-opens=java.base/java.net=ALL-UNNAMED --add-opens=java.base/java.util.concurrent.atomic=ALL-UNNAMED -Xmx2048m -Dfile.encoding=UTF-8 -Duser.country=RU -Duser.language=ru -Duser.variant 
java_command: org.gradle.launcher.daemon.bootstrap.GradleDaemon 7.0.2
java_class_path (initial): C:\Users\Mikhail\.gradle\wrapper\dists\gradle-7.0.2-bin\857tjihv64xamwrf0h14cai3r\gradle-7.0.2\lib\gradle-launcher-7.0.2.jar
Launcher Type: SUN_STANDARD

[Global flags]
     intx CICompilerCount                          = 3                                         {product} {ergonomic}
     uint ConcGCThreads                            = 1                                         {product} {ergonomic}
     uint G1ConcRefinementThreads                  = 4                                         {product} {ergonomic}
   size_t G1HeapRegionSize                         = 1048576                                   {product} {ergonomic}
    uintx GCDrainStackTargetSize                   = 64                                        {product} {ergonomic}
   size_t InitialHeapSize                          = 67108864                                  {product} {ergonomic}
   size_t MarkStackSize                            = 4194304                                   {product} {ergonomic}
   size_t MaxHeapSize                              = 2147483648                                {product} {command line}
   size_t MaxNewSize                               = 1287651328                                {product} {ergonomic}
   size_t MinHeapDeltaBytes                        = 1048576                                   {product} {ergonomic}
    uintx NonNMethodCodeHeapSize                   = 5830732                                {pd product} {ergonomic}
    uintx NonProfiledCodeHeapSize                  = 122913754                              {pd product} {ergonomic}
    uintx ProfiledCodeHeapSize                     = 122913754                              {pd product} {ergonomic}
    uintx ReservedCodeCacheSize                    = 251658240                              {pd product} {ergonomic}
     bool SegmentedCodeCache                       = true                                      {product} {ergonomic}
     bool UseCompressedClassPointers               = true                                 {lp64_product} {ergonomic}
     bool UseCompressedOops                        = true                                 {lp64_product} {ergonomic}
     bool UseG1GC                                  = true                                      {product} {ergonomic}
     bool UseLargePagesIndividualAllocation        = false                                  {pd product} {ergonomic}

Logging:
Log output configuration:
 #0: stdout all=warning uptime,level,tags
 #1: stderr all=off uptime,level,tags

Environment Variables:
PATH=C:\Program Files\Common Files\Oracle\Java\javapath;C:\Program Files (x86)\Common Files\Intel\Shared Libraries\redist\intel64\compiler;C:\Program Files (x86)\Intel\iCLS Client\;C:\Program Files\Intel\iCLS Client\;C:\Windows\system32;C:\Windows;C:\Windows\System32\Wbem;C:\Windows\System32\WindowsPowerShell\v1.0\;C:\Program Files (x86)\ATI Technologies\ATI.ACE\Core-Static;C:\Program Files\Lenovo\Bluetooth Software\;C:\Program Files\Lenovo\Bluetooth Software\syswow64;C:\Program Files\Intel\Intel(R) Management Engine Components\DAL;C:\Program Files\Intel\Intel(R) Management Engine Components\IPT;C:\Program Files (x86)\Intel\Intel(R) Management Engine Components\DAL;C:\Program Files (x86)\Intel\Intel(R) Management Engine Components\IPT;C:\Program Files\Microsoft SQL Server\130\Tools\Binn\;C:\Program Files\Microsoft SQL Server\150\Tools\Binn\;C:\Program Files\Microsoft SQL Server\Client SDK\ODBC\170\Tools\Binn\;C:\Program Files\dotnet\;C:\Program Files\Git\cmd;C:\PHP;C:\Users\Mikhail\AppData\Local\Programs\Python\Python39\Scripts\;C:\Users\Mikhail\.dotnet\tools;F:\heroku\bin
USERNAME=Mikhail
OS=Windows_NT
PROCESSOR_IDENTIFIER=Intel64 Family 6 Model 58 Stepping 9, GenuineIntel



---------------  S Y S T E M  ---------------

OS: Windows 8.1 , 64 bit Build 9600 (6.3.9600.20237)
OS uptime: 0 days 11:51 hours

CPU:total 4 (initial active 4) (2 cores per cpu, 2 threads per core) family 6 model 58 stepping 9 microcode 0x1b, cmov, cx8, fxsr, mmx, sse, sse2, sse3, ssse3, sse4.1, sse4.2, popcnt, avx, clmul, erms, ht, tsc, tscinvbit, tscinv

Memory: 4k page, system-wide physical 3996M (384M free)
TotalPageFile size 6044M (AvailPageFile size 126M)
current process WorkingSet (physical memory assigned to process): 338M, peak: 446M
current process commit charge ("private bytes"): 595M, peak: 859M

vm_info: OpenJDK 64-Bit Server VM (11.0.10+0-b96-7249189) for windows-amd64 JRE (11.0.10+0-b96-7249189), built on Mar 31 2021 21:44:00 by "builder" with MS VC++ 14.0 (VS2015)

END.
