#
# There is insufficient memory for the Java Runtime Environment to continue.
# Native memory allocation (mmap) failed to map 310378496 bytes for Failed to commit area from 0x0000000089400000 to 0x000000009bc00000 of length 310378496.
# Possible reasons:
#   The system is out of physical RAM or swap space
#   The process is running with CompressedOops enabled, and the Java Heap may be blocking the growth of the native heap
# Possible solutions:
#   Reduce memory load on the system
#   Increase physical memory or swap space
#   Check if swap backing store is full
#   Decrease Java heap size (-Xmx/-Xms)
#   Decrease number of Java threads
#   Decrease Java thread stack sizes (-Xss)
#   Set larger code cache with -XX:ReservedCodeCacheSize=
#   JVM is running with Unscaled Compressed Oops mode in which the Java heap is
#     placed in the first 4GB address space. The Java Heap base address is the
#     maximum limit for the native heap growth. Please use -XX:HeapBaseMinAddress
#     to set the Java Heap base and to place the Java Heap above 4GB virtual address.
# This output file may be truncated or incomplete.
#
#  Out of Memory Error (./src/hotspot/os/windows/os_windows.cpp:3301), pid=3436, tid=5168
#
# JRE version: OpenJDK Runtime Environment (11.0.11+9) (build 11.0.11+9-b60-7590822)
# Java VM: OpenJDK 64-Bit Server VM (11.0.11+9-b60-7590822, mixed mode, tiered, compressed oops, g1 gc, windows-amd64)
# No core dump will be written. Minidumps are not enabled by default on client versions of Windows
#

---------------  S U M M A R Y ------------

Command Line: --add-opens=java.base/java.util=ALL-UNNAMED --add-opens=java.base/java.lang=ALL-UNNAMED --add-opens=java.base/java.lang.invoke=ALL-UNNAMED --add-opens=java.base/java.util=ALL-UNNAMED --add-opens=java.prefs/java.util.prefs=ALL-UNNAMED --add-opens=java.prefs/java.util.prefs=ALL-UNNAMED --add-opens=java.base/java.nio.charset=ALL-UNNAMED --add-opens=java.base/java.net=ALL-UNNAMED --add-opens=java.base/java.util.concurrent.atomic=ALL-UNNAMED -Xmx2048m -Dfile.encoding=UTF-8 -Duser.country=RU -Duser.language=ru -Duser.variant org.gradle.launcher.daemon.bootstrap.GradleDaemon 7.0.2

Host: Intel(R) Core(TM) i3-3110M CPU @ 2.40GHz, 4 cores, 3G,  Windows 8.1 , 64 bit Build 9600 (6.3.9600.20369)
Time: Wed May 25 21:50:23 2022 Oeieyiaey (eaoi) elapsed time: 424.892781 seconds (0d 0h 7m 4s)

---------------  T H R E A D  ---------------

Current thread (0x00000097d2d2a000):  VMThread "VM Thread" [stack: 0x00000097d3770000,0x00000097d3870000] [id=5168]

Stack: [0x00000097d3770000,0x00000097d3870000]
[error occurred during error reporting (printing stack bounds), id 0xc0000005, EXCEPTION_ACCESS_VIOLATION (0xc0000005) at pc=0x00000097bc920f2d]

Native frames: (J=compiled Java code, j=interpreted, Vv=VM code, C=native code)
V  [jvm.dll+0x5f214a]
V  [jvm.dll+0x726fb5]
V  [jvm.dll+0x7285cd]
V  [jvm.dll+0x728be5]
V  [jvm.dll+0x728b9b]
V  [jvm.dll+0x5f14e8]
V  [jvm.dll+0x5f1c78]
C  [ntdll.dll+0x92f3d]
C  [ntdll.dll+0x54557]
C  [ntdll.dll+0x920ca]
C  0x00000097bc920f2d

VM_Operation (0x00000097d8784920): G1CollectForAllocation, mode: safepoint, requested by thread 0x00000097d65e6800


---------------  P R O C E S S  ---------------

Threads class SMR info:
_java_thread_list=0x00000097da7edb60, length=42, elements={
0x00000097b8e58800, 0x00000097d2d33000, 0x00000097d2d34800, 0x00000097d2d56000,
0x00000097d2d57000, 0x00000097d2d58000, 0x00000097d2d59000, 0x00000097d2d5e000,
0x00000097d2d6b000, 0x00000097d3cf4000, 0x00000097d5ed8800, 0x00000097d643a800,
0x00000097d5e27000, 0x00000097d5e67000, 0x00000097d58dc800, 0x00000097d52b1800,
0x00000097d65e6800, 0x00000097d65e8000, 0x00000097d65ee800, 0x00000097d65ed800,
0x00000097d65ed000, 0x00000097d65ec000, 0x00000097d65f2000, 0x00000097d65f2800,
0x00000097d65f0000, 0x00000097d65f1000, 0x00000097d3eb9800, 0x00000097d3ebd000,
0x00000097d3ebb800, 0x00000097d3ebc000, 0x00000097d3eba800, 0x00000097d3ebd800,
0x00000097d3ebe800, 0x00000097d3ec0000, 0x00000097d5435800, 0x00000097d5437000,
0x00000097d5439800, 0x00000097d543a800, 0x00000097d5438000, 0x00000097d5438800,
0x00000097d543d800, 0x00000097d543b000
}

Java Threads: ( => current thread )
  0x00000097b8e58800 JavaThread "main" [_thread_blocked, id=2620, stack(0x00000097b8500000,0x00000097b8600000)]
  0x00000097d2d33000 JavaThread "Reference Handler" daemon [_thread_blocked, id=5052, stack(0x00000097d3870000,0x00000097d3970000)]
  0x00000097d2d34800 JavaThread "Finalizer" daemon [_thread_blocked, id=5088, stack(0x00000097d3970000,0x00000097d3a70000)]
  0x00000097d2d56000 JavaThread "Signal Dispatcher" daemon [_thread_blocked, id=5344, stack(0x00000097d3f50000,0x00000097d4050000)]
  0x00000097d2d57000 JavaThread "Attach Listener" daemon [_thread_blocked, id=4024, stack(0x00000097d4050000,0x00000097d4150000)]
  0x00000097d2d58000 JavaThread "Service Thread" daemon [_thread_blocked, id=5524, stack(0x00000097d4150000,0x00000097d4250000)]
  0x00000097d2d59000 JavaThread "C2 CompilerThread0" daemon [_thread_blocked, id=4836, stack(0x00000097d4250000,0x00000097d4350000)]
  0x00000097d2d5e000 JavaThread "C1 CompilerThread0" daemon [_thread_blocked, id=5220, stack(0x00000097d4350000,0x00000097d4450000)]
  0x00000097d2d6b000 JavaThread "Sweeper thread" daemon [_thread_blocked, id=4968, stack(0x00000097d4450000,0x00000097d4550000)]
  0x00000097d3cf4000 JavaThread "Common-Cleaner" daemon [_thread_blocked, id=5416, stack(0x00000097d4550000,0x00000097d4650000)]
  0x00000097d5ed8800 JavaThread "Daemon health stats" [_thread_blocked, id=4288, stack(0x00000097d73f0000,0x00000097d74f0000)]
  0x00000097d643a800 JavaThread "Incoming local TCP Connector on port 55210" [_thread_in_native, id=4596, stack(0x00000097d7bd0000,0x00000097d7cd0000)]
  0x00000097d5e27000 JavaThread "Daemon periodic checks" [_thread_blocked, id=4752, stack(0x00000097d8090000,0x00000097d8190000)]
  0x00000097d5e67000 JavaThread "Daemon" [_thread_blocked, id=5536, stack(0x00000097d8390000,0x00000097d8490000)]
  0x00000097d58dc800 JavaThread "Handler for socket connection from /127.0.0.1:55210 to /127.0.0.1:55211" [_thread_in_native, id=3952, stack(0x00000097d8490000,0x00000097d8590000)]
  0x00000097d52b1800 JavaThread "Cancel handler" [_thread_blocked, id=1756, stack(0x00000097d8590000,0x00000097d8690000)]
  0x00000097d65e6800 JavaThread "Daemon worker" [_thread_blocked, id=2888, stack(0x00000097d8690000,0x00000097d8790000)]
  0x00000097d65e8000 JavaThread "Asynchronous log dispatcher for DefaultDaemonConnection: socket connection from /127.0.0.1:55210 to /127.0.0.1:55211" [_thread_blocked, id=4352, stack(0x00000097d8790000,0x00000097d8890000)]
  0x00000097d65ee800 JavaThread "Daemon client event forwarder" [_thread_blocked, id=4936, stack(0x00000097d8a90000,0x00000097d8b90000)]
  0x00000097d65ed800 JavaThread "Cache worker for file hash cache (C:\Users\Mikhail\.gradle\caches\7.0.2\fileHashes)" [_thread_blocked, id=308, stack(0x00000097d8d90000,0x00000097d8e90000)]
  0x00000097d65ed000 JavaThread "File lock request listener" [_thread_in_native, id=3484, stack(0x00000097d8e90000,0x00000097d8f90000)]
  0x00000097d65ec000 JavaThread "Cache worker for journal cache (C:\Users\Mikhail\.gradle\caches\journal-1)" [_thread_blocked, id=360, stack(0x00000097d9190000,0x00000097d9290000)]
  0x00000097d65f2000 JavaThread "Cache worker for file hash cache (C:\Users\Mikhail\Desktop\Java projects\TestFirstLibrary\.gradle\7.0.2\fileHashes)" [_thread_blocked, id=4484, stack(0x00000097d9290000,0x00000097d9390000)]
  0x00000097d65f2800 JavaThread "File watcher server" daemon [_thread_in_native, id=3000, stack(0x00000097d9750000,0x00000097d9850000)]
  0x00000097d65f0000 JavaThread "File watcher consumer" daemon [_thread_blocked, id=2296, stack(0x00000097daaa0000,0x00000097daba0000)]
  0x00000097d65f1000 JavaThread "jar transforms" [_thread_blocked, id=2368, stack(0x00000097daba0000,0x00000097daca0000)]
  0x00000097d3eb9800 JavaThread "jar transforms Thread 2" [_thread_blocked, id=4332, stack(0x00000097daca0000,0x00000097dada0000)]
  0x00000097d3ebd000 JavaThread "jar transforms Thread 3" [_thread_blocked, id=2088, stack(0x00000097dada0000,0x00000097daea0000)]
  0x00000097d3ebb800 JavaThread "jar transforms Thread 4" [_thread_blocked, id=4464, stack(0x00000097daea0000,0x00000097dafa0000)]
  0x00000097d3ebc000 JavaThread "Cache worker for checksums cache (C:\Users\Mikhail\Desktop\Java projects\TestFirstLibrary\.gradle\checksums)" [_thread_blocked, id=3428, stack(0x00000097dafa0000,0x00000097db0a0000)]
  0x00000097d3eba800 JavaThread "Cache worker for cache directory md-supplier (C:\Users\Mikhail\.gradle\caches\7.0.2\md-supplier)" [_thread_blocked, id=2900, stack(0x00000097db3a0000,0x00000097db4a0000)]
  0x00000097d3ebd800 JavaThread "Cache worker for cache directory md-rule (C:\Users\Mikhail\.gradle\caches\7.0.2\md-rule)" [_thread_blocked, id=2416, stack(0x00000097db2a0000,0x00000097db3a0000)]
  0x00000097d3ebe800 JavaThread "Cache worker for execution history cache (C:\Users\Mikhail\.gradle\caches\7.0.2\executionHistory)" [_thread_blocked, id=3040, stack(0x00000097db4a0000,0x00000097db5a0000)]
  0x00000097d3ec0000 JavaThread "Cache worker for file content cache (C:\Users\Mikhail\.gradle\caches\7.0.2\fileContent)" [_thread_blocked, id=2652, stack(0x00000097dbfa0000,0x00000097dc0a0000)]
  0x00000097d5435800 JavaThread "Cache worker for dependencies-accessors (C:\Users\Mikhail\Desktop\Java projects\TestFirstLibrary\.gradle\7.0.2\dependencies-accessors)" [_thread_blocked, id=3324, stack(0x00000097d8990000,0x00000097d8a90000)]
  0x00000097d5437000 JavaThread "Cache worker for Build Output Cleanup Cache (C:\Users\Mikhail\Desktop\Java projects\TestFirstLibrary\.gradle\buildOutputCleanup)" [_thread_blocked, id=6140, stack(0x00000097dd870000,0x00000097dd970000)]
  0x00000097d5439800 JavaThread "Build operations" [_thread_blocked, id=2132, stack(0x00000097dbba0000,0x00000097dbca0000)]
  0x00000097d543a800 JavaThread "Build operations Thread 2" [_thread_blocked, id=5620, stack(0x00000097ddb70000,0x00000097ddc70000)]
  0x00000097d5438000 JavaThread "Build operations Thread 3" [_thread_blocked, id=3876, stack(0x00000097ddc70000,0x00000097ddd70000)]
  0x00000097d5438800 JavaThread "Build operations Thread 4" [_thread_blocked, id=2376, stack(0x00000097ddd70000,0x00000097dde70000)]
  0x00000097d543d800 JavaThread "Memory manager" [_thread_blocked, id=4284, stack(0x00000097d9390000,0x00000097d9490000)]
  0x00000097d543b000 JavaThread "File lock release action executor Thread 2" [_thread_blocked, id=5240, stack(0x00000097dbca0000,0x00000097dbda0000)]

Other Threads:
=>0x00000097d2d2a000 VMThread "VM Thread" [stack: 0x00000097d3770000,0x00000097d3870000] [id=5168]
  0x00000097d3d01000 WatcherThread [stack: 0x00000097d4650000,0x00000097d4750000] [id=2288]
  0x00000097b8e71000 GCTaskThread "GC Thread#0" [stack: 0x00000097b87e0000,0x00000097b88e0000] [id=4016]
  0x00000097d4a87800 GCTaskThread "GC Thread#1" [stack: 0x00000097d4f50000,0x00000097d5050000] [id=4852]
  0x00000097d5dbc800 GCTaskThread "GC Thread#2" [stack: 0x00000097d76f0000,0x00000097d77f0000] [id=5676]
  0x00000097d5e7b000 GCTaskThread "GC Thread#3" [stack: 0x00000097d77f0000,0x00000097d78f0000] [id=4172]
  0x00000097b8ea3800 ConcurrentGCThread "G1 Main Marker" [stack: 0x00000097d0520000,0x00000097d0620000] [id=4976]
  0x00000097b8ea5000 ConcurrentGCThread "G1 Conc#0" [stack: 0x00000097d0620000,0x00000097d0720000] [id=5264]
  0x00000097b8ef4000 ConcurrentGCThread "G1 Refine#0" [stack: 0x00000097d2d70000,0x00000097d2e70000] [id=2424]
  0x00000097d2b80800 ConcurrentGCThread "G1 Young RemSet Sampling" [stack: 0x00000097d2e70000,0x00000097d2f70000] [id=5148]

Threads with active compile tasks:
C2 CompilerThread0 452536 7270       4       java.lang.ClassLoader::postDefineClass (39 bytes)

VM state:at safepoint (normal execution)

VM Mutex/Monitor currently owned by a thread:  ([mutex/lock_event])
[0x00000097b8e576a0] Threads_lock - owner thread: 0x00000097d2d2a000
[0x00000097b8e57190] Heap_lock - owner thread: 0x00000097d65e6800

Heap address: 0x0000000080000000, size: 2048 MB, Compressed Oops mode: 32-bit
Narrow klass base: 0x0000000000000000, Narrow klass shift: 3
Compressed class space size: 1073741824 Address: 0x0000000100000000

Heap:
 garbage-first heap   total 454656K, used 76421K [0x0000000080000000, 0x0000000100000000)
  region size 1024K, 1 young (1024K), 1 survivors (1024K)
 Metaspace       used 66478K, capacity 68320K, committed 68608K, reserved 1107968K
  class space    used 8478K, capacity 9099K, committed 9216K, reserved 1048576K
Heap Regions: E=young(eden), S=young(survivor), O=old, HS=humongous(starts), HC=humongous(continues), CS=collection set, F=free, A=archive, TAMS=top-at-mark-start (previous, next)
|   0|0x0000000080000000, 0x0000000080100000, 0x0000000080100000|100%| O|  |TAMS 0x0000000080100000, 0x0000000080000000| Untracked 
|   1|0x0000000080100000, 0x0000000080200000, 0x0000000080200000|100%| O|  |TAMS 0x0000000080200000, 0x0000000080100000| Untracked 
|   2|0x0000000080200000, 0x0000000080300000, 0x0000000080300000|100%| O|  |TAMS 0x0000000080300000, 0x0000000080200000| Untracked 
|   3|0x0000000080300000, 0x0000000080400000, 0x0000000080400000|100%|HS|  |TAMS 0x0000000080400000, 0x0000000080300000| Complete 
|   4|0x0000000080400000, 0x0000000080500000, 0x0000000080500000|100%|HC|  |TAMS 0x0000000080500000, 0x0000000080400000| Complete 
|   5|0x0000000080500000, 0x0000000080600000, 0x0000000080600000|100%|HC|  |TAMS 0x0000000080600000, 0x0000000080500000| Complete 
|   6|0x0000000080600000, 0x0000000080700000, 0x0000000080700000|100%| O|  |TAMS 0x0000000080700000, 0x0000000080600000| Untracked 
|   7|0x0000000080700000, 0x0000000080800000, 0x0000000080800000|100%| O|  |TAMS 0x0000000080800000, 0x0000000080700000| Untracked 
|   8|0x0000000080800000, 0x0000000080900000, 0x0000000080900000|100%| O|  |TAMS 0x0000000080900000, 0x0000000080800000| Untracked 
|   9|0x0000000080900000, 0x0000000080a00000, 0x0000000080a00000|100%| O|  |TAMS 0x0000000080a00000, 0x0000000080900000| Untracked 
|  10|0x0000000080a00000, 0x0000000080b00000, 0x0000000080b00000|100%| O|  |TAMS 0x0000000080b00000, 0x0000000080a00000| Untracked 
|  11|0x0000000080b00000, 0x0000000080c00000, 0x0000000080c00000|100%| O|  |TAMS 0x0000000080c00000, 0x0000000080b00000| Untracked 
|  12|0x0000000080c00000, 0x0000000080d00000, 0x0000000080d00000|100%| O|  |TAMS 0x0000000080d00000, 0x0000000080c00000| Untracked 
|  13|0x0000000080d00000, 0x0000000080e00000, 0x0000000080e00000|100%| O|  |TAMS 0x0000000080e00000, 0x0000000080d00000| Untracked 
|  14|0x0000000080e00000, 0x0000000080f00000, 0x0000000080f00000|100%| O|  |TAMS 0x0000000080f00000, 0x0000000080e00000| Untracked 
|  15|0x0000000080f00000, 0x0000000081000000, 0x0000000081000000|100%|HS|  |TAMS 0x0000000081000000, 0x0000000080f00000| Complete 
|  16|0x0000000081000000, 0x0000000081100000, 0x0000000081100000|100%|HC|  |TAMS 0x0000000081100000, 0x0000000081000000| Complete 
|  17|0x0000000081100000, 0x0000000081200000, 0x0000000081200000|100%|HS|  |TAMS 0x0000000081200000, 0x0000000081100000| Complete 
|  18|0x0000000081200000, 0x0000000081300000, 0x0000000081300000|100%|HC|  |TAMS 0x0000000081300000, 0x0000000081200000| Complete 
|  19|0x0000000081300000, 0x0000000081400000, 0x0000000081400000|100%|HC|  |TAMS 0x0000000081400000, 0x0000000081300000| Complete 
|  20|0x0000000081400000, 0x0000000081500000, 0x0000000081500000|100%|HS|  |TAMS 0x0000000081500000, 0x0000000081400000| Complete 
|  21|0x0000000081500000, 0x0000000081600000, 0x0000000081600000|100%|HC|  |TAMS 0x0000000081600000, 0x0000000081500000| Complete 
|  22|0x0000000081600000, 0x0000000081700000, 0x0000000081700000|100%|HC|  |TAMS 0x0000000081700000, 0x0000000081600000| Complete 
|  23|0x0000000081700000, 0x0000000081800000, 0x0000000081800000|100%|HC|  |TAMS 0x0000000081800000, 0x0000000081700000| Complete 
|  24|0x0000000081800000, 0x0000000081900000, 0x0000000081900000|100%| O|  |TAMS 0x0000000081900000, 0x0000000081800000| Untracked 
|  25|0x0000000081900000, 0x0000000081a00000, 0x0000000081a00000|100%| O|  |TAMS 0x0000000081a00000, 0x0000000081900000| Untracked 
|  26|0x0000000081a00000, 0x0000000081b00000, 0x0000000081b00000|100%| O|  |TAMS 0x0000000081b00000, 0x0000000081a00000| Untracked 
|  27|0x0000000081b00000, 0x0000000081c00000, 0x0000000081c00000|100%| O|  |TAMS 0x0000000081c00000, 0x0000000081b00000| Untracked 
|  28|0x0000000081c00000, 0x0000000081d00000, 0x0000000081d00000|100%| O|  |TAMS 0x0000000081d00000, 0x0000000081c00000| Untracked 
|  29|0x0000000081d00000, 0x0000000081e00000, 0x0000000081e00000|100%| O|  |TAMS 0x0000000081e00000, 0x0000000081d00000| Untracked 
|  30|0x0000000081e00000, 0x0000000081f00000, 0x0000000081f00000|100%| O|  |TAMS 0x0000000081f00000, 0x0000000081e00000| Untracked 
|  31|0x0000000081f00000, 0x0000000082000000, 0x0000000082000000|100%| O|  |TAMS 0x0000000082000000, 0x0000000081f00000| Untracked 
|  32|0x0000000082000000, 0x0000000082100000, 0x0000000082100000|100%| O|  |TAMS 0x0000000082100000, 0x0000000082000000| Untracked 
|  33|0x0000000082100000, 0x0000000082200000, 0x0000000082200000|100%| O|  |TAMS 0x0000000082200000, 0x0000000082100000| Untracked 
|  34|0x0000000082200000, 0x0000000082300000, 0x0000000082300000|100%| O|  |TAMS 0x0000000082300000, 0x0000000082200000| Untracked 
|  35|0x0000000082300000, 0x0000000082400000, 0x0000000082400000|100%| O|  |TAMS 0x0000000082400000, 0x0000000082300000| Untracked 
|  36|0x0000000082400000, 0x0000000082500000, 0x0000000082500000|100%|HS|  |TAMS 0x0000000082500000, 0x0000000082400000| Complete 
|  37|0x0000000082500000, 0x0000000082600000, 0x0000000082600000|100%|HC|  |TAMS 0x0000000082600000, 0x0000000082500000| Complete 
|  38|0x0000000082600000, 0x0000000082700000, 0x0000000082700000|100%|HC|  |TAMS 0x0000000082700000, 0x0000000082600000| Complete 
|  39|0x0000000082700000, 0x0000000082800000, 0x0000000082800000|100%| O|  |TAMS 0x0000000082800000, 0x0000000082700000| Untracked 
|  40|0x0000000082800000, 0x0000000082900000, 0x0000000082900000|100%| O|  |TAMS 0x0000000082900000, 0x0000000082800000| Untracked 
|  41|0x0000000082900000, 0x0000000082a00000, 0x0000000082a00000|100%| O|  |TAMS 0x0000000082a00000, 0x0000000082900000| Untracked 
|  42|0x0000000082a00000, 0x0000000082b00000, 0x0000000082b00000|100%| O|  |TAMS 0x0000000082b00000, 0x0000000082a00000| Untracked 
|  43|0x0000000082b00000, 0x0000000082c00000, 0x0000000082c00000|100%| O|  |TAMS 0x0000000082c00000, 0x0000000082b00000| Untracked 
|  44|0x0000000082c00000, 0x0000000082d00000, 0x0000000082d00000|100%| O|  |TAMS 0x0000000082d00000, 0x0000000082c00000| Untracked 
|  45|0x0000000082d00000, 0x0000000082e00000, 0x0000000082e00000|100%| O|  |TAMS 0x0000000082e00000, 0x0000000082d00000| Untracked 
|  46|0x0000000082e00000, 0x0000000082f00000, 0x0000000082f00000|100%|HS|  |TAMS 0x0000000082f00000, 0x0000000082e00000| Complete 
|  47|0x0000000082f00000, 0x0000000083000000, 0x0000000083000000|100%|HC|  |TAMS 0x0000000083000000, 0x0000000082f00000| Complete 
|  48|0x0000000083000000, 0x0000000083100000, 0x0000000083100000|100%|HC|  |TAMS 0x0000000083100000, 0x0000000083000000| Complete 
|  49|0x0000000083100000, 0x0000000083200000, 0x0000000083200000|100%|HC|  |TAMS 0x0000000083200000, 0x0000000083100000| Complete 
|  50|0x0000000083200000, 0x0000000083300000, 0x0000000083300000|100%| O|  |TAMS 0x0000000083300000, 0x0000000083200000| Untracked 
|  51|0x0000000083300000, 0x0000000083400000, 0x0000000083400000|100%| O|  |TAMS 0x0000000083400000, 0x0000000083300000| Untracked 
|  52|0x0000000083400000, 0x0000000083500000, 0x0000000083500000|100%| O|  |TAMS 0x0000000083500000, 0x0000000083400000| Untracked 
|  53|0x0000000083500000, 0x0000000083600000, 0x0000000083600000|100%| O|  |TAMS 0x0000000083600000, 0x0000000083500000| Untracked 
|  54|0x0000000083600000, 0x0000000083700000, 0x0000000083700000|100%| O|  |TAMS 0x0000000083700000, 0x0000000083600000| Untracked 
|  55|0x0000000083700000, 0x0000000083800000, 0x0000000083800000|100%|HS|  |TAMS 0x0000000083800000, 0x0000000083700000| Complete 
|  56|0x0000000083800000, 0x0000000083900000, 0x0000000083900000|100%| O|  |TAMS 0x0000000083900000, 0x0000000083800000| Untracked 
|  57|0x0000000083900000, 0x0000000083a00000, 0x0000000083a00000|100%|HS|  |TAMS 0x0000000083a00000, 0x0000000083900000| Complete 
|  58|0x0000000083a00000, 0x0000000083b00000, 0x0000000083b00000|100%| O|  |TAMS 0x0000000083b00000, 0x0000000083a00000| Untracked 
|  59|0x0000000083b00000, 0x0000000083c00000, 0x0000000083c00000|100%| O|  |TAMS 0x0000000083c00000, 0x0000000083b00000| Untracked 
|  60|0x0000000083c00000, 0x0000000083d00000, 0x0000000083d00000|100%| O|  |TAMS 0x0000000083d00000, 0x0000000083c00000| Untracked 
|  61|0x0000000083d00000, 0x0000000083e00000, 0x0000000083e00000|100%| O|  |TAMS 0x0000000083e00000, 0x0000000083d00000| Untracked 
|  62|0x0000000083e00000, 0x0000000083f00000, 0x0000000083f00000|100%|HS|  |TAMS 0x0000000083f00000, 0x0000000083e00000| Complete 
|  63|0x0000000083f00000, 0x0000000084000000, 0x0000000084000000|100%|HC|  |TAMS 0x0000000084000000, 0x0000000083f00000| Complete 
|  64|0x0000000084000000, 0x0000000084100000, 0x0000000084100000|100%| O|  |TAMS 0x0000000084100000, 0x0000000084000000| Untracked 
|  65|0x0000000084100000, 0x0000000084200000, 0x0000000084200000|100%| O|  |TAMS 0x0000000084200000, 0x0000000084100000| Untracked 
|  66|0x0000000084200000, 0x0000000084300000, 0x0000000084300000|100%| O|  |TAMS 0x0000000084300000, 0x0000000084200000| Untracked 
|  67|0x0000000084300000, 0x0000000084400000, 0x0000000084400000|100%| O|  |TAMS 0x0000000084400000, 0x0000000084300000| Untracked 
|  68|0x0000000084400000, 0x0000000084500000, 0x0000000084500000|100%| O|  |TAMS 0x0000000084500000, 0x0000000084400000| Untracked 
|  69|0x0000000084500000, 0x0000000084600000, 0x0000000084600000|100%| O|  |TAMS 0x0000000084600000, 0x0000000084500000| Untracked 
|  70|0x0000000084600000, 0x0000000084700000, 0x0000000084700000|100%| O|  |TAMS 0x0000000084700000, 0x0000000084600000| Untracked 
|  71|0x0000000084700000, 0x0000000084800000, 0x0000000084800000|100%| O|  |TAMS 0x0000000084800000, 0x0000000084700000| Untracked 
|  72|0x0000000084800000, 0x0000000084900000, 0x0000000084900000|100%| O|  |TAMS 0x00000000848e2a00, 0x0000000084800000| Untracked 
|  73|0x0000000084900000, 0x00000000849e6200, 0x0000000084a00000| 89%| O|  |TAMS 0x0000000084900000, 0x0000000084900000| Untracked 
|  74|0x0000000084a00000, 0x0000000084a00000, 0x0000000084b00000|  0%| F|  |TAMS 0x0000000084a00000, 0x0000000084a00000| Untracked 
|  75|0x0000000084b00000, 0x0000000084b00000, 0x0000000084c00000|  0%| F|  |TAMS 0x0000000084b00000, 0x0000000084b00000| Untracked 
|  76|0x0000000084c00000, 0x0000000084c00000, 0x0000000084d00000|  0%| F|  |TAMS 0x0000000084c00000, 0x0000000084c00000| Untracked 
|  77|0x0000000084d00000, 0x0000000084d00000, 0x0000000084e00000|  0%| F|  |TAMS 0x0000000084d00000, 0x0000000084d00000| Untracked 
|  78|0x0000000084e00000, 0x0000000084e00000, 0x0000000084f00000|  0%| F|  |TAMS 0x0000000084e00000, 0x0000000084e00000| Untracked 
|  79|0x0000000084f00000, 0x0000000084f00000, 0x0000000085000000|  0%| F|  |TAMS 0x0000000084f00000, 0x0000000084f00000| Untracked 
|  80|0x0000000085000000, 0x0000000085000000, 0x0000000085100000|  0%| F|  |TAMS 0x0000000085000000, 0x0000000085000000| Untracked 
|  81|0x0000000085100000, 0x0000000085100000, 0x0000000085200000|  0%| F|  |TAMS 0x0000000085100000, 0x0000000085100000| Untracked 
|  82|0x0000000085200000, 0x0000000085200000, 0x0000000085300000|  0%| F|  |TAMS 0x0000000085200000, 0x0000000085200000| Untracked 
|  83|0x0000000085300000, 0x0000000085300000, 0x0000000085400000|  0%| F|  |TAMS 0x0000000085300000, 0x0000000085300000| Untracked 
|  84|0x0000000085400000, 0x0000000085400000, 0x0000000085500000|  0%| F|  |TAMS 0x0000000085400000, 0x0000000085400000| Untracked 
|  85|0x0000000085500000, 0x0000000085500000, 0x0000000085600000|  0%| F|  |TAMS 0x0000000085500000, 0x0000000085500000| Untracked 
|  86|0x0000000085600000, 0x0000000085600000, 0x0000000085700000|  0%| F|  |TAMS 0x0000000085600000, 0x0000000085600000| Untracked 
|  87|0x0000000085700000, 0x0000000085700000, 0x0000000085800000|  0%| F|  |TAMS 0x0000000085700000, 0x0000000085700000| Untracked 
|  88|0x0000000085800000, 0x0000000085800000, 0x0000000085900000|  0%| F|  |TAMS 0x0000000085800000, 0x0000000085800000| Untracked 
|  89|0x0000000085900000, 0x0000000085900000, 0x0000000085a00000|  0%| F|  |TAMS 0x0000000085900000, 0x0000000085900000| Untracked 
|  90|0x0000000085a00000, 0x0000000085a00000, 0x0000000085b00000|  0%| F|  |TAMS 0x0000000085a00000, 0x0000000085a00000| Untracked 
|  91|0x0000000085b00000, 0x0000000085b00000, 0x0000000085c00000|  0%| F|  |TAMS 0x0000000085b00000, 0x0000000085b00000| Untracked 
|  92|0x0000000085c00000, 0x0000000085c00000, 0x0000000085d00000|  0%| F|  |TAMS 0x0000000085c00000, 0x0000000085c00000| Untracked 
|  93|0x0000000085d00000, 0x0000000085d00000, 0x0000000085e00000|  0%| F|  |TAMS 0x0000000085d00000, 0x0000000085d00000| Untracked 
|  94|0x0000000085e00000, 0x0000000085e00000, 0x0000000085f00000|  0%| F|  |TAMS 0x0000000085e00000, 0x0000000085e00000| Untracked 
|  95|0x0000000085f00000, 0x0000000085f00000, 0x0000000086000000|  0%| F|  |TAMS 0x0000000085f00000, 0x0000000085f00000| Untracked 
|  96|0x0000000086000000, 0x0000000086000000, 0x0000000086100000|  0%| F|  |TAMS 0x0000000086000000, 0x0000000086000000| Untracked 
|  97|0x0000000086100000, 0x0000000086100000, 0x0000000086200000|  0%| F|  |TAMS 0x0000000086100000, 0x0000000086100000| Untracked 
|  98|0x0000000086200000, 0x0000000086200000, 0x0000000086300000|  0%| F|  |TAMS 0x0000000086200000, 0x0000000086200000| Untracked 
|  99|0x0000000086300000, 0x0000000086300000, 0x0000000086400000|  0%| F|  |TAMS 0x0000000086300000, 0x0000000086300000| Untracked 
| 100|0x0000000086400000, 0x0000000086400000, 0x0000000086500000|  0%| F|  |TAMS 0x0000000086400000, 0x0000000086400000| Untracked 
| 101|0x0000000086500000, 0x0000000086500000, 0x0000000086600000|  0%| F|  |TAMS 0x0000000086500000, 0x0000000086500000| Untracked 
| 102|0x0000000086600000, 0x0000000086600000, 0x0000000086700000|  0%| F|  |TAMS 0x0000000086600000, 0x0000000086600000| Untracked 
| 103|0x0000000086700000, 0x0000000086700000, 0x0000000086800000|  0%| F|  |TAMS 0x0000000086700000, 0x0000000086700000| Untracked 
| 104|0x0000000086800000, 0x0000000086800000, 0x0000000086900000|  0%| F|  |TAMS 0x0000000086800000, 0x0000000086800000| Untracked 
| 105|0x0000000086900000, 0x0000000086900000, 0x0000000086a00000|  0%| F|  |TAMS 0x0000000086900000, 0x0000000086900000| Untracked 
| 106|0x0000000086a00000, 0x0000000086a00000, 0x0000000086b00000|  0%| F|  |TAMS 0x0000000086a00000, 0x0000000086a00000| Untracked 
| 107|0x0000000086b00000, 0x0000000086b00000, 0x0000000086c00000|  0%| F|  |TAMS 0x0000000086b00000, 0x0000000086b00000| Untracked 
| 108|0x0000000086c00000, 0x0000000086c00000, 0x0000000086d00000|  0%| F|  |TAMS 0x0000000086c00000, 0x0000000086c00000| Untracked 
| 109|0x0000000086d00000, 0x0000000086d00000, 0x0000000086e00000|  0%| F|  |TAMS 0x0000000086d00000, 0x0000000086d00000| Untracked 
| 110|0x0000000086e00000, 0x0000000086e00000, 0x0000000086f00000|  0%| F|  |TAMS 0x0000000086e00000, 0x0000000086e00000| Untracked 
| 111|0x0000000086f00000, 0x0000000086f00000, 0x0000000087000000|  0%| F|  |TAMS 0x0000000086f00000, 0x0000000086f00000| Untracked 
| 112|0x0000000087000000, 0x0000000087000000, 0x0000000087100000|  0%| F|  |TAMS 0x0000000087000000, 0x0000000087000000| Untracked 
| 113|0x0000000087100000, 0x0000000087100000, 0x0000000087200000|  0%| F|  |TAMS 0x0000000087100000, 0x0000000087100000| Untracked 
| 114|0x0000000087200000, 0x0000000087200000, 0x0000000087300000|  0%| F|  |TAMS 0x0000000087200000, 0x0000000087200000| Untracked 
| 115|0x0000000087300000, 0x0000000087300000, 0x0000000087400000|  0%| F|  |TAMS 0x0000000087300000, 0x0000000087300000| Untracked 
| 116|0x0000000087400000, 0x0000000087400000, 0x0000000087500000|  0%| F|  |TAMS 0x0000000087400000, 0x0000000087400000| Untracked 
| 117|0x0000000087500000, 0x0000000087500000, 0x0000000087600000|  0%| F|  |TAMS 0x0000000087500000, 0x0000000087500000| Untracked 
| 118|0x0000000087600000, 0x0000000087600000, 0x0000000087700000|  0%| F|  |TAMS 0x0000000087600000, 0x0000000087600000| Untracked 
| 119|0x0000000087700000, 0x0000000087700000, 0x0000000087800000|  0%| F|  |TAMS 0x0000000087700000, 0x0000000087700000| Untracked 
| 120|0x0000000087800000, 0x0000000087800000, 0x0000000087900000|  0%| F|  |TAMS 0x0000000087800000, 0x0000000087800000| Untracked 
| 121|0x0000000087900000, 0x0000000087900000, 0x0000000087a00000|  0%| F|  |TAMS 0x0000000087900000, 0x0000000087900000| Untracked 
| 122|0x0000000087a00000, 0x0000000087a00000, 0x0000000087b00000|  0%| F|  |TAMS 0x0000000087a00000, 0x0000000087a00000| Untracked 
| 123|0x0000000087b00000, 0x0000000087b00000, 0x0000000087c00000|  0%| F|  |TAMS 0x0000000087b00000, 0x0000000087b00000| Untracked 
| 124|0x0000000087c00000, 0x0000000087c00000, 0x0000000087d00000|  0%| F|  |TAMS 0x0000000087c00000, 0x0000000087c00000| Untracked 
| 125|0x0000000087d00000, 0x0000000087d00000, 0x0000000087e00000|  0%| F|  |TAMS 0x0000000087d00000, 0x0000000087d00000| Untracked 
| 126|0x0000000087e00000, 0x0000000087e00000, 0x0000000087f00000|  0%| F|  |TAMS 0x0000000087e00000, 0x0000000087e00000| Untracked 
| 127|0x0000000087f00000, 0x0000000087f00000, 0x0000000088000000|  0%| F|  |TAMS 0x0000000087f00000, 0x0000000087f00000| Untracked 
| 128|0x0000000088000000, 0x0000000088000000, 0x0000000088100000|  0%| F|  |TAMS 0x0000000088000000, 0x0000000088000000| Untracked 
| 129|0x0000000088100000, 0x0000000088100000, 0x0000000088200000|  0%| F|  |TAMS 0x0000000088100000, 0x0000000088100000| Untracked 
| 130|0x0000000088200000, 0x0000000088200000, 0x0000000088300000|  0%| F|  |TAMS 0x0000000088200000, 0x0000000088200000| Untracked 
| 131|0x0000000088300000, 0x0000000088300000, 0x0000000088400000|  0%| F|  |TAMS 0x0000000088300000, 0x0000000088300000| Untracked 
| 132|0x0000000088400000, 0x0000000088400000, 0x0000000088500000|  0%| F|  |TAMS 0x0000000088400000, 0x0000000088400000| Untracked 
| 133|0x0000000088500000, 0x0000000088500000, 0x0000000088600000|  0%| F|  |TAMS 0x0000000088500000, 0x0000000088500000| Untracked 
| 134|0x0000000088600000, 0x0000000088600000, 0x0000000088700000|  0%| F|  |TAMS 0x0000000088600000, 0x0000000088600000| Untracked 
| 135|0x0000000088700000, 0x0000000088700000, 0x0000000088800000|  0%| F|  |TAMS 0x0000000088700000, 0x0000000088700000| Untracked 
| 136|0x0000000088800000, 0x0000000088800000, 0x0000000088900000|  0%| F|  |TAMS 0x0000000088800000, 0x0000000088800000| Untracked 
| 137|0x0000000088900000, 0x0000000088900000, 0x0000000088a00000|  0%| F|  |TAMS 0x0000000088900000, 0x0000000088900000| Untracked 
| 138|0x0000000088a00000, 0x0000000088a00000, 0x0000000088b00000|  0%| F|  |TAMS 0x0000000088a00000, 0x0000000088a00000| Untracked 
| 139|0x0000000088b00000, 0x0000000088b00000, 0x0000000088c00000|  0%| F|  |TAMS 0x0000000088b00000, 0x0000000088b00000| Untracked 
| 140|0x0000000088c00000, 0x0000000088cbb5d8, 0x0000000088d00000| 73%| S|CS|TAMS 0x0000000088c00000, 0x0000000088c00000| Complete 
| 141|0x0000000088d00000, 0x0000000088d00000, 0x0000000088e00000|  0%| F|  |TAMS 0x0000000088d00000, 0x0000000088d00000| Untracked 
| 142|0x0000000088e00000, 0x0000000088e00000, 0x0000000088f00000|  0%| F|  |TAMS 0x0000000088e00000, 0x0000000088e00000| Untracked 
| 143|0x0000000088f00000, 0x0000000088f00000, 0x0000000089000000|  0%| F|  |TAMS 0x0000000088f00000, 0x0000000088f00000| Untracked 
| 144|0x0000000089000000, 0x0000000089000000, 0x0000000089100000|  0%| F|  |TAMS 0x0000000089000000, 0x0000000089000000| Untracked 
| 145|0x0000000089100000, 0x0000000089100000, 0x0000000089200000|  0%| F|  |TAMS 0x0000000089100000, 0x0000000089100000| Untracked 
| 146|0x0000000089200000, 0x0000000089200000, 0x0000000089300000|  0%| F|  |TAMS 0x0000000089200000, 0x0000000089200000| Untracked 
| 147|0x0000000089300000, 0x0000000089300000, 0x0000000089400000|  0%| F|  |TAMS 0x0000000089300000, 0x0000000089300000| Untracked 

Card table byte_map: [0x00000097cbd20000,0x00000097cc120000] _byte_map_base: 0x00000097cb920000

Marking Bits (Prev, Next): (CMBitMap*) 0x00000097b8e9a1b0, (CMBitMap*) 0x00000097b8e9a178
 Prev Bits: [0x00000097ce520000, 0x00000097d0520000)
 Next Bits: [0x00000097cc520000, 0x00000097ce520000)

Polling page: 0x00000097b6cf0000

Metaspace:

Usage:
  Non-class:     57.83 MB capacity,    56.64 MB ( 98%) used,     1.02 MB (  2%) free+waste,   175.00 KB ( <1%) overhead. 
      Class:      8.89 MB capacity,     8.28 MB ( 93%) used,   537.85 KB (  6%) free+waste,    82.69 KB ( <1%) overhead. 
       Both:     66.72 MB capacity,    64.92 MB ( 97%) used,     1.55 MB (  2%) free+waste,   257.69 KB ( <1%) overhead. 

Virtual space:
  Non-class space:       58.00 MB reserved,      58.00 MB (100%) committed 
      Class space:        1.00 GB reserved,       9.00 MB ( <1%) committed 
             Both:        1.06 GB reserved,      67.00 MB (  6%) committed 

Chunk freelists:
   Non-Class:  43.00 KB
       Class:  21.00 KB
        Both:  64.00 KB

MaxMetaspaceSize: 17179869184.00 GB
CompressedClassSpaceSize: 1.00 GB

CodeHeap 'non-profiled nmethods': size=120064Kb used=4327Kb max_used=4327Kb free=115736Kb
 bounds [0x00000097c43e0000, 0x00000097c4820000, 0x00000097cb920000]
CodeHeap 'profiled nmethods': size=120000Kb used=15474Kb max_used=15474Kb free=104525Kb
 bounds [0x00000097bceb0000, 0x00000097bddd0000, 0x00000097c43e0000]
CodeHeap 'non-nmethods': size=5696Kb used=2266Kb max_used=2294Kb free=3429Kb
 bounds [0x00000097bc920000, 0x00000097bcb90000, 0x00000097bceb0000]
 total_blobs=8111 nmethods=7249 adapters=773
 compilation: enabled
              stopped_count=0, restarted_count=0
 full_count=0

Compilation events (20 events):
Event: 413.175 Thread 0x00000097d2d5e000 7279       3       org.gradle.internal.isolated.IsolationScheme::parameterTypeFor (115 bytes)
Event: 413.176 Thread 0x00000097d2d5e000 nmethod 7279 0x00000097bddbfd10 code [0x00000097bddbff80, 0x00000097bddc0948]
Event: 413.176 Thread 0x00000097d2d5e000 7280       3       org.gradle.internal.isolated.IsolationScheme::inferParameterType (130 bytes)
Event: 413.178 Thread 0x00000097d2d5e000 nmethod 7280 0x00000097bddc0b90 code [0x00000097bddc0f60, 0x00000097bddc2cd8]
Event: 413.178 Thread 0x00000097d2d5e000 7281       3       org.gradle.internal.instantiation.generator.DefaultInstantiationScheme::<init> (59 bytes)
Event: 413.179 Thread 0x00000097d2d5e000 nmethod 7281 0x00000097bddc3610 code [0x00000097bddc3820, 0x00000097bddc4018]
Event: 413.189 Thread 0x00000097d2d5e000 7283       3       org.gradle.internal.instantiation.generator.AbstractClassGenerator::assembleProperties (239 bytes)
Event: 413.193 Thread 0x00000097d2d5e000 nmethod 7283 0x00000097bddc4210 code [0x00000097bddc4780, 0x00000097bddc7ab8]
Event: 413.193 Thread 0x00000097d2d5e000 7284       3       java.util.LinkedHashMap::get (33 bytes)
Event: 413.194 Thread 0x00000097d2d5e000 nmethod 7284 0x00000097bddc8b10 code [0x00000097bddc8d00, 0x00000097bddc9128]
Event: 413.194 Thread 0x00000097d2d5e000 7285       3       jdk.internal.reflect.ConstantPool::getIntAt (10 bytes)
Event: 413.194 Thread 0x00000097d2d5e000 nmethod 7285 0x00000097bddc9290 code [0x00000097bddc9440, 0x00000097bddc9568]
Event: 413.195 Thread 0x00000097d2d5e000 7287   !   3       java.lang.reflect.Proxy$ProxyBuilder::ensureVisible (52 bytes)
Event: 413.197 Thread 0x00000097d2d5e000 nmethod 7287 0x00000097bddc9610 code [0x00000097bddc98c0, 0x00000097bddca348]
Event: 413.198 Thread 0x00000097d2d5e000 7288       3       jdk.internal.reflect.ClassFileAssembler::<init> (8 bytes)
Event: 413.198 Thread 0x00000097d2d5e000 nmethod 7288 0x00000097bddca790 code [0x00000097bddca980, 0x00000097bddcae98]
Event: 413.198 Thread 0x00000097d2d5e000 7289       3       jdk.internal.reflect.ClassFileAssembler::append (9 bytes)
Event: 413.199 Thread 0x00000097d2d5e000 nmethod 7289 0x00000097bddcb090 code [0x00000097bddcb2a0, 0x00000097bddcb798]
Event: 413.212 Thread 0x00000097d2d5e000 7290       3       java.security.CodeSource::getCertificates (98 bytes)
Event: 413.214 Thread 0x00000097d2d5e000 nmethod 7290 0x00000097bddcba90 code [0x00000097bddcbd00, 0x00000097bddcc848]

GC Heap History (20 events):
Event: 291.884 GC heap after
{Heap after GC invocations=66 (full 0):
 garbage-first heap   total 95232K, used 70172K [0x0000000080000000, 0x0000000100000000)
  region size 1024K, 1 young (1024K), 1 survivors (1024K)
 Metaspace       used 56578K, capacity 58168K, committed 58240K, reserved 1099776K
  class space    used 7261K, capacity 7767K, committed 7808K, reserved 1048576K
}
Event: 297.239 GC heap before
{Heap before GC invocations=66 (full 0):
 garbage-first heap   total 95232K, used 79388K [0x0000000080000000, 0x0000000100000000)
  region size 1024K, 10 young (10240K), 1 survivors (1024K)
 Metaspace       used 57688K, capacity 59373K, committed 59392K, reserved 1101824K
  class space    used 7408K, capacity 7933K, committed 7936K, reserved 1048576K
}
Event: 297.243 GC heap after
{Heap after GC invocations=67 (full 0):
 garbage-first heap   total 95232K, used 70185K [0x0000000080000000, 0x0000000100000000)
  region size 1024K, 1 young (1024K), 1 survivors (1024K)
 Metaspace       used 57688K, capacity 59373K, committed 59392K, reserved 1101824K
  class space    used 7408K, capacity 7933K, committed 7936K, reserved 1048576K
}
Event: 304.108 GC heap before
{Heap before GC invocations=68 (full 0):
 garbage-first heap   total 95232K, used 79401K [0x0000000080000000, 0x0000000100000000)
  region size 1024K, 10 young (10240K), 1 survivors (1024K)
 Metaspace       used 58970K, capacity 60574K, committed 60672K, reserved 1101824K
  class space    used 7566K, capacity 8100K, committed 8192K, reserved 1048576K
}
Event: 304.182 GC heap after
{Heap after GC invocations=69 (full 0):
 garbage-first heap   total 95232K, used 70555K [0x0000000080000000, 0x0000000100000000)
  region size 1024K, 2 young (2048K), 2 survivors (2048K)
 Metaspace       used 58970K, capacity 60574K, committed 60672K, reserved 1101824K
  class space    used 7566K, capacity 8100K, committed 8192K, reserved 1048576K
}
Event: 314.862 GC heap before
{Heap before GC invocations=69 (full 0):
 garbage-first heap   total 95232K, used 79771K [0x0000000080000000, 0x0000000100000000)
  region size 1024K, 11 young (11264K), 2 survivors (2048K)
 Metaspace       used 60249K, capacity 61900K, committed 62080K, reserved 1103872K
  class space    used 7747K, capacity 8307K, committed 8320K, reserved 1048576K
}
Event: 314.989 GC heap after
{Heap after GC invocations=70 (full 0):
 garbage-first heap   total 95232K, used 70995K [0x0000000080000000, 0x0000000100000000)
  region size 1024K, 2 young (2048K), 2 survivors (2048K)
 Metaspace       used 60249K, capacity 61900K, committed 62080K, reserved 1103872K
  class space    used 7747K, capacity 8307K, committed 8320K, reserved 1048576K
}
Event: 322.555 GC heap before
{Heap before GC invocations=71 (full 0):
 garbage-first heap   total 95232K, used 79187K [0x0000000080000000, 0x0000000100000000)
  region size 1024K, 11 young (11264K), 2 survivors (2048K)
 Metaspace       used 62046K, capacity 63785K, committed 63872K, reserved 1103872K
  class space    used 7925K, capacity 8509K, committed 8576K, reserved 1048576K
}
Event: 323.077 GC heap after
{Heap after GC invocations=72 (full 0):
 garbage-first heap   total 95232K, used 71177K [0x0000000080000000, 0x0000000100000000)
  region size 1024K, 2 young (2048K), 2 survivors (2048K)
 Metaspace       used 62046K, capacity 63785K, committed 63872K, reserved 1103872K
  class space    used 7925K, capacity 8509K, committed 8576K, reserved 1048576K
}
Event: 333.256 GC heap before
{Heap before GC invocations=72 (full 0):
 garbage-first heap   total 95232K, used 80393K [0x0000000080000000, 0x0000000100000000)
  region size 1024K, 11 young (11264K), 2 survivors (2048K)
 Metaspace       used 62992K, capacity 64736K, committed 64768K, reserved 1105920K
  class space    used 8058K, capacity 8694K, committed 8704K, reserved 1048576K
}
Event: 334.155 GC heap after
{Heap after GC invocations=73 (full 0):
 garbage-first heap   total 95232K, used 71629K [0x0000000080000000, 0x0000000100000000)
  region size 1024K, 2 young (2048K), 2 survivors (2048K)
 Metaspace       used 62992K, capacity 64736K, committed 64768K, reserved 1105920K
  class space    used 8058K, capacity 8694K, committed 8704K, reserved 1048576K
}
Event: 363.267 GC heap before
{Heap before GC invocations=74 (full 0):
 garbage-first heap   total 95232K, used 76749K [0x0000000080000000, 0x0000000100000000)
  region size 1024K, 7 young (7168K), 2 survivors (2048K)
 Metaspace       used 64253K, capacity 65947K, committed 66176K, reserved 1105920K
  class space    used 8217K, capacity 8821K, committed 8832K, reserved 1048576K
}
Event: 369.416 GC heap after
{Heap after GC invocations=75 (full 0):
 garbage-first heap   total 151552K, used 72037K [0x0000000080000000, 0x0000000100000000)
  region size 1024K, 1 young (1024K), 1 survivors (1024K)
 Metaspace       used 64253K, capacity 65947K, committed 66176K, reserved 1105920K
  class space    used 8217K, capacity 8821K, committed 8832K, reserved 1048576K
}
Event: 378.228 GC heap before
{Heap before GC invocations=75 (full 0):
 garbage-first heap   total 151552K, used 78181K [0x0000000080000000, 0x0000000100000000)
  region size 1024K, 7 young (7168K), 1 survivors (1024K)
 Metaspace       used 64759K, capacity 66541K, committed 66816K, reserved 1107968K
  class space    used 8294K, capacity 8935K, committed 8960K, reserved 1048576K
}
Event: 379.800 GC heap after
{Heap after GC invocations=76 (full 0):
 garbage-first heap   total 151552K, used 72305K [0x0000000080000000, 0x0000000100000000)
  region size 1024K, 1 young (1024K), 1 survivors (1024K)
 Metaspace       used 64759K, capacity 66541K, committed 66816K, reserved 1107968K
  class space    used 8294K, capacity 8935K, committed 8960K, reserved 1048576K
}
Event: 400.210 GC heap before
{Heap before GC invocations=77 (full 0):
 garbage-first heap   total 151552K, used 77425K [0x0000000080000000, 0x0000000100000000)
  region size 1024K, 7 young (7168K), 1 survivors (1024K)
 Metaspace       used 66054K, capacity 67828K, committed 67968K, reserved 1107968K
  class space    used 8429K, capacity 9065K, committed 9088K, reserved 1048576K
}
Event: 407.029 GC heap after
{Heap after GC invocations=78 (full 0):
 garbage-first heap   total 151552K, used 73436K [0x0000000080000000, 0x0000000100000000)
  region size 1024K, 1 young (1024K), 1 survivors (1024K)
 Metaspace       used 66054K, capacity 67828K, committed 67968K, reserved 1107968K
  class space    used 8429K, capacity 9065K, committed 9088K, reserved 1048576K
}
Event: 407.043 GC heap before
{Heap before GC invocations=78 (full 0):
 garbage-first heap   total 151552K, used 78556K [0x0000000080000000, 0x0000000100000000)
  region size 1024K, 7 young (7168K), 1 survivors (1024K)
 Metaspace       used 66054K, capacity 67828K, committed 67968K, reserved 1107968K
  class space    used 8429K, capacity 9065K, committed 9088K, reserved 1048576K
}
Event: 411.939 GC heap after
{Heap after GC invocations=79 (full 0):
 garbage-first heap   total 151552K, used 75658K [0x0000000080000000, 0x0000000100000000)
  region size 1024K, 1 young (1024K), 1 survivors (1024K)
 Metaspace       used 66054K, capacity 67828K, committed 67968K, reserved 1107968K
  class space    used 8429K, capacity 9065K, committed 9088K, reserved 1048576K
}
Event: 413.218 GC heap before
{Heap before GC invocations=80 (full 0):
 garbage-first heap   total 151552K, used 80778K [0x0000000080000000, 0x0000000100000000)
  region size 1024K, 7 young (7168K), 1 survivors (1024K)
 Metaspace       used 66478K, capacity 68320K, committed 68608K, reserved 1107968K
  class space    used 8478K, capacity 9099K, committed 9216K, reserved 1048576K
}

Deoptimization events (20 events):
Event: 411.986 Thread 0x00000097d65e6800 DEOPT PACKING pc=0x00000097bdc0fb5d sp=0x00000097d8784390
Event: 411.986 Thread 0x00000097d65e6800 DEOPT UNPACKING pc=0x00000097bc946d5e sp=0x00000097d8783848 mode 0
Event: 411.987 Thread 0x00000097d65e6800 DEOPT PACKING pc=0x00000097bdc0fb5d sp=0x00000097d8784390
Event: 411.987 Thread 0x00000097d65e6800 DEOPT UNPACKING pc=0x00000097bc946d5e sp=0x00000097d8783848 mode 0
Event: 411.987 Thread 0x00000097d65e6800 DEOPT PACKING pc=0x00000097bdc0fb5d sp=0x00000097d8784390
Event: 411.987 Thread 0x00000097d65e6800 DEOPT UNPACKING pc=0x00000097bc946d5e sp=0x00000097d8783848 mode 0
Event: 411.988 Thread 0x00000097d65e6800 DEOPT PACKING pc=0x00000097bdc0fb5d sp=0x00000097d8784390
Event: 411.988 Thread 0x00000097d65e6800 DEOPT UNPACKING pc=0x00000097bc946d5e sp=0x00000097d8783848 mode 0
Event: 411.988 Thread 0x00000097d65e6800 DEOPT PACKING pc=0x00000097bdc0fb5d sp=0x00000097d8784390
Event: 411.988 Thread 0x00000097d65e6800 DEOPT UNPACKING pc=0x00000097bc946d5e sp=0x00000097d8783848 mode 0
Event: 411.988 Thread 0x00000097d65e6800 DEOPT PACKING pc=0x00000097bdc0fb5d sp=0x00000097d8784390
Event: 411.988 Thread 0x00000097d65e6800 DEOPT UNPACKING pc=0x00000097bc946d5e sp=0x00000097d8783848 mode 0
Event: 411.992 Thread 0x00000097d65e6800 Uncommon trap: trap_request=0xffffffc6 fr.pc=0x00000097c4724c10 relative=0x00000000000014b0
Event: 411.992 Thread 0x00000097d65e6800 Uncommon trap: reason=bimorphic_or_optimized_type_check action=maybe_recompile pc=0x00000097c4724c10 method=jdk.internal.loader.Resource.getBytes()[B @ 115 c2
Event: 411.992 Thread 0x00000097d65e6800 DEOPT PACKING pc=0x00000097c4724c10 sp=0x00000097d8784af0
Event: 411.992 Thread 0x00000097d65e6800 DEOPT UNPACKING pc=0x00000097bc9465af sp=0x00000097d8784b00 mode 2
Event: 411.994 Thread 0x00000097d65e6800 Uncommon trap: trap_request=0xffffffc6 fr.pc=0x00000097c4724c10 relative=0x00000000000014b0
Event: 411.994 Thread 0x00000097d65e6800 Uncommon trap: reason=bimorphic_or_optimized_type_check action=maybe_recompile pc=0x00000097c4724c10 method=jdk.internal.loader.Resource.getBytes()[B @ 115 c2
Event: 411.994 Thread 0x00000097d65e6800 DEOPT PACKING pc=0x00000097c4724c10 sp=0x00000097d8781880
Event: 411.994 Thread 0x00000097d65e6800 DEOPT UNPACKING pc=0x00000097bc9465af sp=0x00000097d8781890 mode 2

Classes redefined (0 events):
No events

Internal exceptions (20 events):
Event: 255.105 Thread 0x00000097d65e6800 Exception <a 'java/lang/ClassNotFoundException'{0x000000008551e020}: org/apache/groovy/parser/antlr4/util/StringUtils$3BeanInfo> (0x000000008551e020) thrown at [./src/hotspot/share/classfile/systemDictionary.cpp, line 231]
Event: 255.106 Thread 0x00000097d65e6800 Exception <a 'java/lang/ClassNotFoundException'{0x000000008545b418}: org/apache/groovy/parser/antlr4/util/StringUtils$3Customizer> (0x000000008545b418) thrown at [./src/hotspot/share/classfile/systemDictionary.cpp, line 231]
Event: 263.258 Thread 0x00000097d65e6800 Exception <a 'java/lang/NoSuchMethodError'{0x0000000085c86348}: 'void java.lang.invoke.DirectMethodHandle$Holder.invokeSpecialIFC(java.lang.Object, java.lang.Object, java.lang.Object)'> (0x0000000085c86348) thrown at [./src/hotspot/share/interpreter/linkResolver.cpp, line 773]
Event: 267.159 Thread 0x00000097d65e6800 Exception <a 'java/lang/NoSuchMethodError'{0x0000000085795508}: 'int java.lang.invoke.DirectMethodHandle$Holder.invokeStatic(java.lang.Object, int, java.lang.Object, java.lang.Object)'> (0x0000000085795508) thrown at [./src/hotspot/share/interpreter/linkResolver.cpp, line 773]
Event: 277.287 Thread 0x00000097d65e6800 Exception <a 'java/lang/ClassNotFoundException'{0x0000000085900fd0}: build_dcvwu5omvwchn8w1balsc31y8BeanInfo> (0x0000000085900fd0) thrown at [./src/hotspot/share/classfile/systemDictionary.cpp, line 231]
Event: 277.287 Thread 0x00000097d65e6800 Exception <a 'java/lang/ClassNotFoundException'{0x000000008590bef8}: build_dcvwu5omvwchn8w1balsc31y8Customizer> (0x000000008590bef8) thrown at [./src/hotspot/share/classfile/systemDictionary.cpp, line 231]
Event: 277.327 Thread 0x00000097d65e6800 Exception <a 'java/lang/ClassNotFoundException'{0x0000000085990758}: org/gradle/plugin/use/internal/PluginRequestCollector$PluginDependenciesSpecImplBeanInfo> (0x0000000085990758) thrown at [./src/hotspot/share/classfile/systemDictionary.cpp, line 231]
Event: 277.328 Thread 0x00000097d65e6800 Exception <a 'java/lang/ClassNotFoundException'{0x00000000859be878}: org/gradle/plugin/use/internal/PluginRequestCollector$PluginDependenciesSpecImplCustomizer> (0x00000000859be878) thrown at [./src/hotspot/share/classfile/systemDictionary.cpp, line 231]
Event: 291.146 Thread 0x00000097d65e6800 Exception <a 'java/lang/NoSuchMethodError'{0x0000000085597320}: 'java.lang.Object java.lang.invoke.DirectMethodHandle$Holder.invokeStatic(java.lang.Object, java.lang.Object, java.lang.Object, java.lang.Object, int)'> (0x0000000085597320) thrown at [./src/hotspot/share/interpreter/linkResolver.cpp, line 773]
Event: 291.248 Thread 0x00000097d65e6800 Exception <a 'java/lang/NoSuchMethodError'{0x000000008559bd18}: 'java.lang.Object java.lang.invoke.DirectMethodHandle$Holder.invokeSpecial(java.lang.Object, java.lang.Object, java.lang.Object, java.lang.Object, java.lang.Object, int)'> (0x000000008559bd18) thrown at [./src/hotspot/share/interpreter/linkResolver.cpp, line 773]
Event: 291.248 Thread 0x00000097d65e6800 Exception <a 'java/lang/NoSuchMethodError'{0x00000000855a0358}: 'java.lang.Object java.lang.invoke.Invokers$Holder.linkToTargetMethod(java.lang.Object, java.lang.Object, java.lang.Object, int, java.lang.Object)'> (0x00000000855a0358) thrown at [./src/hotspot/share/interpreter/linkResolver.cpp, line 773]
Event: 302.354 Thread 0x00000097d65e6800 Exception <a 'java/lang/NoSuchMethodError'{0x0000000085884a90}: 'java.lang.Object java.lang.invoke.DirectMethodHandle$Holder.invokeSpecial(java.lang.Object, java.lang.Object, int, int, java.lang.Object, java.lang.Object, java.lang.Object)'> (0x0000000085884a90) thrown at [./src/hotspot/share/interpreter/linkResolver.cpp, line 773]
Event: 302.354 Thread 0x00000097d65e6800 Exception <a 'java/lang/NoSuchMethodError'{0x0000000085889010}: 'java.lang.Object java.lang.invoke.DelegatingMethodHandle$Holder.reinvoke_L(java.lang.Object, int, int, java.lang.Object, java.lang.Object, java.lang.Object)'> (0x0000000085889010) thrown at [./src/hotspot/share/interpreter/linkResolver.cpp, line 773]
Event: 311.911 Thread 0x00000097d65e6800 Exception <a 'java/lang/NoSuchMethodError'{0x0000000085542468}: 'int java.lang.invoke.DirectMethodHandle$Holder.invokeInterface(java.lang.Object, java.lang.Object, java.lang.Object, java.lang.Object)'> (0x0000000085542468) thrown at [./src/hotspot/share/interpreter/linkResolver.cpp, line 773]
Event: 324.616 Thread 0x00000097d65e6800 Exception <a 'java/lang/NoSuchMethodError'{0x00000000858201b0}: 'void java.lang.invoke.DirectMethodHandle$Holder.invokeInterface(java.lang.Object, java.lang.Object, java.lang.Object, java.lang.Object)'> (0x00000000858201b0) thrown at [./src/hotspot/share/interpreter/linkResolver.cpp, line 773]
Event: 353.674 Thread 0x00000097d65e6800 Exception <a 'java/lang/IncompatibleClassChangeError'{0x0000000085973a28}: Found class java.lang.Object, but interface was expected> (0x0000000085973a28) thrown at [./src/hotspot/share/interpreter/linkResolver.cpp, line 839]
Event: 369.418 Thread 0x00000097d65e6800 Implicit null exception at 0x00000097c471dcd4 to 0x00000097c471de50
Event: 380.050 Thread 0x00000097d65e6800 Implicit null exception at 0x00000097c453420b to 0x00000097c45342e4
Event: 394.331 Thread 0x00000097d65e6800 Implicit null exception at 0x00000097c455ccac to 0x00000097c455cdda
Event: 413.178 Thread 0x00000097d65e6800 Exception <a 'sun/nio/fs/WindowsException'{0x00000000890ed948}> (0x00000000890ed948) thrown at [./src/hotspot/share/prims/jni.cpp, line 615]

Events (20 events):
Event: 413.208 loading class com/google/common/collect/Sets$SetView done
Event: 413.209 loading class com/google/common/collect/Sets$1
Event: 413.209 loading class com/google/common/collect/Sets$1 done
Event: 413.210 loading class com/google/common/collect/Sets$4
Event: 413.210 loading class com/google/common/collect/Sets$4 done
Event: 413.211 loading class com/google/common/collect/Sets$3
Event: 413.211 loading class com/google/common/collect/Sets$3 done
Event: 413.212 loading class com/google/common/collect/ImmutableEnumSet
Event: 413.212 loading class com/google/common/collect/ImmutableEnumSet done
Event: 413.214 loading class com/google/common/collect/Sets$2
Event: 413.214 loading class com/google/common/collect/Sets$2 done
Event: 413.216 loading class com/android/utils/HelpfulEnumConverter
Event: 413.216 loading class com/android/utils/HelpfulEnumConverter done
Event: 413.216 loading class com/android/build/gradle/internal/dsl/NdkOptions$DebugSymbolLevel
Event: 413.216 loading class com/android/build/gradle/internal/dsl/NdkOptions$DebugSymbolLevel done
Event: 413.217 loading class org/gradle/api/tasks/Input
Event: 413.217 loading class org/gradle/api/tasks/Input done
Event: 413.218 loading class org/gradle/api/tasks/Optional
Event: 413.218 loading class org/gradle/api/tasks/Optional done
Event: 413.218 Executing VM operation: G1CollectForAllocation


Dynamic libraries:
0x00007ff77f020000 - 0x00007ff77f02a000 	F:\AndroidStudio\jre\bin\java.exe
0x00007ffd352b0000 - 0x00007ffd3545d000 	C:\Windows\SYSTEM32\ntdll.dll
0x00007ffd32bd0000 - 0x00007ffd32d0f000 	C:\Windows\system32\KERNEL32.DLL
0x00007ffd32500000 - 0x00007ffd32615000 	C:\Windows\system32\KERNELBASE.dll
0x00007ffd1be60000 - 0x00007ffd1be79000 	F:\AndroidStudio\jre\bin\jli.dll
0x00007ffd1b4b0000 - 0x00007ffd1b4c7000 	F:\AndroidStudio\jre\bin\VCRUNTIME140.dll
0x00007ffd27140000 - 0x00007ffd27144000 	C:\Windows\SYSTEM32\api-ms-win-crt-stdio-l1-1-0.dll
0x00007ffd27120000 - 0x00007ffd27124000 	C:\Windows\SYSTEM32\api-ms-win-crt-runtime-l1-1-0.dll
0x00007ffd270b0000 - 0x00007ffd270b3000 	C:\Windows\SYSTEM32\api-ms-win-crt-environment-l1-1-0.dll
0x00007ffd270f0000 - 0x00007ffd270f5000 	C:\Windows\SYSTEM32\api-ms-win-crt-math-l1-1-0.dll
0x00007ffd270e0000 - 0x00007ffd270e3000 	C:\Windows\SYSTEM32\api-ms-win-crt-locale-l1-1-0.dll
0x00007ffd293b0000 - 0x00007ffd293b3000 	C:\Windows\SYSTEM32\api-ms-win-crt-heap-l1-1-0.dll
0x00007ffd2e4e0000 - 0x00007ffd2e75b000 	C:\Windows\WinSxS\amd64_microsoft.windows.common-controls_6595b64144ccf1df_6.0.9600.19394_none_62486577ecb635cf\COMCTL32.dll
0x00007ffd34d10000 - 0x00007ffd34e87000 	C:\Windows\system32\USER32.dll
0x00007ffd270d0000 - 0x00007ffd270d3000 	C:\Windows\SYSTEM32\api-ms-win-crt-filesystem-l1-1-0.dll
0x00007ffd27110000 - 0x00007ffd27114000 	C:\Windows\SYSTEM32\api-ms-win-crt-string-l1-1-0.dll
0x00007ffd27130000 - 0x00007ffd27134000 	C:\Windows\SYSTEM32\api-ms-win-crt-convert-l1-1-0.dll
0x00007ffd34c60000 - 0x00007ffd34d0a000 	C:\Windows\system32\msvcrt.dll
0x00007ffd34b10000 - 0x00007ffd34c5e000 	C:\Windows\system32\GDI32.dll
0x00007ffd26fa0000 - 0x00007ffd27094000 	C:\Windows\SYSTEM32\ucrtbase.DLL
0x00007ffd34300000 - 0x00007ffd34336000 	C:\Windows\system32\IMM32.DLL
0x00007ffd32a60000 - 0x00007ffd32bb1000 	C:\Windows\system32\MSCTF.dll
0x00007ffd1ab90000 - 0x00007ffd1ac2d000 	F:\AndroidStudio\jre\bin\msvcp140.dll
0x00007ffd25050000 - 0x00007ffd25055000 	C:\Windows\SYSTEM32\api-ms-win-crt-multibyte-l1-1-0.dll
0x00007ffd27100000 - 0x00007ffd27103000 	C:\Windows\SYSTEM32\api-ms-win-crt-time-l1-1-0.dll
0x00007ffd270a0000 - 0x00007ffd270a3000 	C:\Windows\SYSTEM32\api-ms-win-crt-utility-l1-1-0.dll
0x00007ffcf4b10000 - 0x00007ffcf55e5000 	F:\AndroidStudio\jre\bin\server\jvm.dll
0x00007ffd32d20000 - 0x00007ffd32dcd000 	C:\Windows\system32\ADVAPI32.dll
0x00007ffd1b820000 - 0x00007ffd1b829000 	C:\Windows\SYSTEM32\WSOCK32.dll
0x00007ffd2c590000 - 0x00007ffd2c5b2000 	C:\Windows\SYSTEM32\WINMM.dll
0x00007ffd30a30000 - 0x00007ffd30a3a000 	C:\Windows\SYSTEM32\VERSION.dll
0x00007ffd32bc0000 - 0x00007ffd32bc7000 	C:\Windows\system32\PSAPI.DLL
0x00007ffd34970000 - 0x00007ffd349cb000 	C:\Windows\SYSTEM32\sechost.dll
0x00007ffd349d0000 - 0x00007ffd34b05000 	C:\Windows\system32\RPCRT4.dll
0x00007ffd32930000 - 0x00007ffd3298a000 	C:\Windows\system32\WS2_32.dll
0x00007ffd2c160000 - 0x00007ffd2c18a000 	C:\Windows\SYSTEM32\WINMMBASE.dll
0x00007ffd32470000 - 0x00007ffd3249e000 	C:\Windows\system32\SspiCli.dll
0x00007ffd34400000 - 0x00007ffd34409000 	C:\Windows\system32\NSI.dll
0x00007ffd32420000 - 0x00007ffd3246f000 	C:\Windows\SYSTEM32\cfgmgr32.dll
0x00007ffd31170000 - 0x00007ffd31198000 	C:\Windows\SYSTEM32\DEVOBJ.dll
0x00007ffd253b0000 - 0x00007ffd253c1000 	F:\AndroidStudio\jre\bin\verify.dll
0x00007ffd186f0000 - 0x00007ffd1887a000 	C:\Windows\SYSTEM32\DBGHELP.DLL
0x00007ffd25380000 - 0x00007ffd253a9000 	F:\AndroidStudio\jre\bin\java.dll
0x00007ffd2bf60000 - 0x00007ffd2bf6b000 	F:\AndroidStudio\jre\bin\jimage.dll
0x00007ffd24f40000 - 0x00007ffd24f58000 	F:\AndroidStudio\jre\bin\zip.dll
0x00007ffd32dd0000 - 0x00007ffd342fc000 	C:\Windows\system32\SHELL32.dll
0x00007ffd34e90000 - 0x00007ffd350a2000 	C:\Windows\SYSTEM32\combase.dll
0x00007ffd350b0000 - 0x00007ffd35104000 	C:\Windows\system32\SHLWAPI.dll
0x00007ffd2fdc0000 - 0x00007ffd2fe72000 	C:\Windows\SYSTEM32\SHCORE.dll
0x00007ffd32350000 - 0x00007ffd32365000 	C:\Windows\SYSTEM32\profapi.dll
0x00007ffd24840000 - 0x00007ffd2485a000 	F:\AndroidStudio\jre\bin\net.dll
0x00007ffd29560000 - 0x00007ffd29629000 	C:\Windows\SYSTEM32\WINHTTP.dll
0x00007ffd31b90000 - 0x00007ffd31be9000 	C:\Windows\system32\mswsock.dll
0x00007ffd24820000 - 0x00007ffd24834000 	F:\AndroidStudio\jre\bin\nio.dll
0x00007ffd1c480000 - 0x00007ffd1c4a7000 	C:\Users\Mikhail\.gradle\native\8bec1ad78214c89d9ad589b4d07fe93259594b29d510b10fafb7a158f7737e5d\windows-amd64\native-platform.dll
0x00007ffd16ee0000 - 0x00007ffd1701d000 	C:\Users\Mikhail\.gradle\native\53dbd7edfb1c66fb8903c78663c9afc45aea4f116125fa6feffd364cf09443e8\windows-amd64\native-platform-file-events.dll
0x00007ffd289e0000 - 0x00007ffd289ea000 	F:\AndroidStudio\jre\bin\management.dll
0x00007ffd27720000 - 0x00007ffd2772d000 	F:\AndroidStudio\jre\bin\management_ext.dll
0x00007ffd31bf0000 - 0x00007ffd31c10000 	C:\Windows\SYSTEM32\CRYPTSP.dll
0x00007ffd31810000 - 0x00007ffd31846000 	C:\Windows\system32\rsaenh.dll
0x00007ffd31e30000 - 0x00007ffd31e56000 	C:\Windows\SYSTEM32\bcrypt.dll
0x00007ffd31920000 - 0x00007ffd31941000 	C:\Windows\SYSTEM32\USERENV.dll
0x00007ffd32150000 - 0x00007ffd321b3000 	C:\Windows\system32\bcryptprimitives.dll
0x00007ffd321c0000 - 0x00007ffd321cb000 	C:\Windows\SYSTEM32\CRYPTBASE.dll
0x00007ffd2e3c0000 - 0x00007ffd2e3ea000 	C:\Windows\SYSTEM32\IPHLPAPI.DLL
0x00007ffd2ead0000 - 0x00007ffd2eada000 	C:\Windows\SYSTEM32\WINNSI.DLL
0x00007ffd2bc90000 - 0x00007ffd2bca6000 	C:\Windows\SYSTEM32\dhcpcsvc6.DLL
0x00007ffd2c2a0000 - 0x00007ffd2c2ba000 	C:\Windows\SYSTEM32\dhcpcsvc.DLL

dbghelp: loaded successfully - version: 4.0.5 - missing functions: none
symbol engine: initialized successfully - sym options: 0x614 - pdb path: .;F:\AndroidStudio\jre\bin;C:\Windows\SYSTEM32;C:\Windows\WinSxS\amd64_microsoft.windows.common-controls_6595b64144ccf1df_6.0.9600.19394_none_62486577ecb635cf;F:\AndroidStudio\jre\bin\server;C:\Users\Mikhail\.gradle\native\8bec1ad78214c89d9ad589b4d07fe93259594b29d510b10fafb7a158f7737e5d\windows-amd64;C:\Users\Mikhail\.gradle\native\53dbd7edfb1c66fb8903c78663c9afc45aea4f116125fa6feffd364cf09443e8\windows-amd64

VM Arguments:
jvm_args: --add-opens=java.base/java.util=ALL-UNNAMED --add-opens=java.base/java.lang=ALL-UNNAMED --add-opens=java.base/java.lang.invoke=ALL-UNNAMED --add-opens=java.base/java.util=ALL-UNNAMED --add-opens=java.prefs/java.util.prefs=ALL-UNNAMED --add-opens=java.prefs/java.util.prefs=ALL-UNNAMED --add-opens=java.base/java.nio.charset=ALL-UNNAMED --add-opens=java.base/java.net=ALL-UNNAMED --add-opens=java.base/java.util.concurrent.atomic=ALL-UNNAMED -Xmx2048m -Dfile.encoding=UTF-8 -Duser.country=RU -Duser.language=ru -Duser.variant 
java_command: org.gradle.launcher.daemon.bootstrap.GradleDaemon 7.0.2
java_class_path (initial): C:\Users\Mikhail\.gradle\wrapper\dists\gradle-7.0.2-bin\857tjihv64xamwrf0h14cai3r\gradle-7.0.2\lib\gradle-launcher-7.0.2.jar
Launcher Type: SUN_STANDARD

[Global flags]
     intx CICompilerCount                          = 3                                         {product} {ergonomic}
     uint ConcGCThreads                            = 1                                         {product} {ergonomic}
     uint G1ConcRefinementThreads                  = 4                                         {product} {ergonomic}
   size_t G1HeapRegionSize                         = 1048576                                   {product} {ergonomic}
    uintx GCDrainStackTargetSize                   = 64                                        {product} {ergonomic}
   size_t InitialHeapSize                          = 67108864                                  {product} {ergonomic}
   size_t MarkStackSize                            = 4194304                                   {product} {ergonomic}
   size_t MaxHeapSize                              = 2147483648                                {product} {command line}
   size_t MaxNewSize                               = 1287651328                                {product} {ergonomic}
   size_t MinHeapDeltaBytes                        = 1048576                                   {product} {ergonomic}
    uintx NonNMethodCodeHeapSize                   = 5830732                                {pd product} {ergonomic}
    uintx NonProfiledCodeHeapSize                  = 122913754                              {pd product} {ergonomic}
    uintx ProfiledCodeHeapSize                     = 122913754                              {pd product} {ergonomic}
    uintx ReservedCodeCacheSize                    = 251658240                              {pd product} {ergonomic}
     bool SegmentedCodeCache                       = true                                      {product} {ergonomic}
     bool UseCompressedClassPointers               = true                                 {lp64_product} {ergonomic}
     bool UseCompressedOops                        = true                                 {lp64_product} {ergonomic}
     bool UseG1GC                                  = true                                      {product} {ergonomic}
     bool UseLargePagesIndividualAllocation        = false                                  {pd product} {ergonomic}

Logging:
Log output configuration:
 #0: stdout all=warning uptime,level,tags
 #1: stderr all=off uptime,level,tags

Environment Variables:
PATH=C:\Program Files\Common Files\Oracle\Java\javapath;C:\Program Files (x86)\Common Files\Intel\Shared Libraries\redist\intel64\compiler;C:\Program Files (x86)\Intel\iCLS Client\;C:\Program Files\Intel\iCLS Client\;C:\Windows\system32;C:\Windows;C:\Windows\System32\Wbem;C:\Windows\System32\WindowsPowerShell\v1.0\;C:\Program Files (x86)\ATI Technologies\ATI.ACE\Core-Static;C:\Program Files\Lenovo\Bluetooth Software\;C:\Program Files\Lenovo\Bluetooth Software\syswow64;C:\Program Files\Intel\Intel(R) Management Engine Components\DAL;C:\Program Files\Intel\Intel(R) Management Engine Components\IPT;C:\Program Files (x86)\Intel\Intel(R) Management Engine Components\DAL;C:\Program Files (x86)\Intel\Intel(R) Management Engine Components\IPT;C:\Program Files\Microsoft SQL Server\130\Tools\Binn\;C:\Program Files\Microsoft SQL Server\150\Tools\Binn\;C:\Program Files\Microsoft SQL Server\Client SDK\ODBC\170\Tools\Binn\;C:\Program Files\dotnet\;C:\Program Files\Git\cmd;C:\PHP;C:\Users\Mikhail\AppData\Local\Programs\Python\Python39\Scripts\;C:\Users\Mikhail\.dotnet\tools;F:\heroku\bin
USERNAME=Mikhail
OS=Windows_NT
PROCESSOR_IDENTIFIER=Intel64 Family 6 Model 58 Stepping 9, GenuineIntel



---------------  S Y S T E M  ---------------

OS: Windows 8.1 , 64 bit Build 9600 (6.3.9600.20369)
OS uptime: 0 days 12:11 hours

CPU:total 4 (initial active 4) (2 cores per cpu, 2 threads per core) family 6 model 58 stepping 9 microcode 0x1b, cmov, cx8, fxsr, mmx, sse, sse2, sse3, ssse3, sse4.1, sse4.2, popcnt, avx, clmul, erms, ht, tsc, tscinvbit, tscinv

Memory: 4k page, system-wide physical 3996M (428M free)
TotalPageFile size 6013M (AvailPageFile size 114M)
current process WorkingSet (physical memory assigned to process): 224M, peak: 232M
current process commit charge ("private bytes"): 359M, peak: 655M

vm_info: OpenJDK 64-Bit Server VM (11.0.11+9-b60-7590822) for windows-amd64 JRE (11.0.11+9-b60-7590822), built on Jul 29 2021 21:43:44 by "builder" with MS VC++ 14.0 (VS2015)

END.
