#
# There is insufficient memory for the Java Runtime Environment to continue.
# Native memory allocation (mmap) failed to map 387973120 bytes for Failed to commit area from 0x000000008b900000 to 0x00000000a2b00000 of length 387973120.
# Possible reasons:
#   The system is out of physical RAM or swap space
#   The process is running with CompressedOops enabled, and the Java Heap may be blocking the growth of the native heap
# Possible solutions:
#   Reduce memory load on the system
#   Increase physical memory or swap space
#   Check if swap backing store is full
#   Decrease Java heap size (-Xmx/-Xms)
#   Decrease number of Java threads
#   Decrease Java thread stack sizes (-Xss)
#   Set larger code cache with -XX:ReservedCodeCacheSize=
#   JVM is running with Unscaled Compressed Oops mode in which the Java heap is
#     placed in the first 4GB address space. The Java Heap base address is the
#     maximum limit for the native heap growth. Please use -XX:HeapBaseMinAddress
#     to set the Java Heap base and to place the Java Heap above 4GB virtual address.
# This output file may be truncated or incomplete.
#
#  Out of Memory Error (./src/hotspot/os/windows/os_windows.cpp:3301), pid=4760, tid=4076
#
# JRE version: OpenJDK Runtime Environment (11.0.11+9) (build 11.0.11+9-b60-7590822)
# Java VM: OpenJDK 64-Bit Server VM (11.0.11+9-b60-7590822, mixed mode, tiered, compressed oops, g1 gc, windows-amd64)
# No core dump will be written. Minidumps are not enabled by default on client versions of Windows
#

---------------  S U M M A R Y ------------

Command Line: --add-opens=java.base/java.util=ALL-UNNAMED --add-opens=java.base/java.lang=ALL-UNNAMED --add-opens=java.base/java.lang.invoke=ALL-UNNAMED --add-opens=java.base/java.util=ALL-UNNAMED --add-opens=java.prefs/java.util.prefs=ALL-UNNAMED --add-opens=java.prefs/java.util.prefs=ALL-UNNAMED --add-opens=java.base/java.nio.charset=ALL-UNNAMED --add-opens=java.base/java.net=ALL-UNNAMED --add-opens=java.base/java.util.concurrent.atomic=ALL-UNNAMED -Xmx2048m -Dfile.encoding=UTF-8 -Duser.country=RU -Duser.language=ru -Duser.variant org.gradle.launcher.daemon.bootstrap.GradleDaemon 7.0.2

Host: Intel(R) Core(TM) i3-3110M CPU @ 2.40GHz, 4 cores, 3G,  Windows 8.1 , 64 bit Build 9600 (6.3.9600.20326)
Time: Sat May  7 01:11:25 2022 Oeieyiaey (eaoi) elapsed time: 5286.559374 seconds (0d 1h 28m 6s)

---------------  T H R E A D  ---------------

Current thread (0x0000007c541a9000):  VMThread "VM Thread" [stack: 0x0000007c54bf0000,0x0000007c54cf0000] [id=4076]

Stack: [0x0000007c54bf0000,0x0000007c54cf0000]
[error occurred during error reporting (printing stack bounds), id 0xc0000005, EXCEPTION_ACCESS_VIOLATION (0xc0000005) at pc=0x0000007c3ddb0f2d]

Native frames: (J=compiled Java code, j=interpreted, Vv=VM code, C=native code)
V  [jvm.dll+0x5f214a]
V  [jvm.dll+0x726fb5]
V  [jvm.dll+0x7285cd]
V  [jvm.dll+0x728be5]
V  [jvm.dll+0x728b9b]
V  [jvm.dll+0x5f14e8]
V  [jvm.dll+0x5f1c78]
C  [ntdll.dll+0x92f3d]
C  [ntdll.dll+0x54557]
C  [ntdll.dll+0x920ca]
C  0x0000007c3ddb0f2d

VM_Operation (0x0000007c5eda9fd0): G1CollectForAllocation, mode: safepoint, requested by thread 0x0000007c57ac6000


---------------  P R O C E S S  ---------------

Threads class SMR info:
_java_thread_list=0x0000007c5dbfb4d0, length=49, elements={
0x0000007c3a2e8800, 0x0000007c541b2000, 0x0000007c541bb800, 0x0000007c541cc800,
0x0000007c541cd800, 0x0000007c541ce800, 0x0000007c541cf800, 0x0000007c541d8800,
0x0000007c541e1800, 0x0000007c5516b800, 0x0000007c55381800, 0x0000007c56978800,
0x0000007c5724d800, 0x0000007c55d18000, 0x0000007c55d1a000, 0x0000007c55d19800,
0x0000007c55d1d800, 0x0000007c55d1b000, 0x0000007c57ac7000, 0x0000007c57ac5800,
0x0000007c57acb000, 0x0000007c57ac8800, 0x0000007c57acc800, 0x0000007c57ace800,
0x0000007c57ad4000, 0x0000007c5693f800, 0x0000007c56942800, 0x0000007c56938000,
0x0000007c56935800, 0x0000007c56937000, 0x0000007c56939000, 0x0000007c56936800,
0x0000007c56939800, 0x0000007c5693a800, 0x0000007c5693c000, 0x0000007c5693d800,
0x0000007c5693b800, 0x0000007c5693d000, 0x0000007c56940000, 0x0000007c56941000,
0x0000007c5693e800, 0x0000007c56943800, 0x0000007c56944000, 0x0000007c56942000,
0x0000007c57ac6000, 0x0000007c57acc000, 0x0000007c57aca000, 0x0000007c57acf000,
0x0000007c58cb3800
}

Java Threads: ( => current thread )
  0x0000007c3a2e8800 JavaThread "main" [_thread_blocked, id=7152, stack(0x0000007c39990000,0x0000007c39a90000)]
  0x0000007c541b2000 JavaThread "Reference Handler" daemon [_thread_blocked, id=2528, stack(0x0000007c54cf0000,0x0000007c54df0000)]
  0x0000007c541bb800 JavaThread "Finalizer" daemon [_thread_blocked, id=3748, stack(0x0000007c54df0000,0x0000007c54ef0000)]
  0x0000007c541cc800 JavaThread "Signal Dispatcher" daemon [_thread_blocked, id=5832, stack(0x0000007c553d0000,0x0000007c554d0000)]
  0x0000007c541cd800 JavaThread "Attach Listener" daemon [_thread_blocked, id=3020, stack(0x0000007c554d0000,0x0000007c555d0000)]
  0x0000007c541ce800 JavaThread "Service Thread" daemon [_thread_blocked, id=4376, stack(0x0000007c555d0000,0x0000007c556d0000)]
  0x0000007c541cf800 JavaThread "C2 CompilerThread0" daemon [_thread_blocked, id=6200, stack(0x0000007c556d0000,0x0000007c557d0000)]
  0x0000007c541d8800 JavaThread "C1 CompilerThread0" daemon [_thread_blocked, id=6368, stack(0x0000007c557d0000,0x0000007c558d0000)]
  0x0000007c541e1800 JavaThread "Sweeper thread" daemon [_thread_blocked, id=3380, stack(0x0000007c558d0000,0x0000007c559d0000)]
  0x0000007c5516b800 JavaThread "Common-Cleaner" daemon [_thread_blocked, id=6520, stack(0x0000007c559d0000,0x0000007c55ad0000)]
  0x0000007c55381800 JavaThread "Daemon health stats" [_thread_blocked, id=5240, stack(0x0000007c563d0000,0x0000007c564d0000)]
  0x0000007c56978800 JavaThread "Incoming local TCP Connector on port 64311" [_thread_in_native, id=4696, stack(0x0000007c59e20000,0x0000007c59f20000)]
  0x0000007c5724d800 JavaThread "Daemon periodic checks" [_thread_blocked, id=6516, stack(0x0000007c5a010000,0x0000007c5a110000)]
  0x0000007c55d18000 JavaThread "Cache worker for file hash cache (C:\Users\Mikhail\.gradle\caches\7.0.2\fileHashes)" [_thread_blocked, id=5940, stack(0x0000007c5af10000,0x0000007c5b010000)]
  0x0000007c55d1a000 JavaThread "File lock request listener" [_thread_in_native, id=6432, stack(0x0000007c5b010000,0x0000007c5b110000)]
  0x0000007c55d19800 JavaThread "Cache worker for journal cache (C:\Users\Mikhail\.gradle\caches\journal-1)" [_thread_blocked, id=6772, stack(0x0000007c5b310000,0x0000007c5b410000)]
  0x0000007c55d1d800 JavaThread "File watcher server" daemon [_thread_blocked, id=6220, stack(0x0000007c5b510000,0x0000007c5b610000)]
  0x0000007c55d1b000 JavaThread "File watcher consumer" daemon [_thread_blocked, id=4952, stack(0x0000007c5b610000,0x0000007c5b710000)]
  0x0000007c57ac7000 JavaThread "Cache worker for execution history cache (C:\Users\Mikhail\.gradle\caches\7.0.2\executionHistory)" [_thread_blocked, id=5636, stack(0x0000007c5c020000,0x0000007c5c120000)]
  0x0000007c57ac5800 JavaThread "jar transforms" [_thread_blocked, id=2972, stack(0x0000007c5c720000,0x0000007c5c820000)]
  0x0000007c57acb000 JavaThread "jar transforms Thread 2" [_thread_blocked, id=5296, stack(0x0000007c5cae0000,0x0000007c5cbe0000)]
  0x0000007c57ac8800 JavaThread "Cache worker for file content cache (C:\Users\Mikhail\.gradle\caches\7.0.2\fileContent)" [_thread_blocked, id=6780, stack(0x0000007c5cbe0000,0x0000007c5cce0000)]
  0x0000007c57acc800 JavaThread "jar transforms Thread 3" [_thread_blocked, id=5836, stack(0x0000007c5d1e0000,0x0000007c5d2e0000)]
  0x0000007c57ace800 JavaThread "jar transforms Thread 4" [_thread_blocked, id=6768, stack(0x0000007c5ebb0000,0x0000007c5ecb0000)]
  0x0000007c57ad4000 JavaThread "Memory manager" [_thread_blocked, id=4228, stack(0x0000007c5fad0000,0x0000007c5fbd0000)]
  0x0000007c5693f800 JavaThread "Cache worker for Java compile cache (C:\Users\Mikhail\.gradle\caches\7.0.2\javaCompile)" [_thread_blocked, id=5232, stack(0x0000007c5edb0000,0x0000007c5eeb0000)]
  0x0000007c56942800 JavaThread "ForkJoinPool.commonPool-worker-5" daemon [_thread_blocked, id=4452, stack(0x0000007c656f0000,0x0000007c657f0000)]
  0x0000007c56938000 JavaThread "Daemon Thread 2" [_thread_blocked, id=6008, stack(0x0000007c5a310000,0x0000007c5a410000)]
  0x0000007c56935800 JavaThread "Handler for socket connection from /127.0.0.1:64311 to /127.0.0.1:57150" [_thread_in_native, id=7048, stack(0x0000007c5a410000,0x0000007c5a510000)]
  0x0000007c56937000 JavaThread "Cancel handler" [_thread_blocked, id=1608, stack(0x0000007c5a510000,0x0000007c5a610000)]
  0x0000007c56939000 JavaThread "Daemon worker Thread 2" [_thread_blocked, id=6832, stack(0x0000007c5a610000,0x0000007c5a710000)]
  0x0000007c56936800 JavaThread "Asynchronous log dispatcher for DefaultDaemonConnection: socket connection from /127.0.0.1:64311 to /127.0.0.1:57150" [_thread_blocked, id=4032, stack(0x0000007c5a710000,0x0000007c5a810000)]
  0x0000007c56939800 JavaThread "Daemon client event forwarder" [_thread_blocked, id=6964, stack(0x0000007c5a910000,0x0000007c5aa10000)]
  0x0000007c5693a800 JavaThread "Cache worker for file hash cache (C:\Users\Mikhail\Desktop\Java projects\TestFirstLibrary\.gradle\7.0.2\fileHashes)" [_thread_blocked, id=4908, stack(0x0000007c5a810000,0x0000007c5a910000)]
  0x0000007c5693c000 JavaThread "Cache worker for checksums cache (C:\Users\Mikhail\Desktop\Java projects\TestFirstLibrary\.gradle\checksums)" [_thread_blocked, id=7088, stack(0x0000007c5b410000,0x0000007c5b510000)]
  0x0000007c5693d800 JavaThread "Cache worker for cache directory md-supplier (C:\Users\Mikhail\.gradle\caches\7.0.2\md-supplier)" [_thread_blocked, id=2788, stack(0x0000007c5bb20000,0x0000007c5bc20000)]
  0x0000007c5693b800 JavaThread "Cache worker for cache directory md-rule (C:\Users\Mikhail\.gradle\caches\7.0.2\md-rule)" [_thread_blocked, id=4548, stack(0x0000007c5bc20000,0x0000007c5bd20000)]
  0x0000007c5693d000 JavaThread "Cache worker for dependencies-accessors (C:\Users\Mikhail\Desktop\Java projects\TestFirstLibrary\.gradle\7.0.2\dependencies-accessors)" [_thread_blocked, id=5864, stack(0x0000007c5bf20000,0x0000007c5c020000)]
  0x0000007c56940000 JavaThread "Cache worker for Build Output Cleanup Cache (C:\Users\Mikhail\Desktop\Java projects\TestFirstLibrary\.gradle\buildOutputCleanup)" [_thread_blocked, id=4944, stack(0x0000007c5cee0000,0x0000007c5cfe0000)]
  0x0000007c56941000 JavaThread "Build operations" [_thread_blocked, id=7108, stack(0x0000007c5d4e0000,0x0000007c5d5e0000)]
  0x0000007c5693e800 JavaThread "Build operations Thread 2" [_thread_blocked, id=5284, stack(0x0000007c5e7b0000,0x0000007c5e8b0000)]
  0x0000007c56943800 JavaThread "Build operations Thread 3" [_thread_blocked, id=3420, stack(0x0000007c5e8b0000,0x0000007c5e9b0000)]
  0x0000007c56944000 JavaThread "Build operations Thread 4" [_thread_blocked, id=6484, stack(0x0000007c5e9b0000,0x0000007c5eab0000)]
  0x0000007c56942000 JavaThread "build event listener" [_thread_blocked, id=4156, stack(0x0000007c5eab0000,0x0000007c5ebb0000)]
  0x0000007c57ac6000 JavaThread "Execution worker for ':'" [_thread_blocked, id=4332, stack(0x0000007c5ecb0000,0x0000007c5edb0000)]
  0x0000007c57acc000 JavaThread "Execution worker for ':' Thread 2" [_thread_blocked, id=2828, stack(0x0000007c617a0000,0x0000007c618a0000)]
  0x0000007c57aca000 JavaThread "Execution worker for ':' Thread 3" [_thread_blocked, id=4612, stack(0x0000007c618a0000,0x0000007c619a0000)]
  0x0000007c57acf000 JavaThread "Cache worker for execution history cache (C:\Users\Mikhail\Desktop\Java projects\TestFirstLibrary\.gradle\7.0.2\executionHistory)" [_thread_blocked, id=5604, stack(0x0000007c619a0000,0x0000007c61aa0000)]
  0x0000007c58cb3800 JavaThread "C2 CompilerThread1" daemon [_thread_blocked, id=3572, stack(0x0000007c61ca0000,0x0000007c61da0000)]

Other Threads:
=>0x0000007c541a9000 VMThread "VM Thread" [stack: 0x0000007c54bf0000,0x0000007c54cf0000] [id=4076]
  0x0000007c55178800 WatcherThread [stack: 0x0000007c55ad0000,0x0000007c55bd0000] [id=6208]
  0x0000007c3a301000 GCTaskThread "GC Thread#0" [stack: 0x0000007c39c70000,0x0000007c39d70000] [id=1308]
  0x0000007c56180000 GCTaskThread "GC Thread#1" [stack: 0x0000007c564d0000,0x0000007c565d0000] [id=4004]
  0x0000007c5803a800 GCTaskThread "GC Thread#2" [stack: 0x0000007c5ad10000,0x0000007c5ae10000] [id=5740]
  0x0000007c55d22000 GCTaskThread "GC Thread#3" [stack: 0x0000007c5ae10000,0x0000007c5af10000] [id=5784]
  0x0000007c3a333000 ConcurrentGCThread "G1 Main Marker" [stack: 0x0000007c519b0000,0x0000007c51ab0000] [id=4932]
  0x0000007c3a334800 ConcurrentGCThread "G1 Conc#0" [stack: 0x0000007c51ab0000,0x0000007c51bb0000] [id=5260]
  0x0000007c3a386000 ConcurrentGCThread "G1 Refine#0" [stack: 0x0000007c541f0000,0x0000007c542f0000] [id=6372]
  0x0000007c54000800 ConcurrentGCThread "G1 Young RemSet Sampling" [stack: 0x0000007c542f0000,0x0000007c543f0000] [id=3536]

Threads with active compile tasks:
C2 CompilerThread05291475 15475       4       org.apache.xerces.util.XMLAttributesImpl::addAttributeNS (169 bytes)
C1 CompilerThread05291475 15518 % !   3       com.android.ide.common.resources.ResourceSet::createFileAndItemsFromXml @ 365 (583 bytes)
C2 CompilerThread15291475 15517       4       org.apache.xerces.dom.DeferredElementNSImpl::synchronizeData (232 bytes)

VM state:at safepoint (normal execution)

VM Mutex/Monitor currently owned by a thread:  ([mutex/lock_event])
[0x0000007c3a2e6b60] Threads_lock - owner thread: 0x0000007c541a9000
[0x0000007c3a2e62f0] Heap_lock - owner thread: 0x0000007c57ac6000

Heap address: 0x0000000080000000, size: 2048 MB, Compressed Oops mode: 32-bit
Narrow klass base: 0x0000000000000000, Narrow klass shift: 3
Compressed class space size: 1073741824 Address: 0x0000000100000000

Heap:
 garbage-first heap   total 568320K, used 87975K [0x0000000080000000, 0x0000000100000000)
  region size 1024K, 2 young (2048K), 2 survivors (2048K)
 Metaspace       used 112334K, capacity 115158K, committed 116096K, reserved 1148928K
  class space    used 14555K, capacity 15647K, committed 16000K, reserved 1048576K
Heap Regions: E=young(eden), S=young(survivor), O=old, HS=humongous(starts), HC=humongous(continues), CS=collection set, F=free, A=archive, TAMS=top-at-mark-start (previous, next)
|   0|0x0000000080000000, 0x0000000080100000, 0x0000000080100000|100%| O|  |TAMS 0x0000000080100000, 0x0000000080100000| Untracked 
|   1|0x0000000080100000, 0x0000000080200000, 0x0000000080200000|100%| O|  |TAMS 0x0000000080200000, 0x0000000080200000| Untracked 
|   2|0x0000000080200000, 0x0000000080300000, 0x0000000080300000|100%| O|  |TAMS 0x0000000080300000, 0x0000000080300000| Untracked 
|   3|0x0000000080300000, 0x0000000080400000, 0x0000000080400000|100%|HS|  |TAMS 0x0000000080400000, 0x0000000080400000| Complete 
|   4|0x0000000080400000, 0x0000000080500000, 0x0000000080500000|100%|HC|  |TAMS 0x0000000080500000, 0x0000000080500000| Complete 
|   5|0x0000000080500000, 0x0000000080600000, 0x0000000080600000|100%|HC|  |TAMS 0x0000000080600000, 0x0000000080600000| Complete 
|   6|0x0000000080600000, 0x0000000080700000, 0x0000000080700000|100%| O|  |TAMS 0x0000000080700000, 0x0000000080700000| Untracked 
|   7|0x0000000080700000, 0x0000000080800000, 0x0000000080800000|100%| O|  |TAMS 0x0000000080800000, 0x0000000080800000| Untracked 
|   8|0x0000000080800000, 0x0000000080900000, 0x0000000080900000|100%| O|  |TAMS 0x0000000080900000, 0x0000000080900000| Untracked 
|   9|0x0000000080900000, 0x0000000080a00000, 0x0000000080a00000|100%| O|  |TAMS 0x0000000080a00000, 0x0000000080a00000| Untracked 
|  10|0x0000000080a00000, 0x0000000080b00000, 0x0000000080b00000|100%| O|  |TAMS 0x0000000080b00000, 0x0000000080b00000| Untracked 
|  11|0x0000000080b00000, 0x0000000080c00000, 0x0000000080c00000|100%| O|  |TAMS 0x0000000080c00000, 0x0000000080c00000| Untracked 
|  12|0x0000000080c00000, 0x0000000080d00000, 0x0000000080d00000|100%| O|  |TAMS 0x0000000080d00000, 0x0000000080d00000| Untracked 
|  13|0x0000000080d00000, 0x0000000080e00000, 0x0000000080e00000|100%| O|  |TAMS 0x0000000080e00000, 0x0000000080e00000| Untracked 
|  14|0x0000000080e00000, 0x0000000080f00000, 0x0000000080f00000|100%| O|  |TAMS 0x0000000080f00000, 0x0000000080f00000| Untracked 
|  15|0x0000000080f00000, 0x0000000081000000, 0x0000000081000000|100%| O|  |TAMS 0x0000000081000000, 0x0000000081000000| Untracked 
|  16|0x0000000081000000, 0x0000000081100000, 0x0000000081100000|100%| O|  |TAMS 0x0000000081100000, 0x0000000081100000| Untracked 
|  17|0x0000000081100000, 0x0000000081200000, 0x0000000081200000|100%| O|  |TAMS 0x0000000081200000, 0x0000000081200000| Untracked 
|  18|0x0000000081200000, 0x0000000081300000, 0x0000000081300000|100%| O|  |TAMS 0x0000000081300000, 0x0000000081300000| Untracked 
|  19|0x0000000081300000, 0x0000000081400000, 0x0000000081400000|100%| O|  |TAMS 0x0000000081400000, 0x0000000081400000| Untracked 
|  20|0x0000000081400000, 0x0000000081500000, 0x0000000081500000|100%| O|  |TAMS 0x0000000081500000, 0x0000000081500000| Untracked 
|  21|0x0000000081500000, 0x0000000081600000, 0x0000000081600000|100%| O|  |TAMS 0x0000000081600000, 0x0000000081600000| Untracked 
|  22|0x0000000081600000, 0x0000000081700000, 0x0000000081700000|100%| O|  |TAMS 0x0000000081700000, 0x0000000081700000| Untracked 
|  23|0x0000000081700000, 0x0000000081800000, 0x0000000081800000|100%| O|  |TAMS 0x0000000081800000, 0x0000000081800000| Untracked 
|  24|0x0000000081800000, 0x0000000081900000, 0x0000000081900000|100%| O|  |TAMS 0x0000000081900000, 0x0000000081900000| Untracked 
|  25|0x0000000081900000, 0x0000000081a00000, 0x0000000081a00000|100%| O|  |TAMS 0x0000000081a00000, 0x0000000081a00000| Untracked 
|  26|0x0000000081a00000, 0x0000000081b00000, 0x0000000081b00000|100%| O|  |TAMS 0x0000000081b00000, 0x0000000081b00000| Untracked 
|  27|0x0000000081b00000, 0x0000000081c00000, 0x0000000081c00000|100%| O|  |TAMS 0x0000000081c00000, 0x0000000081c00000| Untracked 
|  28|0x0000000081c00000, 0x0000000081d00000, 0x0000000081d00000|100%| O|  |TAMS 0x0000000081d00000, 0x0000000081d00000| Untracked 
|  29|0x0000000081d00000, 0x0000000081e00000, 0x0000000081e00000|100%| O|  |TAMS 0x0000000081e00000, 0x0000000081e00000| Untracked 
|  30|0x0000000081e00000, 0x0000000081f00000, 0x0000000081f00000|100%| O|  |TAMS 0x0000000081f00000, 0x0000000081f00000| Untracked 
|  31|0x0000000081f00000, 0x0000000082000000, 0x0000000082000000|100%|HS|  |TAMS 0x0000000082000000, 0x0000000082000000| Complete 
|  32|0x0000000082000000, 0x0000000082100000, 0x0000000082100000|100%|HS|  |TAMS 0x0000000082100000, 0x0000000082100000| Complete 
|  33|0x0000000082100000, 0x0000000082200000, 0x0000000082200000|100%| O|  |TAMS 0x0000000082200000, 0x0000000082200000| Untracked 
|  34|0x0000000082200000, 0x0000000082300000, 0x0000000082300000|100%| O|  |TAMS 0x0000000082300000, 0x0000000082300000| Untracked 
|  35|0x0000000082300000, 0x0000000082400000, 0x0000000082400000|100%| O|  |TAMS 0x0000000082400000, 0x0000000082400000| Untracked 
|  36|0x0000000082400000, 0x0000000082500000, 0x0000000082500000|100%|HS|  |TAMS 0x0000000082500000, 0x0000000082500000| Complete 
|  37|0x0000000082500000, 0x0000000082600000, 0x0000000082600000|100%|HC|  |TAMS 0x0000000082600000, 0x0000000082600000| Complete 
|  38|0x0000000082600000, 0x0000000082700000, 0x0000000082700000|100%| O|  |TAMS 0x0000000082700000, 0x0000000082700000| Untracked 
|  39|0x0000000082700000, 0x0000000082800000, 0x0000000082800000|100%| O|  |TAMS 0x0000000082800000, 0x0000000082800000| Untracked 
|  40|0x0000000082800000, 0x0000000082900000, 0x0000000082900000|100%| O|  |TAMS 0x0000000082900000, 0x0000000082900000| Untracked 
|  41|0x0000000082900000, 0x0000000082a00000, 0x0000000082a00000|100%| O|  |TAMS 0x0000000082a00000, 0x0000000082a00000| Untracked 
|  42|0x0000000082a00000, 0x0000000082b00000, 0x0000000082b00000|100%| O|  |TAMS 0x0000000082b00000, 0x0000000082b00000| Untracked 
|  43|0x0000000082b00000, 0x0000000082c00000, 0x0000000082c00000|100%| O|  |TAMS 0x0000000082c00000, 0x0000000082c00000| Untracked 
|  44|0x0000000082c00000, 0x0000000082d00000, 0x0000000082d00000|100%| O|  |TAMS 0x0000000082d00000, 0x0000000082d00000| Untracked 
|  45|0x0000000082d00000, 0x0000000082e00000, 0x0000000082e00000|100%| O|  |TAMS 0x0000000082e00000, 0x0000000082e00000| Untracked 
|  46|0x0000000082e00000, 0x0000000082f00000, 0x0000000082f00000|100%| O|  |TAMS 0x0000000082f00000, 0x0000000082f00000| Untracked 
|  47|0x0000000082f00000, 0x0000000083000000, 0x0000000083000000|100%| O|  |TAMS 0x0000000083000000, 0x0000000083000000| Untracked 
|  48|0x0000000083000000, 0x0000000083100000, 0x0000000083100000|100%| O|  |TAMS 0x0000000083100000, 0x0000000083100000| Untracked 
|  49|0x0000000083100000, 0x0000000083200000, 0x0000000083200000|100%| O|  |TAMS 0x0000000083200000, 0x0000000083200000| Untracked 
|  50|0x0000000083200000, 0x0000000083300000, 0x0000000083300000|100%| O|  |TAMS 0x0000000083300000, 0x0000000083300000| Untracked 
|  51|0x0000000083300000, 0x0000000083400000, 0x0000000083400000|100%| O|  |TAMS 0x0000000083400000, 0x0000000083400000| Untracked 
|  52|0x0000000083400000, 0x0000000083500000, 0x0000000083500000|100%| O|  |TAMS 0x0000000083500000, 0x0000000083500000| Untracked 
|  53|0x0000000083500000, 0x0000000083600000, 0x0000000083600000|100%| O|  |TAMS 0x0000000083600000, 0x0000000083600000| Untracked 
|  54|0x0000000083600000, 0x0000000083700000, 0x0000000083700000|100%| O|  |TAMS 0x0000000083700000, 0x0000000083700000| Untracked 
|  55|0x0000000083700000, 0x0000000083800000, 0x0000000083800000|100%| O|  |TAMS 0x0000000083800000, 0x0000000083800000| Untracked 
|  56|0x0000000083800000, 0x0000000083900000, 0x0000000083900000|100%| O|  |TAMS 0x0000000083900000, 0x0000000083900000| Untracked 
|  57|0x0000000083900000, 0x0000000083a00000, 0x0000000083a00000|100%| O|  |TAMS 0x0000000083a00000, 0x0000000083a00000| Untracked 
|  58|0x0000000083a00000, 0x0000000083b00000, 0x0000000083b00000|100%| O|  |TAMS 0x0000000083b00000, 0x0000000083b00000| Untracked 
|  59|0x0000000083b00000, 0x0000000083c00000, 0x0000000083c00000|100%| O|  |TAMS 0x0000000083ba9800, 0x0000000083c00000| Untracked 
|  60|0x0000000083c00000, 0x0000000083d00000, 0x0000000083d00000|100%| O|  |TAMS 0x0000000083d00000, 0x0000000083d00000| Untracked 
|  61|0x0000000083d00000, 0x0000000083e00000, 0x0000000083e00000|100%| O|  |TAMS 0x0000000083e00000, 0x0000000083e00000| Untracked 
|  62|0x0000000083e00000, 0x0000000083f00000, 0x0000000083f00000|100%| O|  |TAMS 0x0000000083f00000, 0x0000000083f00000| Untracked 
|  63|0x0000000083f00000, 0x0000000084000000, 0x0000000084000000|100%| O|  |TAMS 0x0000000084000000, 0x0000000084000000| Untracked 
|  64|0x0000000084000000, 0x0000000084100000, 0x0000000084100000|100%| O|  |TAMS 0x0000000084000000, 0x0000000084100000| Untracked 
|  65|0x0000000084100000, 0x0000000084200000, 0x0000000084200000|100%| O|  |TAMS 0x0000000084200000, 0x0000000084200000| Untracked 
|  66|0x0000000084200000, 0x0000000084300000, 0x0000000084300000|100%| O|  |TAMS 0x0000000084300000, 0x0000000084300000| Untracked 
|  67|0x0000000084300000, 0x0000000084400000, 0x0000000084400000|100%| O|  |TAMS 0x0000000084300000, 0x0000000084400000| Untracked 
|  68|0x0000000084400000, 0x0000000084500000, 0x0000000084500000|100%| O|  |TAMS 0x0000000084500000, 0x0000000084500000| Untracked 
|  69|0x0000000084500000, 0x0000000084600000, 0x0000000084600000|100%| O|  |TAMS 0x0000000084600000, 0x0000000084600000| Untracked 
|  70|0x0000000084600000, 0x0000000084700000, 0x0000000084700000|100%| O|  |TAMS 0x0000000084700000, 0x0000000084700000| Untracked 
|  71|0x0000000084700000, 0x0000000084800000, 0x0000000084800000|100%| O|  |TAMS 0x0000000084700000, 0x0000000084800000| Untracked 
|  72|0x0000000084800000, 0x0000000084900000, 0x0000000084900000|100%| O|  |TAMS 0x0000000084900000, 0x0000000084900000| Untracked 
|  73|0x0000000084900000, 0x0000000084a00000, 0x0000000084a00000|100%| O|  |TAMS 0x0000000084a00000, 0x0000000084a00000| Untracked 
|  74|0x0000000084a00000, 0x0000000084b00000, 0x0000000084b00000|100%| O|  |TAMS 0x0000000084a00000, 0x0000000084b00000| Untracked 
|  75|0x0000000084b00000, 0x0000000084c00000, 0x0000000084c00000|100%| O|  |TAMS 0x0000000084b00000, 0x0000000084c00000| Untracked 
|  76|0x0000000084c00000, 0x0000000084d00000, 0x0000000084d00000|100%| O|  |TAMS 0x0000000084c00000, 0x0000000084d00000| Untracked 
|  77|0x0000000084d00000, 0x0000000084e00000, 0x0000000084e00000|100%| O|  |TAMS 0x0000000084e00000, 0x0000000084e00000| Untracked 
|  78|0x0000000084e00000, 0x0000000084f00000, 0x0000000084f00000|100%| O|  |TAMS 0x0000000084e00000, 0x0000000084f00000| Untracked 
|  79|0x0000000084f00000, 0x0000000085000000, 0x0000000085000000|100%| O|  |TAMS 0x0000000084f00000, 0x0000000085000000| Untracked 
|  80|0x0000000085000000, 0x0000000085100000, 0x0000000085100000|100%| O|  |TAMS 0x0000000085000000, 0x0000000085100000| Untracked 
|  81|0x0000000085100000, 0x0000000085200000, 0x0000000085200000|100%| O|  |TAMS 0x0000000085200000, 0x0000000085200000| Untracked 
|  82|0x0000000085200000, 0x0000000085300000, 0x0000000085300000|100%| O|  |TAMS 0x0000000085300000, 0x0000000085300000| Untracked 
|  83|0x0000000085300000, 0x00000000853e9c00, 0x0000000085400000| 91%| O|  |TAMS 0x0000000085300000, 0x00000000853e9c00| Untracked 
|  84|0x0000000085400000, 0x0000000085400000, 0x0000000085500000|  0%| F|  |TAMS 0x0000000085400000, 0x0000000085400000| Untracked 
|  85|0x0000000085500000, 0x0000000085500000, 0x0000000085600000|  0%| F|  |TAMS 0x0000000085500000, 0x0000000085500000| Untracked 
|  86|0x0000000085600000, 0x0000000085600000, 0x0000000085700000|  0%| F|  |TAMS 0x0000000085600000, 0x0000000085600000| Untracked 
|  87|0x0000000085700000, 0x0000000085700000, 0x0000000085800000|  0%| F|  |TAMS 0x0000000085700000, 0x0000000085700000| Untracked 
|  88|0x0000000085800000, 0x0000000085800000, 0x0000000085900000|  0%| F|  |TAMS 0x0000000085800000, 0x0000000085800000| Untracked 
|  89|0x0000000085900000, 0x0000000085900000, 0x0000000085a00000|  0%| F|  |TAMS 0x0000000085900000, 0x0000000085900000| Untracked 
|  90|0x0000000085a00000, 0x0000000085a00000, 0x0000000085b00000|  0%| F|  |TAMS 0x0000000085a00000, 0x0000000085a00000| Untracked 
|  91|0x0000000085b00000, 0x0000000085b00000, 0x0000000085c00000|  0%| F|  |TAMS 0x0000000085b00000, 0x0000000085b00000| Untracked 
|  92|0x0000000085c00000, 0x0000000085c00000, 0x0000000085d00000|  0%| F|  |TAMS 0x0000000085c00000, 0x0000000085c00000| Untracked 
|  93|0x0000000085d00000, 0x0000000085d00000, 0x0000000085e00000|  0%| F|  |TAMS 0x0000000085d00000, 0x0000000085d00000| Untracked 
|  94|0x0000000085e00000, 0x0000000085e00000, 0x0000000085f00000|  0%| F|  |TAMS 0x0000000085e00000, 0x0000000085e00000| Untracked 
|  95|0x0000000085f00000, 0x0000000085f00000, 0x0000000086000000|  0%| F|  |TAMS 0x0000000085f00000, 0x0000000085f00000| Untracked 
|  96|0x0000000086000000, 0x0000000086000000, 0x0000000086100000|  0%| F|  |TAMS 0x0000000086000000, 0x0000000086000000| Untracked 
|  97|0x0000000086100000, 0x0000000086100000, 0x0000000086200000|  0%| F|  |TAMS 0x0000000086100000, 0x0000000086100000| Untracked 
|  98|0x0000000086200000, 0x0000000086200000, 0x0000000086300000|  0%| F|  |TAMS 0x0000000086200000, 0x0000000086200000| Untracked 
|  99|0x0000000086300000, 0x0000000086300000, 0x0000000086400000|  0%| F|  |TAMS 0x0000000086300000, 0x0000000086300000| Untracked 
| 100|0x0000000086400000, 0x0000000086400000, 0x0000000086500000|  0%| F|  |TAMS 0x0000000086400000, 0x0000000086400000| Untracked 
| 101|0x0000000086500000, 0x0000000086500000, 0x0000000086600000|  0%| F|  |TAMS 0x0000000086500000, 0x0000000086500000| Untracked 
| 102|0x0000000086600000, 0x0000000086600000, 0x0000000086700000|  0%| F|  |TAMS 0x0000000086600000, 0x0000000086600000| Untracked 
| 103|0x0000000086700000, 0x0000000086700000, 0x0000000086800000|  0%| F|  |TAMS 0x0000000086700000, 0x0000000086700000| Untracked 
| 104|0x0000000086800000, 0x0000000086800000, 0x0000000086900000|  0%| F|  |TAMS 0x0000000086800000, 0x0000000086800000| Untracked 
| 105|0x0000000086900000, 0x0000000086900000, 0x0000000086a00000|  0%| F|  |TAMS 0x0000000086900000, 0x0000000086900000| Untracked 
| 106|0x0000000086a00000, 0x0000000086a00000, 0x0000000086b00000|  0%| F|  |TAMS 0x0000000086a00000, 0x0000000086a00000| Untracked 
| 107|0x0000000086b00000, 0x0000000086b00000, 0x0000000086c00000|  0%| F|  |TAMS 0x0000000086b00000, 0x0000000086b00000| Untracked 
| 108|0x0000000086c00000, 0x0000000086c00000, 0x0000000086d00000|  0%| F|  |TAMS 0x0000000086c00000, 0x0000000086c00000| Untracked 
| 109|0x0000000086d00000, 0x0000000086d00000, 0x0000000086e00000|  0%| F|  |TAMS 0x0000000086d00000, 0x0000000086d00000| Untracked 
| 110|0x0000000086e00000, 0x0000000086e00000, 0x0000000086f00000|  0%| F|  |TAMS 0x0000000086e00000, 0x0000000086e00000| Untracked 
| 111|0x0000000086f00000, 0x0000000086f00000, 0x0000000087000000|  0%| F|  |TAMS 0x0000000086f00000, 0x0000000086f00000| Untracked 
| 112|0x0000000087000000, 0x0000000087000000, 0x0000000087100000|  0%| F|  |TAMS 0x0000000087000000, 0x0000000087000000| Untracked 
| 113|0x0000000087100000, 0x0000000087100000, 0x0000000087200000|  0%| F|  |TAMS 0x0000000087100000, 0x0000000087100000| Untracked 
| 114|0x0000000087200000, 0x0000000087200000, 0x0000000087300000|  0%| F|  |TAMS 0x0000000087200000, 0x0000000087200000| Untracked 
| 115|0x0000000087300000, 0x0000000087300000, 0x0000000087400000|  0%| F|  |TAMS 0x0000000087300000, 0x0000000087300000| Untracked 
| 116|0x0000000087400000, 0x0000000087400000, 0x0000000087500000|  0%| F|  |TAMS 0x0000000087400000, 0x0000000087400000| Untracked 
| 117|0x0000000087500000, 0x0000000087500000, 0x0000000087600000|  0%| F|  |TAMS 0x0000000087500000, 0x0000000087500000| Untracked 
| 118|0x0000000087600000, 0x0000000087600000, 0x0000000087700000|  0%| F|  |TAMS 0x0000000087600000, 0x0000000087600000| Untracked 
| 119|0x0000000087700000, 0x0000000087700000, 0x0000000087800000|  0%| F|  |TAMS 0x0000000087700000, 0x0000000087700000| Untracked 
| 120|0x0000000087800000, 0x0000000087800000, 0x0000000087900000|  0%| F|  |TAMS 0x0000000087800000, 0x0000000087800000| Untracked 
| 121|0x0000000087900000, 0x0000000087900000, 0x0000000087a00000|  0%| F|  |TAMS 0x0000000087900000, 0x0000000087900000| Untracked 
| 122|0x0000000087a00000, 0x0000000087a00000, 0x0000000087b00000|  0%| F|  |TAMS 0x0000000087a00000, 0x0000000087a00000| Untracked 
| 123|0x0000000087b00000, 0x0000000087b00000, 0x0000000087c00000|  0%| F|  |TAMS 0x0000000087b00000, 0x0000000087b00000| Untracked 
| 124|0x0000000087c00000, 0x0000000087c00000, 0x0000000087d00000|  0%| F|  |TAMS 0x0000000087c00000, 0x0000000087c00000| Untracked 
| 125|0x0000000087d00000, 0x0000000087d00000, 0x0000000087e00000|  0%| F|  |TAMS 0x0000000087d00000, 0x0000000087d00000| Untracked 
| 126|0x0000000087e00000, 0x0000000087e00000, 0x0000000087f00000|  0%| F|  |TAMS 0x0000000087e00000, 0x0000000087e00000| Untracked 
| 127|0x0000000087f00000, 0x0000000087f00000, 0x0000000088000000|  0%| F|  |TAMS 0x0000000087f00000, 0x0000000087f00000| Untracked 
| 128|0x0000000088000000, 0x0000000088000000, 0x0000000088100000|  0%| F|  |TAMS 0x0000000088000000, 0x0000000088000000| Untracked 
| 129|0x0000000088100000, 0x0000000088100000, 0x0000000088200000|  0%| F|  |TAMS 0x0000000088100000, 0x0000000088100000| Untracked 
| 130|0x0000000088200000, 0x0000000088200000, 0x0000000088300000|  0%| F|  |TAMS 0x0000000088200000, 0x0000000088200000| Untracked 
| 131|0x0000000088300000, 0x0000000088300000, 0x0000000088400000|  0%| F|  |TAMS 0x0000000088300000, 0x0000000088300000| Untracked 
| 132|0x0000000088400000, 0x0000000088400000, 0x0000000088500000|  0%| F|  |TAMS 0x0000000088400000, 0x0000000088400000| Untracked 
| 133|0x0000000088500000, 0x0000000088500000, 0x0000000088600000|  0%| F|  |TAMS 0x0000000088500000, 0x0000000088500000| Untracked 
| 134|0x0000000088600000, 0x0000000088600000, 0x0000000088700000|  0%| F|  |TAMS 0x0000000088600000, 0x0000000088600000| Untracked 
| 135|0x0000000088700000, 0x0000000088700000, 0x0000000088800000|  0%| F|  |TAMS 0x0000000088700000, 0x0000000088700000| Untracked 
| 136|0x0000000088800000, 0x0000000088800000, 0x0000000088900000|  0%| F|  |TAMS 0x0000000088800000, 0x0000000088800000| Untracked 
| 137|0x0000000088900000, 0x0000000088900000, 0x0000000088a00000|  0%| F|  |TAMS 0x0000000088900000, 0x0000000088900000| Untracked 
| 138|0x0000000088a00000, 0x0000000088a00000, 0x0000000088b00000|  0%| F|  |TAMS 0x0000000088a00000, 0x0000000088a00000| Untracked 
| 139|0x0000000088b00000, 0x0000000088b00000, 0x0000000088c00000|  0%| F|  |TAMS 0x0000000088b00000, 0x0000000088b00000| Untracked 
| 140|0x0000000088c00000, 0x0000000088c00000, 0x0000000088d00000|  0%| F|  |TAMS 0x0000000088c00000, 0x0000000088c00000| Untracked 
| 141|0x0000000088d00000, 0x0000000088d00000, 0x0000000088e00000|  0%| F|  |TAMS 0x0000000088d00000, 0x0000000088d00000| Untracked 
| 142|0x0000000088e00000, 0x0000000088e00000, 0x0000000088f00000|  0%| F|  |TAMS 0x0000000088e00000, 0x0000000088e00000| Untracked 
| 143|0x0000000088f00000, 0x0000000088f00000, 0x0000000089000000|  0%| F|  |TAMS 0x0000000088f00000, 0x0000000088f00000| Untracked 
| 144|0x0000000089000000, 0x0000000089000000, 0x0000000089100000|  0%| F|  |TAMS 0x0000000089000000, 0x0000000089000000| Untracked 
| 145|0x0000000089100000, 0x0000000089100000, 0x0000000089200000|  0%| F|  |TAMS 0x0000000089100000, 0x0000000089100000| Untracked 
| 146|0x0000000089200000, 0x0000000089200000, 0x0000000089300000|  0%| F|  |TAMS 0x0000000089200000, 0x0000000089200000| Untracked 
| 147|0x0000000089300000, 0x0000000089300000, 0x0000000089400000|  0%| F|  |TAMS 0x0000000089300000, 0x0000000089300000| Untracked 
| 148|0x0000000089400000, 0x0000000089400000, 0x0000000089500000|  0%| F|  |TAMS 0x0000000089400000, 0x0000000089400000| Untracked 
| 149|0x0000000089500000, 0x0000000089500000, 0x0000000089600000|  0%| F|  |TAMS 0x0000000089500000, 0x0000000089500000| Untracked 
| 150|0x0000000089600000, 0x0000000089600000, 0x0000000089700000|  0%| F|  |TAMS 0x0000000089600000, 0x0000000089600000| Untracked 
| 151|0x0000000089700000, 0x0000000089700000, 0x0000000089800000|  0%| F|  |TAMS 0x0000000089700000, 0x0000000089700000| Untracked 
| 152|0x0000000089800000, 0x0000000089800000, 0x0000000089900000|  0%| F|  |TAMS 0x0000000089800000, 0x0000000089800000| Untracked 
| 153|0x0000000089900000, 0x0000000089900000, 0x0000000089a00000|  0%| F|  |TAMS 0x0000000089900000, 0x0000000089900000| Untracked 
| 154|0x0000000089a00000, 0x0000000089a00000, 0x0000000089b00000|  0%| F|  |TAMS 0x0000000089a00000, 0x0000000089a00000| Untracked 
| 155|0x0000000089b00000, 0x0000000089b00000, 0x0000000089c00000|  0%| F|  |TAMS 0x0000000089b00000, 0x0000000089b00000| Untracked 
| 156|0x0000000089c00000, 0x0000000089c00000, 0x0000000089d00000|  0%| F|  |TAMS 0x0000000089c00000, 0x0000000089c00000| Untracked 
| 157|0x0000000089d00000, 0x0000000089d00000, 0x0000000089e00000|  0%| F|  |TAMS 0x0000000089d00000, 0x0000000089d00000| Untracked 
| 158|0x0000000089e00000, 0x0000000089e00000, 0x0000000089f00000|  0%| F|  |TAMS 0x0000000089e00000, 0x0000000089e00000| Untracked 
| 159|0x0000000089f00000, 0x0000000089f00000, 0x000000008a000000|  0%| F|  |TAMS 0x0000000089f00000, 0x0000000089f00000| Untracked 
| 160|0x000000008a000000, 0x000000008a000000, 0x000000008a100000|  0%| F|  |TAMS 0x000000008a000000, 0x000000008a000000| Untracked 
| 161|0x000000008a100000, 0x000000008a100000, 0x000000008a200000|  0%| F|  |TAMS 0x000000008a100000, 0x000000008a100000| Untracked 
| 162|0x000000008a200000, 0x000000008a200000, 0x000000008a300000|  0%| F|  |TAMS 0x000000008a200000, 0x000000008a200000| Untracked 
| 163|0x000000008a300000, 0x000000008a300000, 0x000000008a400000|  0%| F|  |TAMS 0x000000008a300000, 0x000000008a300000| Untracked 
| 164|0x000000008a400000, 0x000000008a400000, 0x000000008a500000|  0%| F|  |TAMS 0x000000008a400000, 0x000000008a400000| Untracked 
| 165|0x000000008a500000, 0x000000008a500000, 0x000000008a600000|  0%| F|  |TAMS 0x000000008a500000, 0x000000008a500000| Untracked 
| 166|0x000000008a600000, 0x000000008a600000, 0x000000008a700000|  0%| F|  |TAMS 0x000000008a600000, 0x000000008a600000| Untracked 
| 167|0x000000008a700000, 0x000000008a700000, 0x000000008a800000|  0%| F|  |TAMS 0x000000008a700000, 0x000000008a700000| Untracked 
| 168|0x000000008a800000, 0x000000008a800000, 0x000000008a900000|  0%| F|  |TAMS 0x000000008a800000, 0x000000008a800000| Untracked 
| 169|0x000000008a900000, 0x000000008a900000, 0x000000008aa00000|  0%| F|  |TAMS 0x000000008a900000, 0x000000008a900000| Untracked 
| 170|0x000000008aa00000, 0x000000008aa00000, 0x000000008ab00000|  0%| F|  |TAMS 0x000000008aa00000, 0x000000008aa00000| Untracked 
| 171|0x000000008ab00000, 0x000000008ab00000, 0x000000008ac00000|  0%| F|  |TAMS 0x000000008ab00000, 0x000000008ab00000| Untracked 
| 172|0x000000008ac00000, 0x000000008ac00000, 0x000000008ad00000|  0%| F|  |TAMS 0x000000008ac00000, 0x000000008ac00000| Untracked 
| 173|0x000000008ad00000, 0x000000008ad00000, 0x000000008ae00000|  0%| F|  |TAMS 0x000000008ad00000, 0x000000008ad00000| Untracked 
| 174|0x000000008ae00000, 0x000000008ae00000, 0x000000008af00000|  0%| F|  |TAMS 0x000000008ae00000, 0x000000008ae00000| Untracked 
| 175|0x000000008af00000, 0x000000008b000000, 0x000000008b000000|100%| S|CS|TAMS 0x000000008af00000, 0x000000008af00000| Complete 
| 176|0x000000008b000000, 0x000000008b000000, 0x000000008b100000|  0%| F|  |TAMS 0x000000008b000000, 0x000000008b000000| Untracked 
| 177|0x000000008b100000, 0x000000008b200000, 0x000000008b200000|100%| S|CS|TAMS 0x000000008b100000, 0x000000008b100000| Complete 
| 178|0x000000008b200000, 0x000000008b200000, 0x000000008b300000|  0%| F|  |TAMS 0x000000008b200000, 0x000000008b200000| Untracked 
| 179|0x000000008b300000, 0x000000008b300000, 0x000000008b400000|  0%| F|  |TAMS 0x000000008b300000, 0x000000008b300000| Untracked 
| 180|0x000000008b400000, 0x000000008b400000, 0x000000008b500000|  0%| F|  |TAMS 0x000000008b400000, 0x000000008b400000| Untracked 
| 181|0x000000008b500000, 0x000000008b500000, 0x000000008b600000|  0%| F|  |TAMS 0x000000008b500000, 0x000000008b500000| Untracked 
| 182|0x000000008b600000, 0x000000008b600000, 0x000000008b700000|  0%| F|  |TAMS 0x000000008b600000, 0x000000008b600000| Untracked 
| 183|0x000000008b700000, 0x000000008b700000, 0x000000008b800000|  0%| F|  |TAMS 0x000000008b700000, 0x000000008b700000| Untracked 
| 184|0x000000008b800000, 0x000000008b800000, 0x000000008b900000|  0%| F|  |TAMS 0x000000008b800000, 0x000000008b800000| Untracked 

Card table byte_map: [0x0000007c4d1b0000,0x0000007c4d5b0000] _byte_map_base: 0x0000007c4cdb0000

Marking Bits (Prev, Next): (CMBitMap*) 0x0000007c3a32a1b0, (CMBitMap*) 0x0000007c3a32a178
 Prev Bits: [0x0000007c4f9b0000, 0x0000007c519b0000)
 Next Bits: [0x0000007c4d9b0000, 0x0000007c4f9b0000)

Polling page: 0x0000007c38100000

Metaspace:

Usage:
  Non-class:     97.18 MB capacity,    95.49 MB ( 98%) used,     1.35 MB (  1%) free+waste,   345.63 KB ( <1%) overhead. 
      Class:     15.28 MB capacity,    14.21 MB ( 93%) used,   936.57 KB (  6%) free+waste,   154.69 KB ( <1%) overhead. 
       Both:    112.46 MB capacity,   109.70 MB ( 98%) used,     2.27 MB (  2%) free+waste,   500.31 KB ( <1%) overhead. 

Virtual space:
  Non-class space:       98.00 MB reserved,      97.75 MB (>99%) committed 
      Class space:        1.00 GB reserved,      15.63 MB (  2%) committed 
             Both:        1.10 GB reserved,     113.38 MB ( 10%) committed 

Chunk freelists:
   Non-Class:  521.00 KB
       Class:  257.00 KB
        Both:  778.00 KB

MaxMetaspaceSize: 17179869184.00 GB
CompressedClassSpaceSize: 1.00 GB

CodeHeap 'non-profiled nmethods': size=120064Kb used=9836Kb max_used=9836Kb free=110227Kb
 bounds [0x0000007c45870000, 0x0000007c46210000, 0x0000007c4cdb0000]
CodeHeap 'profiled nmethods': size=120000Kb used=33037Kb max_used=33037Kb free=86962Kb
 bounds [0x0000007c3e340000, 0x0000007c40390000, 0x0000007c45870000]
CodeHeap 'non-nmethods': size=5696Kb used=2344Kb max_used=2400Kb free=3351Kb
 bounds [0x0000007c3ddb0000, 0x0000007c3e020000, 0x0000007c3e340000]
 total_blobs=16169 nmethods=15201 adapters=879
 compilation: enabled
              stopped_count=0, restarted_count=0
 full_count=0

Compilation events (20 events):
Event: 5281.378 Thread 0x0000007c541d8800 nmethod 15512 0x0000007c40380010 code [0x0000007c40380200, 0x0000007c403805b8]
Event: 5281.378 Thread 0x0000007c541d8800 15511       2       com.google.common.base.CharMatcher::<init> (5 bytes)
Event: 5281.384 Thread 0x0000007c541d8800 nmethod 15511 0x0000007c40380710 code [0x0000007c403808c0, 0x0000007c403809b8]
Event: 5281.384 Thread 0x0000007c541d8800 15510       2       com.google.common.base.CharMatcher$FastMatcher::<init> (5 bytes)
Event: 5281.394 Thread 0x0000007c541d8800 nmethod 15510 0x0000007c40380a90 code [0x0000007c40380c40, 0x0000007c40380d38]
Event: 5281.394 Thread 0x0000007c541d8800 15515 %     3       com.android.ide.common.resources.DataFile::addItems @ 7 (50 bytes)
Event: 5281.394 Thread 0x0000007c541cf800 nmethod 15486 0x0000007c461fcb90 code [0x0000007c461fcf60, 0x0000007c462022e8]
Event: 5281.394 Thread 0x0000007c541cf800 15496       4       com.google.common.base.CharMatcher::indexIn (48 bytes)
Event: 5281.406 Thread 0x0000007c58cb3800 nmethod 15476 0x0000007c46205790 code [0x0000007c46205b80, 0x0000007c46208ab8]
Event: 5281.406 Thread 0x0000007c58cb3800 15517       4       org.apache.xerces.dom.DeferredElementNSImpl::synchronizeData (232 bytes)
Event: 5281.406 Thread 0x0000007c541d8800 nmethod 15515% 0x0000007c40380e10 code [0x0000007c40381040, 0x0000007c403817d8]
Event: 5281.407 Thread 0x0000007c541d8800 15516 %     3       com.android.ide.common.resources.DataSet::processNewDataFile @ 21 (74 bytes)
Event: 5281.438 Thread 0x0000007c541d8800 nmethod 15516% 0x0000007c40381a10 code [0x0000007c40381ca0, 0x0000007c40382c08]
Event: 5281.438 Thread 0x0000007c541d8800 15513       2       com.google.common.base.CharMatcher::is (9 bytes)
Event: 5281.438 Thread 0x0000007c541d8800 nmethod 15513 0x0000007c40383090 code [0x0000007c40383240, 0x0000007c40383378]
Event: 5281.439 Thread 0x0000007c541d8800 15514       2       com.google.common.base.CharMatcher$Is::<init> (10 bytes)
Event: 5281.439 Thread 0x0000007c541d8800 nmethod 15514 0x0000007c40383410 code [0x0000007c403835c0, 0x0000007c403836b8]
Event: 5281.439 Thread 0x0000007c541d8800 15518 % !   3       com.android.ide.common.resources.ResourceSet::createFileAndItemsFromXml @ 365 (583 bytes)
Event: 5281.439 Thread 0x0000007c541cf800 nmethod 15496 0x0000007c4620a790 code [0x0000007c4620a940, 0x0000007c4620aeb8]
Event: 5281.441 Thread 0x0000007c541cf800 15475       4       org.apache.xerces.util.XMLAttributesImpl::addAttributeNS (169 bytes)

GC Heap History (20 events):
Event: 5191.871 GC heap after
{Heap after GC invocations=141 (full 0):
 garbage-first heap   total 157696K, used 70679K [0x0000000080000000, 0x0000000100000000)
  region size 1024K, 1 young (1024K), 1 survivors (1024K)
 Metaspace       used 111874K, capacity 114679K, committed 115840K, reserved 1148928K
  class space    used 14535K, capacity 15609K, committed 16000K, reserved 1048576K
}
Event: 5192.310 GC heap before
{Heap before GC invocations=141 (full 0):
 garbage-first heap   total 157696K, used 76823K [0x0000000080000000, 0x0000000100000000)
  region size 1024K, 7 young (7168K), 1 survivors (1024K)
 Metaspace       used 111930K, capacity 114746K, committed 115840K, reserved 1148928K
  class space    used 14541K, capacity 15621K, committed 16000K, reserved 1048576K
}
Event: 5192.401 GC heap after
{Heap after GC invocations=142 (full 0):
 garbage-first heap   total 157696K, used 70785K [0x0000000080000000, 0x0000000100000000)
  region size 1024K, 1 young (1024K), 1 survivors (1024K)
 Metaspace       used 111930K, capacity 114746K, committed 115840K, reserved 1148928K
  class space    used 14541K, capacity 15621K, committed 16000K, reserved 1048576K
}
Event: 5193.738 GC heap before
{Heap before GC invocations=142 (full 0):
 garbage-first heap   total 157696K, used 76929K [0x0000000080000000, 0x0000000100000000)
  region size 1024K, 7 young (7168K), 1 survivors (1024K)
 Metaspace       used 111985K, capacity 114782K, committed 115840K, reserved 1148928K
  class space    used 14544K, capacity 15627K, committed 16000K, reserved 1048576K
}
Event: 5193.744 GC heap after
{Heap after GC invocations=143 (full 0):
 garbage-first heap   total 157696K, used 71777K [0x0000000080000000, 0x0000000100000000)
  region size 1024K, 1 young (1024K), 1 survivors (1024K)
 Metaspace       used 111985K, capacity 114782K, committed 115840K, reserved 1148928K
  class space    used 14544K, capacity 15627K, committed 16000K, reserved 1048576K
}
Event: 5193.807 GC heap before
{Heap before GC invocations=143 (full 0):
 garbage-first heap   total 157696K, used 77921K [0x0000000080000000, 0x0000000100000000)
  region size 1024K, 7 young (7168K), 1 survivors (1024K)
 Metaspace       used 111985K, capacity 114782K, committed 115840K, reserved 1148928K
  class space    used 14544K, capacity 15627K, committed 16000K, reserved 1048576K
}
Event: 5193.814 GC heap after
{Heap after GC invocations=144 (full 0):
 garbage-first heap   total 157696K, used 72042K [0x0000000080000000, 0x0000000100000000)
  region size 1024K, 1 young (1024K), 1 survivors (1024K)
 Metaspace       used 111985K, capacity 114782K, committed 115840K, reserved 1148928K
  class space    used 14544K, capacity 15627K, committed 16000K, reserved 1048576K
}
Event: 5193.863 GC heap before
{Heap before GC invocations=144 (full 0):
 garbage-first heap   total 157696K, used 78186K [0x0000000080000000, 0x0000000100000000)
  region size 1024K, 7 young (7168K), 1 survivors (1024K)
 Metaspace       used 111986K, capacity 114782K, committed 115840K, reserved 1148928K
  class space    used 14544K, capacity 15627K, committed 16000K, reserved 1048576K
}
Event: 5193.903 GC heap after
{Heap after GC invocations=145 (full 0):
 garbage-first heap   total 189440K, used 72340K [0x0000000080000000, 0x0000000100000000)
  region size 1024K, 1 young (1024K), 1 survivors (1024K)
 Metaspace       used 111986K, capacity 114782K, committed 115840K, reserved 1148928K
  class space    used 14544K, capacity 15627K, committed 16000K, reserved 1048576K
}
Event: 5194.009 GC heap before
{Heap before GC invocations=145 (full 0):
 garbage-first heap   total 189440K, used 80532K [0x0000000080000000, 0x0000000100000000)
  region size 1024K, 9 young (9216K), 1 survivors (1024K)
 Metaspace       used 111992K, capacity 114782K, committed 115840K, reserved 1148928K
  class space    used 14544K, capacity 15627K, committed 16000K, reserved 1048576K
}
Event: 5194.012 GC heap after
{Heap after GC invocations=146 (full 0):
 garbage-first heap   total 189440K, used 72882K [0x0000000080000000, 0x0000000100000000)
  region size 1024K, 1 young (1024K), 1 survivors (1024K)
 Metaspace       used 111992K, capacity 114782K, committed 115840K, reserved 1148928K
  class space    used 14544K, capacity 15627K, committed 16000K, reserved 1048576K
}
Event: 5198.332 GC heap before
{Heap before GC invocations=147 (full 0):
 garbage-first heap   total 189440K, used 81074K [0x0000000080000000, 0x0000000100000000)
  region size 1024K, 9 young (9216K), 1 survivors (1024K)
 Metaspace       used 112087K, capacity 114865K, committed 115840K, reserved 1148928K
  class space    used 14546K, capacity 15630K, committed 16000K, reserved 1048576K
}
Event: 5198.941 GC heap after
{Heap after GC invocations=148 (full 0):
 garbage-first heap   total 189440K, used 74132K [0x0000000080000000, 0x0000000100000000)
  region size 1024K, 2 young (2048K), 2 survivors (2048K)
 Metaspace       used 112087K, capacity 114865K, committed 115840K, reserved 1148928K
  class space    used 14546K, capacity 15630K, committed 16000K, reserved 1048576K
}
Event: 5232.256 GC heap before
{Heap before GC invocations=148 (full 0):
 garbage-first heap   total 189440K, used 81300K [0x0000000080000000, 0x0000000100000000)
  region size 1024K, 9 young (9216K), 2 survivors (2048K)
 Metaspace       used 112221K, capacity 115085K, committed 116096K, reserved 1148928K
  class space    used 14555K, capacity 15647K, committed 16000K, reserved 1048576K
}
Event: 5233.332 GC heap after
{Heap after GC invocations=149 (full 0):
 garbage-first heap   total 189440K, used 75742K [0x0000000080000000, 0x0000000100000000)
  region size 1024K, 2 young (2048K), 2 survivors (2048K)
 Metaspace       used 112221K, capacity 115085K, committed 116096K, reserved 1148928K
  class space    used 14555K, capacity 15647K, committed 16000K, reserved 1048576K
}
Event: 5259.185 GC heap before
{Heap before GC invocations=150 (full 0):
 garbage-first heap   total 189440K, used 81886K [0x0000000080000000, 0x0000000100000000)
  region size 1024K, 9 young (9216K), 2 survivors (2048K)
 Metaspace       used 112327K, capacity 115158K, committed 116096K, reserved 1148928K
  class space    used 14555K, capacity 15647K, committed 16000K, reserved 1048576K
}
Event: 5259.530 GC heap after
{Heap after GC invocations=151 (full 0):
 garbage-first heap   total 189440K, used 76017K [0x0000000080000000, 0x0000000100000000)
  region size 1024K, 1 young (1024K), 1 survivors (1024K)
 Metaspace       used 112327K, capacity 115158K, committed 116096K, reserved 1148928K
  class space    used 14555K, capacity 15647K, committed 16000K, reserved 1048576K
}
Event: 5273.285 GC heap before
{Heap before GC invocations=152 (full 0):
 garbage-first heap   total 189440K, used 85233K [0x0000000080000000, 0x0000000100000000)
  region size 1024K, 9 young (9216K), 1 survivors (1024K)
 Metaspace       used 112333K, capacity 115158K, committed 116096K, reserved 1148928K
  class space    used 14555K, capacity 15647K, committed 16000K, reserved 1048576K
}
Event: 5281.332 GC heap after
{Heap after GC invocations=153 (full 0):
 garbage-first heap   total 189440K, used 82892K [0x0000000080000000, 0x0000000100000000)
  region size 1024K, 2 young (2048K), 2 survivors (2048K)
 Metaspace       used 112333K, capacity 115158K, committed 116096K, reserved 1148928K
  class space    used 14555K, capacity 15647K, committed 16000K, reserved 1048576K
}
Event: 5281.472 GC heap before
{Heap before GC invocations=153 (full 0):
 garbage-first heap   total 189440K, used 90060K [0x0000000080000000, 0x0000000100000000)
  region size 1024K, 9 young (9216K), 2 survivors (2048K)
 Metaspace       used 112334K, capacity 115158K, committed 116096K, reserved 1148928K
  class space    used 14555K, capacity 15647K, committed 16000K, reserved 1048576K
}

Deoptimization events (20 events):
Event: 5198.328 Thread 0x0000007c56939000 Uncommon trap: trap_request=0xffffffbe fr.pc=0x0000007c45eefa90 relative=0x0000000000000bf0
Event: 5198.328 Thread 0x0000007c56939000 Uncommon trap: reason=profile_predicate action=maybe_recompile pc=0x0000007c45eefa90 method=com.google.common.collect.ImmutableSet.construct(I[Ljava/lang/Object;)Lcom/google/common/collect/ImmutableSet; @ 68 c2
Event: 5198.328 Thread 0x0000007c56939000 DEOPT PACKING pc=0x0000007c45eefa90 sp=0x0000007c5a709f50
Event: 5198.328 Thread 0x0000007c56939000 DEOPT UNPACKING pc=0x0000007c3ddd65af sp=0x0000007c5a709ee0 mode 2
Event: 5200.156 Thread 0x0000007c56939000 Uncommon trap: trap_request=0xffffffbe fr.pc=0x0000007c45eefa90 relative=0x0000000000000bf0
Event: 5200.156 Thread 0x0000007c56939000 Uncommon trap: reason=profile_predicate action=maybe_recompile pc=0x0000007c45eefa90 method=com.google.common.collect.ImmutableSet.construct(I[Ljava/lang/Object;)Lcom/google/common/collect/ImmutableSet; @ 68 c2
Event: 5200.156 Thread 0x0000007c56939000 DEOPT PACKING pc=0x0000007c45eefa90 sp=0x0000007c5a7069a0
Event: 5200.156 Thread 0x0000007c56939000 DEOPT UNPACKING pc=0x0000007c3ddd65af sp=0x0000007c5a706930 mode 2
Event: 5216.134 Thread 0x0000007c56939800 Uncommon trap: trap_request=0xffffff7e fr.pc=0x0000007c461b67b8 relative=0x0000000000000078
Event: 5216.134 Thread 0x0000007c56939800 Uncommon trap: reason=predicate action=maybe_recompile pc=0x0000007c461b67b8 method=java.util.ComparableTimSort.binarySort([Ljava/lang/Object;III)V @ 34 c2
Event: 5216.134 Thread 0x0000007c56939800 DEOPT PACKING pc=0x0000007c461b67b8 sp=0x0000007c5aa0ca90
Event: 5216.134 Thread 0x0000007c56939800 DEOPT UNPACKING pc=0x0000007c3ddd65af sp=0x0000007c5aa0ca38 mode 2
Event: 5219.638 Thread 0x0000007c57ac6000 Uncommon trap: trap_request=0xffffff4d fr.pc=0x0000007c45cca1a8 relative=0x0000000000000468
Event: 5219.638 Thread 0x0000007c57ac6000 Uncommon trap: reason=unstable_if action=reinterpret pc=0x0000007c45cca1a8 method=com.google.common.collect.MapMakerInternalMap$Segment.getEntry(Ljava/lang/Object;I)Lcom/google/common/collect/MapMakerInternalMap$InternalEntry; @ 40 c2
Event: 5219.638 Thread 0x0000007c57ac6000 DEOPT PACKING pc=0x0000007c45cca1a8 sp=0x0000007c5edabbe0
Event: 5219.638 Thread 0x0000007c57ac6000 DEOPT UNPACKING pc=0x0000007c3ddd65af sp=0x0000007c5edabab0 mode 2
Event: 5254.564 Thread 0x0000007c57ac6000 Uncommon trap: trap_request=0xffffffc6 fr.pc=0x0000007c45efdacc relative=0x0000000000000a0c
Event: 5254.564 Thread 0x0000007c57ac6000 Uncommon trap: reason=bimorphic_or_optimized_type_check action=maybe_recompile pc=0x0000007c45efdacc method=com.google.common.collect.ImmutableSet.copyOf(Ljava/util/Collection;)Lcom/google/common/collect/ImmutableSet; @ 29 c2
Event: 5254.564 Thread 0x0000007c57ac6000 DEOPT PACKING pc=0x0000007c45efdacc sp=0x0000007c5edaba40
Event: 5254.603 Thread 0x0000007c57ac6000 DEOPT UNPACKING pc=0x0000007c3ddd65af sp=0x0000007c5edaba18 mode 2

Classes redefined (0 events):
No events

Internal exceptions (20 events):
Event: 5192.204 Thread 0x0000007c56939800 Exception <a 'java/lang/NoSuchMethodError'{0x00000000894cce90}: <clinit>> (0x00000000894cce90) thrown at [./src/hotspot/share/prims/jni.cpp, line 1362]
Event: 5192.249 Thread 0x0000007c56939800 Exception <a 'java/lang/NoSuchMethodError'{0x00000000894dd390}: <clinit>> (0x00000000894dd390) thrown at [./src/hotspot/share/prims/jni.cpp, line 1362]
Event: 5192.251 Thread 0x0000007c56939800 Exception <a 'java/lang/NoSuchMethodError'{0x00000000894e9aa0}: <clinit>> (0x00000000894e9aa0) thrown at [./src/hotspot/share/prims/jni.cpp, line 1362]
Event: 5192.402 Thread 0x0000007c56939800 Exception <a 'java/lang/NoSuchMethodError'{0x000000008991ae38}: <clinit>> (0x000000008991ae38) thrown at [./src/hotspot/share/prims/jni.cpp, line 1362]
Event: 5193.391 Thread 0x0000007c56939000 Exception <a 'sun/nio/fs/WindowsException'{0x00000000898d1270}> (0x00000000898d1270) thrown at [./src/hotspot/share/prims/jni.cpp, line 615]
Event: 5194.788 Thread 0x0000007c56939000 Exception <a 'java/lang/NoClassDefFoundError'{0x000000008b114100}: org/jetbrains/kotlin/gradle/plugin/KotlinBasePluginWrapper> (0x000000008b114100) thrown at [./src/hotspot/share/oops/constantPool.cpp, line 775]
Event: 5202.840 Thread 0x0000007c56939000 Exception <a 'sun/nio/fs/WindowsException'{0x000000008b77d1b8}> (0x000000008b77d1b8) thrown at [./src/hotspot/share/prims/jni.cpp, line 615]
Event: 5212.041 Thread 0x0000007c56939000 Exception <a 'sun/nio/fs/WindowsException'{0x000000008b650bf8}> (0x000000008b650bf8) thrown at [./src/hotspot/share/prims/jni.cpp, line 615]
Event: 5212.439 Thread 0x0000007c56939000 Exception <a 'sun/nio/fs/WindowsException'{0x000000008b651cd8}> (0x000000008b651cd8) thrown at [./src/hotspot/share/prims/jni.cpp, line 615]
Event: 5212.439 Thread 0x0000007c56939000 Exception <a 'sun/nio/fs/WindowsException'{0x000000008b652e08}> (0x000000008b652e08) thrown at [./src/hotspot/share/prims/jni.cpp, line 615]
Event: 5212.439 Thread 0x0000007c56939000 Exception <a 'sun/nio/fs/WindowsException'{0x000000008b653f38}> (0x000000008b653f38) thrown at [./src/hotspot/share/prims/jni.cpp, line 615]
Event: 5216.134 Thread 0x0000007c56939800 Exception <a 'java/lang/NoSuchMethodError'{0x000000008b309668}: <clinit>> (0x000000008b309668) thrown at [./src/hotspot/share/prims/jni.cpp, line 1362]
Event: 5216.151 Thread 0x0000007c56939800 Exception <a 'java/lang/NoSuchMethodError'{0x000000008b314cb8}: <clinit>> (0x000000008b314cb8) thrown at [./src/hotspot/share/prims/jni.cpp, line 1362]
Event: 5216.153 Thread 0x0000007c56939800 Exception <a 'java/lang/NoSuchMethodError'{0x000000008b321ab0}: <clinit>> (0x000000008b321ab0) thrown at [./src/hotspot/share/prims/jni.cpp, line 1362]
Event: 5216.155 Thread 0x0000007c56939800 Exception <a 'java/lang/NoSuchMethodError'{0x000000008b335880}: <clinit>> (0x000000008b335880) thrown at [./src/hotspot/share/prims/jni.cpp, line 1362]
Event: 5216.155 Thread 0x0000007c56939800 Exception <a 'java/lang/NoSuchMethodError'{0x000000008b336ff0}: <clinit>> (0x000000008b336ff0) thrown at [./src/hotspot/share/prims/jni.cpp, line 1362]
Event: 5216.157 Thread 0x0000007c56942000 Exception <a 'java/lang/NoSuchMethodError'{0x000000008b4d79b8}: <clinit>> (0x000000008b4d79b8) thrown at [./src/hotspot/share/prims/jni.cpp, line 1362]
Event: 5216.370 Thread 0x0000007c56942000 Exception <a 'java/lang/NoSuchMethodError'{0x000000008b35b918}: <clinit>> (0x000000008b35b918) thrown at [./src/hotspot/share/prims/jni.cpp, line 1362]
Event: 5216.396 Thread 0x0000007c56939800 Exception <a 'java/lang/NoSuchMethodError'{0x000000008b391cc0}: <clinit>> (0x000000008b391cc0) thrown at [./src/hotspot/share/prims/jni.cpp, line 1362]
Event: 5216.471 Thread 0x0000007c56942000 Exception <a 'java/lang/NoSuchMethodError'{0x000000008b3a1ac0}: <clinit>> (0x000000008b3a1ac0) thrown at [./src/hotspot/share/prims/jni.cpp, line 1362]

Events (20 events):
Event: 5233.573 Executing VM operation: CGC_Operation
Event: 5233.574 Executing VM operation: CGC_Operation done
Event: 5250.021 Executing VM operation: RevokeBias
Event: 5250.021 Executing VM operation: RevokeBias done
Event: 5255.110 Executing VM operation: RevokeBias
Event: 5255.110 Executing VM operation: RevokeBias done
Event: 5255.110 Executing VM operation: RevokeBias
Event: 5255.111 Executing VM operation: RevokeBias done
Event: 5255.111 Executing VM operation: RevokeBias
Event: 5255.111 Executing VM operation: RevokeBias done
Event: 5259.184 Executing VM operation: G1CollectForAllocation
Event: 5259.530 Executing VM operation: G1CollectForAllocation done
Event: 5262.497 Executing VM operation: CGC_Operation
Event: 5269.870 Executing VM operation: CGC_Operation done
Event: 5270.110 Executing VM operation: CGC_Operation
Event: 5270.119 Executing VM operation: CGC_Operation done
Event: 5270.183 Thread 0x0000007c58cb3800 Thread added: 0x0000007c58cb3800
Event: 5270.929 Executing VM operation: G1CollectForAllocation
Event: 5281.333 Executing VM operation: G1CollectForAllocation done
Event: 5281.452 Executing VM operation: G1CollectForAllocation


Dynamic libraries:
0x00007ff6e0b60000 - 0x00007ff6e0b6a000 	F:\AndroidStudio\jre\bin\java.exe
0x00007ffc96740000 - 0x00007ffc968ed000 	C:\Windows\SYSTEM32\ntdll.dll
0x00007ffc94520000 - 0x00007ffc9465f000 	C:\Windows\system32\KERNEL32.DLL
0x00007ffc93910000 - 0x00007ffc93a25000 	C:\Windows\system32\KERNELBASE.dll
0x00007ffc87270000 - 0x00007ffc87289000 	F:\AndroidStudio\jre\bin\jli.dll
0x00007ffc871e0000 - 0x00007ffc871f7000 	F:\AndroidStudio\jre\bin\VCRUNTIME140.dll
0x00007ffc8a390000 - 0x00007ffc8a394000 	C:\Windows\SYSTEM32\api-ms-win-crt-stdio-l1-1-0.dll
0x00007ffc8a370000 - 0x00007ffc8a374000 	C:\Windows\SYSTEM32\api-ms-win-crt-runtime-l1-1-0.dll
0x00007ffc8a190000 - 0x00007ffc8a193000 	C:\Windows\SYSTEM32\api-ms-win-crt-environment-l1-1-0.dll
0x00007ffc8a1d0000 - 0x00007ffc8a1d5000 	C:\Windows\SYSTEM32\api-ms-win-crt-math-l1-1-0.dll
0x00007ffc8a1c0000 - 0x00007ffc8a1c3000 	C:\Windows\SYSTEM32\api-ms-win-crt-locale-l1-1-0.dll
0x00007ffc8a3a0000 - 0x00007ffc8a3a3000 	C:\Windows\SYSTEM32\api-ms-win-crt-heap-l1-1-0.dll
0x00007ffc90ad0000 - 0x00007ffc90d4b000 	C:\Windows\WinSxS\amd64_microsoft.windows.common-controls_6595b64144ccf1df_6.0.9600.19394_none_62486577ecb635cf\COMCTL32.dll
0x00007ffc94070000 - 0x00007ffc941e7000 	C:\Windows\system32\USER32.dll
0x00007ffc8a1b0000 - 0x00007ffc8a1b3000 	C:\Windows\SYSTEM32\api-ms-win-crt-filesystem-l1-1-0.dll
0x00007ffc8a1f0000 - 0x00007ffc8a1f4000 	C:\Windows\SYSTEM32\api-ms-win-crt-string-l1-1-0.dll
0x00007ffc8a380000 - 0x00007ffc8a384000 	C:\Windows\SYSTEM32\api-ms-win-crt-convert-l1-1-0.dll
0x00007ffc96430000 - 0x00007ffc964da000 	C:\Windows\system32\msvcrt.dll
0x00007ffc93f20000 - 0x00007ffc9406e000 	C:\Windows\system32\GDI32.dll
0x00007ffc88e60000 - 0x00007ffc88f54000 	C:\Windows\SYSTEM32\ucrtbase.DLL
0x00007ffc963f0000 - 0x00007ffc96426000 	C:\Windows\system32\IMM32.DLL
0x00007ffc93dc0000 - 0x00007ffc93f11000 	C:\Windows\system32\MSCTF.dll
0x00007ffc86a70000 - 0x00007ffc86b0d000 	F:\AndroidStudio\jre\bin\msvcp140.dll
0x00007ffc8b400000 - 0x00007ffc8b405000 	C:\Windows\SYSTEM32\api-ms-win-crt-multibyte-l1-1-0.dll
0x00007ffc8a1e0000 - 0x00007ffc8a1e3000 	C:\Windows\SYSTEM32\api-ms-win-crt-time-l1-1-0.dll
0x00007ffc8a180000 - 0x00007ffc8a183000 	C:\Windows\SYSTEM32\api-ms-win-crt-utility-l1-1-0.dll
0x00007ffc57710000 - 0x00007ffc581e5000 	F:\AndroidStudio\jre\bin\server\jvm.dll
0x00007ffc94400000 - 0x00007ffc944ad000 	C:\Windows\system32\ADVAPI32.dll
0x00007ffc7b050000 - 0x00007ffc7b059000 	C:\Windows\SYSTEM32\WSOCK32.dll
0x00007ffc8d210000 - 0x00007ffc8d232000 	C:\Windows\SYSTEM32\WINMM.dll
0x00007ffc911b0000 - 0x00007ffc911ba000 	C:\Windows\SYSTEM32\VERSION.dll
0x00007ffc941f0000 - 0x00007ffc941f7000 	C:\Windows\system32\PSAPI.DLL
0x00007ffc95db0000 - 0x00007ffc95e0b000 	C:\Windows\SYSTEM32\sechost.dll
0x00007ffc95f60000 - 0x00007ffc96095000 	C:\Windows\system32\RPCRT4.dll
0x00007ffc96500000 - 0x00007ffc9655a000 	C:\Windows\system32\WS2_32.dll
0x00007ffc8d1d0000 - 0x00007ffc8d1fa000 	C:\Windows\SYSTEM32\WINMMBASE.dll
0x00007ffc93ce0000 - 0x00007ffc93d0e000 	C:\Windows\system32\SspiCli.dll
0x00007ffc95f50000 - 0x00007ffc95f59000 	C:\Windows\system32\NSI.dll
0x00007ffc93c90000 - 0x00007ffc93cdf000 	C:\Windows\SYSTEM32\cfgmgr32.dll
0x00007ffc92600000 - 0x00007ffc92628000 	C:\Windows\SYSTEM32\DEVOBJ.dll
0x00007ffc8e6e0000 - 0x00007ffc8e6f1000 	F:\AndroidStudio\jre\bin\verify.dll
0x00007ffc78860000 - 0x00007ffc789e9000 	C:\Windows\SYSTEM32\DBGHELP.DLL
0x00007ffc8b600000 - 0x00007ffc8b629000 	F:\AndroidStudio\jre\bin\java.dll
0x00007ffc8cf80000 - 0x00007ffc8cf8b000 	F:\AndroidStudio\jre\bin\jimage.dll
0x00007ffc8b3d0000 - 0x00007ffc8b3e8000 	F:\AndroidStudio\jre\bin\zip.dll
0x00007ffc94660000 - 0x00007ffc95b8b000 	C:\Windows\system32\SHELL32.dll
0x00007ffc95b90000 - 0x00007ffc95da2000 	C:\Windows\SYSTEM32\combase.dll
0x00007ffc94200000 - 0x00007ffc94254000 	C:\Windows\system32\SHLWAPI.dll
0x00007ffc90fe0000 - 0x00007ffc91092000 	C:\Windows\SYSTEM32\SHCORE.dll
0x00007ffc937e0000 - 0x00007ffc937f5000 	C:\Windows\SYSTEM32\profapi.dll
0x00007ffc8b350000 - 0x00007ffc8b36a000 	F:\AndroidStudio\jre\bin\net.dll
0x00007ffc88520000 - 0x00007ffc885e9000 	C:\Windows\SYSTEM32\WINHTTP.dll
0x00007ffc93020000 - 0x00007ffc93079000 	C:\Windows\system32\mswsock.dll
0x00007ffc8b330000 - 0x00007ffc8b344000 	F:\AndroidStudio\jre\bin\nio.dll
0x00007ffc867a0000 - 0x00007ffc867c7000 	C:\Users\Mikhail\.gradle\native\8bec1ad78214c89d9ad589b4d07fe93259594b29d510b10fafb7a158f7737e5d\windows-amd64\native-platform.dll
0x00007ffc6a0b0000 - 0x00007ffc6a1ed000 	C:\Users\Mikhail\.gradle\native\53dbd7edfb1c66fb8903c78663c9afc45aea4f116125fa6feffd364cf09443e8\windows-amd64\native-platform-file-events.dll
0x00007ffc8c3d0000 - 0x00007ffc8c3da000 	F:\AndroidStudio\jre\bin\management.dll
0x00007ffc8bdd0000 - 0x00007ffc8bddd000 	F:\AndroidStudio\jre\bin\management_ext.dll
0x00007ffc93080000 - 0x00007ffc930a0000 	C:\Windows\SYSTEM32\CRYPTSP.dll
0x00007ffc92ca0000 - 0x00007ffc92cd6000 	C:\Windows\system32\rsaenh.dll
0x00007ffc932c0000 - 0x00007ffc932e6000 	C:\Windows\SYSTEM32\bcrypt.dll
0x00007ffc92db0000 - 0x00007ffc92dd1000 	C:\Windows\SYSTEM32\USERENV.dll
0x00007ffc93640000 - 0x00007ffc936a3000 	C:\Windows\system32\bcryptprimitives.dll
0x00007ffc936b0000 - 0x00007ffc936bb000 	C:\Windows\SYSTEM32\CRYPTBASE.dll
0x00007ffc8e920000 - 0x00007ffc8e94a000 	C:\Windows\SYSTEM32\IPHLPAPI.DLL
0x00007ffc8e910000 - 0x00007ffc8e91a000 	C:\Windows\SYSTEM32\WINNSI.DLL
0x00007ffc8dc40000 - 0x00007ffc8dc56000 	C:\Windows\SYSTEM32\dhcpcsvc6.DLL
0x00007ffc8e3a0000 - 0x00007ffc8e3ba000 	C:\Windows\SYSTEM32\dhcpcsvc.DLL
0x00007ffc8b460000 - 0x00007ffc8b487000 	F:\AndroidStudio\jre\bin\sunec.dll

dbghelp: loaded successfully - version: 4.0.5 - missing functions: none
symbol engine: initialized successfully - sym options: 0x614 - pdb path: .;F:\AndroidStudio\jre\bin;C:\Windows\SYSTEM32;C:\Windows\WinSxS\amd64_microsoft.windows.common-controls_6595b64144ccf1df_6.0.9600.19394_none_62486577ecb635cf;F:\AndroidStudio\jre\bin\server;C:\Users\Mikhail\.gradle\native\8bec1ad78214c89d9ad589b4d07fe93259594b29d510b10fafb7a158f7737e5d\windows-amd64;C:\Users\Mikhail\.gradle\native\53dbd7edfb1c66fb8903c78663c9afc45aea4f116125fa6feffd364cf09443e8\windows-amd64

VM Arguments:
jvm_args: --add-opens=java.base/java.util=ALL-UNNAMED --add-opens=java.base/java.lang=ALL-UNNAMED --add-opens=java.base/java.lang.invoke=ALL-UNNAMED --add-opens=java.base/java.util=ALL-UNNAMED --add-opens=java.prefs/java.util.prefs=ALL-UNNAMED --add-opens=java.prefs/java.util.prefs=ALL-UNNAMED --add-opens=java.base/java.nio.charset=ALL-UNNAMED --add-opens=java.base/java.net=ALL-UNNAMED --add-opens=java.base/java.util.concurrent.atomic=ALL-UNNAMED -Xmx2048m -Dfile.encoding=UTF-8 -Duser.country=RU -Duser.language=ru -Duser.variant 
java_command: org.gradle.launcher.daemon.bootstrap.GradleDaemon 7.0.2
java_class_path (initial): C:\Users\Mikhail\.gradle\wrapper\dists\gradle-7.0.2-bin\857tjihv64xamwrf0h14cai3r\gradle-7.0.2\lib\gradle-launcher-7.0.2.jar
Launcher Type: SUN_STANDARD

[Global flags]
     intx CICompilerCount                          = 3                                         {product} {ergonomic}
     uint ConcGCThreads                            = 1                                         {product} {ergonomic}
     uint G1ConcRefinementThreads                  = 4                                         {product} {ergonomic}
   size_t G1HeapRegionSize                         = 1048576                                   {product} {ergonomic}
    uintx GCDrainStackTargetSize                   = 64                                        {product} {ergonomic}
   size_t InitialHeapSize                          = 67108864                                  {product} {ergonomic}
   size_t MarkStackSize                            = 4194304                                   {product} {ergonomic}
   size_t MaxHeapSize                              = 2147483648                                {product} {command line}
   size_t MaxNewSize                               = 1287651328                                {product} {ergonomic}
   size_t MinHeapDeltaBytes                        = 1048576                                   {product} {ergonomic}
    uintx NonNMethodCodeHeapSize                   = 5830732                                {pd product} {ergonomic}
    uintx NonProfiledCodeHeapSize                  = 122913754                              {pd product} {ergonomic}
    uintx ProfiledCodeHeapSize                     = 122913754                              {pd product} {ergonomic}
    uintx ReservedCodeCacheSize                    = 251658240                              {pd product} {ergonomic}
     bool SegmentedCodeCache                       = true                                      {product} {ergonomic}
     bool UseCompressedClassPointers               = true                                 {lp64_product} {ergonomic}
     bool UseCompressedOops                        = true                                 {lp64_product} {ergonomic}
     bool UseG1GC                                  = true                                      {product} {ergonomic}
     bool UseLargePagesIndividualAllocation        = false                                  {pd product} {ergonomic}

Logging:
Log output configuration:
 #0: stdout all=warning uptime,level,tags
 #1: stderr all=off uptime,level,tags

Environment Variables:
PATH=C:\Program Files\Common Files\Oracle\Java\javapath;C:\Program Files (x86)\Common Files\Intel\Shared Libraries\redist\intel64\compiler;C:\Program Files (x86)\Intel\iCLS Client\;C:\Program Files\Intel\iCLS Client\;C:\Windows\system32;C:\Windows;C:\Windows\System32\Wbem;C:\Windows\System32\WindowsPowerShell\v1.0\;C:\Program Files (x86)\ATI Technologies\ATI.ACE\Core-Static;C:\Program Files\Lenovo\Bluetooth Software\;C:\Program Files\Lenovo\Bluetooth Software\syswow64;C:\Program Files\Intel\Intel(R) Management Engine Components\DAL;C:\Program Files\Intel\Intel(R) Management Engine Components\IPT;C:\Program Files (x86)\Intel\Intel(R) Management Engine Components\DAL;C:\Program Files (x86)\Intel\Intel(R) Management Engine Components\IPT;C:\Program Files\Microsoft SQL Server\130\Tools\Binn\;C:\Program Files\Microsoft SQL Server\150\Tools\Binn\;C:\Program Files\Microsoft SQL Server\Client SDK\ODBC\170\Tools\Binn\;C:\Program Files\dotnet\;C:\Program Files\Git\cmd;C:\PHP;C:\Users\Mikhail\AppData\Local\Programs\Python\Python39\Scripts\;C:\Users\Mikhail\.dotnet\tools;F:\heroku\bin
USERNAME=Mikhail
OS=Windows_NT
PROCESSOR_IDENTIFIER=Intel64 Family 6 Model 58 Stepping 9, GenuineIntel



---------------  S Y S T E M  ---------------

OS: Windows 8.1 , 64 bit Build 9600 (6.3.9600.20326)
OS uptime: 0 days 14:34 hours

CPU:total 4 (initial active 4) (2 cores per cpu, 2 threads per core) family 6 model 58 stepping 9 microcode 0x1b, cmov, cx8, fxsr, mmx, sse, sse2, sse3, ssse3, sse4.1, sse4.2, popcnt, avx, clmul, erms, ht, tsc, tscinvbit, tscinv

Memory: 4k page, system-wide physical 3996M (904M free)
TotalPageFile size 6044M (AvailPageFile size 324M)
current process WorkingSet (physical memory assigned to process): 319M, peak: 354M
current process commit charge ("private bytes"): 496M, peak: 866M

vm_info: OpenJDK 64-Bit Server VM (11.0.11+9-b60-7590822) for windows-amd64 JRE (11.0.11+9-b60-7590822), built on Jul 29 2021 21:43:44 by "builder" with MS VC++ 14.0 (VS2015)

END.
